Loading required package: sp
Loading required package: lattice
Loading required package: ggplot2
rgdal: version: 0.8-16, (SVN revision 498)
Geospatial Data Abstraction Library extensions to R successfully loaded
Loaded GDAL runtime: GDAL 1.7.3, released 2010/11/10
Path to GDAL shared files: /usr/share/gdal/1.7
GDAL does not use iconv for recoding strings.
Loaded PROJ.4 runtime: Rel. 4.7.1, 23 September 2009, [PJ_VERSION: 470]
Path to PROJ.4 shared files: (autodetected)
OGR data source with driver: ESRI Shapefile 
Source: "plots_shp/PlotPoles_ARC1960_mod_20140807_final.shp", layer: "PlotPoles_ARC1960_mod_20140807_final"
with 1248 features and 7 fields
Feature type: wkbPoint with 2 dimensions
Warning message:
In ReplProj4string(obj, CRS(value)) :
  A new CRS was assigned to an object with an existing CRS:
+proj=utm +zone=37 +south +ellps=clrk80 +units=m +no_defs
without reprojecting.
For reprojection, use function spTransform in package rgdal
Loading required package: Cubist
...finished...