Loading required package: sp
Loading required package: lattice
Loading required package: ggplot2
rgdal: version: 0.8-16, (SVN revision 498)
Geospatial Data Abstraction Library extensions to R successfully loaded
Loaded GDAL runtime: GDAL 1.7.3, released 2010/11/10
Path to GDAL shared files: /usr/share/gdal/1.7
GDAL does not use iconv for recoding strings.
Loaded PROJ.4 runtime: Rel. 4.7.1, 23 September 2009, [PJ_VERSION: 470]
Path to PROJ.4 shared files: (autodetected)
OGR data source with driver: ESRI Shapefile 
Source: "plots_shp/PlotPoles_ARC1960_mod_20140807_final.shp", layer: "PlotPoles_ARC1960_mod_20140807_final"
with 1248 features and 7 fields
Feature type: wkbPoint with 2 dimensions
Warning message:
In ReplProj4string(obj, CRS(value)) :
  A new CRS was assigned to an object with an existing CRS:
+proj=utm +zone=37 +south +ellps=clrk80 +units=m +no_defs
without reprojecting.
For reprojection, use function spTransform in package rgdal


RUNNING pls : ITERATION 1 
Loading required package: pls

Attaching package: ‘pls’

The following object is masked from ‘package:caret’:

    R2

The following object is masked from ‘package:stats’:

    loadings

Partial Least Squares 

1368 samples
  10 predictors

No pre-processing
Resampling: Bootstrapped (25 reps) 

Summary of sample sizes: 1368, 1368, 1368, 1368, 1368, 1368, ... 

Resampling results across tuning parameters:

  ncomp  RMSE  Rsquared  RMSE SD  Rsquared SD
  1      3.11  0.786     0.294    0.0372     
  2      2.26  0.888     0.109    0.0104     
  3      1.84  0.925     0.14     0.0101     
  4      1.5   0.95      0.0805   0.0047     
  5      1.3   0.963     0.0651   0.00355    
  6      1.16  0.971     0.0557   0.00271    
  7      1.04  0.976     0.0396   0.00179    
  8      1.03  0.977     0.0401   0.00169    
  9      1.02  0.977     0.0393   0.00164    

RMSE was used to select the optimal model using  the smallest value.
The final value used for the model was ncomp = 9. 


RUNNING pls : ITERATION 2 
Partial Least Squares 

1368 samples
  10 predictors

No pre-processing
Resampling: Bootstrapped (25 reps) 

Summary of sample sizes: 1368, 1368, 1368, 1368, 1368, 1368, ... 

Resampling results across tuning parameters:

  ncomp  RMSE   Rsquared  RMSE SD  Rsquared SD
  1      3.2    0.775     0.284    0.0384     
  2      2.17   0.897     0.0846   0.00811    
  3      1.78   0.931     0.139    0.0092     
  4      1.41   0.956     0.0767   0.00459    
  5      1.22   0.967     0.0552   0.00301    
  6      1.09   0.974     0.0523   0.00246    
  7      0.992  0.978     0.0395   0.00174    
  8      0.98   0.979     0.0373   0.00161    
  9      0.974  0.979     0.0402   0.00165    

RMSE was used to select the optimal model using  the smallest value.
The final value used for the model was ncomp = 9. 


RUNNING pls : ITERATION 3 
Partial Least Squares 

1368 samples
  10 predictors

No pre-processing
Resampling: Bootstrapped (25 reps) 

Summary of sample sizes: 1368, 1368, 1368, 1368, 1368, 1368, ... 

Resampling results across tuning parameters:

  ncomp  RMSE  Rsquared  RMSE SD  Rsquared SD
  1      3.12  0.795     0.238    0.0316     
  2      2.17  0.9       0.0808   0.00638    
  3      1.8   0.931     0.103    0.00602    
  4      1.49  0.953     0.0697   0.0051     
  5      1.29  0.965     0.0511   0.00312    
  6      1.15  0.972     0.0507   0.00277    
  7      1.04  0.977     0.0354   0.00183    
  8      1.02  0.978     0.0331   0.00168    
  9      1.01  0.978     0.0337   0.0017     

RMSE was used to select the optimal model using  the smallest value.
The final value used for the model was ncomp = 9. 


RUNNING pls : ITERATION 4 
Partial Least Squares 

1368 samples
  10 predictors

No pre-processing
Resampling: Bootstrapped (25 reps) 

Summary of sample sizes: 1368, 1368, 1368, 1368, 1368, 1368, ... 

Resampling results across tuning parameters:

  ncomp  RMSE  Rsquared  RMSE SD  Rsquared SD
  1      3.08  0.785     0.274    0.0383     
  2      2.21  0.89      0.1      0.0105     
  3      1.84  0.924     0.119    0.00909    
  4      1.5   0.95      0.0717   0.00496    
  5      1.28  0.963     0.064    0.00349    
  6      1.15  0.97      0.0596   0.00324    
  7      1.05  0.975     0.0436   0.00225    
  8      1.03  0.976     0.044    0.00218    
  9      1.03  0.976     0.0457   0.00222    

RMSE was used to select the optimal model using  the smallest value.
The final value used for the model was ncomp = 9. 


RUNNING pls : ITERATION 5 
Partial Least Squares 

1368 samples
  10 predictors

No pre-processing
Resampling: Bootstrapped (25 reps) 

Summary of sample sizes: 1368, 1368, 1368, 1368, 1368, 1368, ... 

Resampling results across tuning parameters:

  ncomp  RMSE  Rsquared  RMSE SD  Rsquared SD
  1      3.25  0.765     0.275    0.037      
  2      2.22  0.89      0.0888   0.0094     
  3      1.87  0.922     0.0972   0.00833    
  4      1.49  0.951     0.0679   0.00423    
  5      1.27  0.964     0.0599   0.00332    
  6      1.14  0.971     0.0483   0.0024     
  7      1.03  0.976     0.0459   0.00187    
  8      1.02  0.977     0.0454   0.00181    
  9      1.01  0.977     0.045    0.00177    

RMSE was used to select the optimal model using  the smallest value.
The final value used for the model was ncomp = 9. 


RUNNING pls : ITERATION 6 
Partial Least Squares 

1368 samples
  10 predictors

No pre-processing
Resampling: Bootstrapped (25 reps) 

Summary of sample sizes: 1368, 1368, 1368, 1368, 1368, 1368, ... 

Resampling results across tuning parameters:

  ncomp  RMSE  Rsquared  RMSE SD  Rsquared SD
  1      3.03  0.787     0.225    0.0335     
  2      2.2   0.888     0.0593   0.00882    
  3      1.79  0.926     0.129    0.0107     
  4      1.5   0.948     0.0828   0.006      
  5      1.28  0.962     0.0551   0.00338    
  6      1.16  0.969     0.0512   0.00302    
  7      1.04  0.975     0.0359   0.00183    
  8      1.03  0.976     0.0332   0.00166    
  9      1.02  0.976     0.0343   0.00172    

RMSE was used to select the optimal model using  the smallest value.
The final value used for the model was ncomp = 9. 


RUNNING pls : ITERATION 7 
Partial Least Squares 

1368 samples
  10 predictors

No pre-processing
Resampling: Bootstrapped (25 reps) 

Summary of sample sizes: 1368, 1368, 1368, 1368, 1368, 1368, ... 

Resampling results across tuning parameters:

  ncomp  RMSE   Rsquared  RMSE SD  Rsquared SD
  1      3.19   0.774     0.254    0.032      
  2      2.25   0.888     0.0915   0.00743    
  3      1.89   0.921     0.101    0.00683    
  4      1.47   0.952     0.0691   0.00499    
  5      1.25   0.965     0.0555   0.00356    
  6      1.14   0.971     0.0621   0.00365    
  7      1.02   0.977     0.0389   0.00247    
  8      1      0.978     0.0416   0.0025     
  9      0.998  0.978     0.0412   0.00239    

RMSE was used to select the optimal model using  the smallest value.
The final value used for the model was ncomp = 9. 


RUNNING pls : ITERATION 8 
Partial Least Squares 

1368 samples
  10 predictors

No pre-processing
Resampling: Bootstrapped (25 reps) 

Summary of sample sizes: 1368, 1368, 1368, 1368, 1368, 1368, ... 

Resampling results across tuning parameters:

  ncomp  RMSE   Rsquared  RMSE SD  Rsquared SD
  1      3.27   0.76      0.37     0.0483     
  2      2.24   0.888     0.0874   0.00898    
  3      1.84   0.924     0.124    0.0088     
  4      1.47   0.952     0.0674   0.005      
  5      1.26   0.965     0.0515   0.00357    
  6      1.12   0.972     0.0493   0.00341    
  7      1.02   0.977     0.0415   0.00253    
  8      1.01   0.977     0.0343   0.0023     
  9      0.999  0.978     0.0329   0.0022     

RMSE was used to select the optimal model using  the smallest value.
The final value used for the model was ncomp = 9. 


RUNNING pls : ITERATION 9 
Partial Least Squares 

1368 samples
  10 predictors

No pre-processing
Resampling: Bootstrapped (25 reps) 

Summary of sample sizes: 1368, 1368, 1368, 1368, 1368, 1368, ... 

Resampling results across tuning parameters:

  ncomp  RMSE  Rsquared  RMSE SD  Rsquared SD
  1      2.98  0.793     0.198    0.0306     
  2      2.22  0.885     0.0827   0.0088     
  3      1.85  0.92      0.0819   0.00614    
  4      1.47  0.949     0.0865   0.00617    
  5      1.27  0.963     0.0717   0.00388    
  6      1.14  0.97      0.0655   0.00346    
  7      1.04  0.975     0.0458   0.00211    
  8      1.02  0.976     0.0446   0.00197    
  9      1.01  0.976     0.0435   0.0019     

RMSE was used to select the optimal model using  the smallest value.
The final value used for the model was ncomp = 9. 


RUNNING pls : ITERATION 10 
Partial Least Squares 

1368 samples
  10 predictors

No pre-processing
Resampling: Bootstrapped (25 reps) 

Summary of sample sizes: 1368, 1368, 1368, 1368, 1368, 1368, ... 

Resampling results across tuning parameters:

  ncomp  RMSE   Rsquared  RMSE SD  Rsquared SD
  1      3.12   0.777     0.225    0.0295     
  2      2.19   0.889     0.0928   0.00897    
  3      1.76   0.929     0.13     0.00991    
  4      1.43   0.953     0.0792   0.00499    
  5      1.23   0.965     0.0464   0.00314    
  6      1.1    0.972     0.0489   0.00267    
  7      0.992  0.977     0.0381   0.00206    
  8      0.968  0.978     0.0352   0.00177    
  9      0.962  0.979     0.0366   0.00174    

RMSE was used to select the optimal model using  the smallest value.
The final value used for the model was ncomp = 9. 


RUNNING pls : ITERATION 11 
Partial Least Squares 

1368 samples
  10 predictors

No pre-processing
Resampling: Bootstrapped (25 reps) 

Summary of sample sizes: 1368, 1368, 1368, 1368, 1368, 1368, ... 

Resampling results across tuning parameters:

  ncomp  RMSE  Rsquared  RMSE SD  Rsquared SD
  1      3.23  0.778     0.256    0.0377     
  2      2.25  0.892     0.0792   0.00754    
  3      1.89  0.924     0.0801   0.00666    
  4      1.5   0.952     0.0814   0.00499    
  5      1.29  0.964     0.0664   0.00343    
  6      1.14  0.972     0.0687   0.00333    
  7      1.04  0.977     0.0461   0.00181    
  8      1.02  0.978     0.0404   0.00149    
  9      1.02  0.978     0.0398   0.00148    

RMSE was used to select the optimal model using  the smallest value.
The final value used for the model was ncomp = 9. 


RUNNING pls : ITERATION 12 
Partial Least Squares 

1368 samples
  10 predictors

No pre-processing
Resampling: Bootstrapped (25 reps) 

Summary of sample sizes: 1368, 1368, 1368, 1368, 1368, 1368, ... 

Resampling results across tuning parameters:

  ncomp  RMSE  Rsquared  RMSE SD  Rsquared SD
  1      3.37  0.75      0.266    0.0384     
  2      2.27  0.887     0.0797   0.00714    
  3      1.81  0.928     0.163    0.0118     
  4      1.48  0.952     0.0813   0.00505    
  5      1.29  0.964     0.0581   0.00303    
  6      1.16  0.971     0.0683   0.00335    
  7      1.04  0.976     0.0461   0.00201    
  8      1.02  0.977     0.0409   0.00177    
  9      1.01  0.977     0.0406   0.00177    

RMSE was used to select the optimal model using  the smallest value.
The final value used for the model was ncomp = 9. 


RUNNING pls : ITERATION 13 
Partial Least Squares 

1368 samples
  10 predictors

No pre-processing
Resampling: Bootstrapped (25 reps) 

Summary of sample sizes: 1368, 1368, 1368, 1368, 1368, 1368, ... 

Resampling results across tuning parameters:

  ncomp  RMSE  Rsquared  RMSE SD  Rsquared SD
  1      3.12  0.784     0.254    0.0332     
  2      2.26  0.887     0.102    0.0119     
  3      1.89  0.921     0.0961   0.00805    
  4      1.5   0.95      0.0765   0.00535    
  5      1.3   0.963     0.068    0.00363    
  6      1.17  0.97      0.0688   0.00328    
  7      1.06  0.975     0.053    0.00232    
  8      1.04  0.976     0.0487   0.00216    
  9      1.03  0.977     0.0471   0.00211    

RMSE was used to select the optimal model using  the smallest value.
The final value used for the model was ncomp = 9. 


RUNNING pls : ITERATION 14 
Partial Least Squares 

1368 samples
  10 predictors

No pre-processing
Resampling: Bootstrapped (25 reps) 

Summary of sample sizes: 1368, 1368, 1368, 1368, 1368, 1368, ... 

Resampling results across tuning parameters:

  ncomp  RMSE  Rsquared  RMSE SD  Rsquared SD
  1      3.16  0.782     0.274    0.038      
  2      2.19  0.895     0.101    0.0107     
  3      1.75  0.934     0.159    0.011      
  4      1.46  0.954     0.0676   0.00502    
  5      1.26  0.965     0.0633   0.00413    
  6      1.13  0.972     0.056    0.0032     
  7      1.03  0.977     0.0432   0.0023     
  8      1.01  0.978     0.0379   0.00203    
  9      1.01  0.978     0.0377   0.00201    

RMSE was used to select the optimal model using  the smallest value.
The final value used for the model was ncomp = 9. 


RUNNING pls : ITERATION 15 
Partial Least Squares 

1368 samples
  10 predictors

No pre-processing
Resampling: Bootstrapped (25 reps) 

Summary of sample sizes: 1368, 1368, 1368, 1368, 1368, 1368, ... 

Resampling results across tuning parameters:

  ncomp  RMSE   Rsquared  RMSE SD  Rsquared SD
  1      3.18   0.776     0.205    0.0296     
  2      2.22   0.891     0.0958   0.0092     
  3      1.85   0.924     0.139    0.0104     
  4      1.45   0.953     0.08     0.00572    
  5      1.23   0.966     0.0611   0.00395    
  6      1.11   0.973     0.0583   0.00329    
  7      1      0.978     0.0401   0.00212    
  8      0.991  0.978     0.0364   0.00196    
  9      0.984  0.979     0.0357   0.00192    

RMSE was used to select the optimal model using  the smallest value.
The final value used for the model was ncomp = 9. 


RUNNING pls : ITERATION 16 
Partial Least Squares 

1368 samples
  10 predictors

No pre-processing
Resampling: Bootstrapped (25 reps) 

Summary of sample sizes: 1368, 1368, 1368, 1368, 1368, 1368, ... 

Resampling results across tuning parameters:

  ncomp  RMSE   Rsquared  RMSE SD  Rsquared SD
  1      3.32   0.766     0.255    0.0346     
  2      2.19   0.898     0.106    0.00912    
  3      1.8    0.931     0.141    0.00889    
  4      1.45   0.956     0.0602   0.00308    
  5      1.23   0.968     0.0565   0.00317    
  6      1.09   0.975     0.0611   0.00317    
  7      0.986  0.979     0.0449   0.00231    
  8      0.969  0.98      0.0374   0.002      
  9      0.962  0.98      0.038    0.00195    

RMSE was used to select the optimal model using  the smallest value.
The final value used for the model was ncomp = 9. 


RUNNING pls : ITERATION 17 
Partial Least Squares 

1368 samples
  10 predictors

No pre-processing
Resampling: Bootstrapped (25 reps) 

Summary of sample sizes: 1368, 1368, 1368, 1368, 1368, 1368, ... 

Resampling results across tuning parameters:

  ncomp  RMSE   Rsquared  RMSE SD  Rsquared SD
  1      3.26   0.763     0.224    0.032      
  2      2.2    0.891     0.0699   0.00932    
  3      1.83   0.925     0.109    0.00715    
  4      1.46   0.953     0.0729   0.00496    
  5      1.25   0.965     0.0526   0.00346    
  6      1.12   0.972     0.0553   0.00305    
  7      1.02   0.977     0.0431   0.00227    
  8      1      0.978     0.0385   0.00204    
  9      0.995  0.978     0.0386   0.00197    

RMSE was used to select the optimal model using  the smallest value.
The final value used for the model was ncomp = 9. 


RUNNING pls : ITERATION 18 
Partial Least Squares 

1368 samples
  10 predictors

No pre-processing
Resampling: Bootstrapped (25 reps) 

Summary of sample sizes: 1368, 1368, 1368, 1368, 1368, 1368, ... 

Resampling results across tuning parameters:

  ncomp  RMSE   Rsquared  RMSE SD  Rsquared SD
  1      3.09   0.786     0.217    0.0247     
  2      2.19   0.892     0.0791   0.00831    
  3      1.76   0.93      0.141    0.01       
  4      1.43   0.954     0.101    0.00667    
  5      1.24   0.965     0.0689   0.00452    
  6      1.11   0.972     0.0571   0.00338    
  7      1.02   0.977     0.0411   0.00222    
  8      0.999  0.978     0.0389   0.00211    
  9      0.993  0.978     0.0385   0.0021     

RMSE was used to select the optimal model using  the smallest value.
The final value used for the model was ncomp = 9. 


RUNNING pls : ITERATION 19 
Partial Least Squares 

1368 samples
  10 predictors

No pre-processing
Resampling: Bootstrapped (25 reps) 

Summary of sample sizes: 1368, 1368, 1368, 1368, 1368, 1368, ... 

Resampling results across tuning parameters:

  ncomp  RMSE   Rsquared  RMSE SD  Rsquared SD
  1      3.35   0.738     0.301    0.0456     
  2      2.17   0.89      0.0912   0.00789    
  3      1.77   0.927     0.163    0.012      
  4      1.42   0.953     0.0865   0.00573    
  5      1.22   0.965     0.0719   0.00422    
  6      1.09   0.972     0.0656   0.00356    
  7      0.988  0.977     0.0436   0.0022     
  8      0.976  0.978     0.0407   0.00214    
  9      0.969  0.978     0.0404   0.0021     

RMSE was used to select the optimal model using  the smallest value.
The final value used for the model was ncomp = 9. 


RUNNING pls : ITERATION 20 
Partial Least Squares 

1368 samples
  10 predictors

No pre-processing
Resampling: Bootstrapped (25 reps) 

Summary of sample sizes: 1368, 1368, 1368, 1368, 1368, 1368, ... 

Resampling results across tuning parameters:

  ncomp  RMSE  Rsquared  RMSE SD  Rsquared SD
  1      3.13  0.785     0.268    0.0313     
  2      2.21  0.893     0.0712   0.00912    
  3      1.83  0.927     0.0976   0.00715    
  4      1.5   0.951     0.06     0.00338    
  5      1.31  0.963     0.0527   0.00284    
  6      1.16  0.971     0.0524   0.00275    
  7      1.05  0.976     0.0402   0.0019     
  8      1.03  0.977     0.0383   0.00191    
  9      1.02  0.977     0.0393   0.00196    

RMSE was used to select the optimal model using  the smallest value.
The final value used for the model was ncomp = 9. 


RUNNING pls : ITERATION 21 
Partial Least Squares 

1368 samples
  10 predictors

No pre-processing
Resampling: Bootstrapped (25 reps) 

Summary of sample sizes: 1368, 1368, 1368, 1368, 1368, 1368, ... 

Resampling results across tuning parameters:

  ncomp  RMSE  Rsquared  RMSE SD  Rsquared SD
  1      3.15  0.782     0.241    0.0351     
  2      2.24  0.891     0.0967   0.00829    
  3      1.89  0.922     0.133    0.00977    
  4      1.51  0.95      0.0926   0.00606    
  5      1.28  0.964     0.0721   0.00411    
  6      1.15  0.971     0.0666   0.00328    
  7      1.05  0.976     0.0477   0.00222    
  8      1.03  0.977     0.0445   0.00204    
  9      1.02  0.977     0.0436   0.00197    

RMSE was used to select the optimal model using  the smallest value.
The final value used for the model was ncomp = 9. 


RUNNING pls : ITERATION 22 
Partial Least Squares 

1368 samples
  10 predictors

No pre-processing
Resampling: Bootstrapped (25 reps) 

Summary of sample sizes: 1368, 1368, 1368, 1368, 1368, 1368, ... 

Resampling results across tuning parameters:

  ncomp  RMSE  Rsquared  RMSE SD  Rsquared SD
  1      3.36  0.751     0.333    0.0462     
  2      2.25  0.889     0.0849   0.0063     
  3      1.83  0.926     0.151    0.0101     
  4      1.49  0.952     0.0723   0.00474    
  5      1.27  0.964     0.0729   0.00425    
  6      1.15  0.971     0.058    0.00295    
  7      1.03  0.977     0.0425   0.00213    
  8      1.01  0.978     0.0362   0.00195    
  9      1     0.978     0.0379   0.002      

RMSE was used to select the optimal model using  the smallest value.
The final value used for the model was ncomp = 9. 


RUNNING pls : ITERATION 23 
Partial Least Squares 

1368 samples
  10 predictors

No pre-processing
Resampling: Bootstrapped (25 reps) 

Summary of sample sizes: 1368, 1368, 1368, 1368, 1368, 1368, ... 

Resampling results across tuning parameters:

  ncomp  RMSE  Rsquared  RMSE SD  Rsquared SD
  1      3     0.794     0.29     0.0398     
  2      2.17  0.893     0.0525   0.00817    
  3      1.79  0.927     0.101    0.00753    
  4      1.47  0.951     0.0776   0.00618    
  5      1.27  0.963     0.0622   0.00458    
  6      1.14  0.971     0.0598   0.0038     
  7      1.03  0.976     0.0365   0.00221    
  8      1.01  0.977     0.0335   0.00207    
  9      1     0.977     0.0336   0.00208    

RMSE was used to select the optimal model using  the smallest value.
The final value used for the model was ncomp = 9. 


RUNNING pls : ITERATION 24 
Partial Least Squares 

1368 samples
  10 predictors

No pre-processing
Resampling: Bootstrapped (25 reps) 

Summary of sample sizes: 1368, 1368, 1368, 1368, 1368, 1368, ... 

Resampling results across tuning parameters:

  ncomp  RMSE   Rsquared  RMSE SD  Rsquared SD
  1      3.25   0.772     0.282    0.0319     
  2      2.19   0.896     0.0707   0.00848    
  3      1.78   0.931     0.145    0.0112     
  4      1.45   0.955     0.0593   0.0053     
  5      1.23   0.967     0.0305   0.00233    
  6      1.1    0.974     0.0383   0.00228    
  7      0.998  0.978     0.0329   0.00186    
  8      0.984  0.979     0.0353   0.00184    
  9      0.977  0.979     0.0363   0.00184    

RMSE was used to select the optimal model using  the smallest value.
The final value used for the model was ncomp = 9. 


RUNNING pls : ITERATION 25 
Partial Least Squares 

1368 samples
  10 predictors

No pre-processing
Resampling: Bootstrapped (25 reps) 

Summary of sample sizes: 1368, 1368, 1368, 1368, 1368, 1368, ... 

Resampling results across tuning parameters:

  ncomp  RMSE  Rsquared  RMSE SD  Rsquared SD
  1      3.18  0.778     0.306    0.0392     
  2      2.18  0.896     0.0711   0.00931    
  3      1.83  0.927     0.103    0.00804    
  4      1.49  0.952     0.082    0.0058     
  5      1.27  0.965     0.0651   0.00388    
  6      1.15  0.971     0.0605   0.00337    
  7      1.03  0.977     0.0442   0.00227    
  8      1.02  0.977     0.0446   0.00229    
  9      1.01  0.978     0.0454   0.00234    

RMSE was used to select the optimal model using  the smallest value.
The final value used for the model was ncomp = 9. 


RUNNING pls : ITERATION 26 
Partial Least Squares 

1368 samples
  10 predictors

No pre-processing
Resampling: Bootstrapped (25 reps) 

Summary of sample sizes: 1368, 1368, 1368, 1368, 1368, 1368, ... 

Resampling results across tuning parameters:

  ncomp  RMSE   Rsquared  RMSE SD  Rsquared SD
  1      3.18   0.78      0.257    0.0337     
  2      2.22   0.893     0.0662   0.00896    
  3      1.86   0.924     0.105    0.0091     
  4      1.48   0.952     0.0614   0.00406    
  5      1.26   0.965     0.0426   0.00253    
  6      1.13   0.972     0.0484   0.00271    
  7      1.02   0.977     0.0346   0.00201    
  8      1.01   0.978     0.0306   0.00185    
  9      0.998  0.978     0.0316   0.00186    

RMSE was used to select the optimal model using  the smallest value.
The final value used for the model was ncomp = 9. 


RUNNING pls : ITERATION 27 
Partial Least Squares 

1368 samples
  10 predictors

No pre-processing
Resampling: Bootstrapped (25 reps) 

Summary of sample sizes: 1368, 1368, 1368, 1368, 1368, 1368, ... 

Resampling results across tuning parameters:

  ncomp  RMSE  Rsquared  RMSE SD  Rsquared SD
  1      3.16  0.778     0.304    0.0398     
  2      2.19  0.893     0.0851   0.0103     
  3      1.81  0.927     0.116    0.00956    
  4      1.48  0.951     0.0891   0.00646    
  5      1.27  0.964     0.0679   0.0043     
  6      1.13  0.972     0.0531   0.00309    
  7      1.04  0.976     0.0393   0.00223    
  8      1.02  0.977     0.0365   0.00217    
  9      1.01  0.977     0.0367   0.00216    

RMSE was used to select the optimal model using  the smallest value.
The final value used for the model was ncomp = 9. 


RUNNING pls : ITERATION 28 
Partial Least Squares 

1368 samples
  10 predictors

No pre-processing
Resampling: Bootstrapped (25 reps) 

Summary of sample sizes: 1368, 1368, 1368, 1368, 1368, 1368, ... 

Resampling results across tuning parameters:

  ncomp  RMSE   Rsquared  RMSE SD  Rsquared SD
  1      3.43   0.733     0.359    0.0504     
  2      2.21   0.89      0.091    0.011      
  3      1.77   0.929     0.12     0.00971    
  4      1.46   0.952     0.0692   0.00555    
  5      1.23   0.966     0.0519   0.00351    
  6      1.11   0.972     0.0405   0.00263    
  7      0.998  0.978     0.0256   0.00177    
  8      0.974  0.979     0.0253   0.00167    
  9      0.965  0.979     0.0254   0.00164    

RMSE was used to select the optimal model using  the smallest value.
The final value used for the model was ncomp = 9. 


RUNNING pls : ITERATION 29 
Partial Least Squares 

1368 samples
  10 predictors

No pre-processing
Resampling: Bootstrapped (25 reps) 

Summary of sample sizes: 1368, 1368, 1368, 1368, 1368, 1368, ... 

Resampling results across tuning parameters:

  ncomp  RMSE  Rsquared  RMSE SD  Rsquared SD
  1      3.18  0.777     0.264    0.0372     
  2      2.21  0.893     0.0644   0.00737    
  3      1.83  0.926     0.105    0.00911    
  4      1.48  0.952     0.0843   0.00557    
  5      1.27  0.965     0.0646   0.00327    
  6      1.14  0.972     0.0562   0.00276    
  7      1.03  0.977     0.0504   0.00237    
  8      1.01  0.978     0.0483   0.00224    
  9      1.01  0.978     0.0491   0.00225    

RMSE was used to select the optimal model using  the smallest value.
The final value used for the model was ncomp = 9. 


RUNNING pls : ITERATION 30 
Partial Least Squares 

1368 samples
  10 predictors

No pre-processing
Resampling: Bootstrapped (25 reps) 

Summary of sample sizes: 1368, 1368, 1368, 1368, 1368, 1368, ... 

Resampling results across tuning parameters:

  ncomp  RMSE   Rsquared  RMSE SD  Rsquared SD
  1      3.13   0.785     0.245    0.0363     
  2      2.2    0.894     0.0724   0.00889    
  3      1.78   0.93      0.156    0.0121     
  4      1.44   0.955     0.0741   0.00498    
  5      1.24   0.967     0.0654   0.0037     
  6      1.1    0.973     0.0622   0.00339    
  7      1.01   0.978     0.0429   0.0023     
  8      0.992  0.978     0.0397   0.0022     
  9      0.984  0.979     0.038    0.00218    

RMSE was used to select the optimal model using  the smallest value.
The final value used for the model was ncomp = 9. 


RUNNING pls : ITERATION 31 
Partial Least Squares 

1368 samples
  10 predictors

No pre-processing
Resampling: Bootstrapped (25 reps) 

Summary of sample sizes: 1368, 1368, 1368, 1368, 1368, 1368, ... 

Resampling results across tuning parameters:

  ncomp  RMSE  Rsquared  RMSE SD  Rsquared SD
  1      3.28  0.764     0.237    0.0357     
  2      2.19  0.895     0.0891   0.00856    
  3      1.84  0.926     0.102    0.00749    
  4      1.5   0.951     0.0622   0.00437    
  5      1.27  0.965     0.0652   0.00355    
  6      1.14  0.971     0.0668   0.00327    
  7      1.02  0.977     0.0452   0.00196    
  8      1.01  0.978     0.0437   0.00185    
  9      1     0.978     0.0426   0.00173    

RMSE was used to select the optimal model using  the smallest value.
The final value used for the model was ncomp = 9. 


RUNNING pls : ITERATION 32 
Partial Least Squares 

1368 samples
  10 predictors

No pre-processing
Resampling: Bootstrapped (25 reps) 

Summary of sample sizes: 1368, 1368, 1368, 1368, 1368, 1368, ... 

Resampling results across tuning parameters:

  ncomp  RMSE  Rsquared  RMSE SD  Rsquared SD
  1      3.34  0.751     0.297    0.041      
  2      2.24  0.888     0.0797   0.00762    
  3      1.89  0.92      0.0767   0.007      
  4      1.47  0.952     0.0902   0.00565    
  5      1.26  0.965     0.0732   0.00383    
  6      1.13  0.971     0.0606   0.00299    
  7      1.03  0.976     0.0465   0.00222    
  8      1.02  0.977     0.0435   0.00201    
  9      1.01  0.977     0.0427   0.00193    

RMSE was used to select the optimal model using  the smallest value.
The final value used for the model was ncomp = 9. 


RUNNING pls : ITERATION 33 
Partial Least Squares 

1368 samples
  10 predictors

No pre-processing
Resampling: Bootstrapped (25 reps) 

Summary of sample sizes: 1368, 1368, 1368, 1368, 1368, 1368, ... 

Resampling results across tuning parameters:

  ncomp  RMSE  Rsquared  RMSE SD  Rsquared SD
  1      3.12  0.785     0.316    0.0439     
  2      2.17  0.897     0.0835   0.00911    
  3      1.75  0.932     0.135    0.0102     
  4      1.46  0.953     0.0825   0.00593    
  5      1.25  0.966     0.0686   0.00431    
  6      1.13  0.972     0.0584   0.00335    
  7      1.04  0.976     0.036    0.00218    
  8      1.02  0.977     0.0378   0.00225    
  9      1.01  0.977     0.0388   0.00224    

RMSE was used to select the optimal model using  the smallest value.
The final value used for the model was ncomp = 9. 


RUNNING pls : ITERATION 34 
Partial Least Squares 

1368 samples
  10 predictors

No pre-processing
Resampling: Bootstrapped (25 reps) 

Summary of sample sizes: 1368, 1368, 1368, 1368, 1368, 1368, ... 

Resampling results across tuning parameters:

  ncomp  RMSE   Rsquared  RMSE SD  Rsquared SD
  1      3.03   0.799     0.323    0.0376     
  2      2.2    0.895     0.108    0.0122     
  3      1.78   0.931     0.131    0.0083     
  4      1.47   0.953     0.0777   0.00536    
  5      1.25   0.966     0.0566   0.00359    
  6      1.11   0.973     0.0685   0.00343    
  7      1.01   0.978     0.0407   0.00206    
  8      0.983  0.979     0.0376   0.00173    
  9      0.975  0.979     0.0357   0.00167    

RMSE was used to select the optimal model using  the smallest value.
The final value used for the model was ncomp = 9. 


RUNNING pls : ITERATION 35 
Partial Least Squares 

1368 samples
  10 predictors

No pre-processing
Resampling: Bootstrapped (25 reps) 

Summary of sample sizes: 1368, 1368, 1368, 1368, 1368, 1368, ... 

Resampling results across tuning parameters:

  ncomp  RMSE   Rsquared  RMSE SD  Rsquared SD
  1      3.06   0.8       0.28     0.0391     
  2      2.15   0.901     0.0665   0.00774    
  3      1.78   0.933     0.136    0.00845    
  4      1.44   0.956     0.0653   0.00475    
  5      1.26   0.966     0.054    0.00379    
  6      1.11   0.974     0.0516   0.00311    
  7      1.01   0.978     0.0348   0.00228    
  8      0.987  0.979     0.0311   0.0021     
  9      0.979  0.979     0.0291   0.00199    

RMSE was used to select the optimal model using  the smallest value.
The final value used for the model was ncomp = 9. 


RUNNING pls : ITERATION 36 
Partial Least Squares 

1368 samples
  10 predictors

No pre-processing
Resampling: Bootstrapped (25 reps) 

Summary of sample sizes: 1368, 1368, 1368, 1368, 1368, 1368, ... 

Resampling results across tuning parameters:

  ncomp  RMSE   Rsquared  RMSE SD  Rsquared SD
  1      3.08   0.791     0.214    0.0327     
  2      2.15   0.898     0.0702   0.00882    
  3      1.76   0.931     0.147    0.0112     
  4      1.41   0.957     0.0709   0.00388    
  5      1.23   0.967     0.0606   0.00296    
  6      1.1    0.973     0.0558   0.00245    
  7      0.994  0.978     0.0474   0.00186    
  8      0.979  0.979     0.0423   0.00168    
  9      0.972  0.979     0.041    0.00164    

RMSE was used to select the optimal model using  the smallest value.
The final value used for the model was ncomp = 9. 


RUNNING pls : ITERATION 37 
Partial Least Squares 

1368 samples
  10 predictors

No pre-processing
Resampling: Bootstrapped (25 reps) 

Summary of sample sizes: 1368, 1368, 1368, 1368, 1368, 1368, ... 

Resampling results across tuning parameters:

  ncomp  RMSE  Rsquared  RMSE SD  Rsquared SD
  1      3.09  0.796     0.278    0.0374     
  2      2.21  0.896     0.0875   0.00853    
  3      1.89  0.924     0.0949   0.0064     
  4      1.45  0.956     0.0973   0.00645    
  5      1.25  0.967     0.0639   0.0034     
  6      1.13  0.973     0.0641   0.00304    
  7      1.03  0.978     0.0532   0.00248    
  8      1.01  0.978     0.0477   0.00216    
  9      1     0.979     0.0484   0.00212    

RMSE was used to select the optimal model using  the smallest value.
The final value used for the model was ncomp = 9. 


RUNNING pls : ITERATION 38 
Partial Least Squares 

1368 samples
  10 predictors

No pre-processing
Resampling: Bootstrapped (25 reps) 

Summary of sample sizes: 1368, 1368, 1368, 1368, 1368, 1368, ... 

Resampling results across tuning parameters:

  ncomp  RMSE   Rsquared  RMSE SD  Rsquared SD
  1      3.12   0.786     0.2      0.0304     
  2      2.19   0.895     0.0794   0.0109     
  3      1.75   0.933     0.123    0.00962    
  4      1.44   0.955     0.0656   0.00361    
  5      1.23   0.967     0.0449   0.0027     
  6      1.09   0.974     0.0445   0.00273    
  7      0.996  0.978     0.0299   0.00192    
  8      0.978  0.979     0.0315   0.00196    
  9      0.97   0.979     0.0315   0.00188    

RMSE was used to select the optimal model using  the smallest value.
The final value used for the model was ncomp = 9. 


RUNNING pls : ITERATION 39 
Partial Least Squares 

1368 samples
  10 predictors

No pre-processing
Resampling: Bootstrapped (25 reps) 

Summary of sample sizes: 1368, 1368, 1368, 1368, 1368, 1368, ... 

Resampling results across tuning parameters:

  ncomp  RMSE  Rsquared  RMSE SD  Rsquared SD
  1      3.25  0.765     0.319    0.0411     
  2      2.23  0.889     0.0942   0.00833    
  3      1.87  0.923     0.111    0.00803    
  4      1.48  0.952     0.0798   0.00517    
  5      1.27  0.964     0.0524   0.00339    
  6      1.14  0.971     0.0569   0.00312    
  7      1.04  0.976     0.0378   0.00175    
  8      1.03  0.977     0.0384   0.00179    
  9      1.02  0.977     0.0382   0.00179    

RMSE was used to select the optimal model using  the smallest value.
The final value used for the model was ncomp = 9. 


RUNNING pls : ITERATION 40 
Partial Least Squares 

1368 samples
  10 predictors

No pre-processing
Resampling: Bootstrapped (25 reps) 

Summary of sample sizes: 1368, 1368, 1368, 1368, 1368, 1368, ... 

Resampling results across tuning parameters:

  ncomp  RMSE  Rsquared  RMSE SD  Rsquared SD
  1      3.07  0.79      0.268    0.0331     
  2      2.25  0.887     0.0926   0.00982    
  3      1.89  0.92      0.0818   0.0066     
  4      1.49  0.951     0.0738   0.00541    
  5      1.29  0.963     0.0547   0.00294    
  6      1.15  0.971     0.053    0.00281    
  7      1.03  0.977     0.037    0.00201    
  8      1.01  0.978     0.0351   0.0019     
  9      1     0.978     0.0368   0.00196    

RMSE was used to select the optimal model using  the smallest value.
The final value used for the model was ncomp = 9. 


RUNNING pls : ITERATION 41 
Partial Least Squares 

1368 samples
  10 predictors

No pre-processing
Resampling: Bootstrapped (25 reps) 

Summary of sample sizes: 1368, 1368, 1368, 1368, 1368, 1368, ... 

Resampling results across tuning parameters:

  ncomp  RMSE  Rsquared  RMSE SD  Rsquared SD
  1      2.98  0.798     0.284    0.0384     
  2      2.2   0.89      0.0825   0.0075     
  3      1.8   0.927     0.153    0.0106     
  4      1.47  0.951     0.0654   0.00472    
  5      1.27  0.964     0.0561   0.00343    
  6      1.13  0.971     0.0509   0.00234    
  7      1.03  0.976     0.0392   0.00178    
  8      1.01  0.977     0.0361   0.00169    
  9      1.01  0.977     0.038    0.00169    

RMSE was used to select the optimal model using  the smallest value.
The final value used for the model was ncomp = 9. 


RUNNING pls : ITERATION 42 
Partial Least Squares 

1368 samples
  10 predictors

No pre-processing
Resampling: Bootstrapped (25 reps) 

Summary of sample sizes: 1368, 1368, 1368, 1368, 1368, 1368, ... 

Resampling results across tuning parameters:

  ncomp  RMSE  Rsquared  RMSE SD  Rsquared SD
  1      3.34  0.742     0.261    0.0368     
  2      2.22  0.887     0.0805   0.00845    
  3      1.83  0.923     0.101    0.00787    
  4      1.46  0.951     0.0622   0.00423    
  5      1.24  0.965     0.0537   0.00333    
  6      1.11  0.972     0.0489   0.0028     
  7      1     0.977     0.0389   0.00209    
  8      0.98  0.978     0.0366   0.00198    
  9      0.97  0.978     0.0359   0.00194    

RMSE was used to select the optimal model using  the smallest value.
The final value used for the model was ncomp = 9. 


RUNNING pls : ITERATION 43 
Partial Least Squares 

1368 samples
  10 predictors

No pre-processing
Resampling: Bootstrapped (25 reps) 

Summary of sample sizes: 1368, 1368, 1368, 1368, 1368, 1368, ... 

Resampling results across tuning parameters:

  ncomp  RMSE  Rsquared  RMSE SD  Rsquared SD
  1      2.92  0.813     0.31     0.0377     
  2      2.16  0.897     0.0855   0.00925    
  3      1.75  0.933     0.143    0.00935    
  4      1.49  0.952     0.0884   0.00631    
  5      1.29  0.964     0.0721   0.0041     
  6      1.15  0.971     0.0568   0.00299    
  7      1.03  0.977     0.0429   0.00228    
  8      1.02  0.977     0.0415   0.00213    
  9      1.01  0.978     0.0417   0.00215    

RMSE was used to select the optimal model using  the smallest value.
The final value used for the model was ncomp = 9. 


RUNNING pls : ITERATION 44 
Partial Least Squares 

1368 samples
  10 predictors

No pre-processing
Resampling: Bootstrapped (25 reps) 

Summary of sample sizes: 1368, 1368, 1368, 1368, 1368, 1368, ... 

Resampling results across tuning parameters:

  ncomp  RMSE  Rsquared  RMSE SD  Rsquared SD
  1      3.24  0.763     0.242    0.0344     
  2      2.2   0.891     0.0886   0.00978    
  3      1.86  0.922     0.0833   0.0067     
  4      1.49  0.951     0.0732   0.00472    
  5      1.26  0.965     0.0607   0.00366    
  6      1.14  0.971     0.0639   0.00334    
  7      1.03  0.976     0.0486   0.00232    
  8      1.01  0.977     0.0473   0.00226    
  9      1     0.977     0.0479   0.00223    

RMSE was used to select the optimal model using  the smallest value.
The final value used for the model was ncomp = 9. 


RUNNING pls : ITERATION 45 
Partial Least Squares 

1368 samples
  10 predictors

No pre-processing
Resampling: Bootstrapped (25 reps) 

Summary of sample sizes: 1368, 1368, 1368, 1368, 1368, 1368, ... 

Resampling results across tuning parameters:

  ncomp  RMSE  Rsquared  RMSE SD  Rsquared SD
  1      3.33  0.75      0.262    0.0351     
  2      2.21  0.89      0.0819   0.0081     
  3      1.75  0.931     0.146    0.00931    
  4      1.49  0.95      0.0816   0.00568    
  5      1.27  0.964     0.0604   0.00366    
  6      1.13  0.971     0.0572   0.0031     
  7      1.03  0.976     0.0408   0.00234    
  8      1.01  0.977     0.0349   0.00191    
  9      1     0.978     0.0355   0.00191    

RMSE was used to select the optimal model using  the smallest value.
The final value used for the model was ncomp = 9. 


RUNNING pls : ITERATION 46 
Partial Least Squares 

1368 samples
  10 predictors

No pre-processing
Resampling: Bootstrapped (25 reps) 

Summary of sample sizes: 1368, 1368, 1368, 1368, 1368, 1368, ... 

Resampling results across tuning parameters:

  ncomp  RMSE   Rsquared  RMSE SD  Rsquared SD
  1      3.29   0.749     0.23     0.0373     
  2      2.29   0.878     0.149    0.0134     
  3      1.88   0.918     0.101    0.00675    
  4      1.47   0.95      0.0659   0.00468    
  5      1.26   0.963     0.0666   0.00382    
  6      1.13   0.97      0.0751   0.00419    
  7      1.02   0.976     0.0575   0.00309    
  8      1      0.977     0.0521   0.00267    
  9      0.994  0.977     0.0528   0.00267    

RMSE was used to select the optimal model using  the smallest value.
The final value used for the model was ncomp = 9. 


RUNNING pls : ITERATION 47 
Partial Least Squares 

1368 samples
  10 predictors

No pre-processing
Resampling: Bootstrapped (25 reps) 

Summary of sample sizes: 1368, 1368, 1368, 1368, 1368, 1368, ... 

Resampling results across tuning parameters:

  ncomp  RMSE  Rsquared  RMSE SD  Rsquared SD
  1      3.08  0.796     0.302    0.0361     
  2      2.23  0.893     0.0957   0.00779    
  3      1.86  0.925     0.124    0.0087     
  4      1.48  0.953     0.0672   0.00507    
  5      1.26  0.966     0.039    0.00259    
  6      1.14  0.972     0.0444   0.00249    
  7      1.03  0.977     0.0333   0.00178    
  8      1.01  0.978     0.0311   0.00168    
  9      1     0.978     0.032    0.00178    

RMSE was used to select the optimal model using  the smallest value.
The final value used for the model was ncomp = 9. 


RUNNING pls : ITERATION 48 
Partial Least Squares 

1368 samples
  10 predictors

No pre-processing
Resampling: Bootstrapped (25 reps) 

Summary of sample sizes: 1368, 1368, 1368, 1368, 1368, 1368, ... 

Resampling results across tuning parameters:

  ncomp  RMSE   Rsquared  RMSE SD  Rsquared SD
  1      3.19   0.761     0.271    0.038      
  2      2.16   0.889     0.0719   0.00887    
  3      1.82   0.922     0.0937   0.00687    
  4      1.42   0.952     0.0666   0.00448    
  5      1.23   0.965     0.0542   0.00306    
  6      1.08   0.972     0.0554   0.00244    
  7      0.991  0.977     0.0404   0.00162    
  8      0.972  0.978     0.0339   0.00142    
  9      0.966  0.978     0.0342   0.00146    

RMSE was used to select the optimal model using  the smallest value.
The final value used for the model was ncomp = 9. 


RUNNING pls : ITERATION 49 
Partial Least Squares 

1368 samples
  10 predictors

No pre-processing
Resampling: Bootstrapped (25 reps) 

Summary of sample sizes: 1368, 1368, 1368, 1368, 1368, 1368, ... 

Resampling results across tuning parameters:

  ncomp  RMSE   Rsquared  RMSE SD  Rsquared SD
  1      3.34   0.753     0.261    0.0386     
  2      2.21   0.892     0.0931   0.0109     
  3      1.78   0.93      0.137    0.00947    
  4      1.48   0.952     0.0832   0.0059     
  5      1.27   0.965     0.0523   0.00328    
  6      1.13   0.972     0.0562   0.00322    
  7      1.02   0.977     0.0437   0.0023     
  8      1      0.978     0.0462   0.00224    
  9      0.994  0.978     0.0466   0.00224    

RMSE was used to select the optimal model using  the smallest value.
The final value used for the model was ncomp = 9. 


RUNNING pls : ITERATION 50 
Partial Least Squares 

1368 samples
  10 predictors

No pre-processing
Resampling: Bootstrapped (25 reps) 

Summary of sample sizes: 1368, 1368, 1368, 1368, 1368, 1368, ... 

Resampling results across tuning parameters:

  ncomp  RMSE   Rsquared  RMSE SD  Rsquared SD
  1      3.11   0.784     0.249    0.0352     
  2      2.18   0.894     0.0692   0.01       
  3      1.73   0.933     0.141    0.00993    
  4      1.44   0.954     0.0835   0.00672    
  5      1.24   0.966     0.063    0.00481    
  6      1.11   0.972     0.0577   0.00389    
  7      1.02   0.977     0.0431   0.00276    
  8      1      0.978     0.0391   0.00253    
  9      0.994  0.978     0.039    0.00249    

RMSE was used to select the optimal model using  the smallest value.
The final value used for the model was ncomp = 9. 


RUNNING pls : ITERATION 51 
Partial Least Squares 

1368 samples
  10 predictors

No pre-processing
Resampling: Bootstrapped (25 reps) 

Summary of sample sizes: 1368, 1368, 1368, 1368, 1368, 1368, ... 

Resampling results across tuning parameters:

  ncomp  RMSE  Rsquared  RMSE SD  Rsquared SD
  1      3.28  0.764     0.276    0.0414     
  2      2.2   0.894     0.0843   0.0096     
  3      1.82  0.928     0.12     0.00769    
  4      1.5   0.951     0.0724   0.00512    
  5      1.29  0.964     0.0648   0.00379    
  6      1.17  0.97      0.0577   0.00304    
  7      1.05  0.976     0.0383   0.00159    
  8      1.03  0.977     0.0406   0.00162    
  9      1.03  0.977     0.0396   0.00161    

RMSE was used to select the optimal model using  the smallest value.
The final value used for the model was ncomp = 9. 


RUNNING pls : ITERATION 52 
Partial Least Squares 

1368 samples
  10 predictors

No pre-processing
Resampling: Bootstrapped (25 reps) 

Summary of sample sizes: 1368, 1368, 1368, 1368, 1368, 1368, ... 

Resampling results across tuning parameters:

  ncomp  RMSE   Rsquared  RMSE SD  Rsquared SD
  1      3.25   0.762     0.334    0.0465     
  2      2.19   0.892     0.102    0.0114     
  3      1.81   0.926     0.144    0.0102     
  4      1.44   0.954     0.0831   0.00454    
  5      1.25   0.965     0.0579   0.00307    
  6      1.12   0.972     0.0623   0.00301    
  7      1.02   0.977     0.0498   0.00226    
  8      1.01   0.977     0.0478   0.00193    
  9      0.998  0.978     0.0469   0.00191    

RMSE was used to select the optimal model using  the smallest value.
The final value used for the model was ncomp = 9. 


RUNNING pls : ITERATION 53 
Partial Least Squares 

1368 samples
  10 predictors

No pre-processing
Resampling: Bootstrapped (25 reps) 

Summary of sample sizes: 1368, 1368, 1368, 1368, 1368, 1368, ... 

Resampling results across tuning parameters:

  ncomp  RMSE   Rsquared  RMSE SD  Rsquared SD
  1      3.46   0.73      0.339    0.05       
  2      2.27   0.884     0.0567   0.0075     
  3      1.81   0.926     0.12     0.00952    
  4      1.49   0.95      0.0667   0.00557    
  5      1.26   0.964     0.0495   0.0033     
  6      1.13   0.971     0.0496   0.00285    
  7      1.02   0.977     0.0419   0.00211    
  8      0.995  0.978     0.0382   0.00201    
  9      0.987  0.978     0.0373   0.00195    

RMSE was used to select the optimal model using  the smallest value.
The final value used for the model was ncomp = 9. 


RUNNING pls : ITERATION 54 
Partial Least Squares 

1368 samples
  10 predictors

No pre-processing
Resampling: Bootstrapped (25 reps) 

Summary of sample sizes: 1368, 1368, 1368, 1368, 1368, 1368, ... 

Resampling results across tuning parameters:

  ncomp  RMSE   Rsquared  RMSE SD  Rsquared SD
  1      3.4    0.735     0.265    0.0425     
  2      2.25   0.884     0.118    0.0118     
  3      1.86   0.921     0.109    0.0089     
  4      1.48   0.95      0.0908   0.0067     
  5      1.27   0.963     0.0771   0.00443    
  6      1.13   0.971     0.0664   0.00338    
  7      1.01   0.977     0.0488   0.00236    
  8      0.997  0.977     0.0402   0.002      
  9      0.99   0.978     0.0404   0.00196    

RMSE was used to select the optimal model using  the smallest value.
The final value used for the model was ncomp = 9. 


RUNNING pls : ITERATION 55 
Partial Least Squares 

1368 samples
  10 predictors

No pre-processing
Resampling: Bootstrapped (25 reps) 

Summary of sample sizes: 1368, 1368, 1368, 1368, 1368, 1368, ... 

Resampling results across tuning parameters:

  ncomp  RMSE   Rsquared  RMSE SD  Rsquared SD
  1      3.2    0.764     0.364    0.0506     
  2      2.16   0.893     0.0998   0.0103     
  3      1.83   0.923     0.0727   0.00521    
  4      1.43   0.953     0.0637   0.00475    
  5      1.21   0.966     0.0544   0.00314    
  6      1.08   0.973     0.0517   0.00259    
  7      0.982  0.978     0.0429   0.00175    
  8      0.967  0.978     0.0417   0.00159    
  9      0.96   0.979     0.0393   0.00145    

RMSE was used to select the optimal model using  the smallest value.
The final value used for the model was ncomp = 9. 


RUNNING pls : ITERATION 56 
Partial Least Squares 

1368 samples
  10 predictors

No pre-processing
Resampling: Bootstrapped (25 reps) 

Summary of sample sizes: 1368, 1368, 1368, 1368, 1368, 1368, ... 

Resampling results across tuning parameters:

  ncomp  RMSE   Rsquared  RMSE SD  Rsquared SD
  1      3.13   0.789     0.29     0.0405     
  2      2.23   0.894     0.0755   0.0073     
  3      1.84   0.927     0.129    0.00917    
  4      1.46   0.954     0.0704   0.00414    
  5      1.26   0.966     0.0559   0.0029     
  6      1.11   0.974     0.0586   0.00264    
  7      0.996  0.979     0.0392   0.00178    
  8      0.975  0.98      0.0384   0.00166    
  9      0.967  0.98      0.0399   0.00168    

RMSE was used to select the optimal model using  the smallest value.
The final value used for the model was ncomp = 9. 


RUNNING pls : ITERATION 57 
Partial Least Squares 

1368 samples
  10 predictors

No pre-processing
Resampling: Bootstrapped (25 reps) 

Summary of sample sizes: 1368, 1368, 1368, 1368, 1368, 1368, ... 

Resampling results across tuning parameters:

  ncomp  RMSE  Rsquared  RMSE SD  Rsquared SD
  1      2.95  0.812     0.202    0.0214     
  2      2.16  0.899     0.0629   0.00728    
  3      1.76  0.933     0.134    0.00882    
  4      1.48  0.953     0.0955   0.00643    
  5      1.3   0.964     0.0655   0.00439    
  6      1.15  0.972     0.0552   0.0032     
  7      1.05  0.976     0.0407   0.00217    
  8      1.03  0.977     0.0368   0.00202    
  9      1.02  0.977     0.039    0.00203    

RMSE was used to select the optimal model using  the smallest value.
The final value used for the model was ncomp = 9. 


RUNNING pls : ITERATION 58 
Partial Least Squares 

1368 samples
  10 predictors

No pre-processing
Resampling: Bootstrapped (25 reps) 

Summary of sample sizes: 1368, 1368, 1368, 1368, 1368, 1368, ... 

Resampling results across tuning parameters:

  ncomp  RMSE  Rsquared  RMSE SD  Rsquared SD
  1      3.02  0.804     0.259    0.0306     
  2      2.23  0.893     0.114    0.0107     
  3      1.84  0.928     0.144    0.00969    
  4      1.47  0.954     0.0781   0.00528    
  5      1.29  0.965     0.0655   0.00379    
  6      1.15  0.972     0.0662   0.00333    
  7      1.05  0.977     0.0446   0.00223    
  8      1.03  0.977     0.0463   0.00224    
  9      1.02  0.978     0.0461   0.00224    

RMSE was used to select the optimal model using  the smallest value.
The final value used for the model was ncomp = 9. 


RUNNING pls : ITERATION 59 
Partial Least Squares 

1368 samples
  10 predictors

No pre-processing
Resampling: Bootstrapped (25 reps) 

Summary of sample sizes: 1368, 1368, 1368, 1368, 1368, 1368, ... 

Resampling results across tuning parameters:

  ncomp  RMSE  Rsquared  RMSE SD  Rsquared SD
  1      3.12  0.785     0.219    0.0266     
  2      2.18  0.896     0.0635   0.00736    
  3      1.8   0.929     0.116    0.00902    
  4      1.46  0.954     0.0718   0.00437    
  5      1.26  0.965     0.074    0.00403    
  6      1.13  0.972     0.0674   0.00332    
  7      1.03  0.976     0.0501   0.0022     
  8      1.02  0.977     0.0481   0.00189    
  9      1.01  0.977     0.0482   0.00185    

RMSE was used to select the optimal model using  the smallest value.
The final value used for the model was ncomp = 9. 


RUNNING pls : ITERATION 60 
Partial Least Squares 

1368 samples
  10 predictors

No pre-processing
Resampling: Bootstrapped (25 reps) 

Summary of sample sizes: 1368, 1368, 1368, 1368, 1368, 1368, ... 

Resampling results across tuning parameters:

  ncomp  RMSE  Rsquared  RMSE SD  Rsquared SD
  1      3.22  0.773     0.247    0.0306     
  2      2.22  0.892     0.0898   0.00908    
  3      1.82  0.928     0.115    0.00875    
  4      1.5   0.951     0.0794   0.00477    
  5      1.29  0.964     0.0749   0.00376    
  6      1.15  0.971     0.0672   0.00293    
  7      1.04  0.976     0.0556   0.00232    
  8      1.02  0.977     0.0489   0.00205    
  9      1.01  0.978     0.0497   0.00207    

RMSE was used to select the optimal model using  the smallest value.
The final value used for the model was ncomp = 9. 


RUNNING pls : ITERATION 61 
Partial Least Squares 

1368 samples
  10 predictors

No pre-processing
Resampling: Bootstrapped (25 reps) 

Summary of sample sizes: 1368, 1368, 1368, 1368, 1368, 1368, ... 

Resampling results across tuning parameters:

  ncomp  RMSE  Rsquared  RMSE SD  Rsquared SD
  1      3.18  0.781     0.268    0.0339     
  2      2.21  0.895     0.071    0.00922    
  3      1.81  0.929     0.12     0.00813    
  4      1.49  0.952     0.0834   0.00497    
  5      1.27  0.965     0.0821   0.00408    
  6      1.13  0.972     0.0754   0.00343    
  7      1.03  0.977     0.0546   0.00249    
  8      1.01  0.978     0.0497   0.00234    
  9      1     0.978     0.0495   0.00229    

RMSE was used to select the optimal model using  the smallest value.
The final value used for the model was ncomp = 9. 


RUNNING pls : ITERATION 62 
Partial Least Squares 

1368 samples
  10 predictors

No pre-processing
Resampling: Bootstrapped (25 reps) 

Summary of sample sizes: 1368, 1368, 1368, 1368, 1368, 1368, ... 

Resampling results across tuning parameters:

  ncomp  RMSE  Rsquared  RMSE SD  Rsquared SD
  1      3.25  0.764     0.202    0.0315     
  2      2.2   0.891     0.11     0.0123     
  3      1.73  0.933     0.137    0.00947    
  4      1.47  0.951     0.0877   0.0058     
  5      1.27  0.964     0.0635   0.00367    
  6      1.15  0.971     0.0649   0.00358    
  7      1.04  0.976     0.0479   0.00263    
  8      1.02  0.977     0.0398   0.00221    
  9      1.01  0.977     0.0399   0.00216    

RMSE was used to select the optimal model using  the smallest value.
The final value used for the model was ncomp = 9. 


RUNNING pls : ITERATION 63 
Partial Least Squares 

1368 samples
  10 predictors

No pre-processing
Resampling: Bootstrapped (25 reps) 

Summary of sample sizes: 1368, 1368, 1368, 1368, 1368, 1368, ... 

Resampling results across tuning parameters:

  ncomp  RMSE  Rsquared  RMSE SD  Rsquared SD
  1      3.24  0.769     0.249    0.0296     
  2      2.23  0.891     0.0905   0.00641    
  3      1.82  0.927     0.129    0.0089     
  4      1.46  0.953     0.0803   0.00597    
  5      1.25  0.965     0.0558   0.00405    
  6      1.14  0.972     0.0499   0.00322    
  7      1.03  0.977     0.0384   0.00235    
  8      1.01  0.977     0.034    0.00209    
  9      1.01  0.978     0.0359   0.00213    

RMSE was used to select the optimal model using  the smallest value.
The final value used for the model was ncomp = 9. 


RUNNING pls : ITERATION 64 
Partial Least Squares 

1368 samples
  10 predictors

No pre-processing
Resampling: Bootstrapped (25 reps) 

Summary of sample sizes: 1368, 1368, 1368, 1368, 1368, 1368, ... 

Resampling results across tuning parameters:

  ncomp  RMSE   Rsquared  RMSE SD  Rsquared SD
  1      3.12   0.782     0.192    0.0237     
  2      2.19   0.892     0.0699   0.00928    
  3      1.77   0.93      0.161    0.0109     
  4      1.45   0.953     0.0803   0.0058     
  5      1.24   0.966     0.0677   0.00415    
  6      1.12   0.972     0.0669   0.00359    
  7      0.997  0.978     0.0428   0.0022     
  8      0.98   0.979     0.0363   0.00179    
  9      0.972  0.979     0.0365   0.00178    

RMSE was used to select the optimal model using  the smallest value.
The final value used for the model was ncomp = 9. 


RUNNING pls : ITERATION 65 
Partial Least Squares 

1368 samples
  10 predictors

No pre-processing
Resampling: Bootstrapped (25 reps) 

Summary of sample sizes: 1368, 1368, 1368, 1368, 1368, 1368, ... 

Resampling results across tuning parameters:

  ncomp  RMSE  Rsquared  RMSE SD  Rsquared SD
  1      3.21  0.775     0.254    0.0335     
  2      2.21  0.894     0.08     0.0079     
  3      1.81  0.929     0.122    0.00832    
  4      1.5   0.951     0.0753   0.00521    
  5      1.28  0.964     0.0665   0.00377    
  6      1.15  0.971     0.0541   0.00288    
  7      1.04  0.976     0.0413   0.00211    
  8      1.03  0.977     0.0388   0.00192    
  9      1.02  0.977     0.0373   0.00187    

RMSE was used to select the optimal model using  the smallest value.
The final value used for the model was ncomp = 9. 


RUNNING pls : ITERATION 66 
Partial Least Squares 

1368 samples
  10 predictors

No pre-processing
Resampling: Bootstrapped (25 reps) 

Summary of sample sizes: 1368, 1368, 1368, 1368, 1368, 1368, ... 

Resampling results across tuning parameters:

  ncomp  RMSE  Rsquared  RMSE SD  Rsquared SD
  1      3.21  0.773     0.214    0.0284     
  2      2.22  0.891     0.123    0.0116     
  3      1.88  0.922     0.0984   0.00765    
  4      1.47  0.952     0.0814   0.00468    
  5      1.28  0.964     0.0687   0.00369    
  6      1.14  0.971     0.0545   0.00274    
  7      1.04  0.976     0.0377   0.00177    
  8      1.02  0.977     0.0368   0.00149    
  9      1.01  0.978     0.0377   0.00151    

RMSE was used to select the optimal model using  the smallest value.
The final value used for the model was ncomp = 9. 


RUNNING pls : ITERATION 67 
Partial Least Squares 

1368 samples
  10 predictors

No pre-processing
Resampling: Bootstrapped (25 reps) 

Summary of sample sizes: 1368, 1368, 1368, 1368, 1368, 1368, ... 

Resampling results across tuning parameters:

  ncomp  RMSE   Rsquared  RMSE SD  Rsquared SD
  1      3.01   0.801     0.233    0.0233     
  2      2.13   0.9       0.0911   0.00907    
  3      1.7    0.936     0.165    0.0107     
  4      1.41   0.956     0.0658   0.00423    
  5      1.25   0.966     0.0629   0.00399    
  6      1.12   0.972     0.0667   0.00363    
  7      1.01   0.977     0.0456   0.00249    
  8      0.993  0.978     0.0439   0.00233    
  9      0.984  0.979     0.0409   0.00216    

RMSE was used to select the optimal model using  the smallest value.
The final value used for the model was ncomp = 9. 


RUNNING pls : ITERATION 68 
Partial Least Squares 

1368 samples
  10 predictors

No pre-processing
Resampling: Bootstrapped (25 reps) 

Summary of sample sizes: 1368, 1368, 1368, 1368, 1368, 1368, ... 

Resampling results across tuning parameters:

  ncomp  RMSE  Rsquared  RMSE SD  Rsquared SD
  1      3.33  0.748     0.355    0.0508     
  2      2.24  0.885     0.11     0.0106     
  3      1.88  0.92      0.108    0.00918    
  4      1.5   0.949     0.0866   0.00581    
  5      1.28  0.963     0.065    0.00362    
  6      1.15  0.97      0.0799   0.00391    
  7      1.03  0.976     0.0528   0.00223    
  8      1.01  0.977     0.0476   0.00199    
  9      1     0.977     0.0491   0.00203    

RMSE was used to select the optimal model using  the smallest value.
The final value used for the model was ncomp = 9. 


RUNNING pls : ITERATION 69 
Partial Least Squares 

1368 samples
  10 predictors

No pre-processing
Resampling: Bootstrapped (25 reps) 

Summary of sample sizes: 1368, 1368, 1368, 1368, 1368, 1368, ... 

Resampling results across tuning parameters:

  ncomp  RMSE  Rsquared  RMSE SD  Rsquared SD
  1      3.22  0.765     0.309    0.0405     
  2      2.2   0.891     0.0882   0.00805    
  3      1.83  0.925     0.139    0.0105     
  4      1.46  0.953     0.0756   0.00426    
  5      1.26  0.964     0.0676   0.00373    
  6      1.12  0.972     0.0644   0.00305    
  7      1.03  0.976     0.0503   0.00246    
  8      1.01  0.977     0.0472   0.00227    
  9      1     0.977     0.0459   0.0022     

RMSE was used to select the optimal model using  the smallest value.
The final value used for the model was ncomp = 9. 


RUNNING pls : ITERATION 70 
Partial Least Squares 

1368 samples
  10 predictors

No pre-processing
Resampling: Bootstrapped (25 reps) 

Summary of sample sizes: 1368, 1368, 1368, 1368, 1368, 1368, ... 

Resampling results across tuning parameters:

  ncomp  RMSE  Rsquared  RMSE SD  Rsquared SD
  1      3.28  0.76      0.282    0.0392     
  2      2.25  0.887     0.0851   0.00753    
  3      1.84  0.925     0.107    0.00793    
  4      1.49  0.951     0.0698   0.00506    
  5      1.26  0.965     0.061    0.0035     
  6      1.13  0.972     0.0572   0.0028     
  7      1.03  0.977     0.0362   0.00178    
  8      1.01  0.977     0.0321   0.00146    
  9      1     0.978     0.0324   0.00152    

RMSE was used to select the optimal model using  the smallest value.
The final value used for the model was ncomp = 9. 


RUNNING pls : ITERATION 71 
Partial Least Squares 

1368 samples
  10 predictors

No pre-processing
Resampling: Bootstrapped (25 reps) 

Summary of sample sizes: 1368, 1368, 1368, 1368, 1368, 1368, ... 

Resampling results across tuning parameters:

  ncomp  RMSE  Rsquared  RMSE SD  Rsquared SD
  1      3.26  0.768     0.261    0.0312     
  2      2.23  0.89      0.0997   0.00882    
  3      1.85  0.925     0.158    0.0117     
  4      1.48  0.952     0.0887   0.00576    
  5      1.28  0.964     0.0632   0.00347    
  6      1.14  0.971     0.0673   0.00342    
  7      1.03  0.977     0.0524   0.00268    
  8      1.01  0.977     0.0498   0.00258    
  9      1     0.978     0.0495   0.00252    

RMSE was used to select the optimal model using  the smallest value.
The final value used for the model was ncomp = 9. 


RUNNING pls : ITERATION 72 
Partial Least Squares 

1368 samples
  10 predictors

No pre-processing
Resampling: Bootstrapped (25 reps) 

Summary of sample sizes: 1368, 1368, 1368, 1368, 1368, 1368, ... 

Resampling results across tuning parameters:

  ncomp  RMSE   Rsquared  RMSE SD  Rsquared SD
  1      3.23   0.768     0.227    0.0364     
  2      2.2    0.893     0.0818   0.00692    
  3      1.83   0.926     0.129    0.00852    
  4      1.47   0.952     0.0902   0.00542    
  5      1.27   0.965     0.0723   0.00403    
  6      1.13   0.972     0.0662   0.00337    
  7      1.02   0.977     0.0567   0.00278    
  8      1.01   0.978     0.0529   0.00258    
  9      0.999  0.978     0.0542   0.00264    

RMSE was used to select the optimal model using  the smallest value.
The final value used for the model was ncomp = 9. 


RUNNING pls : ITERATION 73 
Partial Least Squares 

1368 samples
  10 predictors

No pre-processing
Resampling: Bootstrapped (25 reps) 

Summary of sample sizes: 1368, 1368, 1368, 1368, 1368, 1368, ... 

Resampling results across tuning parameters:

  ncomp  RMSE   Rsquared  RMSE SD  Rsquared SD
  1      3.59   0.704     0.294    0.0457     
  2      2.28   0.88      0.109    0.0106     
  3      1.87   0.919     0.109    0.00859    
  4      1.46   0.951     0.0611   0.00374    
  5      1.23   0.965     0.0637   0.00346    
  6      1.11   0.972     0.0473   0.00261    
  7      0.991  0.977     0.0348   0.00175    
  8      0.974  0.978     0.0299   0.00165    
  9      0.964  0.979     0.0288   0.00155    

RMSE was used to select the optimal model using  the smallest value.
The final value used for the model was ncomp = 9. 


RUNNING pls : ITERATION 74 
Partial Least Squares 

1368 samples
  10 predictors

No pre-processing
Resampling: Bootstrapped (25 reps) 

Summary of sample sizes: 1368, 1368, 1368, 1368, 1368, 1368, ... 

Resampling results across tuning parameters:

  ncomp  RMSE  Rsquared  RMSE SD  Rsquared SD
  1      3.18  0.776     0.224    0.0314     
  2      2.2   0.894     0.112    0.0115     
  3      1.81  0.928     0.129    0.00865    
  4      1.45  0.954     0.0655   0.00535    
  5      1.25  0.966     0.0498   0.00302    
  6      1.12  0.972     0.0527   0.00307    
  7      1.03  0.977     0.0336   0.00194    
  8      1.01  0.978     0.0345   0.00183    
  9      1     0.978     0.0346   0.00179    

RMSE was used to select the optimal model using  the smallest value.
The final value used for the model was ncomp = 9. 


RUNNING pls : ITERATION 75 
Partial Least Squares 

1368 samples
  10 predictors

No pre-processing
Resampling: Bootstrapped (25 reps) 

Summary of sample sizes: 1368, 1368, 1368, 1368, 1368, 1368, ... 

Resampling results across tuning parameters:

  ncomp  RMSE  Rsquared  RMSE SD  Rsquared SD
  1      3.26  0.775     0.256    0.035      
  2      2.24  0.894     0.0623   0.00878    
  3      1.88  0.925     0.1      0.00741    
  4      1.5   0.953     0.0713   0.005      
  5      1.28  0.966     0.0579   0.00335    
  6      1.15  0.972     0.058    0.00316    
  7      1.05  0.977     0.0424   0.00205    
  8      1.03  0.978     0.0416   0.00193    
  9      1.03  0.978     0.0411   0.00194    

RMSE was used to select the optimal model using  the smallest value.
The final value used for the model was ncomp = 9. 


RUNNING pls : ITERATION 76 
Partial Least Squares 

1368 samples
  10 predictors

No pre-processing
Resampling: Bootstrapped (25 reps) 

Summary of sample sizes: 1368, 1368, 1368, 1368, 1368, 1368, ... 

Resampling results across tuning parameters:

  ncomp  RMSE   Rsquared  RMSE SD  Rsquared SD
  1      3.15   0.78      0.268    0.0368     
  2      2.19   0.894     0.0739   0.00786    
  3      1.73   0.934     0.177    0.0113     
  4      1.43   0.955     0.0901   0.00565    
  5      1.25   0.965     0.0604   0.00332    
  6      1.12   0.972     0.0628   0.00294    
  7      1.02   0.977     0.0466   0.00203    
  8      0.999  0.978     0.0406   0.00179    
  9      0.991  0.978     0.0404   0.00173    

RMSE was used to select the optimal model using  the smallest value.
The final value used for the model was ncomp = 9. 


RUNNING pls : ITERATION 77 
Partial Least Squares 

1368 samples
  10 predictors

No pre-processing
Resampling: Bootstrapped (25 reps) 

Summary of sample sizes: 1368, 1368, 1368, 1368, 1368, 1368, ... 

Resampling results across tuning parameters:

  ncomp  RMSE  Rsquared  RMSE SD  Rsquared SD
  1      3.34  0.744     0.378    0.054      
  2      2.21  0.888     0.0648   0.00894    
  3      1.85  0.922     0.0976   0.00878    
  4      1.49  0.949     0.0838   0.0057     
  5      1.27  0.963     0.0625   0.00351    
  6      1.15  0.97      0.0481   0.00232    
  7      1.04  0.975     0.0419   0.00204    
  8      1.02  0.976     0.0346   0.00184    
  9      1.01  0.977     0.0353   0.0018     

RMSE was used to select the optimal model using  the smallest value.
The final value used for the model was ncomp = 9. 


RUNNING pls : ITERATION 78 
Partial Least Squares 

1368 samples
  10 predictors

No pre-processing
Resampling: Bootstrapped (25 reps) 

Summary of sample sizes: 1368, 1368, 1368, 1368, 1368, 1368, ... 

Resampling results across tuning parameters:

  ncomp  RMSE  Rsquared  RMSE SD  Rsquared SD
  1      3.33  0.737     0.276    0.0469     
  2      2.26  0.879     0.0704   0.00673    
  3      1.86  0.918     0.0988   0.00788    
  4      1.47  0.949     0.0628   0.00448    
  5      1.27  0.962     0.0543   0.00309    
  6      1.14  0.969     0.0478   0.00259    
  7      1.03  0.975     0.0396   0.00187    
  8      1.01  0.976     0.0351   0.00161    
  9      1     0.976     0.0342   0.00138    

RMSE was used to select the optimal model using  the smallest value.
The final value used for the model was ncomp = 9. 


RUNNING pls : ITERATION 79 
Partial Least Squares 

1368 samples
  10 predictors

No pre-processing
Resampling: Bootstrapped (25 reps) 

Summary of sample sizes: 1368, 1368, 1368, 1368, 1368, 1368, ... 

Resampling results across tuning parameters:

  ncomp  RMSE   Rsquared  RMSE SD  Rsquared SD
  1      3.11   0.781     0.296    0.0432     
  2      2.19   0.892     0.0716   0.00648    
  3      1.8    0.927     0.12     0.00887    
  4      1.44   0.953     0.0664   0.00503    
  5      1.24   0.966     0.053    0.00339    
  6      1.1    0.973     0.0564   0.00287    
  7      1      0.978     0.0358   0.00195    
  8      0.985  0.978     0.0332   0.00177    
  9      0.977  0.979     0.0337   0.00175    

RMSE was used to select the optimal model using  the smallest value.
The final value used for the model was ncomp = 9. 


RUNNING pls : ITERATION 80 
Partial Least Squares 

1368 samples
  10 predictors

No pre-processing
Resampling: Bootstrapped (25 reps) 

Summary of sample sizes: 1368, 1368, 1368, 1368, 1368, 1368, ... 

Resampling results across tuning parameters:

  ncomp  RMSE   Rsquared  RMSE SD  Rsquared SD
  1      3.03   0.794     0.291    0.0371     
  2      2.2    0.891     0.0701   0.00851    
  3      1.8    0.928     0.143    0.00988    
  4      1.42   0.955     0.0768   0.00459    
  5      1.24   0.966     0.06     0.00328    
  6      1.12   0.972     0.0636   0.00323    
  7      1.02   0.977     0.0499   0.00237    
  8      0.997  0.978     0.0436   0.00212    
  9      0.989  0.978     0.0441   0.00213    

RMSE was used to select the optimal model using  the smallest value.
The final value used for the model was ncomp = 9. 


RUNNING pls : ITERATION 81 
Partial Least Squares 

1368 samples
  10 predictors

No pre-processing
Resampling: Bootstrapped (25 reps) 

Summary of sample sizes: 1368, 1368, 1368, 1368, 1368, 1368, ... 

Resampling results across tuning parameters:

  ncomp  RMSE  Rsquared  RMSE SD  Rsquared SD
  1      3.21  0.766     0.269    0.0413     
  2      2.23  0.887     0.0771   0.00833    
  3      1.89  0.919     0.107    0.00901    
  4      1.52  0.947     0.085    0.00614    
  5      1.29  0.962     0.0638   0.00422    
  6      1.16  0.97      0.0543   0.00337    
  7      1.05  0.975     0.043    0.0024     
  8      1.03  0.976     0.0387   0.00213    
  9      1.02  0.976     0.0395   0.00213    

RMSE was used to select the optimal model using  the smallest value.
The final value used for the model was ncomp = 9. 


RUNNING pls : ITERATION 82 
Partial Least Squares 

1368 samples
  10 predictors

No pre-processing
Resampling: Bootstrapped (25 reps) 

Summary of sample sizes: 1368, 1368, 1368, 1368, 1368, 1368, ... 

Resampling results across tuning parameters:

  ncomp  RMSE   Rsquared  RMSE SD  Rsquared SD
  1      3.18   0.78      0.291    0.0353     
  2      2.19   0.895     0.112    0.00983    
  3      1.84   0.926     0.122    0.00929    
  4      1.44   0.955     0.0621   0.00398    
  5      1.24   0.966     0.0473   0.0028     
  6      1.12   0.972     0.0422   0.00262    
  7      1.03   0.977     0.0365   0.00202    
  8      1.01   0.978     0.0352   0.00189    
  9      0.996  0.978     0.0349   0.00178    

RMSE was used to select the optimal model using  the smallest value.
The final value used for the model was ncomp = 9. 


RUNNING pls : ITERATION 83 
Partial Least Squares 

1368 samples
  10 predictors

No pre-processing
Resampling: Bootstrapped (25 reps) 

Summary of sample sizes: 1368, 1368, 1368, 1368, 1368, 1368, ... 

Resampling results across tuning parameters:

  ncomp  RMSE  Rsquared  RMSE SD  Rsquared SD
  1      3.19  0.779     0.316    0.0436     
  2      2.19  0.896     0.0825   0.00764    
  3      1.78  0.931     0.158    0.0112     
  4      1.48  0.952     0.0846   0.00509    
  5      1.29  0.964     0.0572   0.00302    
  6      1.14  0.972     0.0489   0.00239    
  7      1.04  0.977     0.0399   0.00193    
  8      1.02  0.977     0.036    0.00179    
  9      1.01  0.978     0.0378   0.00176    

RMSE was used to select the optimal model using  the smallest value.
The final value used for the model was ncomp = 9. 


RUNNING pls : ITERATION 84 
Partial Least Squares 

1368 samples
  10 predictors

No pre-processing
Resampling: Bootstrapped (25 reps) 

Summary of sample sizes: 1368, 1368, 1368, 1368, 1368, 1368, ... 

Resampling results across tuning parameters:

  ncomp  RMSE   Rsquared  RMSE SD  Rsquared SD
  1      3.35   0.752     0.353    0.0454     
  2      2.2    0.892     0.0953   0.00993    
  3      1.8    0.928     0.126    0.00929    
  4      1.43   0.954     0.0611   0.00355    
  5      1.23   0.966     0.0621   0.00301    
  6      1.11   0.972     0.0562   0.00257    
  7      1      0.978     0.0432   0.00181    
  8      0.985  0.978     0.0364   0.00153    
  9      0.978  0.979     0.0353   0.00147    

RMSE was used to select the optimal model using  the smallest value.
The final value used for the model was ncomp = 9. 


RUNNING pls : ITERATION 85 
Partial Least Squares 

1368 samples
  10 predictors

No pre-processing
Resampling: Bootstrapped (25 reps) 

Summary of sample sizes: 1368, 1368, 1368, 1368, 1368, 1368, ... 

Resampling results across tuning parameters:

  ncomp  RMSE   Rsquared  RMSE SD  Rsquared SD
  1      3.26   0.757     0.241    0.0364     
  2      2.2    0.89      0.0788   0.00936    
  3      1.74   0.931     0.148    0.0107     
  4      1.43   0.954     0.0628   0.00394    
  5      1.23   0.965     0.0505   0.00307    
  6      1.11   0.972     0.0535   0.00296    
  7      1      0.977     0.0407   0.00201    
  8      0.985  0.978     0.0354   0.00181    
  9      0.979  0.978     0.0338   0.00176    

RMSE was used to select the optimal model using  the smallest value.
The final value used for the model was ncomp = 9. 


RUNNING pls : ITERATION 86 
Partial Least Squares 

1368 samples
  10 predictors

No pre-processing
Resampling: Bootstrapped (25 reps) 

Summary of sample sizes: 1368, 1368, 1368, 1368, 1368, 1368, ... 

Resampling results across tuning parameters:

  ncomp  RMSE  Rsquared  RMSE SD  Rsquared SD
  1      3.13  0.789     0.296    0.0416     
  2      2.24  0.893     0.102    0.00816    
  3      1.85  0.927     0.115    0.0084     
  4      1.5   0.952     0.0677   0.00449    
  5      1.29  0.965     0.0635   0.00352    
  6      1.15  0.972     0.0457   0.00243    
  7      1.04  0.977     0.0445   0.00211    
  8      1.02  0.978     0.0454   0.00206    
  9      1.01  0.978     0.0437   0.00201    

RMSE was used to select the optimal model using  the smallest value.
The final value used for the model was ncomp = 9. 


RUNNING pls : ITERATION 87 
Partial Least Squares 

1368 samples
  10 predictors

No pre-processing
Resampling: Bootstrapped (25 reps) 

Summary of sample sizes: 1368, 1368, 1368, 1368, 1368, 1368, ... 

Resampling results across tuning parameters:

  ncomp  RMSE   Rsquared  RMSE SD  Rsquared SD
  1      3.19   0.775     0.227    0.0325     
  2      2.19   0.894     0.0886   0.00861    
  3      1.74   0.933     0.141    0.0097     
  4      1.44   0.954     0.0917   0.00605    
  5      1.25   0.966     0.0562   0.00301    
  6      1.13   0.972     0.0396   0.00211    
  7      1.01   0.978     0.0344   0.0019     
  8      0.986  0.979     0.0305   0.00163    
  9      0.98   0.979     0.0304   0.00158    

RMSE was used to select the optimal model using  the smallest value.
The final value used for the model was ncomp = 9. 


RUNNING pls : ITERATION 88 
Partial Least Squares 

1368 samples
  10 predictors

No pre-processing
Resampling: Bootstrapped (25 reps) 

Summary of sample sizes: 1368, 1368, 1368, 1368, 1368, 1368, ... 

Resampling results across tuning parameters:

  ncomp  RMSE  Rsquared  RMSE SD  Rsquared SD
  1      3.28  0.757     0.246    0.0355     
  2      2.19  0.891     0.0636   0.00684    
  3      1.81  0.926     0.133    0.00975    
  4      1.46  0.952     0.0682   0.00487    
  5      1.25  0.964     0.0504   0.0033     
  6      1.13  0.971     0.0635   0.0036     
  7      1.03  0.976     0.0477   0.0026     
  8      1.01  0.977     0.0452   0.00244    
  9      1.01  0.977     0.0464   0.00248    

RMSE was used to select the optimal model using  the smallest value.
The final value used for the model was ncomp = 9. 


RUNNING pls : ITERATION 89 
Partial Least Squares 

1368 samples
  10 predictors

No pre-processing
Resampling: Bootstrapped (25 reps) 

Summary of sample sizes: 1368, 1368, 1368, 1368, 1368, 1368, ... 

Resampling results across tuning parameters:

  ncomp  RMSE  Rsquared  RMSE SD  Rsquared SD
  1      3.26  0.765     0.264    0.0371     
  2      2.22  0.891     0.0991   0.00632    
  3      1.84  0.925     0.128    0.00915    
  4      1.49  0.951     0.0793   0.00409    
  5      1.28  0.964     0.0668   0.00292    
  6      1.15  0.971     0.0621   0.00229    
  7      1.04  0.976     0.0423   0.00163    
  8      1.03  0.977     0.0421   0.00154    
  9      1.02  0.977     0.0428   0.00155    

RMSE was used to select the optimal model using  the smallest value.
The final value used for the model was ncomp = 9. 


RUNNING pls : ITERATION 90 
Partial Least Squares 

1368 samples
  10 predictors

No pre-processing
Resampling: Bootstrapped (25 reps) 

Summary of sample sizes: 1368, 1368, 1368, 1368, 1368, 1368, ... 

Resampling results across tuning parameters:

  ncomp  RMSE  Rsquared  RMSE SD  Rsquared SD
  1      3.2   0.775     0.283    0.0395     
  2      2.21  0.894     0.103    0.00982    
  3      1.8   0.929     0.146    0.0102     
  4      1.5   0.951     0.0936   0.00615    
  5      1.29  0.964     0.0618   0.00364    
  6      1.17  0.97      0.0627   0.0034     
  7      1.04  0.976     0.0486   0.00227    
  8      1.02  0.977     0.0457   0.00206    
  9      1.01  0.978     0.0451   0.00201    

RMSE was used to select the optimal model using  the smallest value.
The final value used for the model was ncomp = 9. 


RUNNING pls : ITERATION 91 
Partial Least Squares 

1368 samples
  10 predictors

No pre-processing
Resampling: Bootstrapped (25 reps) 

Summary of sample sizes: 1368, 1368, 1368, 1368, 1368, 1368, ... 

Resampling results across tuning parameters:

  ncomp  RMSE   Rsquared  RMSE SD  Rsquared SD
  1      3.21   0.776     0.294    0.0426     
  2      2.25   0.891     0.0863   0.00912    
  3      1.86   0.925     0.104    0.00772    
  4      1.47   0.954     0.0734   0.00504    
  5      1.26   0.966     0.0612   0.00336    
  6      1.11   0.973     0.0528   0.00291    
  7      1.01   0.978     0.0516   0.00247    
  8      0.998  0.978     0.045    0.00212    
  9      0.99   0.979     0.0453   0.00213    

RMSE was used to select the optimal model using  the smallest value.
The final value used for the model was ncomp = 9. 


RUNNING pls : ITERATION 92 
Partial Least Squares 

1368 samples
  10 predictors

No pre-processing
Resampling: Bootstrapped (25 reps) 

Summary of sample sizes: 1368, 1368, 1368, 1368, 1368, 1368, ... 

Resampling results across tuning parameters:

  ncomp  RMSE   Rsquared  RMSE SD  Rsquared SD
  1      3.02   0.792     0.307    0.0431     
  2      2.17   0.894     0.0799   0.00973    
  3      1.75   0.93      0.144    0.00962    
  4      1.42   0.955     0.061    0.00426    
  5      1.24   0.965     0.0494   0.00357    
  6      1.1    0.973     0.0473   0.00312    
  7      1.01   0.977     0.0344   0.0022     
  8      0.991  0.978     0.0318   0.00191    
  9      0.983  0.978     0.0329   0.00192    

RMSE was used to select the optimal model using  the smallest value.
The final value used for the model was ncomp = 9. 


RUNNING pls : ITERATION 93 
Partial Least Squares 

1368 samples
  10 predictors

No pre-processing
Resampling: Bootstrapped (25 reps) 

Summary of sample sizes: 1368, 1368, 1368, 1368, 1368, 1368, ... 

Resampling results across tuning parameters:

  ncomp  RMSE   Rsquared  RMSE SD  Rsquared SD
  1      3.02   0.804     0.263    0.0329     
  2      2.21   0.894     0.0877   0.00831    
  3      1.86   0.925     0.0847   0.0058     
  4      1.45   0.955     0.0593   0.00459    
  5      1.24   0.967     0.0459   0.0031     
  6      1.12   0.973     0.051    0.00265    
  7      1.01   0.978     0.0351   0.00187    
  8      0.993  0.979     0.0289   0.00166    
  9      0.987  0.979     0.0287   0.00161    

RMSE was used to select the optimal model using  the smallest value.
The final value used for the model was ncomp = 9. 


RUNNING pls : ITERATION 94 
Partial Least Squares 

1368 samples
  10 predictors

No pre-processing
Resampling: Bootstrapped (25 reps) 

Summary of sample sizes: 1368, 1368, 1368, 1368, 1368, 1368, ... 

Resampling results across tuning parameters:

  ncomp  RMSE   Rsquared  RMSE SD  Rsquared SD
  1      3.18   0.782     0.242    0.0317     
  2      2.18   0.897     0.0607   0.00798    
  3      1.81   0.93      0.0984   0.00709    
  4      1.47   0.954     0.0715   0.00508    
  5      1.24   0.967     0.0515   0.00319    
  6      1.12   0.973     0.0555   0.00275    
  7      1.02   0.978     0.0429   0.00178    
  8      1      0.978     0.0415   0.00176    
  9      0.993  0.979     0.0419   0.00177    

RMSE was used to select the optimal model using  the smallest value.
The final value used for the model was ncomp = 9. 


RUNNING pls : ITERATION 95 
Partial Least Squares 

1368 samples
  10 predictors

No pre-processing
Resampling: Bootstrapped (25 reps) 

Summary of sample sizes: 1368, 1368, 1368, 1368, 1368, 1368, ... 

Resampling results across tuning parameters:

  ncomp  RMSE  Rsquared  RMSE SD  Rsquared SD
  1      3.3   0.761     0.241    0.0308     
  2      2.19  0.895     0.0785   0.00717    
  3      1.75  0.933     0.139    0.00941    
  4      1.46  0.953     0.0783   0.00454    
  5      1.26  0.965     0.0581   0.00342    
  6      1.13  0.972     0.0432   0.00195    
  7      1.02  0.977     0.0342   0.0014     
  8      1     0.978     0.0341   0.00143    
  9      1     0.978     0.0334   0.00135    

RMSE was used to select the optimal model using  the smallest value.
The final value used for the model was ncomp = 9. 


RUNNING pls : ITERATION 96 
Partial Least Squares 

1368 samples
  10 predictors

No pre-processing
Resampling: Bootstrapped (25 reps) 

Summary of sample sizes: 1368, 1368, 1368, 1368, 1368, 1368, ... 

Resampling results across tuning parameters:

  ncomp  RMSE   Rsquared  RMSE SD  Rsquared SD
  1      3.04   0.796     0.253    0.0343     
  2      2.17   0.896     0.0817   0.00869    
  3      1.78   0.93      0.155    0.0109     
  4      1.44   0.955     0.0795   0.00533    
  5      1.24   0.966     0.0537   0.00311    
  6      1.11   0.973     0.0629   0.00309    
  7      1.01   0.977     0.0547   0.00252    
  8      1      0.978     0.0471   0.00215    
  9      0.996  0.978     0.0473   0.00212    

RMSE was used to select the optimal model using  the smallest value.
The final value used for the model was ncomp = 9. 


RUNNING pls : ITERATION 97 
Partial Least Squares 

1368 samples
  10 predictors

No pre-processing
Resampling: Bootstrapped (25 reps) 

Summary of sample sizes: 1368, 1368, 1368, 1368, 1368, 1368, ... 

Resampling results across tuning parameters:

  ncomp  RMSE   Rsquared  RMSE SD  Rsquared SD
  1      3.25   0.763     0.393    0.053      
  2      2.2    0.892     0.0913   0.00874    
  3      1.79   0.929     0.153    0.00948    
  4      1.45   0.953     0.0992   0.00524    
  5      1.24   0.966     0.0581   0.00281    
  6      1.12   0.972     0.0545   0.00278    
  7      1.02   0.977     0.0357   0.00193    
  8      1      0.978     0.0319   0.00177    
  9      0.995  0.978     0.0298   0.00164    

RMSE was used to select the optimal model using  the smallest value.
The final value used for the model was ncomp = 9. 


RUNNING pls : ITERATION 98 
Partial Least Squares 

1368 samples
  10 predictors

No pre-processing
Resampling: Bootstrapped (25 reps) 

Summary of sample sizes: 1368, 1368, 1368, 1368, 1368, 1368, ... 

Resampling results across tuning parameters:

  ncomp  RMSE  Rsquared  RMSE SD  Rsquared SD
  1      3.21  0.779     0.235    0.0276     
  2      2.21  0.895     0.0857   0.00863    
  3      1.88  0.924     0.0838   0.00814    
  4      1.48  0.953     0.0683   0.00481    
  5      1.26  0.966     0.0636   0.00379    
  6      1.13  0.973     0.0615   0.00345    
  7      1.03  0.977     0.0395   0.00219    
  8      1.01  0.978     0.0397   0.00214    
  9      1.01  0.978     0.0387   0.00207    

RMSE was used to select the optimal model using  the smallest value.
The final value used for the model was ncomp = 9. 


RUNNING pls : ITERATION 99 
Partial Least Squares 

1368 samples
  10 predictors

No pre-processing
Resampling: Bootstrapped (25 reps) 

Summary of sample sizes: 1368, 1368, 1368, 1368, 1368, 1368, ... 

Resampling results across tuning parameters:

  ncomp  RMSE   Rsquared  RMSE SD  Rsquared SD
  1      3.31   0.748     0.284    0.0409     
  2      2.26   0.883     0.0938   0.00912    
  3      1.88   0.919     0.0924   0.00755    
  4      1.48   0.95      0.0907   0.00597    
  5      1.26   0.964     0.0628   0.00339    
  6      1.13   0.971     0.0613   0.00344    
  7      1.01   0.976     0.0408   0.00219    
  8      0.995  0.977     0.0377   0.00204    
  9      0.988  0.978     0.0396   0.00205    

RMSE was used to select the optimal model using  the smallest value.
The final value used for the model was ncomp = 9. 


RUNNING pls : ITERATION 100 
Partial Least Squares 

1368 samples
  10 predictors

No pre-processing
Resampling: Bootstrapped (25 reps) 

Summary of sample sizes: 1368, 1368, 1368, 1368, 1368, 1368, ... 

Resampling results across tuning parameters:

  ncomp  RMSE  Rsquared  RMSE SD  Rsquared SD
  1      3.23  0.766     0.323    0.0453     
  2      2.19  0.892     0.0731   0.00831    
  3      1.81  0.926     0.13     0.00955    
  4      1.48  0.951     0.0699   0.00383    
  5      1.27  0.964     0.0633   0.00328    
  6      1.15  0.971     0.0565   0.00278    
  7      1.03  0.976     0.0316   0.00182    
  8      1.02  0.977     0.0366   0.00191    
  9      1.01  0.977     0.0357   0.00188    

RMSE was used to select the optimal model using  the smallest value.
The final value used for the model was ncomp = 9. 
