
Method is : avNNet 

Loading required package: sp
Loading required package: raster
Loading required package: colorspace

Attaching package: ‘colorspace’

The following object is masked from ‘package:raster’:

    RGB

Loading required package: lattice
Loading required package: ggplot2
+(rfe) fit Fold01 size: 8 
Loading required package: nnet
+ Fold01: size=10, decay=0.000, bag=TRUE 
- Fold01: size=10, decay=0.000, bag=TRUE 
+ Fold01: size=15, decay=0.000, bag=TRUE 
- Fold01: size=15, decay=0.000, bag=TRUE 
+ Fold01: size=20, decay=0.000, bag=TRUE 
- Fold01: size=20, decay=0.000, bag=TRUE 
+ Fold01: size=10, decay=0.001, bag=TRUE 
- Fold01: size=10, decay=0.001, bag=TRUE 
+ Fold01: size=15, decay=0.001, bag=TRUE 
- Fold01: size=15, decay=0.001, bag=TRUE 
+ Fold01: size=20, decay=0.001, bag=TRUE 
- Fold01: size=20, decay=0.001, bag=TRUE 
+ Fold01: size=10, decay=0.100, bag=TRUE 
- Fold01: size=10, decay=0.100, bag=TRUE 
+ Fold01: size=15, decay=0.100, bag=TRUE 
- Fold01: size=15, decay=0.100, bag=TRUE 
+ Fold01: size=20, decay=0.100, bag=TRUE 
- Fold01: size=20, decay=0.100, bag=TRUE 
+ Fold02: size=10, decay=0.000, bag=TRUE 
- Fold02: size=10, decay=0.000, bag=TRUE 
+ Fold02: size=15, decay=0.000, bag=TRUE 
- Fold02: size=15, decay=0.000, bag=TRUE 
+ Fold02: size=20, decay=0.000, bag=TRUE 
- Fold02: size=20, decay=0.000, bag=TRUE 
+ Fold02: size=10, decay=0.001, bag=TRUE 
- Fold02: size=10, decay=0.001, bag=TRUE 
+ Fold02: size=15, decay=0.001, bag=TRUE 
- Fold02: size=15, decay=0.001, bag=TRUE 
+ Fold02: size=20, decay=0.001, bag=TRUE 
- Fold02: size=20, decay=0.001, bag=TRUE 
+ Fold02: size=10, decay=0.100, bag=TRUE 
- Fold02: size=10, decay=0.100, bag=TRUE 
+ Fold02: size=15, decay=0.100, bag=TRUE 
- Fold02: size=15, decay=0.100, bag=TRUE 
+ Fold02: size=20, decay=0.100, bag=TRUE 
- Fold02: size=20, decay=0.100, bag=TRUE 
+ Fold03: size=10, decay=0.000, bag=TRUE 
- Fold03: size=10, decay=0.000, bag=TRUE 
+ Fold03: size=15, decay=0.000, bag=TRUE 
- Fold03: size=15, decay=0.000, bag=TRUE 
+ Fold03: size=20, decay=0.000, bag=TRUE 
- Fold03: size=20, decay=0.000, bag=TRUE 
+ Fold03: size=10, decay=0.001, bag=TRUE 
- Fold03: size=10, decay=0.001, bag=TRUE 
+ Fold03: size=15, decay=0.001, bag=TRUE 
- Fold03: size=15, decay=0.001, bag=TRUE 
+ Fold03: size=20, decay=0.001, bag=TRUE 
- Fold03: size=20, decay=0.001, bag=TRUE 
+ Fold03: size=10, decay=0.100, bag=TRUE 
- Fold03: size=10, decay=0.100, bag=TRUE 
+ Fold03: size=15, decay=0.100, bag=TRUE 
- Fold03: size=15, decay=0.100, bag=TRUE 
+ Fold03: size=20, decay=0.100, bag=TRUE 
- Fold03: size=20, decay=0.100, bag=TRUE 
+ Fold04: size=10, decay=0.000, bag=TRUE 
- Fold04: size=10, decay=0.000, bag=TRUE 
+ Fold04: size=15, decay=0.000, bag=TRUE 
- Fold04: size=15, decay=0.000, bag=TRUE 
+ Fold04: size=20, decay=0.000, bag=TRUE 
- Fold04: size=20, decay=0.000, bag=TRUE 
+ Fold04: size=10, decay=0.001, bag=TRUE 
- Fold04: size=10, decay=0.001, bag=TRUE 
+ Fold04: size=15, decay=0.001, bag=TRUE 
- Fold04: size=15, decay=0.001, bag=TRUE 
+ Fold04: size=20, decay=0.001, bag=TRUE 
- Fold04: size=20, decay=0.001, bag=TRUE 
+ Fold04: size=10, decay=0.100, bag=TRUE 
- Fold04: size=10, decay=0.100, bag=TRUE 
+ Fold04: size=15, decay=0.100, bag=TRUE 
- Fold04: size=15, decay=0.100, bag=TRUE 
+ Fold04: size=20, decay=0.100, bag=TRUE 
- Fold04: size=20, decay=0.100, bag=TRUE 
+ Fold05: size=10, decay=0.000, bag=TRUE 
- Fold05: size=10, decay=0.000, bag=TRUE 
+ Fold05: size=15, decay=0.000, bag=TRUE 
- Fold05: size=15, decay=0.000, bag=TRUE 
+ Fold05: size=20, decay=0.000, bag=TRUE 
- Fold05: size=20, decay=0.000, bag=TRUE 
+ Fold05: size=10, decay=0.001, bag=TRUE 
- Fold05: size=10, decay=0.001, bag=TRUE 
+ Fold05: size=15, decay=0.001, bag=TRUE 
- Fold05: size=15, decay=0.001, bag=TRUE 
+ Fold05: size=20, decay=0.001, bag=TRUE 
- Fold05: size=20, decay=0.001, bag=TRUE 
+ Fold05: size=10, decay=0.100, bag=TRUE 
- Fold05: size=10, decay=0.100, bag=TRUE 
+ Fold05: size=15, decay=0.100, bag=TRUE 
- Fold05: size=15, decay=0.100, bag=TRUE 
+ Fold05: size=20, decay=0.100, bag=TRUE 
- Fold05: size=20, decay=0.100, bag=TRUE 
+ Fold06: size=10, decay=0.000, bag=TRUE 
- Fold06: size=10, decay=0.000, bag=TRUE 
+ Fold06: size=15, decay=0.000, bag=TRUE 
- Fold06: size=15, decay=0.000, bag=TRUE 
+ Fold06: size=20, decay=0.000, bag=TRUE 
- Fold06: size=20, decay=0.000, bag=TRUE 
+ Fold06: size=10, decay=0.001, bag=TRUE 
- Fold06: size=10, decay=0.001, bag=TRUE 
+ Fold06: size=15, decay=0.001, bag=TRUE 
- Fold06: size=15, decay=0.001, bag=TRUE 
+ Fold06: size=20, decay=0.001, bag=TRUE 
- Fold06: size=20, decay=0.001, bag=TRUE 
+ Fold06: size=10, decay=0.100, bag=TRUE 
- Fold06: size=10, decay=0.100, bag=TRUE 
+ Fold06: size=15, decay=0.100, bag=TRUE 
- Fold06: size=15, decay=0.100, bag=TRUE 
+ Fold06: size=20, decay=0.100, bag=TRUE 
- Fold06: size=20, decay=0.100, bag=TRUE 
+ Fold07: size=10, decay=0.000, bag=TRUE 
- Fold07: size=10, decay=0.000, bag=TRUE 
+ Fold07: size=15, decay=0.000, bag=TRUE 
- Fold07: size=15, decay=0.000, bag=TRUE 
+ Fold07: size=20, decay=0.000, bag=TRUE 
- Fold07: size=20, decay=0.000, bag=TRUE 
+ Fold07: size=10, decay=0.001, bag=TRUE 
- Fold07: size=10, decay=0.001, bag=TRUE 
+ Fold07: size=15, decay=0.001, bag=TRUE 
- Fold07: size=15, decay=0.001, bag=TRUE 
+ Fold07: size=20, decay=0.001, bag=TRUE 
- Fold07: size=20, decay=0.001, bag=TRUE 
+ Fold07: size=10, decay=0.100, bag=TRUE 
- Fold07: size=10, decay=0.100, bag=TRUE 
+ Fold07: size=15, decay=0.100, bag=TRUE 
- Fold07: size=15, decay=0.100, bag=TRUE 
+ Fold07: size=20, decay=0.100, bag=TRUE 
- Fold07: size=20, decay=0.100, bag=TRUE 
+ Fold08: size=10, decay=0.000, bag=TRUE 
- Fold08: size=10, decay=0.000, bag=TRUE 
+ Fold08: size=15, decay=0.000, bag=TRUE 
- Fold08: size=15, decay=0.000, bag=TRUE 
+ Fold08: size=20, decay=0.000, bag=TRUE 
- Fold08: size=20, decay=0.000, bag=TRUE 
+ Fold08: size=10, decay=0.001, bag=TRUE 
- Fold08: size=10, decay=0.001, bag=TRUE 
+ Fold08: size=15, decay=0.001, bag=TRUE 
- Fold08: size=15, decay=0.001, bag=TRUE 
+ Fold08: size=20, decay=0.001, bag=TRUE 
- Fold08: size=20, decay=0.001, bag=TRUE 
+ Fold08: size=10, decay=0.100, bag=TRUE 
- Fold08: size=10, decay=0.100, bag=TRUE 
+ Fold08: size=15, decay=0.100, bag=TRUE 
- Fold08: size=15, decay=0.100, bag=TRUE 
+ Fold08: size=20, decay=0.100, bag=TRUE 
- Fold08: size=20, decay=0.100, bag=TRUE 
+ Fold09: size=10, decay=0.000, bag=TRUE 
- Fold09: size=10, decay=0.000, bag=TRUE 
+ Fold09: size=15, decay=0.000, bag=TRUE 
- Fold09: size=15, decay=0.000, bag=TRUE 
+ Fold09: size=20, decay=0.000, bag=TRUE 
- Fold09: size=20, decay=0.000, bag=TRUE 
+ Fold09: size=10, decay=0.001, bag=TRUE 
- Fold09: size=10, decay=0.001, bag=TRUE 
+ Fold09: size=15, decay=0.001, bag=TRUE 
- Fold09: size=15, decay=0.001, bag=TRUE 
+ Fold09: size=20, decay=0.001, bag=TRUE 
- Fold09: size=20, decay=0.001, bag=TRUE 
+ Fold09: size=10, decay=0.100, bag=TRUE 
- Fold09: size=10, decay=0.100, bag=TRUE 
+ Fold09: size=15, decay=0.100, bag=TRUE 
- Fold09: size=15, decay=0.100, bag=TRUE 
+ Fold09: size=20, decay=0.100, bag=TRUE 
- Fold09: size=20, decay=0.100, bag=TRUE 
+ Fold10: size=10, decay=0.000, bag=TRUE 
- Fold10: size=10, decay=0.000, bag=TRUE 
+ Fold10: size=15, decay=0.000, bag=TRUE 
- Fold10: size=15, decay=0.000, bag=TRUE 
+ Fold10: size=20, decay=0.000, bag=TRUE 
- Fold10: size=20, decay=0.000, bag=TRUE 
+ Fold10: size=10, decay=0.001, bag=TRUE 
- Fold10: size=10, decay=0.001, bag=TRUE 
+ Fold10: size=15, decay=0.001, bag=TRUE 
- Fold10: size=15, decay=0.001, bag=TRUE 
+ Fold10: size=20, decay=0.001, bag=TRUE 
- Fold10: size=20, decay=0.001, bag=TRUE 
+ Fold10: size=10, decay=0.100, bag=TRUE 
- Fold10: size=10, decay=0.100, bag=TRUE 
+ Fold10: size=15, decay=0.100, bag=TRUE 
- Fold10: size=15, decay=0.100, bag=TRUE 
+ Fold10: size=20, decay=0.100, bag=TRUE 
- Fold10: size=20, decay=0.100, bag=TRUE 
Aggregating results
Selecting tuning parameters
Fitting size = 20, decay = 0.001, bag = TRUE on full training set
-(rfe) fit Fold01 size: 8 
+(rfe) imp Fold01 
Loading required package: pROC
Type 'citation("pROC")' for a citation.

Attaching package: ‘pROC’

The following object is masked from ‘package:colorspace’:

    coords

The following objects are masked from ‘package:stats’:

    cov, smooth, var

-(rfe) imp Fold01 
+(rfe) fit Fold01 size: 7 
+ Fold01: size=10, decay=0.000, bag=TRUE 
- Fold01: size=10, decay=0.000, bag=TRUE 
+ Fold01: size=15, decay=0.000, bag=TRUE 
- Fold01: size=15, decay=0.000, bag=TRUE 
+ Fold01: size=20, decay=0.000, bag=TRUE 
- Fold01: size=20, decay=0.000, bag=TRUE 
+ Fold01: size=10, decay=0.001, bag=TRUE 
- Fold01: size=10, decay=0.001, bag=TRUE 
+ Fold01: size=15, decay=0.001, bag=TRUE 
- Fold01: size=15, decay=0.001, bag=TRUE 
+ Fold01: size=20, decay=0.001, bag=TRUE 
- Fold01: size=20, decay=0.001, bag=TRUE 
+ Fold01: size=10, decay=0.100, bag=TRUE 
- Fold01: size=10, decay=0.100, bag=TRUE 
+ Fold01: size=15, decay=0.100, bag=TRUE 
- Fold01: size=15, decay=0.100, bag=TRUE 
+ Fold01: size=20, decay=0.100, bag=TRUE 
- Fold01: size=20, decay=0.100, bag=TRUE 
+ Fold02: size=10, decay=0.000, bag=TRUE 
- Fold02: size=10, decay=0.000, bag=TRUE 
+ Fold02: size=15, decay=0.000, bag=TRUE 
- Fold02: size=15, decay=0.000, bag=TRUE 
+ Fold02: size=20, decay=0.000, bag=TRUE 
- Fold02: size=20, decay=0.000, bag=TRUE 
+ Fold02: size=10, decay=0.001, bag=TRUE 
- Fold02: size=10, decay=0.001, bag=TRUE 
+ Fold02: size=15, decay=0.001, bag=TRUE 
- Fold02: size=15, decay=0.001, bag=TRUE 
+ Fold02: size=20, decay=0.001, bag=TRUE 
- Fold02: size=20, decay=0.001, bag=TRUE 
+ Fold02: size=10, decay=0.100, bag=TRUE 
- Fold02: size=10, decay=0.100, bag=TRUE 
+ Fold02: size=15, decay=0.100, bag=TRUE 
- Fold02: size=15, decay=0.100, bag=TRUE 
+ Fold02: size=20, decay=0.100, bag=TRUE 
- Fold02: size=20, decay=0.100, bag=TRUE 
+ Fold03: size=10, decay=0.000, bag=TRUE 
- Fold03: size=10, decay=0.000, bag=TRUE 
+ Fold03: size=15, decay=0.000, bag=TRUE 
- Fold03: size=15, decay=0.000, bag=TRUE 
+ Fold03: size=20, decay=0.000, bag=TRUE 
- Fold03: size=20, decay=0.000, bag=TRUE 
+ Fold03: size=10, decay=0.001, bag=TRUE 
- Fold03: size=10, decay=0.001, bag=TRUE 
+ Fold03: size=15, decay=0.001, bag=TRUE 
- Fold03: size=15, decay=0.001, bag=TRUE 
+ Fold03: size=20, decay=0.001, bag=TRUE 
- Fold03: size=20, decay=0.001, bag=TRUE 
+ Fold03: size=10, decay=0.100, bag=TRUE 
- Fold03: size=10, decay=0.100, bag=TRUE 
+ Fold03: size=15, decay=0.100, bag=TRUE 
- Fold03: size=15, decay=0.100, bag=TRUE 
+ Fold03: size=20, decay=0.100, bag=TRUE 
- Fold03: size=20, decay=0.100, bag=TRUE 
+ Fold04: size=10, decay=0.000, bag=TRUE 
- Fold04: size=10, decay=0.000, bag=TRUE 
+ Fold04: size=15, decay=0.000, bag=TRUE 
- Fold04: size=15, decay=0.000, bag=TRUE 
+ Fold04: size=20, decay=0.000, bag=TRUE 
- Fold04: size=20, decay=0.000, bag=TRUE 
+ Fold04: size=10, decay=0.001, bag=TRUE 
- Fold04: size=10, decay=0.001, bag=TRUE 
+ Fold04: size=15, decay=0.001, bag=TRUE 
- Fold04: size=15, decay=0.001, bag=TRUE 
+ Fold04: size=20, decay=0.001, bag=TRUE 
- Fold04: size=20, decay=0.001, bag=TRUE 
+ Fold04: size=10, decay=0.100, bag=TRUE 
- Fold04: size=10, decay=0.100, bag=TRUE 
+ Fold04: size=15, decay=0.100, bag=TRUE 
- Fold04: size=15, decay=0.100, bag=TRUE 
+ Fold04: size=20, decay=0.100, bag=TRUE 
- Fold04: size=20, decay=0.100, bag=TRUE 
+ Fold05: size=10, decay=0.000, bag=TRUE 
- Fold05: size=10, decay=0.000, bag=TRUE 
+ Fold05: size=15, decay=0.000, bag=TRUE 
- Fold05: size=15, decay=0.000, bag=TRUE 
+ Fold05: size=20, decay=0.000, bag=TRUE 
- Fold05: size=20, decay=0.000, bag=TRUE 
+ Fold05: size=10, decay=0.001, bag=TRUE 
- Fold05: size=10, decay=0.001, bag=TRUE 
+ Fold05: size=15, decay=0.001, bag=TRUE 
- Fold05: size=15, decay=0.001, bag=TRUE 
+ Fold05: size=20, decay=0.001, bag=TRUE 
- Fold05: size=20, decay=0.001, bag=TRUE 
+ Fold05: size=10, decay=0.100, bag=TRUE 
- Fold05: size=10, decay=0.100, bag=TRUE 
+ Fold05: size=15, decay=0.100, bag=TRUE 
- Fold05: size=15, decay=0.100, bag=TRUE 
+ Fold05: size=20, decay=0.100, bag=TRUE 
- Fold05: size=20, decay=0.100, bag=TRUE 
+ Fold06: size=10, decay=0.000, bag=TRUE 
- Fold06: size=10, decay=0.000, bag=TRUE 
+ Fold06: size=15, decay=0.000, bag=TRUE 
- Fold06: size=15, decay=0.000, bag=TRUE 
+ Fold06: size=20, decay=0.000, bag=TRUE 
- Fold06: size=20, decay=0.000, bag=TRUE 
+ Fold06: size=10, decay=0.001, bag=TRUE 
- Fold06: size=10, decay=0.001, bag=TRUE 
+ Fold06: size=15, decay=0.001, bag=TRUE 
- Fold06: size=15, decay=0.001, bag=TRUE 
+ Fold06: size=20, decay=0.001, bag=TRUE 
- Fold06: size=20, decay=0.001, bag=TRUE 
+ Fold06: size=10, decay=0.100, bag=TRUE 
- Fold06: size=10, decay=0.100, bag=TRUE 
+ Fold06: size=15, decay=0.100, bag=TRUE 
- Fold06: size=15, decay=0.100, bag=TRUE 
+ Fold06: size=20, decay=0.100, bag=TRUE 
- Fold06: size=20, decay=0.100, bag=TRUE 
+ Fold07: size=10, decay=0.000, bag=TRUE 
- Fold07: size=10, decay=0.000, bag=TRUE 
+ Fold07: size=15, decay=0.000, bag=TRUE 
- Fold07: size=15, decay=0.000, bag=TRUE 
+ Fold07: size=20, decay=0.000, bag=TRUE 
- Fold07: size=20, decay=0.000, bag=TRUE 
+ Fold07: size=10, decay=0.001, bag=TRUE 
- Fold07: size=10, decay=0.001, bag=TRUE 
+ Fold07: size=15, decay=0.001, bag=TRUE 
- Fold07: size=15, decay=0.001, bag=TRUE 
+ Fold07: size=20, decay=0.001, bag=TRUE 
- Fold07: size=20, decay=0.001, bag=TRUE 
+ Fold07: size=10, decay=0.100, bag=TRUE 
- Fold07: size=10, decay=0.100, bag=TRUE 
+ Fold07: size=15, decay=0.100, bag=TRUE 
- Fold07: size=15, decay=0.100, bag=TRUE 
+ Fold07: size=20, decay=0.100, bag=TRUE 
- Fold07: size=20, decay=0.100, bag=TRUE 
+ Fold08: size=10, decay=0.000, bag=TRUE 
- Fold08: size=10, decay=0.000, bag=TRUE 
+ Fold08: size=15, decay=0.000, bag=TRUE 
- Fold08: size=15, decay=0.000, bag=TRUE 
+ Fold08: size=20, decay=0.000, bag=TRUE 
- Fold08: size=20, decay=0.000, bag=TRUE 
+ Fold08: size=10, decay=0.001, bag=TRUE 
- Fold08: size=10, decay=0.001, bag=TRUE 
+ Fold08: size=15, decay=0.001, bag=TRUE 
- Fold08: size=15, decay=0.001, bag=TRUE 
+ Fold08: size=20, decay=0.001, bag=TRUE 
- Fold08: size=20, decay=0.001, bag=TRUE 
+ Fold08: size=10, decay=0.100, bag=TRUE 
- Fold08: size=10, decay=0.100, bag=TRUE 
+ Fold08: size=15, decay=0.100, bag=TRUE 
- Fold08: size=15, decay=0.100, bag=TRUE 
+ Fold08: size=20, decay=0.100, bag=TRUE 
- Fold08: size=20, decay=0.100, bag=TRUE 
+ Fold09: size=10, decay=0.000, bag=TRUE 
- Fold09: size=10, decay=0.000, bag=TRUE 
+ Fold09: size=15, decay=0.000, bag=TRUE 
- Fold09: size=15, decay=0.000, bag=TRUE 
+ Fold09: size=20, decay=0.000, bag=TRUE 
- Fold09: size=20, decay=0.000, bag=TRUE 
+ Fold09: size=10, decay=0.001, bag=TRUE 
- Fold09: size=10, decay=0.001, bag=TRUE 
+ Fold09: size=15, decay=0.001, bag=TRUE 
- Fold09: size=15, decay=0.001, bag=TRUE 
+ Fold09: size=20, decay=0.001, bag=TRUE 
- Fold09: size=20, decay=0.001, bag=TRUE 
+ Fold09: size=10, decay=0.100, bag=TRUE 
- Fold09: size=10, decay=0.100, bag=TRUE 
+ Fold09: size=15, decay=0.100, bag=TRUE 
- Fold09: size=15, decay=0.100, bag=TRUE 
+ Fold09: size=20, decay=0.100, bag=TRUE 
- Fold09: size=20, decay=0.100, bag=TRUE 
+ Fold10: size=10, decay=0.000, bag=TRUE 
- Fold10: size=10, decay=0.000, bag=TRUE 
+ Fold10: size=15, decay=0.000, bag=TRUE 
- Fold10: size=15, decay=0.000, bag=TRUE 
+ Fold10: size=20, decay=0.000, bag=TRUE 
- Fold10: size=20, decay=0.000, bag=TRUE 
+ Fold10: size=10, decay=0.001, bag=TRUE 
- Fold10: size=10, decay=0.001, bag=TRUE 
+ Fold10: size=15, decay=0.001, bag=TRUE 
- Fold10: size=15, decay=0.001, bag=TRUE 
+ Fold10: size=20, decay=0.001, bag=TRUE 
- Fold10: size=20, decay=0.001, bag=TRUE 
+ Fold10: size=10, decay=0.100, bag=TRUE 
- Fold10: size=10, decay=0.100, bag=TRUE 
+ Fold10: size=15, decay=0.100, bag=TRUE 
- Fold10: size=15, decay=0.100, bag=TRUE 
+ Fold10: size=20, decay=0.100, bag=TRUE 
- Fold10: size=20, decay=0.100, bag=TRUE 
Aggregating results
Selecting tuning parameters
Fitting size = 20, decay = 0.001, bag = TRUE on full training set
-(rfe) fit Fold01 size: 7 
+(rfe) fit Fold01 size: 6 
+ Fold01: size=10, decay=0.000, bag=TRUE 
- Fold01: size=10, decay=0.000, bag=TRUE 
+ Fold01: size=15, decay=0.000, bag=TRUE 
- Fold01: size=15, decay=0.000, bag=TRUE 
+ Fold01: size=20, decay=0.000, bag=TRUE 
- Fold01: size=20, decay=0.000, bag=TRUE 
+ Fold01: size=10, decay=0.001, bag=TRUE 
- Fold01: size=10, decay=0.001, bag=TRUE 
+ Fold01: size=15, decay=0.001, bag=TRUE 
- Fold01: size=15, decay=0.001, bag=TRUE 
+ Fold01: size=20, decay=0.001, bag=TRUE 
- Fold01: size=20, decay=0.001, bag=TRUE 
+ Fold01: size=10, decay=0.100, bag=TRUE 
- Fold01: size=10, decay=0.100, bag=TRUE 
+ Fold01: size=15, decay=0.100, bag=TRUE 
- Fold01: size=15, decay=0.100, bag=TRUE 
+ Fold01: size=20, decay=0.100, bag=TRUE 
- Fold01: size=20, decay=0.100, bag=TRUE 
+ Fold02: size=10, decay=0.000, bag=TRUE 
- Fold02: size=10, decay=0.000, bag=TRUE 
+ Fold02: size=15, decay=0.000, bag=TRUE 
- Fold02: size=15, decay=0.000, bag=TRUE 
+ Fold02: size=20, decay=0.000, bag=TRUE 
- Fold02: size=20, decay=0.000, bag=TRUE 
+ Fold02: size=10, decay=0.001, bag=TRUE 
- Fold02: size=10, decay=0.001, bag=TRUE 
+ Fold02: size=15, decay=0.001, bag=TRUE 
- Fold02: size=15, decay=0.001, bag=TRUE 
+ Fold02: size=20, decay=0.001, bag=TRUE 
- Fold02: size=20, decay=0.001, bag=TRUE 
+ Fold02: size=10, decay=0.100, bag=TRUE 
- Fold02: size=10, decay=0.100, bag=TRUE 
+ Fold02: size=15, decay=0.100, bag=TRUE 
- Fold02: size=15, decay=0.100, bag=TRUE 
+ Fold02: size=20, decay=0.100, bag=TRUE 
- Fold02: size=20, decay=0.100, bag=TRUE 
+ Fold03: size=10, decay=0.000, bag=TRUE 
- Fold03: size=10, decay=0.000, bag=TRUE 
+ Fold03: size=15, decay=0.000, bag=TRUE 
- Fold03: size=15, decay=0.000, bag=TRUE 
+ Fold03: size=20, decay=0.000, bag=TRUE 
- Fold03: size=20, decay=0.000, bag=TRUE 
+ Fold03: size=10, decay=0.001, bag=TRUE 
- Fold03: size=10, decay=0.001, bag=TRUE 
+ Fold03: size=15, decay=0.001, bag=TRUE 
- Fold03: size=15, decay=0.001, bag=TRUE 
+ Fold03: size=20, decay=0.001, bag=TRUE 
- Fold03: size=20, decay=0.001, bag=TRUE 
+ Fold03: size=10, decay=0.100, bag=TRUE 
- Fold03: size=10, decay=0.100, bag=TRUE 
+ Fold03: size=15, decay=0.100, bag=TRUE 
- Fold03: size=15, decay=0.100, bag=TRUE 
+ Fold03: size=20, decay=0.100, bag=TRUE 
- Fold03: size=20, decay=0.100, bag=TRUE 
+ Fold04: size=10, decay=0.000, bag=TRUE 
- Fold04: size=10, decay=0.000, bag=TRUE 
+ Fold04: size=15, decay=0.000, bag=TRUE 
- Fold04: size=15, decay=0.000, bag=TRUE 
+ Fold04: size=20, decay=0.000, bag=TRUE 
- Fold04: size=20, decay=0.000, bag=TRUE 
+ Fold04: size=10, decay=0.001, bag=TRUE 
- Fold04: size=10, decay=0.001, bag=TRUE 
+ Fold04: size=15, decay=0.001, bag=TRUE 
- Fold04: size=15, decay=0.001, bag=TRUE 
+ Fold04: size=20, decay=0.001, bag=TRUE 
- Fold04: size=20, decay=0.001, bag=TRUE 
+ Fold04: size=10, decay=0.100, bag=TRUE 
- Fold04: size=10, decay=0.100, bag=TRUE 
+ Fold04: size=15, decay=0.100, bag=TRUE 
- Fold04: size=15, decay=0.100, bag=TRUE 
+ Fold04: size=20, decay=0.100, bag=TRUE 
- Fold04: size=20, decay=0.100, bag=TRUE 
+ Fold05: size=10, decay=0.000, bag=TRUE 
- Fold05: size=10, decay=0.000, bag=TRUE 
+ Fold05: size=15, decay=0.000, bag=TRUE 
- Fold05: size=15, decay=0.000, bag=TRUE 
+ Fold05: size=20, decay=0.000, bag=TRUE 
- Fold05: size=20, decay=0.000, bag=TRUE 
+ Fold05: size=10, decay=0.001, bag=TRUE 
- Fold05: size=10, decay=0.001, bag=TRUE 
+ Fold05: size=15, decay=0.001, bag=TRUE 
- Fold05: size=15, decay=0.001, bag=TRUE 
+ Fold05: size=20, decay=0.001, bag=TRUE 
- Fold05: size=20, decay=0.001, bag=TRUE 
+ Fold05: size=10, decay=0.100, bag=TRUE 
- Fold05: size=10, decay=0.100, bag=TRUE 
+ Fold05: size=15, decay=0.100, bag=TRUE 
- Fold05: size=15, decay=0.100, bag=TRUE 
+ Fold05: size=20, decay=0.100, bag=TRUE 
- Fold05: size=20, decay=0.100, bag=TRUE 
+ Fold06: size=10, decay=0.000, bag=TRUE 
- Fold06: size=10, decay=0.000, bag=TRUE 
+ Fold06: size=15, decay=0.000, bag=TRUE 
- Fold06: size=15, decay=0.000, bag=TRUE 
+ Fold06: size=20, decay=0.000, bag=TRUE 
- Fold06: size=20, decay=0.000, bag=TRUE 
+ Fold06: size=10, decay=0.001, bag=TRUE 
- Fold06: size=10, decay=0.001, bag=TRUE 
+ Fold06: size=15, decay=0.001, bag=TRUE 
- Fold06: size=15, decay=0.001, bag=TRUE 
+ Fold06: size=20, decay=0.001, bag=TRUE 
- Fold06: size=20, decay=0.001, bag=TRUE 
+ Fold06: size=10, decay=0.100, bag=TRUE 
- Fold06: size=10, decay=0.100, bag=TRUE 
+ Fold06: size=15, decay=0.100, bag=TRUE 
- Fold06: size=15, decay=0.100, bag=TRUE 
+ Fold06: size=20, decay=0.100, bag=TRUE 
- Fold06: size=20, decay=0.100, bag=TRUE 
+ Fold07: size=10, decay=0.000, bag=TRUE 
- Fold07: size=10, decay=0.000, bag=TRUE 
+ Fold07: size=15, decay=0.000, bag=TRUE 
- Fold07: size=15, decay=0.000, bag=TRUE 
+ Fold07: size=20, decay=0.000, bag=TRUE 
- Fold07: size=20, decay=0.000, bag=TRUE 
+ Fold07: size=10, decay=0.001, bag=TRUE 
- Fold07: size=10, decay=0.001, bag=TRUE 
+ Fold07: size=15, decay=0.001, bag=TRUE 
- Fold07: size=15, decay=0.001, bag=TRUE 
+ Fold07: size=20, decay=0.001, bag=TRUE 
- Fold07: size=20, decay=0.001, bag=TRUE 
+ Fold07: size=10, decay=0.100, bag=TRUE 
- Fold07: size=10, decay=0.100, bag=TRUE 
+ Fold07: size=15, decay=0.100, bag=TRUE 
- Fold07: size=15, decay=0.100, bag=TRUE 
+ Fold07: size=20, decay=0.100, bag=TRUE 
- Fold07: size=20, decay=0.100, bag=TRUE 
+ Fold08: size=10, decay=0.000, bag=TRUE 
- Fold08: size=10, decay=0.000, bag=TRUE 
+ Fold08: size=15, decay=0.000, bag=TRUE 
- Fold08: size=15, decay=0.000, bag=TRUE 
+ Fold08: size=20, decay=0.000, bag=TRUE 
- Fold08: size=20, decay=0.000, bag=TRUE 
+ Fold08: size=10, decay=0.001, bag=TRUE 
- Fold08: size=10, decay=0.001, bag=TRUE 
+ Fold08: size=15, decay=0.001, bag=TRUE 
- Fold08: size=15, decay=0.001, bag=TRUE 
+ Fold08: size=20, decay=0.001, bag=TRUE 
- Fold08: size=20, decay=0.001, bag=TRUE 
+ Fold08: size=10, decay=0.100, bag=TRUE 
- Fold08: size=10, decay=0.100, bag=TRUE 
+ Fold08: size=15, decay=0.100, bag=TRUE 
- Fold08: size=15, decay=0.100, bag=TRUE 
+ Fold08: size=20, decay=0.100, bag=TRUE 
- Fold08: size=20, decay=0.100, bag=TRUE 
+ Fold09: size=10, decay=0.000, bag=TRUE 
- Fold09: size=10, decay=0.000, bag=TRUE 
+ Fold09: size=15, decay=0.000, bag=TRUE 
- Fold09: size=15, decay=0.000, bag=TRUE 
+ Fold09: size=20, decay=0.000, bag=TRUE 
- Fold09: size=20, decay=0.000, bag=TRUE 
+ Fold09: size=10, decay=0.001, bag=TRUE 
- Fold09: size=10, decay=0.001, bag=TRUE 
+ Fold09: size=15, decay=0.001, bag=TRUE 
- Fold09: size=15, decay=0.001, bag=TRUE 
+ Fold09: size=20, decay=0.001, bag=TRUE 
- Fold09: size=20, decay=0.001, bag=TRUE 
+ Fold09: size=10, decay=0.100, bag=TRUE 
- Fold09: size=10, decay=0.100, bag=TRUE 
+ Fold09: size=15, decay=0.100, bag=TRUE 
- Fold09: size=15, decay=0.100, bag=TRUE 
+ Fold09: size=20, decay=0.100, bag=TRUE 
- Fold09: size=20, decay=0.100, bag=TRUE 
+ Fold10: size=10, decay=0.000, bag=TRUE 
- Fold10: size=10, decay=0.000, bag=TRUE 
+ Fold10: size=15, decay=0.000, bag=TRUE 
- Fold10: size=15, decay=0.000, bag=TRUE 
+ Fold10: size=20, decay=0.000, bag=TRUE 
- Fold10: size=20, decay=0.000, bag=TRUE 
+ Fold10: size=10, decay=0.001, bag=TRUE 
- Fold10: size=10, decay=0.001, bag=TRUE 
+ Fold10: size=15, decay=0.001, bag=TRUE 
- Fold10: size=15, decay=0.001, bag=TRUE 
+ Fold10: size=20, decay=0.001, bag=TRUE 
- Fold10: size=20, decay=0.001, bag=TRUE 
+ Fold10: size=10, decay=0.100, bag=TRUE 
- Fold10: size=10, decay=0.100, bag=TRUE 
+ Fold10: size=15, decay=0.100, bag=TRUE 
- Fold10: size=15, decay=0.100, bag=TRUE 
+ Fold10: size=20, decay=0.100, bag=TRUE 
- Fold10: size=20, decay=0.100, bag=TRUE 
Aggregating results
Selecting tuning parameters
Fitting size = 20, decay = 0, bag = TRUE on full training set
-(rfe) fit Fold01 size: 6 
+(rfe) fit Fold01 size: 5 
+ Fold01: size=10, decay=0.000, bag=TRUE 
- Fold01: size=10, decay=0.000, bag=TRUE 
+ Fold01: size=15, decay=0.000, bag=TRUE 
- Fold01: size=15, decay=0.000, bag=TRUE 
+ Fold01: size=20, decay=0.000, bag=TRUE 
- Fold01: size=20, decay=0.000, bag=TRUE 
+ Fold01: size=10, decay=0.001, bag=TRUE 
- Fold01: size=10, decay=0.001, bag=TRUE 
+ Fold01: size=15, decay=0.001, bag=TRUE 
- Fold01: size=15, decay=0.001, bag=TRUE 
+ Fold01: size=20, decay=0.001, bag=TRUE 
- Fold01: size=20, decay=0.001, bag=TRUE 
+ Fold01: size=10, decay=0.100, bag=TRUE 
- Fold01: size=10, decay=0.100, bag=TRUE 
+ Fold01: size=15, decay=0.100, bag=TRUE 
- Fold01: size=15, decay=0.100, bag=TRUE 
+ Fold01: size=20, decay=0.100, bag=TRUE 
- Fold01: size=20, decay=0.100, bag=TRUE 
+ Fold02: size=10, decay=0.000, bag=TRUE 
- Fold02: size=10, decay=0.000, bag=TRUE 
+ Fold02: size=15, decay=0.000, bag=TRUE 
- Fold02: size=15, decay=0.000, bag=TRUE 
+ Fold02: size=20, decay=0.000, bag=TRUE 
- Fold02: size=20, decay=0.000, bag=TRUE 
+ Fold02: size=10, decay=0.001, bag=TRUE 
- Fold02: size=10, decay=0.001, bag=TRUE 
+ Fold02: size=15, decay=0.001, bag=TRUE 
- Fold02: size=15, decay=0.001, bag=TRUE 
+ Fold02: size=20, decay=0.001, bag=TRUE 
- Fold02: size=20, decay=0.001, bag=TRUE 
+ Fold02: size=10, decay=0.100, bag=TRUE 
- Fold02: size=10, decay=0.100, bag=TRUE 
+ Fold02: size=15, decay=0.100, bag=TRUE 
- Fold02: size=15, decay=0.100, bag=TRUE 
+ Fold02: size=20, decay=0.100, bag=TRUE 
- Fold02: size=20, decay=0.100, bag=TRUE 
+ Fold03: size=10, decay=0.000, bag=TRUE 
- Fold03: size=10, decay=0.000, bag=TRUE 
+ Fold03: size=15, decay=0.000, bag=TRUE 
- Fold03: size=15, decay=0.000, bag=TRUE 
+ Fold03: size=20, decay=0.000, bag=TRUE 
- Fold03: size=20, decay=0.000, bag=TRUE 
+ Fold03: size=10, decay=0.001, bag=TRUE 
- Fold03: size=10, decay=0.001, bag=TRUE 
+ Fold03: size=15, decay=0.001, bag=TRUE 
- Fold03: size=15, decay=0.001, bag=TRUE 
+ Fold03: size=20, decay=0.001, bag=TRUE 
- Fold03: size=20, decay=0.001, bag=TRUE 
+ Fold03: size=10, decay=0.100, bag=TRUE 
- Fold03: size=10, decay=0.100, bag=TRUE 
+ Fold03: size=15, decay=0.100, bag=TRUE 
- Fold03: size=15, decay=0.100, bag=TRUE 
+ Fold03: size=20, decay=0.100, bag=TRUE 
- Fold03: size=20, decay=0.100, bag=TRUE 
+ Fold04: size=10, decay=0.000, bag=TRUE 
- Fold04: size=10, decay=0.000, bag=TRUE 
+ Fold04: size=15, decay=0.000, bag=TRUE 
- Fold04: size=15, decay=0.000, bag=TRUE 
+ Fold04: size=20, decay=0.000, bag=TRUE 
- Fold04: size=20, decay=0.000, bag=TRUE 
+ Fold04: size=10, decay=0.001, bag=TRUE 
- Fold04: size=10, decay=0.001, bag=TRUE 
+ Fold04: size=15, decay=0.001, bag=TRUE 
- Fold04: size=15, decay=0.001, bag=TRUE 
+ Fold04: size=20, decay=0.001, bag=TRUE 
- Fold04: size=20, decay=0.001, bag=TRUE 
+ Fold04: size=10, decay=0.100, bag=TRUE 
- Fold04: size=10, decay=0.100, bag=TRUE 
+ Fold04: size=15, decay=0.100, bag=TRUE 
- Fold04: size=15, decay=0.100, bag=TRUE 
+ Fold04: size=20, decay=0.100, bag=TRUE 
- Fold04: size=20, decay=0.100, bag=TRUE 
+ Fold05: size=10, decay=0.000, bag=TRUE 
- Fold05: size=10, decay=0.000, bag=TRUE 
+ Fold05: size=15, decay=0.000, bag=TRUE 
- Fold05: size=15, decay=0.000, bag=TRUE 
+ Fold05: size=20, decay=0.000, bag=TRUE 
- Fold05: size=20, decay=0.000, bag=TRUE 
+ Fold05: size=10, decay=0.001, bag=TRUE 
- Fold05: size=10, decay=0.001, bag=TRUE 
+ Fold05: size=15, decay=0.001, bag=TRUE 
- Fold05: size=15, decay=0.001, bag=TRUE 
+ Fold05: size=20, decay=0.001, bag=TRUE 
- Fold05: size=20, decay=0.001, bag=TRUE 
+ Fold05: size=10, decay=0.100, bag=TRUE 
- Fold05: size=10, decay=0.100, bag=TRUE 
+ Fold05: size=15, decay=0.100, bag=TRUE 
- Fold05: size=15, decay=0.100, bag=TRUE 
+ Fold05: size=20, decay=0.100, bag=TRUE 
- Fold05: size=20, decay=0.100, bag=TRUE 
+ Fold06: size=10, decay=0.000, bag=TRUE 
- Fold06: size=10, decay=0.000, bag=TRUE 
+ Fold06: size=15, decay=0.000, bag=TRUE 
- Fold06: size=15, decay=0.000, bag=TRUE 
+ Fold06: size=20, decay=0.000, bag=TRUE 
- Fold06: size=20, decay=0.000, bag=TRUE 
+ Fold06: size=10, decay=0.001, bag=TRUE 
- Fold06: size=10, decay=0.001, bag=TRUE 
+ Fold06: size=15, decay=0.001, bag=TRUE 
- Fold06: size=15, decay=0.001, bag=TRUE 
+ Fold06: size=20, decay=0.001, bag=TRUE 
- Fold06: size=20, decay=0.001, bag=TRUE 
+ Fold06: size=10, decay=0.100, bag=TRUE 
- Fold06: size=10, decay=0.100, bag=TRUE 
+ Fold06: size=15, decay=0.100, bag=TRUE 
- Fold06: size=15, decay=0.100, bag=TRUE 
+ Fold06: size=20, decay=0.100, bag=TRUE 
- Fold06: size=20, decay=0.100, bag=TRUE 
+ Fold07: size=10, decay=0.000, bag=TRUE 
- Fold07: size=10, decay=0.000, bag=TRUE 
+ Fold07: size=15, decay=0.000, bag=TRUE 
