Loading required package: sp

========================================================

kriging year 2012 month 2: run 1-1 of 32(10)

========================================================

[using universal kriging]

========================================================

kriging year 2012 month 2: run 1-2 of 32(10)

========================================================

[using universal kriging]

========================================================

kriging year 2012 month 2: run 1-3 of 32(10)

========================================================

[using universal kriging]

========================================================

kriging year 2012 month 2: run 1-4 of 32(10)

========================================================

[using universal kriging]

========================================================

kriging year 2012 month 2: run 1-5 of 32(10)

========================================================

[using universal kriging]

========================================================

kriging year 2012 month 2: run 1-6 of 32(10)

========================================================

[using universal kriging]

========================================================

kriging year 2012 month 2: run 1-7 of 32(10)

========================================================

[using universal kriging]

========================================================

kriging year 2012 month 2: run 1-8 of 32(10)

========================================================

[using universal kriging]

========================================================

kriging year 2012 month 2: run 1-9 of 32(10)

========================================================

[using universal kriging]

========================================================

kriging year 2012 month 2: run 1-10 of 32(10)

========================================================

[using universal kriging]

========================================================

kriging year 2012 month 3: run 2-1 of 32(10)

========================================================

[using universal kriging]

========================================================

kriging year 2012 month 3: run 2-2 of 32(10)

========================================================

[using universal kriging]

========================================================

kriging year 2012 month 3: run 2-3 of 32(10)

========================================================

[using universal kriging]

========================================================

kriging year 2012 month 3: run 2-4 of 32(10)

========================================================

[using universal kriging]

========================================================

kriging year 2012 month 3: run 2-5 of 32(10)

========================================================

[using universal kriging]

========================================================

kriging year 2012 month 3: run 2-6 of 32(10)

========================================================

[using universal kriging]

========================================================

kriging year 2012 month 3: run 2-7 of 32(10)

========================================================

[using universal kriging]

========================================================

kriging year 2012 month 3: run 2-8 of 32(10)

========================================================

[using universal kriging]

========================================================

kriging year 2012 month 3: run 2-9 of 32(10)

========================================================

[using universal kriging]

========================================================

kriging year 2012 month 3: run 2-10 of 32(10)

========================================================

[using universal kriging]

========================================================

kriging year 2012 month 4: run 3-1 of 32(10)

========================================================

[using universal kriging]

========================================================

kriging year 2012 month 4: run 3-2 of 32(10)

========================================================

[using universal kriging]

========================================================

kriging year 2012 month 4: run 3-3 of 32(10)

========================================================

[using universal kriging]

========================================================

kriging year 2012 month 4: run 3-4 of 32(10)

========================================================

[using universal kriging]

========================================================

kriging year 2012 month 4: run 3-5 of 32(10)

========================================================

[using universal kriging]

========================================================

kriging year 2012 month 4: run 3-6 of 32(10)

========================================================

[using universal kriging]

========================================================

kriging year 2012 month 4: run 3-7 of 32(10)

========================================================

[using universal kriging]

========================================================

kriging year 2012 month 4: run 3-8 of 32(10)

========================================================

[using universal kriging]

========================================================

kriging year 2012 month 4: run 3-9 of 32(10)

========================================================

[using universal kriging]

========================================================

kriging year 2012 month 4: run 3-10 of 32(10)

========================================================

[using universal kriging]

========================================================

kriging year 2012 month 5: run 4-1 of 32(10)

========================================================

[using universal kriging]

========================================================

kriging year 2012 month 5: run 4-2 of 32(10)

========================================================

[using universal kriging]

========================================================

kriging year 2012 month 5: run 4-3 of 32(10)

========================================================

[using universal kriging]

========================================================

kriging year 2012 month 5: run 4-4 of 32(10)

========================================================

[using universal kriging]

========================================================

kriging year 2012 month 5: run 4-5 of 32(10)

========================================================

[using universal kriging]

========================================================

kriging year 2012 month 5: run 4-6 of 32(10)

========================================================

[using universal kriging]

========================================================

kriging year 2012 month 5: run 4-7 of 32(10)

========================================================

[using universal kriging]

========================================================

kriging year 2012 month 5: run 4-8 of 32(10)

========================================================

[using universal kriging]

========================================================

kriging year 2012 month 5: run 4-9 of 32(10)

========================================================

[using universal kriging]

========================================================

kriging year 2012 month 5: run 4-10 of 32(10)

========================================================

[using universal kriging]

========================================================

kriging year 2012 month 6: run 5-1 of 32(10)

========================================================

[using universal kriging]

========================================================

kriging year 2012 month 6: run 5-2 of 32(10)

========================================================

[using universal kriging]

========================================================

kriging year 2012 month 6: run 5-3 of 32(10)

========================================================

[using universal kriging]

========================================================

kriging year 2012 month 6: run 5-4 of 32(10)

========================================================

[using universal kriging]

========================================================

kriging year 2012 month 6: run 5-5 of 32(10)

========================================================

[using universal kriging]

========================================================

kriging year 2012 month 6: run 5-6 of 32(10)

========================================================

[using universal kriging]

========================================================

kriging year 2012 month 6: run 5-7 of 32(10)

========================================================

[using universal kriging]

========================================================

kriging year 2012 month 6: run 5-8 of 32(10)

========================================================

[using universal kriging]

========================================================

kriging year 2012 month 6: run 5-9 of 32(10)

========================================================

[using universal kriging]

========================================================

kriging year 2012 month 6: run 5-10 of 32(10)

========================================================

[using universal kriging]

========================================================

kriging year 2012 month 7: run 6-1 of 32(10)

========================================================

[using universal kriging]

========================================================

kriging year 2012 month 7: run 6-2 of 32(10)

========================================================

[using universal kriging]

========================================================

kriging year 2012 month 7: run 6-3 of 32(10)

========================================================

[using universal kriging]

========================================================

kriging year 2012 month 7: run 6-4 of 32(10)

========================================================

[using universal kriging]

========================================================

kriging year 2012 month 7: run 6-5 of 32(10)

========================================================

[using universal kriging]

========================================================

kriging year 2012 month 7: run 6-6 of 32(10)

========================================================

[using universal kriging]

========================================================

kriging year 2012 month 7: run 6-7 of 32(10)

========================================================

[using universal kriging]

========================================================

kriging year 2012 month 7: run 6-8 of 32(10)

========================================================

[using universal kriging]

========================================================

kriging year 2012 month 7: run 6-9 of 32(10)

========================================================

[using universal kriging]

========================================================

kriging year 2012 month 7: run 6-10 of 32(10)

========================================================

[using universal kriging]

========================================================

kriging year 2012 month 8: run 7-1 of 32(10)

========================================================

[using universal kriging]

========================================================

kriging year 2012 month 8: run 7-2 of 32(10)

========================================================

[using universal kriging]

========================================================

kriging year 2012 month 8: run 7-3 of 32(10)

========================================================

[using universal kriging]

========================================================

kriging year 2012 month 8: run 7-4 of 32(10)

========================================================

[using universal kriging]

========================================================

kriging year 2012 month 8: run 7-5 of 32(10)

========================================================

[using universal kriging]

========================================================

kriging year 2012 month 8: run 7-6 of 32(10)

========================================================

[using universal kriging]

========================================================

kriging year 2012 month 8: run 7-7 of 32(10)

========================================================

[using universal kriging]

========================================================

kriging year 2012 month 8: run 7-8 of 32(10)

========================================================

[using universal kriging]

========================================================

kriging year 2012 month 8: run 7-9 of 32(10)

========================================================

[using universal kriging]

========================================================

kriging year 2012 month 8: run 7-10 of 32(10)

========================================================

[using universal kriging]

========================================================

kriging year 2012 month 9: run 8-1 of 32(10)

========================================================

[using universal kriging]

========================================================

kriging year 2012 month 9: run 8-2 of 32(10)

========================================================

[using universal kriging]

========================================================

kriging year 2012 month 9: run 8-3 of 32(10)

========================================================

[using universal kriging]

========================================================

kriging year 2012 month 9: run 8-4 of 32(10)

========================================================

[using universal kriging]

========================================================

kriging year 2012 month 9: run 8-5 of 32(10)

========================================================

[using universal kriging]

========================================================

kriging year 2012 month 9: run 8-6 of 32(10)

========================================================

[using universal kriging]

========================================================

kriging year 2012 month 9: run 8-7 of 32(10)

========================================================

[using universal kriging]

========================================================

kriging year 2012 month 9: run 8-8 of 32(10)

========================================================

[using universal kriging]

========================================================

kriging year 2012 month 9: run 8-9 of 32(10)

========================================================

[using universal kriging]

========================================================

kriging year 2012 month 9: run 8-10 of 32(10)

========================================================

[using universal kriging]

========================================================

kriging year 2012 month 10: run 9-1 of 32(10)

========================================================

[using universal kriging]

========================================================

kriging year 2012 month 10: run 9-2 of 32(10)

========================================================

[using universal kriging]

========================================================

kriging year 2012 month 10: run 9-3 of 32(10)

========================================================

[using universal kriging]

========================================================

kriging year 2012 month 10: run 9-4 of 32(10)

========================================================

[using universal kriging]

========================================================

kriging year 2012 month 10: run 9-5 of 32(10)

========================================================

[using universal kriging]

========================================================

kriging year 2012 month 10: run 9-6 of 32(10)

========================================================

[using universal kriging]

========================================================

kriging year 2012 month 10: run 9-7 of 32(10)

========================================================

[using universal kriging]

========================================================

kriging year 2012 month 10: run 9-8 of 32(10)

========================================================

[using universal kriging]

========================================================

kriging year 2012 month 10: run 9-9 of 32(10)

========================================================

[using universal kriging]

========================================================

kriging year 2012 month 10: run 9-10 of 32(10)

========================================================

[using universal kriging]

========================================================

kriging year 2013 month 2: run 10-1 of 32(10)

========================================================

[using universal kriging]

========================================================

kriging year 2013 month 2: run 10-2 of 32(10)

========================================================

[using universal kriging]

========================================================

kriging year 2013 month 2: run 10-3 of 32(10)

========================================================

[using universal kriging]

========================================================

kriging year 2013 month 2: run 10-4 of 32(10)

========================================================

[using universal kriging]

========================================================

kriging year 2013 month 2: run 10-5 of 32(10)

========================================================

[using universal kriging]

========================================================

kriging year 2013 month 2: run 10-6 of 32(10)

========================================================

[using universal kriging]

========================================================

kriging year 2013 month 2: run 10-7 of 32(10)

========================================================

[using universal kriging]

========================================================

kriging year 2013 month 2: run 10-8 of 32(10)

========================================================

[using universal kriging]

========================================================

kriging year 2013 month 2: run 10-9 of 32(10)

========================================================

[using universal kriging]

========================================================

kriging year 2013 month 2: run 10-10 of 32(10)

========================================================

[using universal kriging]

========================================================

kriging year 2013 month 3: run 11-1 of 32(10)

========================================================

[using universal kriging]

========================================================

kriging year 2013 month 3: run 11-2 of 32(10)

========================================================

[using universal kriging]

========================================================

kriging year 2013 month 3: run 11-3 of 32(10)

========================================================

[using universal kriging]

========================================================

kriging year 2013 month 3: run 11-4 of 32(10)

========================================================

[using universal kriging]

========================================================

kriging year 2013 month 3: run 11-5 of 32(10)

========================================================

[using universal kriging]

========================================================

kriging year 2013 month 3: run 11-6 of 32(10)

========================================================

[using universal kriging]

========================================================

kriging year 2013 month 3: run 11-7 of 32(10)

========================================================

[using universal kriging]

========================================================

kriging year 2013 month 3: run 11-8 of 32(10)

========================================================

[using universal kriging]

========================================================

kriging year 2013 month 3: run 11-9 of 32(10)

========================================================

[using universal kriging]

========================================================

kriging year 2013 month 3: run 11-10 of 32(10)

========================================================

[using universal kriging]

========================================================

kriging year 2013 month 4: run 12-1 of 32(10)

========================================================

[using universal kriging]

========================================================

kriging year 2013 month 4: run 12-2 of 32(10)

========================================================

[using universal kriging]

========================================================

kriging year 2013 month 4: run 12-3 of 32(10)

========================================================

[using universal kriging]

========================================================

kriging year 2013 month 4: run 12-4 of 32(10)

========================================================

[using universal kriging]

========================================================

kriging year 2013 month 4: run 12-5 of 32(10)

========================================================

[using universal kriging]

========================================================

kriging year 2013 month 4: run 12-6 of 32(10)

========================================================

[using universal kriging]

========================================================

kriging year 2013 month 4: run 12-7 of 32(10)

========================================================

[using universal kriging]

========================================================

kriging year 2013 month 4: run 12-8 of 32(10)

========================================================

[using universal kriging]

========================================================

kriging year 2013 month 4: run 12-9 of 32(10)

========================================================

[using universal kriging]

========================================================

kriging year 2013 month 4: run 12-10 of 32(10)

========================================================

[using universal kriging]

========================================================

kriging year 2013 month 5: run 13-1 of 32(10)

========================================================

[using universal kriging]

========================================================

kriging year 2013 month 5: run 13-2 of 32(10)

========================================================

[using universal kriging]

========================================================

kriging year 2013 month 5: run 13-3 of 32(10)

========================================================

[using universal kriging]

========================================================

kriging year 2013 month 5: run 13-4 of 32(10)

========================================================

[using universal kriging]

========================================================

kriging year 2013 month 5: run 13-5 of 32(10)

========================================================

[using universal kriging]

========================================================

kriging year 2013 month 5: run 13-6 of 32(10)

========================================================

[using universal kriging]

========================================================

kriging year 2013 month 5: run 13-7 of 32(10)

========================================================

[using universal kriging]

========================================================

kriging year 2013 month 5: run 13-8 of 32(10)

========================================================

[using universal kriging]

========================================================

kriging year 2013 month 5: run 13-9 of 32(10)

========================================================

[using universal kriging]

========================================================

kriging year 2013 month 5: run 13-10 of 32(10)

========================================================

[using universal kriging]

========================================================

kriging year 2013 month 6: run 14-1 of 32(10)

========================================================

[using universal kriging]

========================================================

kriging year 2013 month 6: run 14-2 of 32(10)

========================================================

[using universal kriging]

========================================================

kriging year 2013 month 6: run 14-3 of 32(10)

========================================================

[using universal kriging]

========================================================

kriging year 2013 month 6: run 14-4 of 32(10)

========================================================

[using universal kriging]

========================================================

kriging year 2013 month 6: run 14-5 of 32(10)

========================================================

[using universal kriging]

========================================================

kriging year 2013 month 6: run 14-6 of 32(10)

========================================================

[using universal kriging]

========================================================

kriging year 2013 month 6: run 14-7 of 32(10)

========================================================

[using universal kriging]

========================================================

kriging year 2013 month 6: run 14-8 of 32(10)

========================================================

[using universal kriging]

========================================================

kriging year 2013 month 6: run 14-9 of 32(10)

========================================================

[using universal kriging]

========================================================

kriging year 2013 month 6: run 14-10 of 32(10)

========================================================

[using universal kriging]

========================================================

kriging year 2013 month 7: run 15-1 of 32(10)

========================================================

[using universal kriging]

========================================================

kriging year 2013 month 7: run 15-2 of 32(10)

========================================================

[using universal kriging]

========================================================

kriging year 2013 month 7: run 15-3 of 32(10)

========================================================

[using universal kriging]

========================================================

kriging year 2013 month 7: run 15-4 of 32(10)

========================================================

[using universal kriging]

========================================================

kriging year 2013 month 7: run 15-5 of 32(10)

========================================================

[using universal kriging]

========================================================

kriging year 2013 month 7: run 15-6 of 32(10)

========================================================

[using universal kriging]

========================================================

kriging year 2013 month 7: run 15-7 of 32(10)

========================================================

[using universal kriging]

========================================================

kriging year 2013 month 7: run 15-8 of 32(10)

========================================================

[using universal kriging]

========================================================

kriging year 2013 month 7: run 15-9 of 32(10)

========================================================

[using universal kriging]

========================================================

kriging year 2013 month 7: run 15-10 of 32(10)

========================================================

[using universal kriging]

========================================================

kriging year 2013 month 8: run 16-1 of 32(10)

========================================================

[using universal kriging]

========================================================

kriging year 2013 month 8: run 16-2 of 32(10)

========================================================

[using universal kriging]

========================================================

kriging year 2013 month 8: run 16-3 of 32(10)

========================================================

[using universal kriging]

========================================================

kriging year 2013 month 8: run 16-4 of 32(10)

========================================================

[using universal kriging]

========================================================

kriging year 2013 month 8: run 16-5 of 32(10)

========================================================

[using universal kriging]

========================================================

kriging year 2013 month 8: run 16-6 of 32(10)

========================================================

[using universal kriging]

========================================================

kriging year 2013 month 8: run 16-7 of 32(10)

========================================================

[using universal kriging]

========================================================

kriging year 2013 month 8: run 16-8 of 32(10)

========================================================

[using universal kriging]

========================================================

kriging year 2013 month 8: run 16-9 of 32(10)

========================================================

[using universal kriging]

========================================================

kriging year 2013 month 8: run 16-10 of 32(10)

========================================================

[using universal kriging]

========================================================

kriging year 2013 month 9: run 17-1 of 32(10)

========================================================

[using universal kriging]

========================================================

kriging year 2013 month 9: run 17-2 of 32(10)

========================================================

[using universal kriging]

========================================================

kriging year 2013 month 9: run 17-3 of 32(10)

========================================================

[using universal kriging]

========================================================

kriging year 2013 month 9: run 17-4 of 32(10)

========================================================

[using universal kriging]

========================================================

kriging year 2013 month 9: run 17-5 of 32(10)

========================================================

[using universal kriging]

========================================================

kriging year 2013 month 9: run 17-6 of 32(10)

========================================================

[using universal kriging]

========================================================

kriging year 2013 month 9: run 17-7 of 32(10)

========================================================

[using universal kriging]

========================================================

kriging year 2013 month 9: run 17-8 of 32(10)

========================================================

[using universal kriging]

========================================================

kriging year 2013 month 9: run 17-9 of 32(10)

========================================================

[using universal kriging]

========================================================

kriging year 2013 month 9: run 17-10 of 32(10)

========================================================

[using universal kriging]

========================================================

kriging year 2013 month 10: run 18-1 of 32(10)

========================================================

[using universal kriging]

========================================================

kriging year 2013 month 10: run 18-2 of 32(10)

========================================================

[using universal kriging]

========================================================

kriging year 2013 month 10: run 18-3 of 32(10)

========================================================

[using universal kriging]

========================================================

kriging year 2013 month 10: run 18-4 of 32(10)

========================================================

[using universal kriging]

========================================================

kriging year 2013 month 10: run 18-5 of 32(10)

========================================================

[using universal kriging]

========================================================

kriging year 2013 month 10: run 18-6 of 32(10)

========================================================

[using universal kriging]

========================================================

kriging year 2013 month 10: run 18-7 of 32(10)

========================================================

[using universal kriging]

========================================================

kriging year 2013 month 10: run 18-8 of 32(10)

========================================================

[using universal kriging]

========================================================

kriging year 2013 month 10: run 18-9 of 32(10)

========================================================

[using universal kriging]

========================================================

kriging year 2013 month 10: run 18-10 of 32(10)

========================================================

[using universal kriging]

========================================================

kriging year 2013 month 11: run 19-1 of 32(10)

========================================================

[using universal kriging]

========================================================

kriging year 2013 month 11: run 19-2 of 32(10)

========================================================

[using universal kriging]

========================================================

kriging year 2013 month 11: run 19-3 of 32(10)

========================================================

[using universal kriging]

========================================================

kriging year 2013 month 11: run 19-4 of 32(10)

========================================================

[using universal kriging]

========================================================

kriging year 2013 month 11: run 19-5 of 32(10)

========================================================

[using universal kriging]

========================================================

kriging year 2013 month 11: run 19-6 of 32(10)

========================================================

[using universal kriging]

========================================================

kriging year 2013 month 11: run 19-7 of 32(10)

========================================================

[using universal kriging]

========================================================

kriging year 2013 month 11: run 19-8 of 32(10)

========================================================

[using universal kriging]

========================================================

kriging year 2013 month 11: run 19-9 of 32(10)

========================================================

[using universal kriging]

========================================================

kriging year 2013 month 11: run 19-10 of 32(10)

========================================================

[using universal kriging]

========================================================

kriging year 2013 month 12: run 20-1 of 32(10)

========================================================

[using universal kriging]

========================================================

kriging year 2013 month 12: run 20-2 of 32(10)

========================================================

[using universal kriging]

========================================================

kriging year 2013 month 12: run 20-3 of 32(10)

========================================================

[using universal kriging]

========================================================

kriging year 2013 month 12: run 20-4 of 32(10)

========================================================

[using universal kriging]

========================================================

kriging year 2013 month 12: run 20-5 of 32(10)

========================================================

[using universal kriging]

========================================================

kriging year 2013 month 12: run 20-6 of 32(10)

========================================================

[using universal kriging]

========================================================

kriging year 2013 month 12: run 20-7 of 32(10)

========================================================

[using universal kriging]

========================================================

kriging year 2013 month 12: run 20-8 of 32(10)

========================================================

[using universal kriging]

========================================================

kriging year 2013 month 12: run 20-9 of 32(10)

========================================================

[using universal kriging]

========================================================

kriging year 2013 month 12: run 20-10 of 32(10)

========================================================

[using universal kriging]

========================================================

kriging year 2014 month 1: run 21-1 of 32(10)

========================================================

[using universal kriging]

========================================================

kriging year 2014 month 1: run 21-2 of 32(10)

========================================================

[using universal kriging]

========================================================

kriging year 2014 month 1: run 21-3 of 32(10)

========================================================

[using universal kriging]

========================================================

kriging year 2014 month 1: run 21-4 of 32(10)

========================================================

[using universal kriging]

========================================================

kriging year 2014 month 1: run 21-5 of 32(10)

========================================================

[using universal kriging]

========================================================

kriging year 2014 month 1: run 21-6 of 32(10)

========================================================

[using universal kriging]

========================================================

kriging year 2014 month 1: run 21-7 of 32(10)

========================================================

[using universal kriging]

========================================================

kriging year 2014 month 1: run 21-8 of 32(10)

========================================================

[using universal kriging]

========================================================

kriging year 2014 month 1: run 21-9 of 32(10)

========================================================

[using universal kriging]

========================================================

kriging year 2014 month 1: run 21-10 of 32(10)

========================================================

[using universal kriging]

========================================================

kriging year 2014 month 2: run 22-1 of 32(10)

========================================================

[using universal kriging]

========================================================

kriging year 2014 month 2: run 22-2 of 32(10)

========================================================

[using universal kriging]

========================================================

kriging year 2014 month 2: run 22-3 of 32(10)

========================================================

[using universal kriging]

========================================================

kriging year 2014 month 2: run 22-4 of 32(10)

========================================================

[using universal kriging]

========================================================

kriging year 2014 month 2: run 22-5 of 32(10)

========================================================

[using universal kriging]

========================================================

kriging year 2014 month 2: run 22-6 of 32(10)

========================================================

[using universal kriging]

========================================================

kriging year 2014 month 2: run 22-7 of 32(10)

========================================================

[using universal kriging]

========================================================

kriging year 2014 month 2: run 22-8 of 32(10)

========================================================

[using universal kriging]

========================================================

kriging year 2014 month 2: run 22-9 of 32(10)

========================================================

[using universal kriging]

========================================================

kriging year 2014 month 2: run 22-10 of 32(10)

========================================================

[using universal kriging]

========================================================

kriging year 2014 month 3: run 23-1 of 32(10)

========================================================

[using universal kriging]

========================================================

kriging year 2014 month 3: run 23-2 of 32(10)

========================================================

[using universal kriging]

========================================================

kriging year 2014 month 3: run 23-3 of 32(10)

========================================================

[using universal kriging]

========================================================

kriging year 2014 month 3: run 23-4 of 32(10)

========================================================

[using universal kriging]

========================================================

kriging year 2014 month 3: run 23-5 of 32(10)

========================================================

[using universal kriging]

========================================================

kriging year 2014 month 3: run 23-6 of 32(10)

========================================================

[using universal kriging]

========================================================

kriging year 2014 month 3: run 23-7 of 32(10)

========================================================

[using universal kriging]

========================================================

kriging year 2014 month 3: run 23-8 of 32(10)

========================================================

[using universal kriging]

========================================================

kriging year 2014 month 3: run 23-9 of 32(10)

========================================================

[using universal kriging]

========================================================

kriging year 2014 month 3: run 23-10 of 32(10)

========================================================

[using universal kriging]

========================================================

kriging year 2014 month 4: run 24-1 of 32(10)

========================================================

[using universal kriging]

========================================================

kriging year 2014 month 4: run 24-2 of 32(10)

========================================================

[using universal kriging]

========================================================

kriging year 2014 month 4: run 24-3 of 32(10)

========================================================

[using universal kriging]

========================================================

kriging year 2014 month 4: run 24-4 of 32(10)

========================================================

[using universal kriging]

========================================================

kriging year 2014 month 4: run 24-5 of 32(10)

========================================================

[using universal kriging]

========================================================

kriging year 2014 month 4: run 24-6 of 32(10)

========================================================

[using universal kriging]

========================================================

kriging year 2014 month 4: run 24-7 of 32(10)

========================================================

[using universal kriging]

========================================================

kriging year 2014 month 4: run 24-8 of 32(10)

========================================================

[using universal kriging]

========================================================

kriging year 2014 month 4: run 24-9 of 32(10)

========================================================

[using universal kriging]

========================================================

kriging year 2014 month 4: run 24-10 of 32(10)

========================================================

[using universal kriging]

========================================================

kriging year 2014 month 5: run 25-1 of 32(10)

========================================================

[using universal kriging]

========================================================

kriging year 2014 month 5: run 25-2 of 32(10)

========================================================

[using universal kriging]

========================================================

kriging year 2014 month 5: run 25-3 of 32(10)

========================================================

[using universal kriging]

========================================================

kriging year 2014 month 5: run 25-4 of 32(10)

========================================================

[using universal kriging]

========================================================

kriging year 2014 month 5: run 25-5 of 32(10)

========================================================

[using universal kriging]

========================================================

kriging year 2014 month 5: run 25-6 of 32(10)

========================================================

[using universal kriging]

========================================================

kriging year 2014 month 5: run 25-7 of 32(10)

========================================================

[using universal kriging]

========================================================

kriging year 2014 month 5: run 25-8 of 32(10)

========================================================

[using universal kriging]

========================================================

kriging year 2014 month 5: run 25-9 of 32(10)

========================================================

[using universal kriging]

========================================================

kriging year 2014 month 5: run 25-10 of 32(10)

========================================================

[using universal kriging]

========================================================

kriging year 2014 month 6: run 26-1 of 32(10)

========================================================

[using universal kriging]

========================================================

kriging year 2014 month 6: run 26-2 of 32(10)

========================================================

[using universal kriging]

========================================================

kriging year 2014 month 6: run 26-3 of 32(10)

========================================================

[using universal kriging]

========================================================

kriging year 2014 month 6: run 26-4 of 32(10)

========================================================

[using universal kriging]

========================================================

kriging year 2014 month 6: run 26-5 of 32(10)

========================================================

[using universal kriging]

========================================================

kriging year 2014 month 6: run 26-6 of 32(10)

========================================================

[using universal kriging]

========================================================

kriging year 2014 month 6: run 26-7 of 32(10)

========================================================

[using universal kriging]

========================================================

kriging year 2014 month 6: run 26-8 of 32(10)

========================================================

[using universal kriging]

========================================================

kriging year 2014 month 6: run 26-9 of 32(10)

========================================================

[using universal kriging]

========================================================

kriging year 2014 month 6: run 26-10 of 32(10)

========================================================

[using universal kriging]

========================================================

kriging year 2014 month 7: run 27-1 of 32(10)

========================================================

[using universal kriging]

========================================================

kriging year 2014 month 7: run 27-2 of 32(10)

========================================================

[using universal kriging]

========================================================

kriging year 2014 month 7: run 27-3 of 32(10)

========================================================

[using universal kriging]

========================================================

kriging year 2014 month 7: run 27-4 of 32(10)

========================================================

[using universal kriging]

========================================================

kriging year 2014 month 7: run 27-5 of 32(10)

========================================================

[using universal kriging]

========================================================

kriging year 2014 month 7: run 27-6 of 32(10)

========================================================

[using universal kriging]

========================================================

kriging year 2014 month 7: run 27-7 of 32(10)

========================================================

[using universal kriging]

========================================================

kriging year 2014 month 7: run 27-8 of 32(10)

========================================================

[using universal kriging]

========================================================

kriging year 2014 month 7: run 27-9 of 32(10)

========================================================

[using universal kriging]

========================================================

kriging year 2014 month 7: run 27-10 of 32(10)

========================================================

[using universal kriging]

========================================================

kriging year 2014 month 8: run 28-1 of 32(10)

========================================================

[using universal kriging]

========================================================

kriging year 2014 month 8: run 28-2 of 32(10)

========================================================

[using universal kriging]

========================================================

kriging year 2014 month 8: run 28-3 of 32(10)

========================================================

[using universal kriging]

========================================================

kriging year 2014 month 8: run 28-4 of 32(10)

========================================================

[using universal kriging]

========================================================

kriging year 2014 month 8: run 28-5 of 32(10)

========================================================

[using universal kriging]

========================================================

kriging year 2014 month 8: run 28-6 of 32(10)

========================================================

[using universal kriging]

========================================================

kriging year 2014 month 8: run 28-7 of 32(10)

========================================================

[using universal kriging]

========================================================

kriging year 2014 month 8: run 28-8 of 32(10)

========================================================

[using universal kriging]

========================================================

kriging year 2014 month 8: run 28-9 of 32(10)

========================================================

[using universal kriging]

========================================================

kriging year 2014 month 8: run 28-10 of 32(10)

========================================================

[using universal kriging]

========================================================

kriging year 2014 month 9: run 29-1 of 32(10)

========================================================

[using universal kriging]

========================================================

kriging year 2014 month 9: run 29-2 of 32(10)

========================================================

[using universal kriging]

========================================================

kriging year 2014 month 9: run 29-3 of 32(10)

========================================================

[using universal kriging]

========================================================

kriging year 2014 month 9: run 29-4 of 32(10)

========================================================

[using universal kriging]

========================================================

kriging year 2014 month 9: run 29-5 of 32(10)

========================================================

[using universal kriging]

========================================================

kriging year 2014 month 9: run 29-6 of 32(10)

========================================================

[using universal kriging]

========================================================

kriging year 2014 month 9: run 29-7 of 32(10)

========================================================

[using universal kriging]

========================================================

kriging year 2014 month 9: run 29-8 of 32(10)

========================================================

[using universal kriging]

========================================================

kriging year 2014 month 9: run 29-9 of 32(10)

========================================================

[using universal kriging]

========================================================

kriging year 2014 month 9: run 29-10 of 32(10)

========================================================

[using universal kriging]

========================================================

kriging year 2014 month 10: run 30-1 of 32(10)

========================================================

[using universal kriging]

========================================================

kriging year 2014 month 10: run 30-2 of 32(10)

========================================================

[using universal kriging]

========================================================

kriging year 2014 month 10: run 30-3 of 32(10)

========================================================

[using universal kriging]

========================================================

kriging year 2014 month 10: run 30-4 of 32(10)

========================================================

[using universal kriging]

========================================================

kriging year 2014 month 10: run 30-5 of 32(10)

========================================================

[using universal kriging]

========================================================

kriging year 2014 month 10: run 30-6 of 32(10)

========================================================

[using universal kriging]

========================================================

kriging year 2014 month 10: run 30-7 of 32(10)

========================================================

[using universal kriging]

========================================================

kriging year 2014 month 10: run 30-8 of 32(10)

========================================================

[using universal kriging]

========================================================

kriging year 2014 month 10: run 30-9 of 32(10)

========================================================

[using universal kriging]

========================================================

kriging year 2014 month 10: run 30-10 of 32(10)

========================================================

[using universal kriging]

========================================================

kriging year 2014 month 11: run 31-1 of 32(10)

========================================================

[using universal kriging]

========================================================

kriging year 2014 month 11: run 31-2 of 32(10)

========================================================

[using universal kriging]

========================================================

kriging year 2014 month 11: run 31-3 of 32(10)

========================================================

[using universal kriging]

========================================================

kriging year 2014 month 11: run 31-4 of 32(10)

========================================================

[using universal kriging]

========================================================

kriging year 2014 month 11: run 31-5 of 32(10)

========================================================

[using universal kriging]

========================================================

kriging year 2014 month 11: run 31-6 of 32(10)

========================================================

[using universal kriging]

========================================================

kriging year 2014 month 11: run 31-7 of 32(10)

========================================================

[using universal kriging]

========================================================

kriging year 2014 month 11: run 31-8 of 32(10)

========================================================

[using universal kriging]

========================================================

kriging year 2014 month 11: run 31-9 of 32(10)

========================================================

[using universal kriging]

========================================================

kriging year 2014 month 11: run 31-10 of 32(10)

========================================================

[using universal kriging]

========================================================

kriging year 2014 month 12: run 32-1 of 32(10)

========================================================

[using universal kriging]

========================================================

kriging year 2014 month 12: run 32-2 of 32(10)

========================================================

[using universal kriging]

========================================================

kriging year 2014 month 12: run 32-3 of 32(10)

========================================================

[using universal kriging]

========================================================

kriging year 2014 month 12: run 32-4 of 32(10)

========================================================

[using universal kriging]

========================================================

kriging year 2014 month 12: run 32-5 of 32(10)

========================================================

[using universal kriging]

========================================================

kriging year 2014 month 12: run 32-6 of 32(10)

========================================================

[using universal kriging]

========================================================

kriging year 2014 month 12: run 32-7 of 32(10)

========================================================

[using universal kriging]

========================================================

kriging year 2014 month 12: run 32-8 of 32(10)

========================================================

[using universal kriging]

========================================================

kriging year 2014 month 12: run 32-9 of 32(10)

========================================================

[using universal kriging]

========================================================

kriging year 2014 month 12: run 32-10 of 32(10)

========================================================

[using universal kriging]
