Loading required package: sp
Loading required package: lattice
Loading required package: ggplot2
rgdal: version: 0.8-16, (SVN revision 498)
Geospatial Data Abstraction Library extensions to R successfully loaded
Loaded GDAL runtime: GDAL 1.7.3, released 2010/11/10
Path to GDAL shared files: /usr/share/gdal/1.7
GDAL does not use iconv for recoding strings.
Loaded PROJ.4 runtime: Rel. 4.7.1, 23 September 2009, [PJ_VERSION: 470]
Path to PROJ.4 shared files: (autodetected)
OGR data source with driver: ESRI Shapefile 
Source: "plots_shp/PlotPoles_ARC1960_mod_20140807_final.shp", layer: "PlotPoles_ARC1960_mod_20140807_final"
with 1248 features and 7 fields
Feature type: wkbPoint with 2 dimensions
Warning message:
In ReplProj4string(obj, CRS(value)) :
  A new CRS was assigned to an object with an existing CRS:
+proj=utm +zone=37 +south +ellps=clrk80 +units=m +no_defs
without reprojecting.
For reprojection, use function spTransform in package rgdal


RUNNING svmLinear : ITERATION 1 
Loading required package: kernlab

Attaching package: ‘kernlab’

The following objects are masked from ‘package:raster’:

    buffer, rotated

Loading required package: pROC
Support Vector Machines with Linear Kernel 

1368 samples
  10 predictors

No pre-processing
Resampling: Bootstrapped (25 reps) 

Summary of sample sizes: 1368, 1368, 1368, 1368, 1368, 1368, ... 

Resampling results across tuning parameters:

  C     RMSE  Rsquared  RMSE SD  Rsquared SD
  0.25  1.02  0.977     0.0409   0.00158    
  0.5   1.02  0.977     0.0411   0.00159    
  0.75  1.02  0.977     0.0412   0.0016     
  1     1.02  0.977     0.0412   0.0016     

RMSE was used to select the optimal model using  the smallest value.
The final value used for the model was C = 1. 


RUNNING svmLinear : ITERATION 2 
Loading required package: pROC
Support Vector Machines with Linear Kernel 

1368 samples
  10 predictors

No pre-processing
Resampling: Bootstrapped (25 reps) 

Summary of sample sizes: 1368, 1368, 1368, 1368, 1368, 1368, ... 

Resampling results across tuning parameters:

  C     RMSE   Rsquared  RMSE SD  Rsquared SD
  0.25  0.969  0.98      0.0411   0.0017     
  0.5   0.969  0.98      0.0413   0.00169    
  0.75  0.969  0.98      0.0415   0.00169    
  1     0.969  0.98      0.0415   0.00169    

RMSE was used to select the optimal model using  the smallest value.
The final value used for the model was C = 0.25. 


RUNNING svmLinear : ITERATION 3 
Loading required package: pROC
Support Vector Machines with Linear Kernel 

1368 samples
  10 predictors

No pre-processing
Resampling: Bootstrapped (25 reps) 

Summary of sample sizes: 1368, 1368, 1368, 1368, 1368, 1368, ... 

Resampling results across tuning parameters:

  C     RMSE  Rsquared  RMSE SD  Rsquared SD
  0.25  1.02  0.978     0.039    0.00186    
  0.5   1.02  0.978     0.0387   0.00186    
  0.75  1.02  0.978     0.0386   0.00186    
  1     1.02  0.978     0.0383   0.00185    

RMSE was used to select the optimal model using  the smallest value.
The final value used for the model was C = 0.5. 


RUNNING svmLinear : ITERATION 4 
Loading required package: pROC
Support Vector Machines with Linear Kernel 

1368 samples
  10 predictors

No pre-processing
Resampling: Bootstrapped (25 reps) 

Summary of sample sizes: 1368, 1368, 1368, 1368, 1368, 1368, ... 

Resampling results across tuning parameters:

  C     RMSE  Rsquared  RMSE SD  Rsquared SD
  0.25  1.02  0.976     0.0529   0.00238    
  0.5   1.02  0.976     0.0528   0.00238    
  0.75  1.02  0.976     0.053    0.00239    
  1     1.02  0.977     0.0531   0.0024     

RMSE was used to select the optimal model using  the smallest value.
The final value used for the model was C = 1. 


RUNNING svmLinear : ITERATION 5 
Loading required package: pROC
Support Vector Machines with Linear Kernel 

1368 samples
  10 predictors

No pre-processing
Resampling: Bootstrapped (25 reps) 

Summary of sample sizes: 1368, 1368, 1368, 1368, 1368, 1368, ... 

Resampling results across tuning parameters:

  C     RMSE  Rsquared  RMSE SD  Rsquared SD
  0.25  1.02  0.977     0.0486   0.00198    
  0.5   1.02  0.977     0.0489   0.00199    
  0.75  1.02  0.977     0.0489   0.002      
  1     1.02  0.977     0.0489   0.002      

RMSE was used to select the optimal model using  the smallest value.
The final value used for the model was C = 0.25. 


RUNNING svmLinear : ITERATION 6 
Loading required package: pROC
Support Vector Machines with Linear Kernel 

1368 samples
  10 predictors

No pre-processing
Resampling: Bootstrapped (25 reps) 

Summary of sample sizes: 1368, 1368, 1368, 1368, 1368, 1368, ... 

Resampling results across tuning parameters:

  C     RMSE  Rsquared  RMSE SD  Rsquared SD
  0.25  1.02  0.976     0.0412   0.00205    
  0.5   1.02  0.976     0.0407   0.00203    
  0.75  1.02  0.976     0.0405   0.00202    
  1     1.02  0.976     0.0409   0.00202    

RMSE was used to select the optimal model using  the smallest value.
The final value used for the model was C = 0.25. 


RUNNING svmLinear : ITERATION 7 
Loading required package: pROC
Support Vector Machines with Linear Kernel 

1368 samples
  10 predictors

No pre-processing
Resampling: Bootstrapped (25 reps) 

Summary of sample sizes: 1368, 1368, 1368, 1368, 1368, 1368, ... 

Resampling results across tuning parameters:

  C     RMSE   Rsquared  RMSE SD  Rsquared SD
  0.25  0.997  0.978     0.0465   0.00251    
  0.5   0.996  0.978     0.0464   0.00251    
  0.75  0.996  0.978     0.0466   0.00252    
  1     0.997  0.978     0.0466   0.00252    

RMSE was used to select the optimal model using  the smallest value.
The final value used for the model was C = 0.5. 


RUNNING svmLinear : ITERATION 8 
Loading required package: pROC
Support Vector Machines with Linear Kernel 

1368 samples
  10 predictors

No pre-processing
Resampling: Bootstrapped (25 reps) 

Summary of sample sizes: 1368, 1368, 1368, 1368, 1368, 1368, ... 

Resampling results across tuning parameters:

  C     RMSE   Rsquared  RMSE SD  Rsquared SD
  0.25  0.995  0.978     0.0445   0.00242    
  0.5   0.995  0.978     0.0445   0.00242    
  0.75  0.995  0.978     0.0446   0.00242    
  1     0.995  0.978     0.0448   0.00243    

RMSE was used to select the optimal model using  the smallest value.
The final value used for the model was C = 0.5. 


RUNNING svmLinear : ITERATION 9 
Loading required package: pROC
Support Vector Machines with Linear Kernel 

1368 samples
  10 predictors

No pre-processing
Resampling: Bootstrapped (25 reps) 

Summary of sample sizes: 1368, 1368, 1368, 1368, 1368, 1368, ... 

Resampling results across tuning parameters:

  C     RMSE  Rsquared  RMSE SD  Rsquared SD
  0.25  1.01  0.976     0.0499   0.00217    
  0.5   1.01  0.976     0.0506   0.00221    
  0.75  1.01  0.976     0.0506   0.00221    
  1     1.01  0.976     0.0504   0.0022     

RMSE was used to select the optimal model using  the smallest value.
The final value used for the model was C = 0.25. 


RUNNING svmLinear : ITERATION 10 
Loading required package: pROC
Support Vector Machines with Linear Kernel 

1368 samples
  10 predictors

No pre-processing
Resampling: Bootstrapped (25 reps) 

Summary of sample sizes: 1368, 1368, 1368, 1368, 1368, 1368, ... 

Resampling results across tuning parameters:

  C     RMSE   Rsquared  RMSE SD  Rsquared SD
  0.25  0.964  0.979     0.0398   0.0018     
  0.5   0.965  0.979     0.0393   0.00178    
  0.75  0.965  0.979     0.0393   0.00178    
  1     0.965  0.979     0.0394   0.00179    

RMSE was used to select the optimal model using  the smallest value.
The final value used for the model was C = 0.25. 


RUNNING svmLinear : ITERATION 11 
Loading required package: pROC
Support Vector Machines with Linear Kernel 

1368 samples
  10 predictors

No pre-processing
Resampling: Bootstrapped (25 reps) 

Summary of sample sizes: 1368, 1368, 1368, 1368, 1368, 1368, ... 

Resampling results across tuning parameters:

  C     RMSE  Rsquared  RMSE SD  Rsquared SD
  0.25  1.01  0.978     0.0539   0.00199    
  0.5   1.01  0.978     0.0534   0.00196    
  0.75  1.01  0.978     0.0532   0.00196    
  1     1.01  0.978     0.0531   0.00195    

RMSE was used to select the optimal model using  the smallest value.
The final value used for the model was C = 0.25. 


RUNNING svmLinear : ITERATION 12 
Loading required package: pROC
Support Vector Machines with Linear Kernel 

1368 samples
  10 predictors

No pre-processing
Resampling: Bootstrapped (25 reps) 

Summary of sample sizes: 1368, 1368, 1368, 1368, 1368, 1368, ... 

Resampling results across tuning parameters:

  C     RMSE  Rsquared  RMSE SD  Rsquared SD
  0.25  1.01  0.978     0.0441   0.00192    
  0.5   1.01  0.978     0.0435   0.00189    
  0.75  1.01  0.978     0.0436   0.0019     
  1     1.01  0.978     0.0437   0.0019     

RMSE was used to select the optimal model using  the smallest value.
The final value used for the model was C = 1. 


RUNNING svmLinear : ITERATION 13 
Loading required package: pROC
Support Vector Machines with Linear Kernel 

1368 samples
  10 predictors

No pre-processing
Resampling: Bootstrapped (25 reps) 

Summary of sample sizes: 1368, 1368, 1368, 1368, 1368, 1368, ... 

Resampling results across tuning parameters:

  C     RMSE  Rsquared  RMSE SD  Rsquared SD
  0.25  1.03  0.977     0.0537   0.00233    
  0.5   1.03  0.977     0.054    0.00235    
  0.75  1.03  0.977     0.0537   0.00233    
  1     1.03  0.977     0.0537   0.00233    

RMSE was used to select the optimal model using  the smallest value.
The final value used for the model was C = 0.25. 


RUNNING svmLinear : ITERATION 14 
Loading required package: pROC
Support Vector Machines with Linear Kernel 

1368 samples
  10 predictors

No pre-processing
Resampling: Bootstrapped (25 reps) 

Summary of sample sizes: 1368, 1368, 1368, 1368, 1368, 1368, ... 

Resampling results across tuning parameters:

  C     RMSE  Rsquared  RMSE SD  Rsquared SD
  0.25  1     0.978     0.0395   0.0021     
  0.5   1     0.978     0.0394   0.0021     
  0.75  1     0.978     0.0393   0.0021     
  1     1     0.978     0.0392   0.00209    

RMSE was used to select the optimal model using  the smallest value.
The final value used for the model was C = 1. 


RUNNING svmLinear : ITERATION 15 
Loading required package: pROC
Support Vector Machines with Linear Kernel 

1368 samples
  10 predictors

No pre-processing
Resampling: Bootstrapped (25 reps) 

Summary of sample sizes: 1368, 1368, 1368, 1368, 1368, 1368, ... 

Resampling results across tuning parameters:

  C     RMSE   Rsquared  RMSE SD  Rsquared SD
  0.25  0.982  0.979     0.0414   0.00213    
  0.5   0.982  0.979     0.0417   0.00213    
  0.75  0.982  0.979     0.0416   0.00212    
  1     0.982  0.979     0.0416   0.00212    

RMSE was used to select the optimal model using  the smallest value.
The final value used for the model was C = 0.25. 


RUNNING svmLinear : ITERATION 16 
Loading required package: pROC
Support Vector Machines with Linear Kernel 

1368 samples
  10 predictors

No pre-processing
Resampling: Bootstrapped (25 reps) 

Summary of sample sizes: 1368, 1368, 1368, 1368, 1368, 1368, ... 

Resampling results across tuning parameters:

  C     RMSE  Rsquared  RMSE SD  Rsquared SD
  0.25  0.96  0.98      0.044    0.00212    
  0.5   0.96  0.98      0.0437   0.00212    
  0.75  0.96  0.98      0.0434   0.00211    
  1     0.96  0.98      0.0432   0.00211    

RMSE was used to select the optimal model using  the smallest value.
The final value used for the model was C = 0.25. 


RUNNING svmLinear : ITERATION 17 
Loading required package: pROC
Support Vector Machines with Linear Kernel 

1368 samples
  10 predictors

No pre-processing
Resampling: Bootstrapped (25 reps) 

Summary of sample sizes: 1368, 1368, 1368, 1368, 1368, 1368, ... 

Resampling results across tuning parameters:

  C     RMSE   Rsquared  RMSE SD  Rsquared SD
  0.25  0.987  0.978     0.0472   0.00228    
  0.5   0.987  0.978     0.047    0.00227    
  0.75  0.986  0.978     0.0472   0.00226    
  1     0.986  0.978     0.0472   0.00227    

RMSE was used to select the optimal model using  the smallest value.
The final value used for the model was C = 1. 


RUNNING svmLinear : ITERATION 18 
Loading required package: pROC
Support Vector Machines with Linear Kernel 

1368 samples
  10 predictors

No pre-processing
Resampling: Bootstrapped (25 reps) 

Summary of sample sizes: 1368, 1368, 1368, 1368, 1368, 1368, ... 

Resampling results across tuning parameters:

  C     RMSE   Rsquared  RMSE SD  Rsquared SD
  0.25  0.988  0.978     0.0434   0.00234    
  0.5   0.987  0.978     0.0429   0.00231    
  0.75  0.987  0.978     0.0433   0.00232    
  1     0.988  0.978     0.0435   0.00232    

RMSE was used to select the optimal model using  the smallest value.
The final value used for the model was C = 0.75. 


RUNNING svmLinear : ITERATION 19 
Loading required package: pROC
Support Vector Machines with Linear Kernel 

1368 samples
  10 predictors

No pre-processing
Resampling: Bootstrapped (25 reps) 

Summary of sample sizes: 1368, 1368, 1368, 1368, 1368, 1368, ... 

Resampling results across tuning parameters:

  C     RMSE   Rsquared  RMSE SD  Rsquared SD
  0.25  0.963  0.978     0.048    0.00249    
  0.5   0.964  0.978     0.049    0.00252    
  0.75  0.964  0.978     0.0489   0.00251    
  1     0.964  0.978     0.049    0.00251    

RMSE was used to select the optimal model using  the smallest value.
The final value used for the model was C = 0.25. 


RUNNING svmLinear : ITERATION 20 
Loading required package: pROC
Support Vector Machines with Linear Kernel 

1368 samples
  10 predictors

No pre-processing
Resampling: Bootstrapped (25 reps) 

Summary of sample sizes: 1368, 1368, 1368, 1368, 1368, 1368, ... 

Resampling results across tuning parameters:

  C     RMSE  Rsquared  RMSE SD  Rsquared SD
  0.25  1.02  0.977     0.0457   0.00209    
  0.5   1.03  0.977     0.046    0.0021     
  0.75  1.03  0.977     0.0462   0.0021     
  1     1.03  0.977     0.0463   0.0021     

RMSE was used to select the optimal model using  the smallest value.
The final value used for the model was C = 0.25. 


RUNNING svmLinear : ITERATION 21 
Loading required package: pROC
Support Vector Machines with Linear Kernel 

1368 samples
  10 predictors

No pre-processing
Resampling: Bootstrapped (25 reps) 

Summary of sample sizes: 1368, 1368, 1368, 1368, 1368, 1368, ... 

Resampling results across tuning parameters:

  C     RMSE  Rsquared  RMSE SD  Rsquared SD
  0.25  1.02  0.977     0.0493   0.00212    
  0.5   1.02  0.977     0.0494   0.00212    
  0.75  1.02  0.977     0.0494   0.00212    
  1     1.02  0.977     0.0494   0.00211    

RMSE was used to select the optimal model using  the smallest value.
The final value used for the model was C = 0.25. 


RUNNING svmLinear : ITERATION 22 
Loading required package: pROC
Support Vector Machines with Linear Kernel 

1368 samples
  10 predictors

No pre-processing
Resampling: Bootstrapped (25 reps) 

Summary of sample sizes: 1368, 1368, 1368, 1368, 1368, 1368, ... 

Resampling results across tuning parameters:

  C     RMSE  Rsquared  RMSE SD  Rsquared SD
  0.25  1     0.978     0.044    0.00205    
  0.5   1     0.978     0.0445   0.00206    
  0.75  1     0.978     0.0445   0.00205    
  1     1     0.978     0.0446   0.00206    

RMSE was used to select the optimal model using  the smallest value.
The final value used for the model was C = 1. 


RUNNING svmLinear : ITERATION 23 
Loading required package: pROC
Support Vector Machines with Linear Kernel 

1368 samples
  10 predictors

No pre-processing
Resampling: Bootstrapped (25 reps) 

Summary of sample sizes: 1368, 1368, 1368, 1368, 1368, 1368, ... 

Resampling results across tuning parameters:

  C     RMSE  Rsquared  RMSE SD  Rsquared SD
  0.25  1.01  0.977     0.0432   0.00237    
  0.5   1.01  0.977     0.0435   0.00237    
  0.75  1.01  0.977     0.0434   0.00236    
  1     1.01  0.977     0.0433   0.00236    

RMSE was used to select the optimal model using  the smallest value.
The final value used for the model was C = 0.25. 


RUNNING svmLinear : ITERATION 24 
Loading required package: pROC
Support Vector Machines with Linear Kernel 

1368 samples
  10 predictors

No pre-processing
Resampling: Bootstrapped (25 reps) 

Summary of sample sizes: 1368, 1368, 1368, 1368, 1368, 1368, ... 

Resampling results across tuning parameters:

  C     RMSE   Rsquared  RMSE SD  Rsquared SD
  0.25  0.975  0.979     0.0361   0.00192    
  0.5   0.975  0.979     0.0359   0.00192    
  0.75  0.974  0.979     0.0359   0.00192    
  1     0.975  0.979     0.0361   0.00193    

RMSE was used to select the optimal model using  the smallest value.
The final value used for the model was C = 0.75. 


RUNNING svmLinear : ITERATION 25 
Loading required package: pROC
Support Vector Machines with Linear Kernel 

1368 samples
  10 predictors

No pre-processing
Resampling: Bootstrapped (25 reps) 

Summary of sample sizes: 1368, 1368, 1368, 1368, 1368, 1368, ... 

Resampling results across tuning parameters:

  C     RMSE  Rsquared  RMSE SD  Rsquared SD
  0.25  1.01  0.978     0.0504   0.00243    
  0.5   1.01  0.978     0.0503   0.00241    
  0.75  1.01  0.978     0.0501   0.0024     
  1     1.01  0.978     0.0501   0.0024     

RMSE was used to select the optimal model using  the smallest value.
The final value used for the model was C = 0.25. 


RUNNING svmLinear : ITERATION 26 
Loading required package: pROC
Support Vector Machines with Linear Kernel 

1368 samples
  10 predictors

No pre-processing
Resampling: Bootstrapped (25 reps) 

Summary of sample sizes: 1368, 1368, 1368, 1368, 1368, 1368, ... 

Resampling results across tuning parameters:

  C     RMSE  Rsquared  RMSE SD  Rsquared SD
  0.25  1     0.978     0.0352   0.00186    
  0.5   1     0.978     0.0352   0.00186    
  0.75  1     0.978     0.0354   0.00187    
  1     1     0.979     0.0352   0.00185    

RMSE was used to select the optimal model using  the smallest value.
The final value used for the model was C = 1. 


RUNNING svmLinear : ITERATION 27 
Loading required package: pROC
Support Vector Machines with Linear Kernel 

1368 samples
  10 predictors

No pre-processing
Resampling: Bootstrapped (25 reps) 

Summary of sample sizes: 1368, 1368, 1368, 1368, 1368, 1368, ... 

Resampling results across tuning parameters:

  C     RMSE  Rsquared  RMSE SD  Rsquared SD
  0.25  1.01  0.978     0.0378   0.00209    
  0.5   1.01  0.978     0.0376   0.00207    
  0.75  1.01  0.978     0.0376   0.00207    
  1     1.01  0.978     0.0377   0.00207    

RMSE was used to select the optimal model using  the smallest value.
The final value used for the model was C = 0.25. 


RUNNING svmLinear : ITERATION 28 
Loading required package: pROC
Support Vector Machines with Linear Kernel 

1368 samples
  10 predictors

No pre-processing
Resampling: Bootstrapped (25 reps) 

Summary of sample sizes: 1368, 1368, 1368, 1368, 1368, 1368, ... 

Resampling results across tuning parameters:

  C     RMSE   Rsquared  RMSE SD  Rsquared SD
  0.25  0.964  0.979     0.0286   0.00177    
  0.5   0.964  0.979     0.0288   0.00177    
  0.75  0.964  0.979     0.0287   0.00177    
  1     0.965  0.979     0.0287   0.00177    

RMSE was used to select the optimal model using  the smallest value.
The final value used for the model was C = 0.25. 


RUNNING svmLinear : ITERATION 29 
Loading required package: pROC
Support Vector Machines with Linear Kernel 

1368 samples
  10 predictors

No pre-processing
Resampling: Bootstrapped (25 reps) 

Summary of sample sizes: 1368, 1368, 1368, 1368, 1368, 1368, ... 

Resampling results across tuning parameters:

  C     RMSE  Rsquared  RMSE SD  Rsquared SD
  0.25  1.01  0.978     0.0581   0.00252    
  0.5   1.01  0.978     0.0583   0.00251    
  0.75  1.01  0.978     0.0586   0.00252    
  1     1.01  0.978     0.0588   0.00253    

RMSE was used to select the optimal model using  the smallest value.
The final value used for the model was C = 1. 


RUNNING svmLinear : ITERATION 30 
Loading required package: pROC
Support Vector Machines with Linear Kernel 

1368 samples
  10 predictors

No pre-processing
Resampling: Bootstrapped (25 reps) 

Summary of sample sizes: 1368, 1368, 1368, 1368, 1368, 1368, ... 

Resampling results across tuning parameters:

  C     RMSE   Rsquared  RMSE SD  Rsquared SD
  0.25  0.984  0.979     0.0426   0.00227    
  0.5   0.984  0.979     0.0428   0.00227    
  0.75  0.984  0.979     0.0424   0.00226    
  1     0.984  0.979     0.0426   0.00226    

RMSE was used to select the optimal model using  the smallest value.
The final value used for the model was C = 1. 


RUNNING svmLinear : ITERATION 31 
Loading required package: pROC
Support Vector Machines with Linear Kernel 

1368 samples
  10 predictors

No pre-processing
Resampling: Bootstrapped (25 reps) 

Summary of sample sizes: 1368, 1368, 1368, 1368, 1368, 1368, ... 

Resampling results across tuning parameters:

  C     RMSE  Rsquared  RMSE SD  Rsquared SD
  0.25  1     0.978     0.0493   0.00196    
  0.5   1     0.978     0.0491   0.00196    
  0.75  1     0.978     0.0488   0.00194    
  1     1     0.978     0.0488   0.00195    

RMSE was used to select the optimal model using  the smallest value.
The final value used for the model was C = 0.75. 


RUNNING svmLinear : ITERATION 32 
Loading required package: pROC
Support Vector Machines with Linear Kernel 

1368 samples
  10 predictors

No pre-processing
Resampling: Bootstrapped (25 reps) 

Summary of sample sizes: 1368, 1368, 1368, 1368, 1368, 1368, ... 

Resampling results across tuning parameters:

  C     RMSE  Rsquared  RMSE SD  Rsquared SD
  0.25  1.01  0.977     0.0459   0.00199    
  0.5   1.01  0.977     0.0462   0.00201    
  0.75  1.01  0.977     0.0461   0.002      
  1     1.01  0.977     0.0461   0.002      

RMSE was used to select the optimal model using  the smallest value.
The final value used for the model was C = 0.75. 


RUNNING svmLinear : ITERATION 33 
Loading required package: pROC
Support Vector Machines with Linear Kernel 

1368 samples
  10 predictors

No pre-processing
Resampling: Bootstrapped (25 reps) 

Summary of sample sizes: 1368, 1368, 1368, 1368, 1368, 1368, ... 

Resampling results across tuning parameters:

  C     RMSE  Rsquared  RMSE SD  Rsquared SD
  0.25  1.01  0.978     0.0458   0.00249    
  0.5   1.01  0.978     0.046    0.00249    
  0.75  1.01  0.978     0.0464   0.0025     
  1     1.01  0.978     0.0466   0.00251    

RMSE was used to select the optimal model using  the smallest value.
The final value used for the model was C = 0.5. 


RUNNING svmLinear : ITERATION 34 
Loading required package: pROC
Support Vector Machines with Linear Kernel 

1368 samples
  10 predictors

No pre-processing
Resampling: Bootstrapped (25 reps) 

Summary of sample sizes: 1368, 1368, 1368, 1368, 1368, 1368, ... 

Resampling results across tuning parameters:

  C     RMSE   Rsquared  RMSE SD  Rsquared SD
  0.25  0.975  0.979     0.0407   0.0017     
  0.5   0.975  0.979     0.0413   0.0017     
  0.75  0.975  0.979     0.0414   0.0017     
  1     0.974  0.979     0.0412   0.00169    

RMSE was used to select the optimal model using  the smallest value.
The final value used for the model was C = 1. 


RUNNING svmLinear : ITERATION 35 
Loading required package: pROC
Support Vector Machines with Linear Kernel 

1368 samples
  10 predictors

No pre-processing
Resampling: Bootstrapped (25 reps) 

Summary of sample sizes: 1368, 1368, 1368, 1368, 1368, 1368, ... 

Resampling results across tuning parameters:

  C     RMSE   Rsquared  RMSE SD  Rsquared SD
  0.25  0.979  0.98      0.031    0.00193    
  0.5   0.979  0.98      0.0313   0.00192    
  0.75  0.979  0.98      0.0315   0.00192    
  1     0.979  0.98      0.0317   0.00193    

RMSE was used to select the optimal model using  the smallest value.
The final value used for the model was C = 0.5. 


RUNNING svmLinear : ITERATION 36 
Loading required package: pROC
Support Vector Machines with Linear Kernel 

1368 samples
  10 predictors

No pre-processing
Resampling: Bootstrapped (25 reps) 

Summary of sample sizes: 1368, 1368, 1368, 1368, 1368, 1368, ... 

Resampling results across tuning parameters:

  C     RMSE   Rsquared  RMSE SD  Rsquared SD
  0.25  0.975  0.979     0.048    0.00173    
  0.5   0.975  0.979     0.0474   0.00171    
  0.75  0.975  0.979     0.0474   0.00171    
  1     0.975  0.979     0.0475   0.00171    

RMSE was used to select the optimal model using  the smallest value.
The final value used for the model was C = 0.25. 


RUNNING svmLinear : ITERATION 37 
Loading required package: pROC
Support Vector Machines with Linear Kernel 

1368 samples
  10 predictors

No pre-processing
Resampling: Bootstrapped (25 reps) 

Summary of sample sizes: 1368, 1368, 1368, 1368, 1368, 1368, ... 

Resampling results across tuning parameters:

  C     RMSE  Rsquared  RMSE SD  Rsquared SD
  0.25  1.01  0.978     0.0599   0.00244    
  0.5   1.01  0.978     0.0598   0.00244    
  0.75  1.01  0.978     0.06     0.00245    
  1     1.01  0.978     0.0601   0.00245    

RMSE was used to select the optimal model using  the smallest value.
The final value used for the model was C = 0.25. 


RUNNING svmLinear : ITERATION 38 
Loading required package: pROC
Support Vector Machines with Linear Kernel 

1368 samples
  10 predictors

No pre-processing
Resampling: Bootstrapped (25 reps) 

Summary of sample sizes: 1368, 1368, 1368, 1368, 1368, 1368, ... 

Resampling results across tuning parameters:

  C     RMSE   Rsquared  RMSE SD  Rsquared SD
  0.25  0.965  0.98      0.0356   0.00188    
  0.5   0.965  0.98      0.0355   0.00187    
  0.75  0.965  0.98      0.0355   0.00187    
  1     0.965  0.98      0.0356   0.00187    

RMSE was used to select the optimal model using  the smallest value.
The final value used for the model was C = 0.25. 


RUNNING svmLinear : ITERATION 39 
Loading required package: pROC
Support Vector Machines with Linear Kernel 

1368 samples
  10 predictors

No pre-processing
Resampling: Bootstrapped (25 reps) 

Summary of sample sizes: 1368, 1368, 1368, 1368, 1368, 1368, ... 

Resampling results across tuning parameters:

  C     RMSE  Rsquared  RMSE SD  Rsquared SD
  0.25  1.02  0.977     0.0432   0.00207    
  0.5   1.02  0.977     0.0433   0.00204    
  0.75  1.02  0.977     0.0431   0.00203    
  1     1.02  0.977     0.0431   0.00204    

RMSE was used to select the optimal model using  the smallest value.
The final value used for the model was C = 0.25. 


RUNNING svmLinear : ITERATION 40 
Loading required package: pROC
Support Vector Machines with Linear Kernel 

1368 samples
  10 predictors

No pre-processing
Resampling: Bootstrapped (25 reps) 

Summary of sample sizes: 1368, 1368, 1368, 1368, 1368, 1368, ... 

Resampling results across tuning parameters:

  C     RMSE  Rsquared  RMSE SD  Rsquared SD
  0.25  1.01  0.978     0.0468   0.00223    
  0.5   1     0.978     0.0469   0.00222    
  0.75  1.01  0.978     0.047    0.00223    
  1     1     0.978     0.0471   0.00224    

RMSE was used to select the optimal model using  the smallest value.
The final value used for the model was C = 0.5. 


RUNNING svmLinear : ITERATION 41 
Loading required package: pROC
Support Vector Machines with Linear Kernel 

1368 samples
  10 predictors

No pre-processing
Resampling: Bootstrapped (25 reps) 

Summary of sample sizes: 1368, 1368, 1368, 1368, 1368, 1368, ... 

Resampling results across tuning parameters:

  C     RMSE  Rsquared  RMSE SD  Rsquared SD
  0.25  1     0.977     0.0389   0.00181    
  0.5   1     0.977     0.0389   0.0018     
  0.75  1     0.977     0.0388   0.0018     
  1     1     0.977     0.039    0.00181    

RMSE was used to select the optimal model using  the smallest value.
The final value used for the model was C = 0.5. 


RUNNING svmLinear : ITERATION 42 
Loading required package: pROC
Support Vector Machines with Linear Kernel 

1368 samples
  10 predictors

No pre-processing
Resampling: Bootstrapped (25 reps) 

Summary of sample sizes: 1368, 1368, 1368, 1368, 1368, 1368, ... 

Resampling results across tuning parameters:

  C     RMSE   Rsquared  RMSE SD  Rsquared SD
  0.25  0.972  0.978     0.0439   0.00219    
  0.5   0.972  0.978     0.0438   0.00218    
  0.75  0.972  0.978     0.0439   0.00218    
  1     0.972  0.978     0.044    0.00218    

RMSE was used to select the optimal model using  the smallest value.
The final value used for the model was C = 0.25. 


RUNNING svmLinear : ITERATION 43 
Loading required package: pROC
Support Vector Machines with Linear Kernel 

1368 samples
  10 predictors

No pre-processing
Resampling: Bootstrapped (25 reps) 

Summary of sample sizes: 1368, 1368, 1368, 1368, 1368, 1368, ... 

Resampling results across tuning parameters:

  C     RMSE  Rsquared  RMSE SD  Rsquared SD
  0.25  1.02  0.977     0.0526   0.00252    
  0.5   1.02  0.977     0.0526   0.00254    
  0.75  1.02  0.977     0.0527   0.00253    
  1     1.02  0.977     0.0527   0.00253    

RMSE was used to select the optimal model using  the smallest value.
The final value used for the model was C = 0.25. 


RUNNING svmLinear : ITERATION 44 
Loading required package: pROC
Support Vector Machines with Linear Kernel 

1368 samples
  10 predictors

No pre-processing
Resampling: Bootstrapped (25 reps) 

Summary of sample sizes: 1368, 1368, 1368, 1368, 1368, 1368, ... 

Resampling results across tuning parameters:

  C     RMSE  Rsquared  RMSE SD  Rsquared SD
  0.25  1.01  0.977     0.0554   0.00248    
  0.5   1.02  0.977     0.0558   0.00249    
  0.75  1.02  0.977     0.056    0.00249    
  1     1.02  0.977     0.0559   0.00248    

RMSE was used to select the optimal model using  the smallest value.
The final value used for the model was C = 0.25. 


RUNNING svmLinear : ITERATION 45 
Loading required package: pROC
Support Vector Machines with Linear Kernel 

1368 samples
  10 predictors

No pre-processing
Resampling: Bootstrapped (25 reps) 

Summary of sample sizes: 1368, 1368, 1368, 1368, 1368, 1368, ... 

Resampling results across tuning parameters:

  C     RMSE   Rsquared  RMSE SD  Rsquared SD
  0.25  1      0.978     0.0446   0.00222    
  0.5   0.999  0.978     0.0448   0.00223    
  0.75  0.999  0.978     0.0449   0.00224    
  1     1      0.978     0.0447   0.00224    

RMSE was used to select the optimal model using  the smallest value.
The final value used for the model was C = 0.5. 


RUNNING svmLinear : ITERATION 46 
Loading required package: pROC
Support Vector Machines with Linear Kernel 

1368 samples
  10 predictors

No pre-processing
Resampling: Bootstrapped (25 reps) 

Summary of sample sizes: 1368, 1368, 1368, 1368, 1368, 1368, ... 

Resampling results across tuning parameters:

  C     RMSE   Rsquared  RMSE SD  Rsquared SD
  0.25  0.988  0.977     0.0565   0.00284    
  0.5   0.989  0.977     0.0568   0.00286    
  0.75  0.989  0.977     0.0568   0.00286    
  1     0.989  0.977     0.0568   0.00287    

RMSE was used to select the optimal model using  the smallest value.
The final value used for the model was C = 0.25. 


RUNNING svmLinear : ITERATION 47 
Loading required package: pROC
Support Vector Machines with Linear Kernel 

1368 samples
  10 predictors

No pre-processing
Resampling: Bootstrapped (25 reps) 

Summary of sample sizes: 1368, 1368, 1368, 1368, 1368, 1368, ... 

Resampling results across tuning parameters:

  C     RMSE   Rsquared  RMSE SD  Rsquared SD
  0.25  0.999  0.978     0.0393   0.00194    
  0.5   1      0.978     0.0389   0.00193    
  0.75  1      0.978     0.039    0.00193    
  1     1      0.978     0.0391   0.00193    

RMSE was used to select the optimal model using  the smallest value.
The final value used for the model was C = 0.25. 


RUNNING svmLinear : ITERATION 48 
Loading required package: pROC
Support Vector Machines with Linear Kernel 

1368 samples
  10 predictors

No pre-processing
Resampling: Bootstrapped (25 reps) 

Summary of sample sizes: 1368, 1368, 1368, 1368, 1368, 1368, ... 

Resampling results across tuning parameters:

  C     RMSE   Rsquared  RMSE SD  Rsquared SD
  0.25  0.962  0.978     0.0414   0.00174    
  0.5   0.963  0.978     0.0416   0.00175    
  0.75  0.963  0.978     0.0419   0.00176    
  1     0.963  0.978     0.042    0.00176    

RMSE was used to select the optimal model using  the smallest value.
The final value used for the model was C = 0.25. 


RUNNING svmLinear : ITERATION 49 
Loading required package: pROC
Support Vector Machines with Linear Kernel 

1368 samples
  10 predictors

No pre-processing
Resampling: Bootstrapped (25 reps) 

Summary of sample sizes: 1368, 1368, 1368, 1368, 1368, 1368, ... 

Resampling results across tuning parameters:

  C     RMSE   Rsquared  RMSE SD  Rsquared SD
  0.25  0.993  0.978     0.0451   0.00214    
  0.5   0.993  0.978     0.045    0.00214    
  0.75  0.994  0.978     0.0447   0.00213    
  1     0.994  0.978     0.0449   0.00213    

RMSE was used to select the optimal model using  the smallest value.
The final value used for the model was C = 0.25. 


RUNNING svmLinear : ITERATION 50 
Loading required package: pROC
Support Vector Machines with Linear Kernel 

1368 samples
  10 predictors

No pre-processing
Resampling: Bootstrapped (25 reps) 

Summary of sample sizes: 1368, 1368, 1368, 1368, 1368, 1368, ... 

Resampling results across tuning parameters:

  C     RMSE   Rsquared  RMSE SD  Rsquared SD
  0.25  0.989  0.978     0.0419   0.00255    
  0.5   0.989  0.978     0.0421   0.00255    
  0.75  0.989  0.978     0.0421   0.00255    
  1     0.989  0.978     0.0423   0.00255    

RMSE was used to select the optimal model using  the smallest value.
The final value used for the model was C = 0.25. 


RUNNING svmLinear : ITERATION 51 
Loading required package: pROC
Support Vector Machines with Linear Kernel 

1368 samples
  10 predictors

No pre-processing
Resampling: Bootstrapped (25 reps) 

Summary of sample sizes: 1368, 1368, 1368, 1368, 1368, 1368, ... 

Resampling results across tuning parameters:

  C     RMSE  Rsquared  RMSE SD  Rsquared SD
  0.25  1.03  0.977     0.0372   0.00159    
  0.5   1.03  0.977     0.0371   0.00158    
  0.75  1.03  0.977     0.037    0.00158    
  1     1.03  0.977     0.0369   0.00157    

RMSE was used to select the optimal model using  the smallest value.
The final value used for the model was C = 0.25. 


RUNNING svmLinear : ITERATION 52 
Loading required package: pROC
Support Vector Machines with Linear Kernel 

1368 samples
  10 predictors

No pre-processing
Resampling: Bootstrapped (25 reps) 

Summary of sample sizes: 1368, 1368, 1368, 1368, 1368, 1368, ... 

Resampling results across tuning parameters:

  C     RMSE  Rsquared  RMSE SD  Rsquared SD
  0.25  1     0.977     0.0594   0.0024     
  0.5   1     0.977     0.0592   0.00239    
  0.75  1     0.977     0.0591   0.00238    
  1     1     0.977     0.059    0.00238    

RMSE was used to select the optimal model using  the smallest value.
The final value used for the model was C = 0.25. 


RUNNING svmLinear : ITERATION 53 
Loading required package: pROC
Support Vector Machines with Linear Kernel 

1368 samples
  10 predictors

No pre-processing
Resampling: Bootstrapped (25 reps) 

Summary of sample sizes: 1368, 1368, 1368, 1368, 1368, 1368, ... 

Resampling results across tuning parameters:

  C     RMSE   Rsquared  RMSE SD  Rsquared SD
  0.25  0.982  0.978     0.039    0.00195    
  0.5   0.982  0.978     0.0383   0.00192    
  0.75  0.982  0.978     0.0385   0.00193    
  1     0.982  0.978     0.0384   0.00193    

RMSE was used to select the optimal model using  the smallest value.
The final value used for the model was C = 1. 


RUNNING svmLinear : ITERATION 54 
Loading required package: pROC
Support Vector Machines with Linear Kernel 

1368 samples
  10 predictors

No pre-processing
Resampling: Bootstrapped (25 reps) 

Summary of sample sizes: 1368, 1368, 1368, 1368, 1368, 1368, ... 

Resampling results across tuning parameters:

  C     RMSE   Rsquared  RMSE SD  Rsquared SD
  0.25  0.993  0.978     0.0492   0.00233    
  0.5   0.992  0.978     0.0492   0.00232    
  0.75  0.993  0.978     0.0492   0.00232    
  1     0.992  0.978     0.0492   0.00232    

RMSE was used to select the optimal model using  the smallest value.
The final value used for the model was C = 0.5. 


RUNNING svmLinear : ITERATION 55 
Loading required package: pROC
Support Vector Machines with Linear Kernel 

1368 samples
  10 predictors

No pre-processing
Resampling: Bootstrapped (25 reps) 

Summary of sample sizes: 1368, 1368, 1368, 1368, 1368, 1368, ... 

Resampling results across tuning parameters:

  C     RMSE   Rsquared  RMSE SD  Rsquared SD
  0.25  0.951  0.979     0.0418   0.00168    
  0.5   0.951  0.979     0.0416   0.00166    
  0.75  0.951  0.979     0.0416   0.00166    
  1     0.951  0.979     0.0416   0.00167    

RMSE was used to select the optimal model using  the smallest value.
The final value used for the model was C = 0.25. 


RUNNING svmLinear : ITERATION 56 
Loading required package: pROC
Support Vector Machines with Linear Kernel 

1368 samples
  10 predictors

No pre-processing
Resampling: Bootstrapped (25 reps) 

Summary of sample sizes: 1368, 1368, 1368, 1368, 1368, 1368, ... 

Resampling results across tuning parameters:

  C     RMSE   Rsquared  RMSE SD  Rsquared SD
  0.25  0.963  0.98      0.0428   0.00173    
  0.5   0.963  0.98      0.0437   0.00176    
  0.75  0.963  0.98      0.0437   0.00177    
  1     0.963  0.98      0.0439   0.00177    

RMSE was used to select the optimal model using  the smallest value.
The final value used for the model was C = 0.5. 


RUNNING svmLinear : ITERATION 57 
Loading required package: pROC
Support Vector Machines with Linear Kernel 

1368 samples
  10 predictors

No pre-processing
Resampling: Bootstrapped (25 reps) 

Summary of sample sizes: 1368, 1368, 1368, 1368, 1368, 1368, ... 

Resampling results across tuning parameters:

  C     RMSE  Rsquared  RMSE SD  Rsquared SD
  0.25  1.02  0.978     0.0516   0.00248    
  0.5   1.02  0.978     0.0518   0.00248    
  0.75  1.02  0.978     0.0518   0.00247    
  1     1.02  0.978     0.0515   0.00246    

RMSE was used to select the optimal model using  the smallest value.
The final value used for the model was C = 0.75. 


RUNNING svmLinear : ITERATION 58 
Loading required package: pROC
Support Vector Machines with Linear Kernel 

1368 samples
  10 predictors

No pre-processing
Resampling: Bootstrapped (25 reps) 

Summary of sample sizes: 1368, 1368, 1368, 1368, 1368, 1368, ... 

Resampling results across tuning parameters:

  C     RMSE  Rsquared  RMSE SD  Rsquared SD
  0.25  1.02  0.978     0.0541   0.00247    
  0.5   1.02  0.978     0.0541   0.00247    
  0.75  1.02  0.978     0.0537   0.00245    
  1     1.02  0.978     0.0538   0.00245    

RMSE was used to select the optimal model using  the smallest value.
The final value used for the model was C = 0.25. 


RUNNING svmLinear : ITERATION 59 
Loading required package: pROC
Support Vector Machines with Linear Kernel 

1368 samples
  10 predictors

No pre-processing
Resampling: Bootstrapped (25 reps) 

Summary of sample sizes: 1368, 1368, 1368, 1368, 1368, 1368, ... 

Resampling results across tuning parameters:

  C     RMSE  Rsquared  RMSE SD  Rsquared SD
  0.25  1.01  0.978     0.0549   0.00226    
  0.5   1.01  0.978     0.0552   0.00228    
  0.75  1.01  0.978     0.0554   0.00228    
  1     1.01  0.978     0.0554   0.00229    

RMSE was used to select the optimal model using  the smallest value.
The final value used for the model was C = 0.25. 


RUNNING svmLinear : ITERATION 60 
Loading required package: pROC
Support Vector Machines with Linear Kernel 

1368 samples
  10 predictors

No pre-processing
Resampling: Bootstrapped (25 reps) 

Summary of sample sizes: 1368, 1368, 1368, 1368, 1368, 1368, ... 

Resampling results across tuning parameters:

  C     RMSE  Rsquared  RMSE SD  Rsquared SD
  0.25  1.01  0.978     0.0545   0.00222    
  0.5   1.01  0.978     0.0544   0.00221    
  0.75  1.01  0.978     0.0544   0.00221    
  1     1.01  0.978     0.0543   0.0022     

RMSE was used to select the optimal model using  the smallest value.
The final value used for the model was C = 0.5. 


RUNNING svmLinear : ITERATION 61 
Loading required package: pROC
Support Vector Machines with Linear Kernel 

1368 samples
  10 predictors

No pre-processing
Resampling: Bootstrapped (25 reps) 

Summary of sample sizes: 1368, 1368, 1368, 1368, 1368, 1368, ... 

Resampling results across tuning parameters:

  C     RMSE  Rsquared  RMSE SD  Rsquared SD
  0.25  1     0.978     0.0599   0.00257    
  0.5   1     0.978     0.0602   0.00258    
  0.75  1     0.978     0.0604   0.00258    
  1     1     0.978     0.0604   0.00258    

RMSE was used to select the optimal model using  the smallest value.
The final value used for the model was C = 0.25. 


RUNNING svmLinear : ITERATION 62 
Loading required package: pROC
Support Vector Machines with Linear Kernel 

1368 samples
  10 predictors

No pre-processing
Resampling: Bootstrapped (25 reps) 

Summary of sample sizes: 1368, 1368, 1368, 1368, 1368, 1368, ... 

Resampling results across tuning parameters:

  C     RMSE  Rsquared  RMSE SD  Rsquared SD
  0.25  1.01  0.977     0.0441   0.00226    
  0.5   1.01  0.977     0.0441   0.00225    
  0.75  1.01  0.977     0.0444   0.00226    
  1     1.01  0.977     0.0442   0.00226    

RMSE was used to select the optimal model using  the smallest value.
The final value used for the model was C = 0.25. 


RUNNING svmLinear : ITERATION 63 
Loading required package: pROC
Support Vector Machines with Linear Kernel 

1368 samples
  10 predictors

No pre-processing
Resampling: Bootstrapped (25 reps) 

Summary of sample sizes: 1368, 1368, 1368, 1368, 1368, 1368, ... 

Resampling results across tuning parameters:

  C     RMSE  Rsquared  RMSE SD  Rsquared SD
  0.25  1.01  0.978     0.0408   0.0024     
  0.5   1.01  0.978     0.0409   0.00241    
  0.75  1.01  0.978     0.0407   0.00239    
  1     1.01  0.978     0.0411   0.00241    

RMSE was used to select the optimal model using  the smallest value.
The final value used for the model was C = 0.25. 


RUNNING svmLinear : ITERATION 64 
Loading required package: pROC
Support Vector Machines with Linear Kernel 

1368 samples
  10 predictors

No pre-processing
Resampling: Bootstrapped (25 reps) 

Summary of sample sizes: 1368, 1368, 1368, 1368, 1368, 1368, ... 

Resampling results across tuning parameters:

  C     RMSE   Rsquared  RMSE SD  Rsquared SD
  0.25  0.975  0.979     0.0449   0.00205    
  0.5   0.975  0.979     0.0445   0.00203    
  0.75  0.975  0.979     0.0446   0.00203    
  1     0.975  0.979     0.0446   0.00204    

RMSE was used to select the optimal model using  the smallest value.
The final value used for the model was C = 0.75. 


RUNNING svmLinear : ITERATION 65 
Loading required package: pROC
Support Vector Machines with Linear Kernel 

1368 samples
  10 predictors

No pre-processing
Resampling: Bootstrapped (25 reps) 

Summary of sample sizes: 1368, 1368, 1368, 1368, 1368, 1368, ... 

Resampling results across tuning parameters:

  C     RMSE  Rsquared  RMSE SD  Rsquared SD
  0.25  1.02  0.977     0.0426   0.00197    
  0.5   1.02  0.977     0.0428   0.00197    
  0.75  1.02  0.977     0.043    0.00199    
  1     1.02  0.977     0.0432   0.002      

RMSE was used to select the optimal model using  the smallest value.
The final value used for the model was C = 1. 


RUNNING svmLinear : ITERATION 66 
Loading required package: pROC
Support Vector Machines with Linear Kernel 

1368 samples
  10 predictors

No pre-processing
Resampling: Bootstrapped (25 reps) 

Summary of sample sizes: 1368, 1368, 1368, 1368, 1368, 1368, ... 

Resampling results across tuning parameters:

  C     RMSE  Rsquared  RMSE SD  Rsquared SD
  0.25  1.01  0.978     0.0406   0.00162    
  0.5   1.01  0.978     0.0413   0.00163    
  0.75  1.01  0.978     0.0412   0.00162    
  1     1.01  0.978     0.0411   0.00161    

RMSE was used to select the optimal model using  the smallest value.
The final value used for the model was C = 0.25. 


RUNNING svmLinear : ITERATION 67 
Loading required package: pROC
Support Vector Machines with Linear Kernel 

1368 samples
  10 predictors

No pre-processing
Resampling: Bootstrapped (25 reps) 

Summary of sample sizes: 1368, 1368, 1368, 1368, 1368, 1368, ... 

Resampling results across tuning parameters:

  C     RMSE   Rsquared  RMSE SD  Rsquared SD
  0.25  0.983  0.979     0.0511   0.00251    
  0.5   0.983  0.979     0.0512   0.0025     
  0.75  0.983  0.979     0.0512   0.0025     
  1     0.983  0.979     0.051    0.00249    

RMSE was used to select the optimal model using  the smallest value.
The final value used for the model was C = 0.25. 


RUNNING svmLinear : ITERATION 68 
Loading required package: pROC
Support Vector Machines with Linear Kernel 

1368 samples
  10 predictors

No pre-processing
Resampling: Bootstrapped (25 reps) 

Summary of sample sizes: 1368, 1368, 1368, 1368, 1368, 1368, ... 

Resampling results across tuning parameters:

  C     RMSE  Rsquared  RMSE SD  Rsquared SD
  0.25  1     0.977     0.0595   0.00242    
  0.5   1     0.977     0.0599   0.00242    
  0.75  1     0.977     0.0596   0.00241    
  1     1     0.977     0.0598   0.00242    

RMSE was used to select the optimal model using  the smallest value.
The final value used for the model was C = 1. 


RUNNING svmLinear : ITERATION 69 
Loading required package: pROC
Support Vector Machines with Linear Kernel 

1368 samples
  10 predictors

No pre-processing
Resampling: Bootstrapped (25 reps) 

Summary of sample sizes: 1368, 1368, 1368, 1368, 1368, 1368, ... 

Resampling results across tuning parameters:

  C     RMSE   Rsquared  RMSE SD  Rsquared SD
  0.25  0.999  0.978     0.048    0.00202    
  0.5   0.999  0.978     0.0479   0.00201    
  0.75  0.999  0.978     0.0478   0.00201    
  1     0.999  0.978     0.048    0.00202    

RMSE was used to select the optimal model using  the smallest value.
The final value used for the model was C = 0.5. 


RUNNING svmLinear : ITERATION 70 
Loading required package: pROC
Support Vector Machines with Linear Kernel 

1368 samples
  10 predictors

No pre-processing
Resampling: Bootstrapped (25 reps) 

Summary of sample sizes: 1368, 1368, 1368, 1368, 1368, 1368, ... 

Resampling results across tuning parameters:

  C     RMSE  Rsquared  RMSE SD  Rsquared SD
  0.25  1     0.978     0.0406   0.00174    
  0.5   1     0.978     0.0405   0.00174    
  0.75  1     0.978     0.0405   0.00174    
  1     1     0.978     0.0403   0.00173    

RMSE was used to select the optimal model using  the smallest value.
The final value used for the model was C = 0.75. 


RUNNING svmLinear : ITERATION 71 
Loading required package: pROC
Support Vector Machines with Linear Kernel 

1368 samples
  10 predictors

No pre-processing
Resampling: Bootstrapped (25 reps) 

Summary of sample sizes: 1368, 1368, 1368, 1368, 1368, 1368, ... 

Resampling results across tuning parameters:

  C     RMSE  Rsquared  RMSE SD  Rsquared SD
  0.25  1     0.978     0.0576   0.00259    
  0.5   1     0.978     0.0573   0.00258    
  0.75  1     0.978     0.0573   0.00258    
  1     1     0.978     0.0573   0.00258    

RMSE was used to select the optimal model using  the smallest value.
The final value used for the model was C = 0.75. 


RUNNING svmLinear : ITERATION 72 
Loading required package: pROC
Support Vector Machines with Linear Kernel 

1368 samples
  10 predictors

No pre-processing
Resampling: Bootstrapped (25 reps) 

Summary of sample sizes: 1368, 1368, 1368, 1368, 1368, 1368, ... 

Resampling results across tuning parameters:

  C     RMSE  Rsquared  RMSE SD  Rsquared SD
  0.25  1     0.978     0.0602   0.0028     
  0.5   1     0.978     0.0602   0.0028     
  0.75  1     0.978     0.0603   0.0028     
  1     1     0.978     0.0603   0.0028     

RMSE was used to select the optimal model using  the smallest value.
The final value used for the model was C = 0.75. 


RUNNING svmLinear : ITERATION 73 
Loading required package: pROC
Support Vector Machines with Linear Kernel 

1368 samples
  10 predictors

No pre-processing
Resampling: Bootstrapped (25 reps) 

Summary of sample sizes: 1368, 1368, 1368, 1368, 1368, 1368, ... 

Resampling results across tuning parameters:

  C     RMSE   Rsquared  RMSE SD  Rsquared SD
  0.25  0.956  0.979     0.0279   0.00147    
  0.5   0.956  0.979     0.0282   0.00148    
  0.75  0.955  0.979     0.0285   0.00149    
  1     0.955  0.979     0.0287   0.00149    

RMSE was used to select the optimal model using  the smallest value.
The final value used for the model was C = 0.75. 


RUNNING svmLinear : ITERATION 74 
Loading required package: pROC
Support Vector Machines with Linear Kernel 

1368 samples
  10 predictors

No pre-processing
Resampling: Bootstrapped (25 reps) 

Summary of sample sizes: 1368, 1368, 1368, 1368, 1368, 1368, ... 

Resampling results across tuning parameters:

  C     RMSE  Rsquared  RMSE SD  Rsquared SD
  0.25  1     0.978     0.0427   0.00209    
  0.5   1     0.978     0.043    0.0021     
  0.75  1     0.978     0.0429   0.00209    
  1     1     0.978     0.0429   0.00208    

RMSE was used to select the optimal model using  the smallest value.
The final value used for the model was C = 1. 


RUNNING svmLinear : ITERATION 75 
Loading required package: pROC
Support Vector Machines with Linear Kernel 

1368 samples
  10 predictors

No pre-processing
Resampling: Bootstrapped (25 reps) 

Summary of sample sizes: 1368, 1368, 1368, 1368, 1368, 1368, ... 

Resampling results across tuning parameters:

  C     RMSE  Rsquared  RMSE SD  Rsquared SD
  0.25  1.02  0.978     0.0456   0.00205    
  0.5   1.02  0.978     0.0459   0.00205    
  0.75  1.02  0.978     0.0462   0.00206    
  1     1.02  0.978     0.0463   0.00207    

RMSE was used to select the optimal model using  the smallest value.
The final value used for the model was C = 0.25. 


RUNNING svmLinear : ITERATION 76 
Loading required package: pROC
Support Vector Machines with Linear Kernel 

1368 samples
  10 predictors

No pre-processing
Resampling: Bootstrapped (25 reps) 

Summary of sample sizes: 1368, 1368, 1368, 1368, 1368, 1368, ... 

Resampling results across tuning parameters:

  C     RMSE   Rsquared  RMSE SD  Rsquared SD
  0.25  0.994  0.978     0.0534   0.00213    
  0.5   0.994  0.978     0.0532   0.00212    
  0.75  0.994  0.978     0.0532   0.00212    
  1     0.994  0.978     0.0533   0.00212    

RMSE was used to select the optimal model using  the smallest value.
The final value used for the model was C = 0.25. 


RUNNING svmLinear : ITERATION 77 
Loading required package: pROC
Support Vector Machines with Linear Kernel 

1368 samples
  10 predictors

No pre-processing
Resampling: Bootstrapped (25 reps) 

Summary of sample sizes: 1368, 1368, 1368, 1368, 1368, 1368, ... 

Resampling results across tuning parameters:

  C     RMSE  Rsquared  RMSE SD  Rsquared SD
  0.25  1.01  0.977     0.047    0.002      
  0.5   1.01  0.977     0.0469   0.002      
  0.75  1.01  0.977     0.0471   0.00201    
  1     1.01  0.977     0.0472   0.00201    

RMSE was used to select the optimal model using  the smallest value.
The final value used for the model was C = 0.25. 


RUNNING svmLinear : ITERATION 78 
Loading required package: pROC
Support Vector Machines with Linear Kernel 

1368 samples
  10 predictors

No pre-processing
Resampling: Bootstrapped (25 reps) 

Summary of sample sizes: 1368, 1368, 1368, 1368, 1368, 1368, ... 

Resampling results across tuning parameters:

  C     RMSE  Rsquared  RMSE SD  Rsquared SD
  0.25  1.01  0.976     0.037    0.00166    
  0.5   1.01  0.976     0.0372   0.00167    
  0.75  1.01  0.976     0.0372   0.00167    
  1     1.01  0.976     0.0373   0.00166    

RMSE was used to select the optimal model using  the smallest value.
The final value used for the model was C = 0.25. 


RUNNING svmLinear : ITERATION 79 
Loading required package: pROC
Support Vector Machines with Linear Kernel 

1368 samples
  10 predictors

No pre-processing
Resampling: Bootstrapped (25 reps) 

Summary of sample sizes: 1368, 1368, 1368, 1368, 1368, 1368, ... 

Resampling results across tuning parameters:

  C     RMSE   Rsquared  RMSE SD  Rsquared SD
  0.25  0.976  0.979     0.0394   0.00191    
  0.5   0.976  0.979     0.0396   0.00193    
  0.75  0.977  0.979     0.0398   0.00193    
  1     0.977  0.979     0.0398   0.00194    

RMSE was used to select the optimal model using  the smallest value.
The final value used for the model was C = 0.25. 


RUNNING svmLinear : ITERATION 80 
Loading required package: pROC
Support Vector Machines with Linear Kernel 

1368 samples
  10 predictors

No pre-processing
Resampling: Bootstrapped (25 reps) 

Summary of sample sizes: 1368, 1368, 1368, 1368, 1368, 1368, ... 

Resampling results across tuning parameters:

  C     RMSE   Rsquared  RMSE SD  Rsquared SD
  0.25  0.987  0.978     0.0525   0.00234    
  0.5   0.987  0.978     0.0525   0.00234    
  0.75  0.986  0.978     0.0525   0.00234    
  1     0.986  0.978     0.0524   0.00234    

RMSE was used to select the optimal model using  the smallest value.
The final value used for the model was C = 1. 


RUNNING svmLinear : ITERATION 81 
Loading required package: pROC
Support Vector Machines with Linear Kernel 

1368 samples
  10 predictors

No pre-processing
Resampling: Bootstrapped (25 reps) 

Summary of sample sizes: 1368, 1368, 1368, 1368, 1368, 1368, ... 

Resampling results across tuning parameters:

  C     RMSE  Rsquared  RMSE SD  Rsquared SD
  0.25  1.03  0.976     0.0477   0.00246    
  0.5   1.03  0.976     0.0478   0.00247    
  0.75  1.03  0.976     0.0479   0.00248    
  1     1.03  0.976     0.0478   0.00248    

RMSE was used to select the optimal model using  the smallest value.
The final value used for the model was C = 0.25. 


RUNNING svmLinear : ITERATION 82 
Loading required package: pROC
Support Vector Machines with Linear Kernel 

1368 samples
  10 predictors

No pre-processing
Resampling: Bootstrapped (25 reps) 

Summary of sample sizes: 1368, 1368, 1368, 1368, 1368, 1368, ... 

Resampling results across tuning parameters:

  C     RMSE   Rsquared  RMSE SD  Rsquared SD
  0.25  0.994  0.978     0.0365   0.00195    
  0.5   0.994  0.978     0.0368   0.00197    
  0.75  0.994  0.978     0.0366   0.00196    
  1     0.994  0.978     0.0367   0.00196    

RMSE was used to select the optimal model using  the smallest value.
The final value used for the model was C = 0.25. 


RUNNING svmLinear : ITERATION 83 
Loading required package: pROC
Support Vector Machines with Linear Kernel 

1368 samples
  10 predictors

No pre-processing
Resampling: Bootstrapped (25 reps) 

Summary of sample sizes: 1368, 1368, 1368, 1368, 1368, 1368, ... 

Resampling results across tuning parameters:

  C     RMSE  Rsquared  RMSE SD  Rsquared SD
  0.25  1.01  0.978     0.0437   0.00191    
  0.5   1.01  0.978     0.0438   0.00192    
  0.75  1.01  0.978     0.044    0.00192    
  1     1.01  0.978     0.044    0.00193    

RMSE was used to select the optimal model using  the smallest value.
The final value used for the model was C = 0.25. 


RUNNING svmLinear : ITERATION 84 
Loading required package: pROC
Support Vector Machines with Linear Kernel 

1368 samples
  10 predictors

No pre-processing
Resampling: Bootstrapped (25 reps) 

Summary of sample sizes: 1368, 1368, 1368, 1368, 1368, 1368, ... 

Resampling results across tuning parameters:

  C     RMSE  Rsquared  RMSE SD  Rsquared SD
  0.25  0.98  0.979     0.0397   0.00161    
  0.5   0.98  0.979     0.0399   0.00161    
  0.75  0.98  0.979     0.04     0.00161    
  1     0.98  0.979     0.04     0.00161    

RMSE was used to select the optimal model using  the smallest value.
The final value used for the model was C = 0.25. 


RUNNING svmLinear : ITERATION 85 
Loading required package: pROC
Support Vector Machines with Linear Kernel 

1368 samples
  10 predictors

No pre-processing
Resampling: Bootstrapped (25 reps) 

Summary of sample sizes: 1368, 1368, 1368, 1368, 1368, 1368, ... 

Resampling results across tuning parameters:

  C     RMSE  Rsquared  RMSE SD  Rsquared SD
  0.25  0.97  0.979     0.0391   0.00187    
  0.5   0.97  0.979     0.0397   0.00188    
  0.75  0.97  0.979     0.0396   0.00187    
  1     0.97  0.979     0.0397   0.00188    

RMSE was used to select the optimal model using  the smallest value.
The final value used for the model was C = 0.25. 


RUNNING svmLinear : ITERATION 86 
Loading required package: pROC
Support Vector Machines with Linear Kernel 

1368 samples
  10 predictors

No pre-processing
Resampling: Bootstrapped (25 reps) 

Summary of sample sizes: 1368, 1368, 1368, 1368, 1368, 1368, ... 

Resampling results across tuning parameters:

  C     RMSE  Rsquared  RMSE SD  Rsquared SD
  0.25  1.01  0.978     0.0507   0.00222    
  0.5   1.01  0.978     0.0508   0.00221    
  0.75  1.01  0.978     0.051    0.00222    
  1     1.01  0.978     0.051    0.00222    

RMSE was used to select the optimal model using  the smallest value.
The final value used for the model was C = 0.25. 


RUNNING svmLinear : ITERATION 87 
Loading required package: pROC
Support Vector Machines with Linear Kernel 

1368 samples
  10 predictors

No pre-processing
Resampling: Bootstrapped (25 reps) 

Summary of sample sizes: 1368, 1368, 1368, 1368, 1368, 1368, ... 

Resampling results across tuning parameters:

  C     RMSE   Rsquared  RMSE SD  Rsquared SD
  0.25  0.978  0.979     0.0358   0.00172    
  0.5   0.978  0.979     0.0358   0.00172    
  0.75  0.978  0.979     0.0357   0.00172    
  1     0.978  0.979     0.0358   0.00172    

RMSE was used to select the optimal model using  the smallest value.
The final value used for the model was C = 1. 


RUNNING svmLinear : ITERATION 88 
Loading required package: pROC
Support Vector Machines with Linear Kernel 

1368 samples
  10 predictors

No pre-processing
Resampling: Bootstrapped (25 reps) 

Summary of sample sizes: 1368, 1368, 1368, 1368, 1368, 1368, ... 

Resampling results across tuning parameters:

  C     RMSE  Rsquared  RMSE SD  Rsquared SD
  0.25  1     0.977     0.05     0.00265    
  0.5   1     0.977     0.0503   0.00265    
  0.75  1     0.977     0.0502   0.00266    
  1     1     0.977     0.0499   0.00265    

RMSE was used to select the optimal model using  the smallest value.
The final value used for the model was C = 0.25. 


RUNNING svmLinear : ITERATION 89 
Loading required package: pROC
Support Vector Machines with Linear Kernel 

1368 samples
  10 predictors

No pre-processing
Resampling: Bootstrapped (25 reps) 

Summary of sample sizes: 1368, 1368, 1368, 1368, 1368, 1368, ... 

Resampling results across tuning parameters:

  C     RMSE  Rsquared  RMSE SD  Rsquared SD
  0.25  1.02  0.977     0.0464   0.00154    
  0.5   1.02  0.977     0.0462   0.00153    
  0.75  1.02  0.977     0.0461   0.00153    
  1     1.02  0.977     0.0461   0.00153    

RMSE was used to select the optimal model using  the smallest value.
The final value used for the model was C = 0.25. 


RUNNING svmLinear : ITERATION 90 
Loading required package: pROC
Support Vector Machines with Linear Kernel 

1368 samples
  10 predictors

No pre-processing
Resampling: Bootstrapped (25 reps) 

Summary of sample sizes: 1368, 1368, 1368, 1368, 1368, 1368, ... 

Resampling results across tuning parameters:

  C     RMSE  Rsquared  RMSE SD  Rsquared SD
  0.25  1.01  0.978     0.0563   0.00239    
  0.5   1.01  0.978     0.0564   0.00238    
  0.75  1.01  0.978     0.0563   0.00238    
  1     1.01  0.978     0.0561   0.00237    

RMSE was used to select the optimal model using  the smallest value.
The final value used for the model was C = 0.25. 


RUNNING svmLinear : ITERATION 91 
Loading required package: pROC
Support Vector Machines with Linear Kernel 

1368 samples
  10 predictors

No pre-processing
Resampling: Bootstrapped (25 reps) 

Summary of sample sizes: 1368, 1368, 1368, 1368, 1368, 1368, ... 

Resampling results across tuning parameters:

  C     RMSE   Rsquared  RMSE SD  Rsquared SD
  0.25  0.988  0.979     0.0554   0.00247    
  0.5   0.988  0.979     0.0558   0.00247    
  0.75  0.988  0.979     0.0557   0.00247    
  1     0.988  0.979     0.0558   0.00247    

RMSE was used to select the optimal model using  the smallest value.
The final value used for the model was C = 0.25. 


RUNNING svmLinear : ITERATION 92 
Loading required package: pROC
Support Vector Machines with Linear Kernel 

1368 samples
  10 predictors

No pre-processing
Resampling: Bootstrapped (25 reps) 

Summary of sample sizes: 1368, 1368, 1368, 1368, 1368, 1368, ... 

Resampling results across tuning parameters:

  C     RMSE   Rsquared  RMSE SD  Rsquared SD
  0.25  0.974  0.979     0.0332   0.00196    
  0.5   0.974  0.979     0.0334   0.00196    
  0.75  0.974  0.979     0.0334   0.00196    
  1     0.974  0.979     0.0334   0.00196    

RMSE was used to select the optimal model using  the smallest value.
The final value used for the model was C = 0.25. 


RUNNING svmLinear : ITERATION 93 
Loading required package: pROC
Support Vector Machines with Linear Kernel 

1368 samples
  10 predictors

No pre-processing
Resampling: Bootstrapped (25 reps) 

Summary of sample sizes: 1368, 1368, 1368, 1368, 1368, 1368, ... 

Resampling results across tuning parameters:

  C     RMSE   Rsquared  RMSE SD  Rsquared SD
  0.25  0.984  0.979     0.0368   0.00188    
  0.5   0.984  0.979     0.0371   0.00188    
  0.75  0.984  0.979     0.0371   0.00189    
  1     0.984  0.979     0.037    0.00189    

RMSE was used to select the optimal model using  the smallest value.
The final value used for the model was C = 1. 


RUNNING svmLinear : ITERATION 94 
Loading required package: pROC
Support Vector Machines with Linear Kernel 

1368 samples
  10 predictors

No pre-processing
Resampling: Bootstrapped (25 reps) 

Summary of sample sizes: 1368, 1368, 1368, 1368, 1368, 1368, ... 

Resampling results across tuning parameters:

  C     RMSE   Rsquared  RMSE SD  Rsquared SD
  0.25  0.994  0.979     0.0505   0.00214    
  0.5   0.993  0.979     0.0507   0.00214    
  0.75  0.993  0.979     0.051    0.00215    
  1     0.993  0.979     0.0512   0.00216    

RMSE was used to select the optimal model using  the smallest value.
The final value used for the model was C = 0.5. 


RUNNING svmLinear : ITERATION 95 
Loading required package: pROC
Support Vector Machines with Linear Kernel 

1368 samples
  10 predictors

No pre-processing
Resampling: Bootstrapped (25 reps) 

Summary of sample sizes: 1368, 1368, 1368, 1368, 1368, 1368, ... 

Resampling results across tuning parameters:

  C     RMSE   Rsquared  RMSE SD  Rsquared SD
  0.25  0.993  0.978     0.0357   0.00138    
  0.5   0.993  0.978     0.0356   0.00138    
  0.75  0.993  0.978     0.0358   0.00139    
  1     0.993  0.978     0.0357   0.00138    

RMSE was used to select the optimal model using  the smallest value.
The final value used for the model was C = 1. 


RUNNING svmLinear : ITERATION 96 
Loading required package: pROC
Support Vector Machines with Linear Kernel 

1368 samples
  10 predictors

No pre-processing
Resampling: Bootstrapped (25 reps) 

Summary of sample sizes: 1368, 1368, 1368, 1368, 1368, 1368, ... 

Resampling results across tuning parameters:

  C     RMSE   Rsquared  RMSE SD  Rsquared SD
  0.25  0.994  0.978     0.0524   0.00222    
  0.5   0.994  0.978     0.0527   0.00222    
  0.75  0.994  0.978     0.0529   0.00223    
  1     0.994  0.978     0.053    0.00223    

RMSE was used to select the optimal model using  the smallest value.
The final value used for the model was C = 0.25. 


RUNNING svmLinear : ITERATION 97 
Loading required package: pROC
Support Vector Machines with Linear Kernel 

1368 samples
  10 predictors

No pre-processing
Resampling: Bootstrapped (25 reps) 

Summary of sample sizes: 1368, 1368, 1368, 1368, 1368, 1368, ... 

Resampling results across tuning parameters:

  C     RMSE   Rsquared  RMSE SD  Rsquared SD
  0.25  0.997  0.978     0.0382   0.00151    
  0.5   0.997  0.978     0.0383   0.00151    
  0.75  0.997  0.978     0.0383   0.00152    
  1     0.997  0.978     0.0382   0.00151    

RMSE was used to select the optimal model using  the smallest value.
The final value used for the model was C = 0.25. 


RUNNING svmLinear : ITERATION 98 
Loading required package: pROC
Support Vector Machines with Linear Kernel 

1368 samples
  10 predictors

No pre-processing
Resampling: Bootstrapped (25 reps) 

Summary of sample sizes: 1368, 1368, 1368, 1368, 1368, 1368, ... 

Resampling results across tuning parameters:

  C     RMSE   Rsquared  RMSE SD  Rsquared SD
  0.25  0.994  0.979     0.0503   0.00236    
  0.5   0.994  0.979     0.0501   0.00235    
  0.75  0.994  0.979     0.05     0.00234    
  1     0.995  0.979     0.0499   0.00234    

RMSE was used to select the optimal model using  the smallest value.
The final value used for the model was C = 0.25. 


RUNNING svmLinear : ITERATION 99 
Loading required package: pROC
Support Vector Machines with Linear Kernel 

1368 samples
  10 predictors

No pre-processing
Resampling: Bootstrapped (25 reps) 

Summary of sample sizes: 1368, 1368, 1368, 1368, 1368, 1368, ... 

Resampling results across tuning parameters:

  C     RMSE   Rsquared  RMSE SD  Rsquared SD
  0.25  0.987  0.978     0.0439   0.00228    
  0.5   0.987  0.978     0.0443   0.00228    
  0.75  0.987  0.978     0.044    0.00226    
  1     0.987  0.978     0.0437   0.00226    

RMSE was used to select the optimal model using  the smallest value.
The final value used for the model was C = 1. 


RUNNING svmLinear : ITERATION 100 
Loading required package: pROC
Support Vector Machines with Linear Kernel 

1368 samples
  10 predictors

No pre-processing
Resampling: Bootstrapped (25 reps) 

Summary of sample sizes: 1368, 1368, 1368, 1368, 1368, 1368, ... 

Resampling results across tuning parameters:

  C     RMSE  Rsquared  RMSE SD  Rsquared SD
  0.25  1.01  0.977     0.0433   0.00208    
  0.5   1.01  0.977     0.0436   0.00209    
  0.75  1.01  0.977     0.0436   0.00208    
  1     1.01  0.977     0.0436   0.00208    

RMSE was used to select the optimal model using  the smallest value.
The final value used for the model was C = 0.25. 
