Loading required package: sp
Loading required package: lattice
Loading required package: ggplot2
rgdal: version: 0.8-16, (SVN revision 498)
Geospatial Data Abstraction Library extensions to R successfully loaded
Loaded GDAL runtime: GDAL 1.7.3, released 2010/11/10
Path to GDAL shared files: /usr/share/gdal/1.7
GDAL does not use iconv for recoding strings.
Loaded PROJ.4 runtime: Rel. 4.7.1, 23 September 2009, [PJ_VERSION: 470]
Path to PROJ.4 shared files: (autodetected)
OGR data source with driver: ESRI Shapefile 
Source: "plots_shp/PlotPoles_ARC1960_mod_20140807_final.shp", layer: "PlotPoles_ARC1960_mod_20140807_final"
with 1248 features and 7 fields
Feature type: wkbPoint with 2 dimensions
Warning message:
In ReplProj4string(obj, CRS(value)) :
  A new CRS was assigned to an object with an existing CRS:
+proj=utm +zone=37 +south +ellps=clrk80 +units=m +no_defs
without reprojecting.
For reprojection, use function spTransform in package rgdal


RUNNING rf : ITERATION 1 
Loading required package: randomForest
randomForest 4.6-7
Type rfNews() to see new features/changes/bug fixes.
Random Forest 

1368 samples
  10 predictors

No pre-processing
Resampling: Bootstrapped (25 reps) 

Summary of sample sizes: 1368, 1368, 1368, 1368, 1368, 1368, ... 

Resampling results across tuning parameters:

  mtry  RMSE   Rsquared  RMSE SD  Rsquared SD
  3     1.34   0.977     0.0799   0.00286    
  4     0.92   0.986     0.0666   0.00197    
  5     0.758  0.989     0.0499   0.00137    
  6     0.692  0.99      0.0481   0.00133    
  7     0.663  0.991     0.0464   0.00133    
  8     0.649  0.991     0.045    0.00131    

RMSE was used to select the optimal model using  the smallest value.
The final value used for the model was mtry = 8. 


RUNNING rf : ITERATION 2 
Random Forest 

1368 samples
  10 predictors

No pre-processing
Resampling: Bootstrapped (25 reps) 

Summary of sample sizes: 1368, 1368, 1368, 1368, 1368, 1368, ... 

Resampling results across tuning parameters:

  mtry  RMSE   Rsquared  RMSE SD  Rsquared SD
  3     1.3    0.978     0.0686   0.00208    
  4     0.914  0.986     0.0398   0.00131    
  5     0.76   0.989     0.0358   0.00109    
  6     0.697  0.99      0.0354   0.00123    
  7     0.671  0.99      0.0346   0.00116    
  8     0.658  0.991     0.035    0.00119    

RMSE was used to select the optimal model using  the smallest value.
The final value used for the model was mtry = 8. 


RUNNING rf : ITERATION 3 
Random Forest 

1368 samples
  10 predictors

No pre-processing
Resampling: Bootstrapped (25 reps) 

Summary of sample sizes: 1368, 1368, 1368, 1368, 1368, 1368, ... 

Resampling results across tuning parameters:

  mtry  RMSE   Rsquared  RMSE SD  Rsquared SD
  3     1.34   0.978     0.0688   0.0029     
  4     0.935  0.986     0.0706   0.00247    
  5     0.78   0.989     0.0716   0.0025     
  6     0.721  0.99      0.0789   0.00256    
  7     0.688  0.99      0.0697   0.00221    
  8     0.678  0.99      0.0705   0.00216    

RMSE was used to select the optimal model using  the smallest value.
The final value used for the model was mtry = 8. 


RUNNING rf : ITERATION 4 
Random Forest 

1368 samples
  10 predictors

No pre-processing
Resampling: Bootstrapped (25 reps) 

Summary of sample sizes: 1368, 1368, 1368, 1368, 1368, 1368, ... 

Resampling results across tuning parameters:

  mtry  RMSE   Rsquared  RMSE SD  Rsquared SD
  3     1.32   0.977     0.0633   0.0026     
  4     0.914  0.986     0.0541   0.00153    
  5     0.757  0.989     0.0459   0.00132    
  6     0.701  0.989     0.0452   0.0013     
  7     0.678  0.99      0.0473   0.00133    
  8     0.667  0.99      0.0505   0.00138    

RMSE was used to select the optimal model using  the smallest value.
The final value used for the model was mtry = 8. 


RUNNING rf : ITERATION 5 
Random Forest 

1368 samples
  10 predictors

No pre-processing
Resampling: Bootstrapped (25 reps) 

Summary of sample sizes: 1368, 1368, 1368, 1368, 1368, 1368, ... 

Resampling results across tuning parameters:

  mtry  RMSE   Rsquared  RMSE SD  Rsquared SD
  3     1.32   0.977     0.0648   0.00293    
  4     0.926  0.985     0.0598   0.00165    
  5     0.769  0.988     0.0522   0.0014     
  6     0.715  0.989     0.0506   0.00136    
  7     0.688  0.99      0.0512   0.00142    
  8     0.68   0.99      0.0529   0.00148    

RMSE was used to select the optimal model using  the smallest value.
The final value used for the model was mtry = 8. 


RUNNING rf : ITERATION 6 
Random Forest 

1368 samples
  10 predictors

No pre-processing
Resampling: Bootstrapped (25 reps) 

Summary of sample sizes: 1368, 1368, 1368, 1368, 1368, 1368, ... 

Resampling results across tuning parameters:

  mtry  RMSE   Rsquared  RMSE SD  Rsquared SD
  3     1.31   0.975     0.067    0.00311    
  4     0.924  0.984     0.0596   0.00225    
  5     0.771  0.988     0.0532   0.00183    
  6     0.711  0.989     0.0543   0.00173    
  7     0.685  0.989     0.0478   0.00151    
  8     0.673  0.99      0.05     0.00155    

RMSE was used to select the optimal model using  the smallest value.
The final value used for the model was mtry = 8. 


RUNNING rf : ITERATION 7 
Random Forest 

1368 samples
  10 predictors

No pre-processing
Resampling: Bootstrapped (25 reps) 

Summary of sample sizes: 1368, 1368, 1368, 1368, 1368, 1368, ... 

Resampling results across tuning parameters:

  mtry  RMSE   Rsquared  RMSE SD  Rsquared SD
  3     1.34   0.977     0.0792   0.00455    
  4     0.94   0.985     0.0775   0.00373    
  5     0.784  0.988     0.0736   0.00336    
  6     0.719  0.989     0.0817   0.00355    
  7     0.696  0.989     0.0988   0.00434    
  8     0.679  0.99      0.0867   0.00355    

RMSE was used to select the optimal model using  the smallest value.
The final value used for the model was mtry = 8. 


RUNNING rf : ITERATION 8 
Random Forest 

1368 samples
  10 predictors

No pre-processing
Resampling: Bootstrapped (25 reps) 

Summary of sample sizes: 1368, 1368, 1368, 1368, 1368, 1368, ... 

Resampling results across tuning parameters:

  mtry  RMSE   Rsquared  RMSE SD  Rsquared SD
  3     1.33   0.977     0.0969   0.0041     
  4     0.917  0.986     0.0719   0.00204    
  5     0.753  0.989     0.0514   0.00158    
  6     0.687  0.99      0.0496   0.00148    
  7     0.661  0.991     0.0495   0.00151    
  8     0.645  0.991     0.0462   0.00145    

RMSE was used to select the optimal model using  the smallest value.
The final value used for the model was mtry = 8. 


RUNNING rf : ITERATION 9 
Random Forest 

1368 samples
  10 predictors

No pre-processing
Resampling: Bootstrapped (25 reps) 

Summary of sample sizes: 1368, 1368, 1368, 1368, 1368, 1368, ... 

Resampling results across tuning parameters:

  mtry  RMSE   Rsquared  RMSE SD  Rsquared SD
  3     1.27   0.977     0.0779   0.0037     
  4     0.899  0.985     0.0727   0.00265    
  5     0.755  0.988     0.0717   0.00266    
  6     0.702  0.989     0.0697   0.00245    
  7     0.68   0.989     0.0733   0.00249    
  8     0.668  0.99      0.0745   0.00242    

RMSE was used to select the optimal model using  the smallest value.
The final value used for the model was mtry = 8. 


RUNNING rf : ITERATION 10 
Random Forest 

1368 samples
  10 predictors

No pre-processing
Resampling: Bootstrapped (25 reps) 

Summary of sample sizes: 1368, 1368, 1368, 1368, 1368, 1368, ... 

Resampling results across tuning parameters:

  mtry  RMSE   Rsquared  RMSE SD  Rsquared SD
  3     1.3    0.978     0.078    0.00259    
  4     0.889  0.986     0.0593   0.00161    
  5     0.729  0.989     0.0477   0.0013     
  6     0.661  0.991     0.0416   0.00116    
  7     0.633  0.991     0.0407   0.00118    
  8     0.62   0.991     0.0403   0.00116    

RMSE was used to select the optimal model using  the smallest value.
The final value used for the model was mtry = 8. 


RUNNING rf : ITERATION 11 
Random Forest 

1368 samples
  10 predictors

No pre-processing
Resampling: Bootstrapped (25 reps) 

Summary of sample sizes: 1368, 1368, 1368, 1368, 1368, 1368, ... 

Resampling results across tuning parameters:

  mtry  RMSE   Rsquared  RMSE SD  Rsquared SD
  3     1.36   0.977     0.0998   0.0051     
  4     0.962  0.985     0.0815   0.00346    
  5     0.802  0.988     0.0763   0.00274    
  6     0.742  0.989     0.0838   0.00283    
  7     0.714  0.989     0.0775   0.00239    
  8     0.699  0.99      0.0755   0.00235    

RMSE was used to select the optimal model using  the smallest value.
The final value used for the model was mtry = 8. 


RUNNING rf : ITERATION 12 
Random Forest 

1368 samples
  10 predictors

No pre-processing
Resampling: Bootstrapped (25 reps) 

Summary of sample sizes: 1368, 1368, 1368, 1368, 1368, 1368, ... 

Resampling results across tuning parameters:

  mtry  RMSE   Rsquared  RMSE SD  Rsquared SD
  3     1.31   0.978     0.0706   0.00281    
  4     0.922  0.986     0.0745   0.00287    
  5     0.767  0.988     0.0682   0.00231    
  6     0.709  0.989     0.0641   0.00208    
  7     0.685  0.99      0.0627   0.00192    
  8     0.675  0.99      0.062    0.00186    

RMSE was used to select the optimal model using  the smallest value.
The final value used for the model was mtry = 8. 


RUNNING rf : ITERATION 13 
Random Forest 

1368 samples
  10 predictors

No pre-processing
Resampling: Bootstrapped (25 reps) 

Summary of sample sizes: 1368, 1368, 1368, 1368, 1368, 1368, ... 

Resampling results across tuning parameters:

  mtry  RMSE   Rsquared  RMSE SD  Rsquared SD
  3     1.34   0.977     0.0672   0.00247    
  4     0.914  0.986     0.054    0.00181    
  5     0.755  0.989     0.0408   0.0015     
  6     0.691  0.99      0.0429   0.00153    
  7     0.663  0.991     0.0461   0.00152    
  8     0.655  0.991     0.0478   0.00154    

RMSE was used to select the optimal model using  the smallest value.
The final value used for the model was mtry = 8. 


RUNNING rf : ITERATION 14 
Random Forest 

1368 samples
  10 predictors

No pre-processing
Resampling: Bootstrapped (25 reps) 

Summary of sample sizes: 1368, 1368, 1368, 1368, 1368, 1368, ... 

Resampling results across tuning parameters:

  mtry  RMSE   Rsquared  RMSE SD  Rsquared SD
  3     1.32   0.978     0.0696   0.00298    
  4     0.92   0.986     0.0546   0.00189    
  5     0.755  0.989     0.0497   0.00151    
  6     0.692  0.99      0.0468   0.00135    
  7     0.668  0.991     0.0454   0.0013     
  8     0.657  0.991     0.0462   0.00131    

RMSE was used to select the optimal model using  the smallest value.
The final value used for the model was mtry = 8. 


RUNNING rf : ITERATION 15 
Random Forest 

1368 samples
  10 predictors

No pre-processing
Resampling: Bootstrapped (25 reps) 

Summary of sample sizes: 1368, 1368, 1368, 1368, 1368, 1368, ... 

Resampling results across tuning parameters:

  mtry  RMSE   Rsquared  RMSE SD  Rsquared SD
  3     1.31   0.978     0.0466   0.00237    
  4     0.912  0.986     0.0479   0.00175    
  5     0.746  0.989     0.0403   0.00148    
  6     0.686  0.99      0.0455   0.00147    
  7     0.657  0.991     0.045    0.00143    
  8     0.649  0.991     0.0476   0.00146    

RMSE was used to select the optimal model using  the smallest value.
The final value used for the model was mtry = 8. 


RUNNING rf : ITERATION 16 
Random Forest 

1368 samples
  10 predictors

No pre-processing
Resampling: Bootstrapped (25 reps) 

Summary of sample sizes: 1368, 1368, 1368, 1368, 1368, 1368, ... 

Resampling results across tuning parameters:

  mtry  RMSE   Rsquared  RMSE SD  Rsquared SD
  3     1.32   0.979     0.0831   0.00216    
  4     0.898  0.988     0.0707   0.00129    
  5     0.726  0.99      0.063    0.00124    
  6     0.658  0.991     0.0469   0.00106    
  7     0.628  0.992     0.0466   0.00107    
  8     0.616  0.992     0.0443   0.00106    

RMSE was used to select the optimal model using  the smallest value.
The final value used for the model was mtry = 8. 


RUNNING rf : ITERATION 17 
Random Forest 

1368 samples
  10 predictors

No pre-processing
Resampling: Bootstrapped (25 reps) 

Summary of sample sizes: 1368, 1368, 1368, 1368, 1368, 1368, ... 

Resampling results across tuning parameters:

  mtry  RMSE   Rsquared  RMSE SD  Rsquared SD
  3     1.34   0.977     0.0688   0.00242    
  4     0.921  0.986     0.0529   0.00156    
  5     0.757  0.989     0.0483   0.0014     
  6     0.695  0.99      0.0461   0.00138    
  7     0.67   0.99      0.046    0.00134    
  8     0.661  0.99      0.0469   0.00135    

RMSE was used to select the optimal model using  the smallest value.
The final value used for the model was mtry = 8. 


RUNNING rf : ITERATION 18 
Random Forest 

1368 samples
  10 predictors

No pre-processing
Resampling: Bootstrapped (25 reps) 

Summary of sample sizes: 1368, 1368, 1368, 1368, 1368, 1368, ... 

Resampling results across tuning parameters:

  mtry  RMSE   Rsquared  RMSE SD  Rsquared SD
  3     1.33   0.977     0.0825   0.00395    
  4     0.93   0.985     0.0815   0.00326    
  5     0.767  0.988     0.0674   0.00223    
  6     0.706  0.989     0.0686   0.00232    
  7     0.682  0.99      0.078    0.00271    
  8     0.668  0.99      0.0689   0.00226    

RMSE was used to select the optimal model using  the smallest value.
The final value used for the model was mtry = 8. 


RUNNING rf : ITERATION 19 
Random Forest 

1368 samples
  10 predictors

No pre-processing
Resampling: Bootstrapped (25 reps) 

Summary of sample sizes: 1368, 1368, 1368, 1368, 1368, 1368, ... 

Resampling results across tuning parameters:

  mtry  RMSE   Rsquared  RMSE SD  Rsquared SD
  3     1.32   0.976     0.0736   0.00331    
  4     0.917  0.985     0.0609   0.00217    
  5     0.763  0.988     0.0524   0.00171    
  6     0.697  0.989     0.0462   0.00147    
  7     0.673  0.99      0.046    0.00149    
  8     0.66   0.99      0.0448   0.00146    

RMSE was used to select the optimal model using  the smallest value.
The final value used for the model was mtry = 8. 


RUNNING rf : ITERATION 20 
Random Forest 

1368 samples
  10 predictors

No pre-processing
Resampling: Bootstrapped (25 reps) 

Summary of sample sizes: 1368, 1368, 1368, 1368, 1368, 1368, ... 

Resampling results across tuning parameters:

  mtry  RMSE   Rsquared  RMSE SD  Rsquared SD
  3     1.33   0.977     0.0585   0.00302    
  4     0.924  0.986     0.0522   0.00236    
  5     0.771  0.988     0.0524   0.00218    
  6     0.708  0.99      0.0495   0.00191    
  7     0.688  0.99      0.0555   0.0021     
  8     0.675  0.99      0.0647   0.00251    

RMSE was used to select the optimal model using  the smallest value.
The final value used for the model was mtry = 8. 


RUNNING rf : ITERATION 21 
Random Forest 

1368 samples
  10 predictors

No pre-processing
Resampling: Bootstrapped (25 reps) 

Summary of sample sizes: 1368, 1368, 1368, 1368, 1368, 1368, ... 

Resampling results across tuning parameters:

  mtry  RMSE   Rsquared  RMSE SD  Rsquared SD
  3     1.32   0.978     0.0713   0.00314    
  4     0.923  0.986     0.0647   0.0025     
  5     0.774  0.988     0.0795   0.00278    
  6     0.718  0.989     0.0875   0.003      
  7     0.693  0.99      0.0867   0.00289    
  8     0.685  0.99      0.0935   0.00314    

RMSE was used to select the optimal model using  the smallest value.
The final value used for the model was mtry = 8. 


RUNNING rf : ITERATION 22 
Random Forest 

1368 samples
  10 predictors

No pre-processing
Resampling: Bootstrapped (25 reps) 

Summary of sample sizes: 1368, 1368, 1368, 1368, 1368, 1368, ... 

Resampling results across tuning parameters:

  mtry  RMSE   Rsquared  RMSE SD  Rsquared SD
  3     1.34   0.978     0.0851   0.00341    
  4     0.939  0.985     0.0663   0.00263    
  5     0.779  0.988     0.0604   0.00226    
  6     0.722  0.989     0.054    0.00207    
  7     0.7    0.989     0.0578   0.00222    
  8     0.686  0.99      0.0505   0.00191    

RMSE was used to select the optimal model using  the smallest value.
The final value used for the model was mtry = 8. 


RUNNING rf : ITERATION 23 
Random Forest 

1368 samples
  10 predictors

No pre-processing
Resampling: Bootstrapped (25 reps) 

Summary of sample sizes: 1368, 1368, 1368, 1368, 1368, 1368, ... 

Resampling results across tuning parameters:

  mtry  RMSE   Rsquared  RMSE SD  Rsquared SD
  3     1.35   0.976     0.0735   0.0031     
  4     0.939  0.985     0.0608   0.00196    
  5     0.78   0.988     0.0592   0.00226    
  6     0.719  0.989     0.058    0.00208    
  7     0.693  0.989     0.0623   0.00221    
  8     0.68   0.99      0.0611   0.00212    

RMSE was used to select the optimal model using  the smallest value.
The final value used for the model was mtry = 8. 


RUNNING rf : ITERATION 24 
Random Forest 

1368 samples
  10 predictors

No pre-processing
Resampling: Bootstrapped (25 reps) 

Summary of sample sizes: 1368, 1368, 1368, 1368, 1368, 1368, ... 

Resampling results across tuning parameters:

  mtry  RMSE   Rsquared  RMSE SD  Rsquared SD
  3     1.33   0.978     0.0888   0.00324    
  4     0.899  0.987     0.0687   0.00203    
  5     0.743  0.99      0.0568   0.00169    
  6     0.681  0.991     0.0573   0.00172    
  7     0.656  0.991     0.0582   0.00166    
  8     0.646  0.991     0.0571   0.00164    

RMSE was used to select the optimal model using  the smallest value.
The final value used for the model was mtry = 8. 


RUNNING rf : ITERATION 25 
Random Forest 

1368 samples
  10 predictors

No pre-processing
Resampling: Bootstrapped (25 reps) 

Summary of sample sizes: 1368, 1368, 1368, 1368, 1368, 1368, ... 

Resampling results across tuning parameters:

  mtry  RMSE   Rsquared  RMSE SD  Rsquared SD
  3     1.35   0.977     0.0618   0.00285    
  4     0.94   0.985     0.0507   0.00226    
  5     0.787  0.988     0.055    0.00212    
  6     0.728  0.989     0.0579   0.00198    
  7     0.702  0.99      0.0604   0.00208    
  8     0.689  0.99      0.0609   0.00197    

RMSE was used to select the optimal model using  the smallest value.
The final value used for the model was mtry = 8. 


RUNNING rf : ITERATION 26 
Random Forest 

1368 samples
  10 predictors

No pre-processing
Resampling: Bootstrapped (25 reps) 

Summary of sample sizes: 1368, 1368, 1368, 1368, 1368, 1368, ... 

Resampling results across tuning parameters:

  mtry  RMSE   Rsquared  RMSE SD  Rsquared SD
  3     1.31   0.978     0.0749   0.0029     
  4     0.906  0.987     0.0721   0.00231    
  5     0.75   0.989     0.0793   0.00276    
  6     0.688  0.99      0.0738   0.00231    
  7     0.661  0.991     0.0714   0.00212    
  8     0.649  0.991     0.0662   0.00187    

RMSE was used to select the optimal model using  the smallest value.
The final value used for the model was mtry = 8. 


RUNNING rf : ITERATION 27 
Random Forest 

1368 samples
  10 predictors

No pre-processing
Resampling: Bootstrapped (25 reps) 

Summary of sample sizes: 1368, 1368, 1368, 1368, 1368, 1368, ... 

Resampling results across tuning parameters:

  mtry  RMSE   Rsquared  RMSE SD  Rsquared SD
  3     1.3    0.978     0.054    0.00324    
  4     0.9    0.986     0.0526   0.00224    
  5     0.754  0.989     0.0468   0.00179    
  6     0.695  0.99      0.0528   0.00197    
  7     0.665  0.99      0.0476   0.00162    
  8     0.654  0.991     0.052    0.00173    

RMSE was used to select the optimal model using  the smallest value.
The final value used for the model was mtry = 8. 


RUNNING rf : ITERATION 28 
Random Forest 

1368 samples
  10 predictors

No pre-processing
Resampling: Bootstrapped (25 reps) 

Summary of sample sizes: 1368, 1368, 1368, 1368, 1368, 1368, ... 

Resampling results across tuning parameters:

  mtry  RMSE   Rsquared  RMSE SD  Rsquared SD
  3     1.31   0.977     0.0604   0.00241    
  4     0.896  0.986     0.0445   0.00148    
  5     0.736  0.989     0.0501   0.0015     
  6     0.678  0.99      0.0417   0.00133    
  7     0.65   0.991     0.0404   0.00131    
  8     0.637  0.991     0.0408   0.00136    

RMSE was used to select the optimal model using  the smallest value.
The final value used for the model was mtry = 8. 


RUNNING rf : ITERATION 29 
Random Forest 

1368 samples
  10 predictors

No pre-processing
Resampling: Bootstrapped (25 reps) 

Summary of sample sizes: 1368, 1368, 1368, 1368, 1368, 1368, ... 

Resampling results across tuning parameters:

  mtry  RMSE   Rsquared  RMSE SD  Rsquared SD
  3     1.31   0.978     0.0654   0.00231    
  4     0.897  0.987     0.0417   0.00166    
  5     0.74   0.989     0.0414   0.00148    
  6     0.682  0.99      0.0424   0.00143    
  7     0.654  0.991     0.0445   0.00144    
  8     0.641  0.991     0.0449   0.0014     

RMSE was used to select the optimal model using  the smallest value.
The final value used for the model was mtry = 8. 


RUNNING rf : ITERATION 30 
Random Forest 

1368 samples
  10 predictors

No pre-processing
Resampling: Bootstrapped (25 reps) 

Summary of sample sizes: 1368, 1368, 1368, 1368, 1368, 1368, ... 

Resampling results across tuning parameters:

  mtry  RMSE   Rsquared  RMSE SD  Rsquared SD
  3     1.31   0.977     0.0609   0.0033     
  4     0.92   0.986     0.0583   0.00271    
  5     0.765  0.988     0.063    0.00241    
  6     0.707  0.99      0.0627   0.00226    
  7     0.679  0.99      0.064    0.00218    
  8     0.67   0.99      0.0695   0.00232    

RMSE was used to select the optimal model using  the smallest value.
The final value used for the model was mtry = 8. 


RUNNING rf : ITERATION 31 
Random Forest 

1368 samples
  10 predictors

No pre-processing
Resampling: Bootstrapped (25 reps) 

Summary of sample sizes: 1368, 1368, 1368, 1368, 1368, 1368, ... 

Resampling results across tuning parameters:

  mtry  RMSE   Rsquared  RMSE SD  Rsquared SD
  3     1.32   0.977     0.0624   0.00279    
  4     0.93   0.986     0.0669   0.00206    
  5     0.776  0.988     0.0667   0.00188    
  6     0.711  0.989     0.0696   0.00196    
  7     0.686  0.99      0.0674   0.00192    
  8     0.675  0.99      0.071    0.00201    

RMSE was used to select the optimal model using  the smallest value.
The final value used for the model was mtry = 8. 


RUNNING rf : ITERATION 32 
Random Forest 

1368 samples
  10 predictors

No pre-processing
Resampling: Bootstrapped (25 reps) 

Summary of sample sizes: 1368, 1368, 1368, 1368, 1368, 1368, ... 

Resampling results across tuning parameters:

  mtry  RMSE   Rsquared  RMSE SD  Rsquared SD
  3     1.33   0.977     0.086    0.00333    
  4     0.927  0.985     0.0823   0.00298    
  5     0.773  0.988     0.0743   0.0025     
  6     0.714  0.989     0.0752   0.00241    
  7     0.693  0.989     0.0829   0.00266    
  8     0.686  0.99      0.0852   0.00272    

RMSE was used to select the optimal model using  the smallest value.
The final value used for the model was mtry = 8. 


RUNNING rf : ITERATION 33 
Random Forest 

1368 samples
  10 predictors

No pre-processing
Resampling: Bootstrapped (25 reps) 

Summary of sample sizes: 1368, 1368, 1368, 1368, 1368, 1368, ... 

Resampling results across tuning parameters:

  mtry  RMSE   Rsquared  RMSE SD  Rsquared SD
  3     1.31   0.977     0.0697   0.00268    
  4     0.915  0.986     0.0588   0.00193    
  5     0.762  0.989     0.0505   0.00158    
  6     0.704  0.99      0.0463   0.00145    
  7     0.678  0.99      0.0447   0.00138    
  8     0.667  0.99      0.0415   0.00131    

RMSE was used to select the optimal model using  the smallest value.
The final value used for the model was mtry = 8. 


RUNNING rf : ITERATION 34 
Random Forest 

1368 samples
  10 predictors

No pre-processing
Resampling: Bootstrapped (25 reps) 

Summary of sample sizes: 1368, 1368, 1368, 1368, 1368, 1368, ... 

Resampling results across tuning parameters:

  mtry  RMSE   Rsquared  RMSE SD  Rsquared SD
  3     1.31   0.978     0.0626   0.00271    
  4     0.893  0.987     0.0506   0.00175    
  5     0.738  0.989     0.0381   0.00126    
  6     0.676  0.991     0.0295   0.00108    
  7     0.648  0.991     0.0294   0.000983   
  8     0.636  0.991     0.0271   0.000881   

RMSE was used to select the optimal model using  the smallest value.
The final value used for the model was mtry = 8. 


RUNNING rf : ITERATION 35 
Random Forest 

1368 samples
  10 predictors

No pre-processing
Resampling: Bootstrapped (25 reps) 

Summary of sample sizes: 1368, 1368, 1368, 1368, 1368, 1368, ... 

Resampling results across tuning parameters:

  mtry  RMSE   Rsquared  RMSE SD  Rsquared SD
  3     1.33   0.978     0.0847   0.0026     
  4     0.929  0.986     0.0756   0.00198    
  5     0.762  0.989     0.0551   0.00155    
  6     0.697  0.99      0.0559   0.00156    
  7     0.672  0.991     0.0569   0.00158    
  8     0.66   0.991     0.0606   0.00169    

RMSE was used to select the optimal model using  the smallest value.
The final value used for the model was mtry = 8. 


RUNNING rf : ITERATION 36 
Random Forest 

1368 samples
  10 predictors

No pre-processing
Resampling: Bootstrapped (25 reps) 

Summary of sample sizes: 1368, 1368, 1368, 1368, 1368, 1368, ... 

Resampling results across tuning parameters:

  mtry  RMSE   Rsquared  RMSE SD  Rsquared SD
  3     1.3    0.979     0.067    0.00288    
  4     0.894  0.987     0.0488   0.00155    
  5     0.735  0.99      0.0546   0.0013     
  6     0.673  0.991     0.0499   0.00119    
  7     0.644  0.991     0.0464   0.00112    
  8     0.634  0.991     0.0472   0.00114    

RMSE was used to select the optimal model using  the smallest value.
The final value used for the model was mtry = 8. 


RUNNING rf : ITERATION 37 
Random Forest 

1368 samples
  10 predictors

No pre-processing
Resampling: Bootstrapped (25 reps) 

Summary of sample sizes: 1368, 1368, 1368, 1368, 1368, 1368, ... 

Resampling results across tuning parameters:

  mtry  RMSE   Rsquared  RMSE SD  Rsquared SD
  3     1.32   0.979     0.0716   0.0028     
  4     0.91   0.987     0.0519   0.00208    
  5     0.758  0.989     0.0537   0.00186    
  6     0.695  0.99      0.057    0.00186    
  7     0.674  0.991     0.0589   0.00187    
  8     0.661  0.991     0.059    0.00181    

RMSE was used to select the optimal model using  the smallest value.
The final value used for the model was mtry = 8. 


RUNNING rf : ITERATION 38 
Random Forest 

1368 samples
  10 predictors

No pre-processing
Resampling: Bootstrapped (25 reps) 

Summary of sample sizes: 1368, 1368, 1368, 1368, 1368, 1368, ... 

Resampling results across tuning parameters:

  mtry  RMSE   Rsquared  RMSE SD  Rsquared SD
  3     1.32   0.979     0.0725   0.00245    
  4     0.906  0.987     0.0615   0.00173    
  5     0.751  0.989     0.055    0.00166    
  6     0.694  0.99      0.05     0.00153    
  7     0.67   0.99      0.0525   0.00154    
  8     0.659  0.991     0.0526   0.00152    

RMSE was used to select the optimal model using  the smallest value.
The final value used for the model was mtry = 8. 


RUNNING rf : ITERATION 39 
Random Forest 

1368 samples
  10 predictors

No pre-processing
Resampling: Bootstrapped (25 reps) 

Summary of sample sizes: 1368, 1368, 1368, 1368, 1368, 1368, ... 

Resampling results across tuning parameters:

  mtry  RMSE   Rsquared  RMSE SD  Rsquared SD
  3     1.33   0.977     0.085    0.00288    
  4     0.934  0.985     0.0562   0.0017     
  5     0.774  0.988     0.0508   0.00138    
  6     0.709  0.99      0.05     0.00135    
  7     0.68   0.99      0.0495   0.00127    
  8     0.667  0.99      0.0519   0.00135    

RMSE was used to select the optimal model using  the smallest value.
The final value used for the model was mtry = 8. 


RUNNING rf : ITERATION 40 
Random Forest 

1368 samples
  10 predictors

No pre-processing
Resampling: Bootstrapped (25 reps) 

Summary of sample sizes: 1368, 1368, 1368, 1368, 1368, 1368, ... 

Resampling results across tuning parameters:

  mtry  RMSE   Rsquared  RMSE SD  Rsquared SD
  3     1.34   0.977     0.0835   0.00428    
  4     0.939  0.985     0.0694   0.0028     
  5     0.783  0.988     0.0729   0.00275    
  6     0.721  0.989     0.0728   0.00258    
  7     0.696  0.99      0.0859   0.00301    
  8     0.679  0.99      0.0732   0.00243    

RMSE was used to select the optimal model using  the smallest value.
The final value used for the model was mtry = 8. 


RUNNING rf : ITERATION 41 
Random Forest 

1368 samples
  10 predictors

No pre-processing
Resampling: Bootstrapped (25 reps) 

Summary of sample sizes: 1368, 1368, 1368, 1368, 1368, 1368, ... 

Resampling results across tuning parameters:

  mtry  RMSE   Rsquared  RMSE SD  Rsquared SD
  3     1.35   0.976     0.1      0.0035     
  4     0.954  0.984     0.0893   0.00273    
  5     0.795  0.987     0.0786   0.00239    
  6     0.74   0.988     0.0799   0.00246    
  7     0.712  0.989     0.0767   0.00232    
  8     0.695  0.989     0.071    0.00208    

RMSE was used to select the optimal model using  the smallest value.
The final value used for the model was mtry = 8. 


RUNNING rf : ITERATION 42 
Random Forest 

1368 samples
  10 predictors

No pre-processing
Resampling: Bootstrapped (25 reps) 

Summary of sample sizes: 1368, 1368, 1368, 1368, 1368, 1368, ... 

Resampling results across tuning parameters:

  mtry  RMSE   Rsquared  RMSE SD  Rsquared SD
  3     1.34   0.976     0.0948   0.00454    
  4     0.925  0.985     0.0716   0.00281    
  5     0.769  0.988     0.0787   0.00294    
  6     0.705  0.989     0.0711   0.0025     
  7     0.675  0.99      0.0522   0.0017     
  8     0.664  0.99      0.0581   0.00186    

RMSE was used to select the optimal model using  the smallest value.
The final value used for the model was mtry = 8. 


RUNNING rf : ITERATION 43 
Random Forest 

1368 samples
  10 predictors

No pre-processing
Resampling: Bootstrapped (25 reps) 

Summary of sample sizes: 1368, 1368, 1368, 1368, 1368, 1368, ... 

Resampling results across tuning parameters:

  mtry  RMSE   Rsquared  RMSE SD  Rsquared SD
  3     1.32   0.977     0.0799   0.00294    
  4     0.918  0.986     0.0634   0.00221    
  5     0.767  0.988     0.0519   0.00185    
  6     0.708  0.99      0.0539   0.00185    
  7     0.682  0.99      0.0568   0.00188    
  8     0.672  0.99      0.0569   0.00185    

RMSE was used to select the optimal model using  the smallest value.
The final value used for the model was mtry = 8. 


RUNNING rf : ITERATION 44 
Random Forest 

1368 samples
  10 predictors

No pre-processing
Resampling: Bootstrapped (25 reps) 

Summary of sample sizes: 1368, 1368, 1368, 1368, 1368, 1368, ... 

Resampling results across tuning parameters:

  mtry  RMSE   Rsquared  RMSE SD  Rsquared SD
  3     1.31   0.977     0.0621   0.00301    
  4     0.902  0.986     0.0514   0.00174    
  5     0.746  0.989     0.0528   0.0017     
  6     0.685  0.99      0.0512   0.00153    
  7     0.658  0.99      0.0529   0.00155    
  8     0.647  0.991     0.0546   0.00158    

RMSE was used to select the optimal model using  the smallest value.
The final value used for the model was mtry = 8. 


RUNNING rf : ITERATION 45 
Random Forest 

1368 samples
  10 predictors

No pre-processing
Resampling: Bootstrapped (25 reps) 

Summary of sample sizes: 1368, 1368, 1368, 1368, 1368, 1368, ... 

Resampling results across tuning parameters:

  mtry  RMSE   Rsquared  RMSE SD  Rsquared SD
  3     1.3    0.977     0.0625   0.00308    
  4     0.913  0.985     0.0564   0.00216    
  5     0.766  0.988     0.0508   0.00188    
  6     0.712  0.989     0.0552   0.00195    
  7     0.689  0.989     0.0553   0.00192    
  8     0.678  0.99      0.0542   0.00181    

RMSE was used to select the optimal model using  the smallest value.
The final value used for the model was mtry = 8. 


RUNNING rf : ITERATION 46 
Random Forest 

1368 samples
  10 predictors

No pre-processing
Resampling: Bootstrapped (25 reps) 

Summary of sample sizes: 1368, 1368, 1368, 1368, 1368, 1368, ... 

Resampling results across tuning parameters:

  mtry  RMSE   Rsquared  RMSE SD  Rsquared SD
  3     1.32   0.977     0.0815   0.00422    
  4     0.932  0.985     0.087    0.00401    
  5     0.779  0.988     0.0892   0.00356    
  6     0.714  0.989     0.0973   0.00368    
  7     0.689  0.989     0.0981   0.00353    
  8     0.677  0.989     0.103    0.00363    

RMSE was used to select the optimal model using  the smallest value.
The final value used for the model was mtry = 8. 


RUNNING rf : ITERATION 47 
Random Forest 

1368 samples
  10 predictors

No pre-processing
Resampling: Bootstrapped (25 reps) 

Summary of sample sizes: 1368, 1368, 1368, 1368, 1368, 1368, ... 

Resampling results across tuning parameters:

  mtry  RMSE   Rsquared  RMSE SD  Rsquared SD
  3     1.32   0.978     0.0898   0.00323    
  4     0.915  0.986     0.0697   0.00239    
  5     0.771  0.989     0.0652   0.00227    
  6     0.713  0.989     0.0688   0.00234    
  7     0.688  0.99      0.0656   0.00216    
  8     0.675  0.99      0.064    0.00208    

RMSE was used to select the optimal model using  the smallest value.
The final value used for the model was mtry = 8. 


RUNNING rf : ITERATION 48 
Random Forest 

1368 samples
  10 predictors

No pre-processing
Resampling: Bootstrapped (25 reps) 

Summary of sample sizes: 1368, 1368, 1368, 1368, 1368, 1368, ... 

Resampling results across tuning parameters:

  mtry  RMSE   Rsquared  RMSE SD  Rsquared SD
  3     1.33   0.974     0.0952   0.00499    
  4     0.951  0.983     0.0884   0.00377    
  5     0.8    0.986     0.0852   0.00339    
  6     0.745  0.987     0.0771   0.00292    
  7     0.722  0.988     0.0855   0.0032     
  8     0.708  0.988     0.0728   0.00267    

RMSE was used to select the optimal model using  the smallest value.
The final value used for the model was mtry = 8. 


RUNNING rf : ITERATION 49 
Random Forest 

1368 samples
  10 predictors

No pre-processing
Resampling: Bootstrapped (25 reps) 

Summary of sample sizes: 1368, 1368, 1368, 1368, 1368, 1368, ... 

Resampling results across tuning parameters:

  mtry  RMSE   Rsquared  RMSE SD  Rsquared SD
  3     1.33   0.978     0.0879   0.00415    
  4     0.928  0.986     0.0786   0.00317    
  5     0.772  0.988     0.0751   0.00276    
  6     0.715  0.989     0.0722   0.0026     
  7     0.693  0.99      0.0703   0.00264    
  8     0.681  0.99      0.0709   0.00249    

RMSE was used to select the optimal model using  the smallest value.
The final value used for the model was mtry = 8. 


RUNNING rf : ITERATION 50 
Random Forest 

1368 samples
  10 predictors

No pre-processing
Resampling: Bootstrapped (25 reps) 

Summary of sample sizes: 1368, 1368, 1368, 1368, 1368, 1368, ... 

Resampling results across tuning parameters:

  mtry  RMSE   Rsquared  RMSE SD  Rsquared SD
  3     1.29   0.978     0.0604   0.00208    
  4     0.91   0.986     0.0578   0.00163    
  5     0.758  0.989     0.0462   0.00147    
  6     0.7    0.99      0.0461   0.00135    
  7     0.678  0.99      0.0456   0.00139    
  8     0.667  0.99      0.044    0.00135    

RMSE was used to select the optimal model using  the smallest value.
The final value used for the model was mtry = 8. 


RUNNING rf : ITERATION 51 
Random Forest 

1368 samples
  10 predictors

No pre-processing
Resampling: Bootstrapped (25 reps) 

Summary of sample sizes: 1368, 1368, 1368, 1368, 1368, 1368, ... 

Resampling results across tuning parameters:

  mtry  RMSE   Rsquared  RMSE SD  Rsquared SD
  3     1.37   0.976     0.0947   0.00488    
  4     0.96   0.985     0.0981   0.00401    
  5     0.801  0.988     0.0956   0.00345    
  6     0.741  0.989     0.102    0.00361    
  7     0.716  0.989     0.0998   0.00337    
  8     0.708  0.989     0.105    0.00361    

RMSE was used to select the optimal model using  the smallest value.
The final value used for the model was mtry = 8. 


RUNNING rf : ITERATION 52 
Random Forest 

1368 samples
  10 predictors

No pre-processing
Resampling: Bootstrapped (25 reps) 

Summary of sample sizes: 1368, 1368, 1368, 1368, 1368, 1368, ... 

Resampling results across tuning parameters:

  mtry  RMSE   Rsquared  RMSE SD  Rsquared SD
  3     1.33   0.977     0.0796   0.00267    
  4     0.911  0.986     0.0744   0.00216    
  5     0.752  0.989     0.0585   0.00169    
  6     0.699  0.99      0.0578   0.00171    
  7     0.674  0.99      0.0551   0.00162    
  8     0.666  0.99      0.057    0.00167    

RMSE was used to select the optimal model using  the smallest value.
The final value used for the model was mtry = 8. 


RUNNING rf : ITERATION 53 
Random Forest 

1368 samples
  10 predictors

No pre-processing
Resampling: Bootstrapped (25 reps) 

Summary of sample sizes: 1368, 1368, 1368, 1368, 1368, 1368, ... 

Resampling results across tuning parameters:

  mtry  RMSE   Rsquared  RMSE SD  Rsquared SD
  3     1.31   0.978     0.0752   0.00307    
  4     0.9    0.986     0.0655   0.00235    
  5     0.744  0.989     0.0694   0.00229    
  6     0.681  0.99      0.0711   0.00231    
  7     0.649  0.991     0.0677   0.00209    
  8     0.637  0.991     0.0657   0.002      

RMSE was used to select the optimal model using  the smallest value.
The final value used for the model was mtry = 8. 


RUNNING rf : ITERATION 54 
Random Forest 

1368 samples
  10 predictors

No pre-processing
Resampling: Bootstrapped (25 reps) 

Summary of sample sizes: 1368, 1368, 1368, 1368, 1368, 1368, ... 

Resampling results across tuning parameters:

  mtry  RMSE   Rsquared  RMSE SD  Rsquared SD
  3     1.34   0.977     0.0638   0.00271    
  4     0.931  0.986     0.0485   0.00187    
  5     0.755  0.989     0.0429   0.00149    
  6     0.692  0.99      0.0416   0.00143    
  7     0.663  0.99      0.0407   0.00137    
  8     0.648  0.991     0.041    0.00131    

RMSE was used to select the optimal model using  the smallest value.
The final value used for the model was mtry = 8. 


RUNNING rf : ITERATION 55 
Random Forest 

1368 samples
  10 predictors

No pre-processing
Resampling: Bootstrapped (25 reps) 

Summary of sample sizes: 1368, 1368, 1368, 1368, 1368, 1368, ... 

Resampling results across tuning parameters:

  mtry  RMSE   Rsquared  RMSE SD  Rsquared SD
  3     1.31   0.976     0.0952   0.00382    
  4     0.914  0.985     0.085    0.0027     
  5     0.759  0.988     0.0847   0.00279    
  6     0.699  0.989     0.0737   0.00228    
  7     0.674  0.99      0.0708   0.00211    
  8     0.667  0.99      0.0795   0.00256    

RMSE was used to select the optimal model using  the smallest value.
The final value used for the model was mtry = 8. 


RUNNING rf : ITERATION 56 
Random Forest 

1368 samples
  10 predictors

No pre-processing
Resampling: Bootstrapped (25 reps) 

Summary of sample sizes: 1368, 1368, 1368, 1368, 1368, 1368, ... 

Resampling results across tuning parameters:

  mtry  RMSE   Rsquared  RMSE SD  Rsquared SD
  3     1.39   0.975     0.0989   0.00463    
  4     0.983  0.984     0.102    0.00404    
  5     0.816  0.987     0.0962   0.00369    
  6     0.756  0.988     0.0982   0.00341    
  7     0.724  0.989     0.0949   0.0032     
  8     0.711  0.989     0.091    0.00296    

RMSE was used to select the optimal model using  the smallest value.
The final value used for the model was mtry = 8. 


RUNNING rf : ITERATION 57 
Random Forest 

1368 samples
  10 predictors

No pre-processing
Resampling: Bootstrapped (25 reps) 

Summary of sample sizes: 1368, 1368, 1368, 1368, 1368, 1368, ... 

Resampling results across tuning parameters:

  mtry  RMSE   Rsquared  RMSE SD  Rsquared SD
  3     1.32   0.978     0.0548   0.00252    
  4     0.919  0.986     0.0435   0.00167    
  5     0.773  0.988     0.0392   0.00147    
  6     0.718  0.989     0.0409   0.00137    
  7     0.694  0.99      0.0429   0.00141    
  8     0.683  0.99      0.0461   0.00146    

RMSE was used to select the optimal model using  the smallest value.
The final value used for the model was mtry = 8. 


RUNNING rf : ITERATION 58 
Random Forest 

1368 samples
  10 predictors

No pre-processing
Resampling: Bootstrapped (25 reps) 

Summary of sample sizes: 1368, 1368, 1368, 1368, 1368, 1368, ... 

Resampling results across tuning parameters:

  mtry  RMSE   Rsquared  RMSE SD  Rsquared SD
  3     1.35   0.977     0.0745   0.00351    
  4     0.942  0.985     0.0655   0.00237    
  5     0.777  0.989     0.0541   0.00171    
  6     0.716  0.99      0.0589   0.00189    
  7     0.691  0.99      0.0519   0.0016     
  8     0.68   0.99      0.0536   0.00161    

RMSE was used to select the optimal model using  the smallest value.
The final value used for the model was mtry = 8. 


RUNNING rf : ITERATION 59 
Random Forest 

1368 samples
  10 predictors

No pre-processing
Resampling: Bootstrapped (25 reps) 

Summary of sample sizes: 1368, 1368, 1368, 1368, 1368, 1368, ... 

Resampling results across tuning parameters:

  mtry  RMSE   Rsquared  RMSE SD  Rsquared SD
  3     1.34   0.976     0.0865   0.00312    
  4     0.944  0.985     0.0703   0.00235    
  5     0.79   0.988     0.0574   0.00183    
  6     0.729  0.989     0.0604   0.00186    
  7     0.703  0.989     0.0622   0.00185    
  8     0.69   0.99      0.0628   0.00183    

RMSE was used to select the optimal model using  the smallest value.
The final value used for the model was mtry = 8. 


RUNNING rf : ITERATION 60 
Random Forest 

1368 samples
  10 predictors

No pre-processing
Resampling: Bootstrapped (25 reps) 

Summary of sample sizes: 1368, 1368, 1368, 1368, 1368, 1368, ... 

Resampling results across tuning parameters:

  mtry  RMSE   Rsquared  RMSE SD  Rsquared SD
  3     1.35   0.977     0.0812   0.00351    
  4     0.927  0.986     0.0845   0.00345    
  5     0.765  0.989     0.076    0.00298    
  6     0.702  0.99      0.0806   0.00316    
  7     0.676  0.99      0.0753   0.00274    
  8     0.664  0.99      0.0813   0.00294    

RMSE was used to select the optimal model using  the smallest value.
The final value used for the model was mtry = 8. 


RUNNING rf : ITERATION 61 
Random Forest 

1368 samples
  10 predictors

No pre-processing
Resampling: Bootstrapped (25 reps) 

Summary of sample sizes: 1368, 1368, 1368, 1368, 1368, 1368, ... 

Resampling results across tuning parameters:

  mtry  RMSE   Rsquared  RMSE SD  Rsquared SD
  3     1.33   0.978     0.0757   0.0029     
  4     0.908  0.986     0.0629   0.00214    
  5     0.748  0.989     0.0542   0.00173    
  6     0.696  0.99      0.0566   0.00178    
  7     0.672  0.99      0.0583   0.00179    
  8     0.661  0.991     0.0571   0.00171    

RMSE was used to select the optimal model using  the smallest value.
The final value used for the model was mtry = 8. 


RUNNING rf : ITERATION 62 
Random Forest 

1368 samples
  10 predictors

No pre-processing
Resampling: Bootstrapped (25 reps) 

Summary of sample sizes: 1368, 1368, 1368, 1368, 1368, 1368, ... 

Resampling results across tuning parameters:

  mtry  RMSE   Rsquared  RMSE SD  Rsquared SD
  3     1.32   0.976     0.0771   0.00283    
  4     0.92   0.985     0.0769   0.00245    
  5     0.768  0.988     0.0723   0.00215    
  6     0.706  0.989     0.074    0.00215    
  7     0.679  0.99      0.0774   0.0022     
  8     0.669  0.99      0.0808   0.00231    

RMSE was used to select the optimal model using  the smallest value.
The final value used for the model was mtry = 8. 


RUNNING rf : ITERATION 63 
Random Forest 

1368 samples
  10 predictors

No pre-processing
Resampling: Bootstrapped (25 reps) 

Summary of sample sizes: 1368, 1368, 1368, 1368, 1368, 1368, ... 

Resampling results across tuning parameters:

  mtry  RMSE   Rsquared  RMSE SD  Rsquared SD
  3     1.33   0.976     0.0915   0.00281    
  4     0.938  0.985     0.0608   0.0019     
  5     0.777  0.988     0.051    0.00158    
  6     0.717  0.989     0.0473   0.00144    
  7     0.69   0.99      0.0459   0.00142    
  8     0.68   0.99      0.0464   0.00142    

RMSE was used to select the optimal model using  the smallest value.
The final value used for the model was mtry = 8. 


RUNNING rf : ITERATION 64 
Random Forest 

1368 samples
  10 predictors

No pre-processing
Resampling: Bootstrapped (25 reps) 

Summary of sample sizes: 1368, 1368, 1368, 1368, 1368, 1368, ... 

Resampling results across tuning parameters:

  mtry  RMSE   Rsquared  RMSE SD  Rsquared SD
  3     1.29   0.978     0.06     0.00227    
  4     0.888  0.987     0.0543   0.00155    
  5     0.73   0.99      0.0532   0.0015     
  6     0.664  0.991     0.0541   0.00147    
  7     0.641  0.991     0.0521   0.00142    
  8     0.627  0.991     0.0532   0.00145    

RMSE was used to select the optimal model using  the smallest value.
The final value used for the model was mtry = 8. 


RUNNING rf : ITERATION 65 
Random Forest 

1368 samples
  10 predictors

No pre-processing
Resampling: Bootstrapped (25 reps) 

Summary of sample sizes: 1368, 1368, 1368, 1368, 1368, 1368, ... 

Resampling results across tuning parameters:

  mtry  RMSE   Rsquared  RMSE SD  Rsquared SD
  3     1.32   0.977     0.0643   0.00243    
  4     0.929  0.986     0.046    0.00171    
  5     0.777  0.988     0.0423   0.00153    
  6     0.717  0.989     0.0421   0.00147    
  7     0.69   0.99      0.0442   0.00145    
  8     0.681  0.99      0.0443   0.00144    

RMSE was used to select the optimal model using  the smallest value.
The final value used for the model was mtry = 8. 


RUNNING rf : ITERATION 66 
Random Forest 

1368 samples
  10 predictors

No pre-processing
Resampling: Bootstrapped (25 reps) 

Summary of sample sizes: 1368, 1368, 1368, 1368, 1368, 1368, ... 

Resampling results across tuning parameters:

  mtry  RMSE   Rsquared  RMSE SD  Rsquared SD
  3     1.36   0.975     0.0612   0.00367    
  4     0.961  0.984     0.0771   0.00314    
  5     0.808  0.987     0.0778   0.00279    
  6     0.741  0.989     0.0731   0.00244    
  7     0.713  0.989     0.0738   0.00242    
  8     0.696  0.989     0.0726   0.00233    

RMSE was used to select the optimal model using  the smallest value.
The final value used for the model was mtry = 8. 


RUNNING rf : ITERATION 67 
Random Forest 

1368 samples
  10 predictors

No pre-processing
Resampling: Bootstrapped (25 reps) 

Summary of sample sizes: 1368, 1368, 1368, 1368, 1368, 1368, ... 

Resampling results across tuning parameters:

  mtry  RMSE   Rsquared  RMSE SD  Rsquared SD
  3     1.3    0.978     0.109    0.00409    
  4     0.906  0.986     0.103    0.00353    
  5     0.755  0.989     0.0969   0.00321    
  6     0.699  0.99      0.102    0.00335    
  7     0.669  0.99      0.0937   0.00293    
  8     0.658  0.99      0.0972   0.00303    

RMSE was used to select the optimal model using  the smallest value.
The final value used for the model was mtry = 8. 


RUNNING rf : ITERATION 68 
Random Forest 

1368 samples
  10 predictors

No pre-processing
Resampling: Bootstrapped (25 reps) 

Summary of sample sizes: 1368, 1368, 1368, 1368, 1368, 1368, ... 

Resampling results across tuning parameters:

  mtry  RMSE   Rsquared  RMSE SD  Rsquared SD
  3     1.32   0.977     0.0991   0.00406    
  4     0.925  0.985     0.0854   0.00374    
  5     0.773  0.988     0.0798   0.00321    
  6     0.713  0.989     0.0738   0.00292    
  7     0.691  0.989     0.084    0.00321    
  8     0.681  0.989     0.0738   0.00263    

RMSE was used to select the optimal model using  the smallest value.
The final value used for the model was mtry = 8. 


RUNNING rf : ITERATION 69 
Random Forest 

1368 samples
  10 predictors

No pre-processing
Resampling: Bootstrapped (25 reps) 

Summary of sample sizes: 1368, 1368, 1368, 1368, 1368, 1368, ... 

Resampling results across tuning parameters:

  mtry  RMSE   Rsquared  RMSE SD  Rsquared SD
  3     1.31   0.977     0.0854   0.00296    
  4     0.92   0.986     0.0743   0.00221    
  5     0.769  0.988     0.0784   0.00254    
  6     0.712  0.989     0.0801   0.00239    
  7     0.687  0.99      0.0818   0.00237    
  8     0.674  0.99      0.0795   0.00222    

RMSE was used to select the optimal model using  the smallest value.
The final value used for the model was mtry = 8. 


RUNNING rf : ITERATION 70 
Random Forest 

1368 samples
  10 predictors

No pre-processing
Resampling: Bootstrapped (25 reps) 

Summary of sample sizes: 1368, 1368, 1368, 1368, 1368, 1368, ... 

Resampling results across tuning parameters:

  mtry  RMSE   Rsquared  RMSE SD  Rsquared SD
  3     1.33   0.977     0.071    0.00293    
  4     0.933  0.985     0.0559   0.00184    
  5     0.781  0.988     0.0566   0.0022     
  6     0.723  0.989     0.0566   0.00206    
  7     0.695  0.989     0.054    0.0019     
  8     0.685  0.99      0.0553   0.00191    

RMSE was used to select the optimal model using  the smallest value.
The final value used for the model was mtry = 8. 


RUNNING rf : ITERATION 71 
Random Forest 

1368 samples
  10 predictors

No pre-processing
Resampling: Bootstrapped (25 reps) 

Summary of sample sizes: 1368, 1368, 1368, 1368, 1368, 1368, ... 

Resampling results across tuning parameters:

  mtry  RMSE   Rsquared  RMSE SD  Rsquared SD
  3     1.31   0.978     0.072    0.00272    
  4     0.914  0.986     0.0498   0.00181    
  5     0.749  0.989     0.0481   0.00177    
  6     0.686  0.99      0.0456   0.00165    
  7     0.658  0.991     0.0509   0.00174    
  8     0.644  0.991     0.0539   0.00179    

RMSE was used to select the optimal model using  the smallest value.
The final value used for the model was mtry = 8. 


RUNNING rf : ITERATION 72 
Random Forest 

1368 samples
  10 predictors

No pre-processing
Resampling: Bootstrapped (25 reps) 

Summary of sample sizes: 1368, 1368, 1368, 1368, 1368, 1368, ... 

Resampling results across tuning parameters:

  mtry  RMSE   Rsquared  RMSE SD  Rsquared SD
  3     1.32   0.977     0.0653   0.0027     
  4     0.918  0.986     0.0414   0.00173    
  5     0.762  0.989     0.0408   0.00165    
  6     0.702  0.99      0.0433   0.00164    
  7     0.676  0.99      0.0514   0.00174    
  8     0.665  0.99      0.056    0.00185    

RMSE was used to select the optimal model using  the smallest value.
The final value used for the model was mtry = 8. 


RUNNING rf : ITERATION 73 
Random Forest 

1368 samples
  10 predictors

No pre-processing
Resampling: Bootstrapped (25 reps) 

Summary of sample sizes: 1368, 1368, 1368, 1368, 1368, 1368, ... 

Resampling results across tuning parameters:

  mtry  RMSE   Rsquared  RMSE SD  Rsquared SD
  3     1.31   0.978     0.0706   0.00264    
  4     0.901  0.986     0.0635   0.00218    
  5     0.746  0.989     0.0609   0.00212    
  6     0.684  0.99      0.0653   0.00222    
  7     0.657  0.99      0.0645   0.00211    
  8     0.647  0.99      0.0662   0.00213    

RMSE was used to select the optimal model using  the smallest value.
The final value used for the model was mtry = 8. 


RUNNING rf : ITERATION 74 
Random Forest 

1368 samples
  10 predictors

No pre-processing
Resampling: Bootstrapped (25 reps) 

Summary of sample sizes: 1368, 1368, 1368, 1368, 1368, 1368, ... 

Resampling results across tuning parameters:

  mtry  RMSE   Rsquared  RMSE SD  Rsquared SD
  3     1.28   0.979     0.0813   0.00191    
  4     0.889  0.987     0.0557   0.00131    
  5     0.738  0.989     0.0501   0.00122    
  6     0.686  0.99      0.0583   0.0016     
  7     0.656  0.991     0.0423   0.00111    
  8     0.646  0.991     0.047    0.00122    

RMSE was used to select the optimal model using  the smallest value.
The final value used for the model was mtry = 8. 


RUNNING rf : ITERATION 75 
Random Forest 

1368 samples
  10 predictors

No pre-processing
Resampling: Bootstrapped (25 reps) 

Summary of sample sizes: 1368, 1368, 1368, 1368, 1368, 1368, ... 

Resampling results across tuning parameters:

  mtry  RMSE   Rsquared  RMSE SD  Rsquared SD
  3     1.34   0.978     0.0624   0.00249    
  4     0.915  0.987     0.0447   0.00133    
  5     0.759  0.989     0.0392   0.00113    
  6     0.697  0.99      0.0407   0.0011     
  7     0.673  0.991     0.0413   0.0011     
  8     0.659  0.991     0.041    0.00108    

RMSE was used to select the optimal model using  the smallest value.
The final value used for the model was mtry = 8. 


RUNNING rf : ITERATION 76 
Random Forest 

1368 samples
  10 predictors

No pre-processing
Resampling: Bootstrapped (25 reps) 

Summary of sample sizes: 1368, 1368, 1368, 1368, 1368, 1368, ... 

Resampling results across tuning parameters:

  mtry  RMSE   Rsquared  RMSE SD  Rsquared SD
  3     1.3    0.978     0.0791   0.00256    
  4     0.91   0.986     0.0634   0.00204    
  5     0.753  0.989     0.0502   0.00167    
  6     0.695  0.99      0.0476   0.00156    
  7     0.67   0.99      0.0495   0.0016     
  8     0.659  0.991     0.0457   0.00146    

RMSE was used to select the optimal model using  the smallest value.
The final value used for the model was mtry = 8. 


RUNNING rf : ITERATION 77 
Random Forest 

1368 samples
  10 predictors

No pre-processing
Resampling: Bootstrapped (25 reps) 

Summary of sample sizes: 1368, 1368, 1368, 1368, 1368, 1368, ... 

Resampling results across tuning parameters:

  mtry  RMSE   Rsquared  RMSE SD  Rsquared SD
  3     1.31   0.976     0.0904   0.00285    
  4     0.912  0.985     0.0557   0.00156    
  5     0.744  0.989     0.0375   0.00127    
  6     0.685  0.99      0.0332   0.00112    
  7     0.661  0.99      0.0329   0.00112    
  8     0.65   0.99      0.032    0.00107    

RMSE was used to select the optimal model using  the smallest value.
The final value used for the model was mtry = 8. 


RUNNING rf : ITERATION 78 
Random Forest 

1368 samples
  10 predictors

No pre-processing
Resampling: Bootstrapped (25 reps) 

Summary of sample sizes: 1368, 1368, 1368, 1368, 1368, 1368, ... 

Resampling results across tuning parameters:

  mtry  RMSE   Rsquared  RMSE SD  Rsquared SD
  3     1.32   0.976     0.0864   0.00355    
  4     0.917  0.985     0.0711   0.00248    
  5     0.762  0.988     0.0629   0.00216    
  6     0.702  0.989     0.0607   0.00193    
  7     0.675  0.99      0.059    0.00184    
  8     0.662  0.99      0.0588   0.0019     

RMSE was used to select the optimal model using  the smallest value.
The final value used for the model was mtry = 8. 


RUNNING rf : ITERATION 79 
Random Forest 

1368 samples
  10 predictors

No pre-processing
Resampling: Bootstrapped (25 reps) 

Summary of sample sizes: 1368, 1368, 1368, 1368, 1368, 1368, ... 

Resampling results across tuning parameters:

  mtry  RMSE   Rsquared  RMSE SD  Rsquared SD
  3     1.34   0.977     0.076    0.00348    
  4     0.927  0.986     0.0691   0.0033     
  5     0.767  0.988     0.0701   0.00295    
  6     0.709  0.989     0.0698   0.0028     
  7     0.687  0.99      0.0772   0.00304    
  8     0.673  0.99      0.075    0.0028     

RMSE was used to select the optimal model using  the smallest value.
The final value used for the model was mtry = 8. 


RUNNING rf : ITERATION 80 
Random Forest 

1368 samples
  10 predictors

No pre-processing
Resampling: Bootstrapped (25 reps) 

Summary of sample sizes: 1368, 1368, 1368, 1368, 1368, 1368, ... 

Resampling results across tuning parameters:

  mtry  RMSE   Rsquared  RMSE SD  Rsquared SD
  3     1.34   0.976     0.0652   0.0034     
  4     0.918  0.986     0.0645   0.0023     
  5     0.767  0.988     0.0636   0.00218    
  6     0.704  0.99      0.0598   0.00185    
  7     0.673  0.99      0.058    0.00179    
  8     0.663  0.99      0.0602   0.00181    

RMSE was used to select the optimal model using  the smallest value.
The final value used for the model was mtry = 8. 


RUNNING rf : ITERATION 81 
Random Forest 

1368 samples
  10 predictors

No pre-processing
Resampling: Bootstrapped (25 reps) 

Summary of sample sizes: 1368, 1368, 1368, 1368, 1368, 1368, ... 

Resampling results across tuning parameters:

  mtry  RMSE   Rsquared  RMSE SD  Rsquared SD
  3     1.33   0.975     0.0614   0.00313    
  4     0.94   0.984     0.0642   0.0028     
  5     0.799  0.987     0.0781   0.00295    
  6     0.743  0.988     0.0796   0.00288    
  7     0.716  0.988     0.0788   0.00272    
  8     0.709  0.989     0.0862   0.00293    

RMSE was used to select the optimal model using  the smallest value.
The final value used for the model was mtry = 8. 


RUNNING rf : ITERATION 82 
Random Forest 

1368 samples
  10 predictors

No pre-processing
Resampling: Bootstrapped (25 reps) 

Summary of sample sizes: 1368, 1368, 1368, 1368, 1368, 1368, ... 

Resampling results across tuning parameters:

  mtry  RMSE   Rsquared  RMSE SD  Rsquared SD
  3     1.35   0.978     0.0658   0.00247    
  4     0.944  0.986     0.0631   0.00201    
  5     0.784  0.988     0.0557   0.0018     
  6     0.72   0.989     0.0525   0.00185    
  7     0.692  0.99      0.0524   0.00184    
  8     0.678  0.99      0.0524   0.00184    

RMSE was used to select the optimal model using  the smallest value.
The final value used for the model was mtry = 8. 


RUNNING rf : ITERATION 83 
Random Forest 

1368 samples
  10 predictors

No pre-processing
Resampling: Bootstrapped (25 reps) 

Summary of sample sizes: 1368, 1368, 1368, 1368, 1368, 1368, ... 

Resampling results across tuning parameters:

  mtry  RMSE   Rsquared  RMSE SD  Rsquared SD
  3     1.32   0.977     0.0558   0.00243    
  4     0.915  0.986     0.0545   0.00172    
  5     0.765  0.989     0.0454   0.00155    
  6     0.708  0.99      0.0521   0.00161    
  7     0.685  0.99      0.0527   0.00158    
  8     0.673  0.99      0.0546   0.00157    

RMSE was used to select the optimal model using  the smallest value.
The final value used for the model was mtry = 8. 


RUNNING rf : ITERATION 84 
Random Forest 

1368 samples
  10 predictors

No pre-processing
Resampling: Bootstrapped (25 reps) 

Summary of sample sizes: 1368, 1368, 1368, 1368, 1368, 1368, ... 

Resampling results across tuning parameters:

  mtry  RMSE   Rsquared  RMSE SD  Rsquared SD
  3     1.34   0.976     0.095    0.0029     
  4     0.932  0.985     0.0841   0.00251    
  5     0.779  0.988     0.0755   0.00206    
  6     0.717  0.989     0.0773   0.00218    
  7     0.694  0.989     0.077    0.00218    
  8     0.68   0.99      0.0723   0.00201    

RMSE was used to select the optimal model using  the smallest value.
The final value used for the model was mtry = 8. 


RUNNING rf : ITERATION 85 
Random Forest 

1368 samples
  10 predictors

No pre-processing
Resampling: Bootstrapped (25 reps) 

Summary of sample sizes: 1368, 1368, 1368, 1368, 1368, 1368, ... 

Resampling results across tuning parameters:

  mtry  RMSE   Rsquared  RMSE SD  Rsquared SD
  3     1.27   0.979     0.0878   0.00252    
  4     0.872  0.987     0.0619   0.00146    
  5     0.723  0.99      0.0513   0.00125    
  6     0.663  0.991     0.0425   0.00106    
  7     0.639  0.991     0.0403   0.00103    
  8     0.628  0.991     0.0385   0.00103    

RMSE was used to select the optimal model using  the smallest value.
The final value used for the model was mtry = 8. 


RUNNING rf : ITERATION 86 
Random Forest 

1368 samples
  10 predictors

No pre-processing
Resampling: Bootstrapped (25 reps) 

Summary of sample sizes: 1368, 1368, 1368, 1368, 1368, 1368, ... 

Resampling results across tuning parameters:

  mtry  RMSE   Rsquared  RMSE SD  Rsquared SD
  3     1.35   0.977     0.106    0.00427    
  4     0.943  0.985     0.0928   0.00351    
  5     0.793  0.988     0.096    0.00336    
  6     0.737  0.989     0.101    0.00363    
  7     0.711  0.989     0.0973   0.00334    
  8     0.691  0.99      0.0809   0.00266    

RMSE was used to select the optimal model using  the smallest value.
The final value used for the model was mtry = 8. 


RUNNING rf : ITERATION 87 
Random Forest 

1368 samples
  10 predictors

No pre-processing
Resampling: Bootstrapped (25 reps) 

Summary of sample sizes: 1368, 1368, 1368, 1368, 1368, 1368, ... 

Resampling results across tuning parameters:

  mtry  RMSE   Rsquared  RMSE SD  Rsquared SD
  3     1.32   0.978     0.0771   0.00446    
  4     0.914  0.986     0.0885   0.0039     
  5     0.755  0.989     0.0812   0.00342    
  6     0.695  0.99      0.091    0.00365    
  7     0.665  0.99      0.0839   0.00312    
  8     0.657  0.99      0.0933   0.00341    

RMSE was used to select the optimal model using  the smallest value.
The final value used for the model was mtry = 8. 


RUNNING rf : ITERATION 88 
Random Forest 

1368 samples
  10 predictors

No pre-processing
Resampling: Bootstrapped (25 reps) 

Summary of sample sizes: 1368, 1368, 1368, 1368, 1368, 1368, ... 

Resampling results across tuning parameters:

  mtry  RMSE   Rsquared  RMSE SD  Rsquared SD
  3     1.29   0.978     0.0731   0.00267    
  4     0.912  0.986     0.061    0.00204    
  5     0.767  0.988     0.0601   0.00191    
  6     0.712  0.989     0.0576   0.00182    
  7     0.69   0.989     0.0616   0.0019     
  8     0.679  0.99      0.0639   0.00194    

RMSE was used to select the optimal model using  the smallest value.
The final value used for the model was mtry = 8. 


RUNNING rf : ITERATION 89 
Random Forest 

1368 samples
  10 predictors

No pre-processing
Resampling: Bootstrapped (25 reps) 

Summary of sample sizes: 1368, 1368, 1368, 1368, 1368, 1368, ... 

Resampling results across tuning parameters:

  mtry  RMSE   Rsquared  RMSE SD  Rsquared SD
  3     1.34   0.977     0.0859   0.00318    
  4     0.936  0.985     0.0705   0.00237    
  5     0.785  0.988     0.0697   0.00243    
  6     0.723  0.989     0.0709   0.00234    
  7     0.7    0.99      0.0719   0.00229    
  8     0.688  0.99      0.0705   0.00219    

RMSE was used to select the optimal model using  the smallest value.
The final value used for the model was mtry = 8. 


RUNNING rf : ITERATION 90 
Random Forest 

1368 samples
  10 predictors

No pre-processing
Resampling: Bootstrapped (25 reps) 

Summary of sample sizes: 1368, 1368, 1368, 1368, 1368, 1368, ... 

Resampling results across tuning parameters:

  mtry  RMSE   Rsquared  RMSE SD  Rsquared SD
  3     1.33   0.976     0.0855   0.00341    
  4     0.94   0.985     0.0728   0.00273    
  5     0.789  0.988     0.0655   0.00225    
  6     0.732  0.989     0.0685   0.00222    
  7     0.704  0.989     0.0626   0.00195    
  8     0.692  0.99      0.0575   0.00177    

RMSE was used to select the optimal model using  the smallest value.
The final value used for the model was mtry = 8. 


RUNNING rf : ITERATION 91 
Random Forest 

1368 samples
  10 predictors

No pre-processing
Resampling: Bootstrapped (25 reps) 

Summary of sample sizes: 1368, 1368, 1368, 1368, 1368, 1368, ... 

Resampling results across tuning parameters:

  mtry  RMSE   Rsquared  RMSE SD  Rsquared SD
  3     1.33   0.979     0.0652   0.0025     
  4     0.901  0.987     0.0409   0.00151    
  5     0.751  0.989     0.0451   0.00143    
  6     0.684  0.99      0.0409   0.00123    
  7     0.661  0.991     0.0431   0.00126    
  8     0.653  0.991     0.0446   0.00125    

RMSE was used to select the optimal model using  the smallest value.
The final value used for the model was mtry = 8. 


RUNNING rf : ITERATION 92 
Random Forest 

1368 samples
  10 predictors

No pre-processing
Resampling: Bootstrapped (25 reps) 

Summary of sample sizes: 1368, 1368, 1368, 1368, 1368, 1368, ... 

Resampling results across tuning parameters:

  mtry  RMSE   Rsquared  RMSE SD  Rsquared SD
  3     1.34   0.975     0.0866   0.00404    
  4     0.937  0.985     0.0738   0.00283    
  5     0.779  0.988     0.0681   0.00246    
  6     0.72   0.989     0.0727   0.0026     
  7     0.694  0.989     0.0717   0.00251    
  8     0.68   0.99      0.0686   0.00235    

RMSE was used to select the optimal model using  the smallest value.
The final value used for the model was mtry = 8. 


RUNNING rf : ITERATION 93 
Random Forest 

1368 samples
  10 predictors

No pre-processing
Resampling: Bootstrapped (25 reps) 

Summary of sample sizes: 1368, 1368, 1368, 1368, 1368, 1368, ... 

Resampling results across tuning parameters:

  mtry  RMSE   Rsquared  RMSE SD  Rsquared SD
  3     1.32   0.979     0.0802   0.00307    
  4     0.905  0.987     0.0497   0.00137    
  5     0.743  0.99      0.0394   0.00115    
  6     0.681  0.991     0.0355   0.00108    
  7     0.653  0.991     0.0342   0.00109    
  8     0.641  0.991     0.0337   0.00108    

RMSE was used to select the optimal model using  the smallest value.
The final value used for the model was mtry = 8. 


RUNNING rf : ITERATION 94 
Random Forest 

1368 samples
  10 predictors

No pre-processing
Resampling: Bootstrapped (25 reps) 

Summary of sample sizes: 1368, 1368, 1368, 1368, 1368, 1368, ... 

Resampling results across tuning parameters:

  mtry  RMSE   Rsquared  RMSE SD  Rsquared SD
  3     1.28   0.979     0.0495   0.00258    
  4     0.881  0.987     0.0345   0.00172    
  5     0.735  0.989     0.0306   0.00132    
  6     0.68   0.99      0.0336   0.00125    
  7     0.657  0.991     0.0347   0.0012     
  8     0.647  0.991     0.0377   0.0012     

RMSE was used to select the optimal model using  the smallest value.
The final value used for the model was mtry = 8. 


RUNNING rf : ITERATION 95 
Random Forest 

1368 samples
  10 predictors

No pre-processing
Resampling: Bootstrapped (25 reps) 

Summary of sample sizes: 1368, 1368, 1368, 1368, 1368, 1368, ... 

Resampling results across tuning parameters:

  mtry  RMSE   Rsquared  RMSE SD  Rsquared SD
  3     1.34   0.976     0.0835   0.00317    
  4     0.92   0.986     0.0566   0.00159    
  5     0.75   0.989     0.0492   0.00141    
  6     0.686  0.99      0.0482   0.00123    
  7     0.657  0.991     0.0491   0.00127    
  8     0.643  0.991     0.047    0.00124    

RMSE was used to select the optimal model using  the smallest value.
The final value used for the model was mtry = 8. 


RUNNING rf : ITERATION 96 
Random Forest 

1368 samples
  10 predictors

No pre-processing
Resampling: Bootstrapped (25 reps) 

Summary of sample sizes: 1368, 1368, 1368, 1368, 1368, 1368, ... 

Resampling results across tuning parameters:

  mtry  RMSE   Rsquared  RMSE SD  Rsquared SD
  3     1.32   0.978     0.0682   0.00361    
  4     0.91   0.986     0.0485   0.00205    
  5     0.752  0.989     0.0492   0.00162    
  6     0.691  0.99      0.047    0.00142    
  7     0.665  0.991     0.0506   0.00147    
  8     0.654  0.991     0.0487   0.00139    

RMSE was used to select the optimal model using  the smallest value.
The final value used for the model was mtry = 8. 


RUNNING rf : ITERATION 97 
Random Forest 

1368 samples
  10 predictors

No pre-processing
Resampling: Bootstrapped (25 reps) 

Summary of sample sizes: 1368, 1368, 1368, 1368, 1368, 1368, ... 

Resampling results across tuning parameters:

  mtry  RMSE   Rsquared  RMSE SD  Rsquared SD
  3     1.34   0.976     0.0853   0.00315    
  4     0.953  0.985     0.0478   0.0016     
  5     0.794  0.988     0.0466   0.00135    
  6     0.728  0.989     0.0375   0.0012     
  7     0.694  0.99      0.0345   0.00108    
  8     0.68   0.99      0.0384   0.00115    

RMSE was used to select the optimal model using  the smallest value.
The final value used for the model was mtry = 8. 


RUNNING rf : ITERATION 98 
Random Forest 

1368 samples
  10 predictors

No pre-processing
Resampling: Bootstrapped (25 reps) 

Summary of sample sizes: 1368, 1368, 1368, 1368, 1368, 1368, ... 

Resampling results across tuning parameters:

  mtry  RMSE   Rsquared  RMSE SD  Rsquared SD
  3     1.34   0.977     0.0629   0.00342    
  4     0.947  0.985     0.0581   0.00256    
  5     0.794  0.988     0.0543   0.00208    
  6     0.738  0.989     0.0585   0.00206    
  7     0.709  0.989     0.0594   0.002      
  8     0.697  0.99      0.0578   0.00191    

RMSE was used to select the optimal model using  the smallest value.
The final value used for the model was mtry = 8. 


RUNNING rf : ITERATION 99 
Random Forest 

1368 samples
  10 predictors

No pre-processing
Resampling: Bootstrapped (25 reps) 

Summary of sample sizes: 1368, 1368, 1368, 1368, 1368, 1368, ... 

Resampling results across tuning parameters:

  mtry  RMSE   Rsquared  RMSE SD  Rsquared SD
  3     1.32   0.977     0.0636   0.00182    
  4     0.91   0.986     0.0522   0.00174    
  5     0.754  0.989     0.0492   0.00161    
  6     0.692  0.99      0.0505   0.00161    
  7     0.665  0.99      0.0583   0.00176    
  8     0.647  0.991     0.0532   0.00154    

RMSE was used to select the optimal model using  the smallest value.
The final value used for the model was mtry = 8. 


RUNNING rf : ITERATION 100 
Random Forest 

1368 samples
  10 predictors

No pre-processing
Resampling: Bootstrapped (25 reps) 

Summary of sample sizes: 1368, 1368, 1368, 1368, 1368, 1368, ... 

Resampling results across tuning parameters:

  mtry  RMSE   Rsquared  RMSE SD  Rsquared SD
  3     1.33   0.976     0.0689   0.00347    
  4     0.95   0.984     0.0764   0.00296    
  5     0.807  0.987     0.0796   0.0028     
  6     0.747  0.988     0.0783   0.00253    
  7     0.727  0.988     0.0829   0.00261    
  8     0.716  0.989     0.0833   0.0026     

RMSE was used to select the optimal model using  the smallest value.
The final value used for the model was mtry = 8. 
