Loading required package: sp
Loading required package: lattice
Loading required package: ggplot2
rgdal: version: 0.8-16, (SVN revision 498)
Geospatial Data Abstraction Library extensions to R successfully loaded
Loaded GDAL runtime: GDAL 1.7.3, released 2010/11/10
Path to GDAL shared files: /usr/share/gdal/1.7
GDAL does not use iconv for recoding strings.
Loaded PROJ.4 runtime: Rel. 4.7.1, 23 September 2009, [PJ_VERSION: 470]
Path to PROJ.4 shared files: (autodetected)
OGR data source with driver: ESRI Shapefile 
Source: "plots_shp/PlotPoles_ARC1960_mod_20140807_final.shp", layer: "PlotPoles_ARC1960_mod_20140807_final"
with 1248 features and 7 fields
Feature type: wkbPoint with 2 dimensions
Warning message:
In ReplProj4string(obj, CRS(value)) :
  A new CRS was assigned to an object with an existing CRS:
+proj=utm +zone=37 +south +ellps=clrk80 +units=m +no_defs
without reprojecting.
For reprojection, use function spTransform in package rgdal


RUNNING pcr : ITERATION 1 
Loading required package: pls

Attaching package: ‘pls’

The following object is masked from ‘package:caret’:

    R2

The following object is masked from ‘package:stats’:

    loadings

Loading required package: pROC
Principal Component Analysis 

1368 samples
  10 predictors

No pre-processing
Resampling: Bootstrapped (25 reps) 

Summary of sample sizes: 1368, 1368, 1368, 1368, 1368, 1368, ... 

Resampling results across tuning parameters:

  ncomp  RMSE  Rsquared  RMSE SD  Rsquared SD
  1      6.7   0.0141    0.192    0.00408    
  2      6.49  0.0771    0.209    0.0289     
  3      2.6   0.852     0.113    0.0128     
  4      2.5   0.863     0.0932   0.0104     
  5      2.22  0.891     0.149    0.0148     
  6      2.17  0.897     0.0773   0.00781    
  7      1.88  0.923     0.0738   0.00629    
  8      1.77  0.932     0.0847   0.00614    
  9      1.71  0.936     0.0725   0.0052     

RMSE was used to select the optimal model using  the smallest value.
The final value used for the model was ncomp = 9. 


RUNNING pcr : ITERATION 2 
Loading required package: pROC
Principal Component Analysis 

1368 samples
  10 predictors

No pre-processing
Resampling: Bootstrapped (25 reps) 

Summary of sample sizes: 1368, 1368, 1368, 1368, 1368, 1368, ... 

Resampling results across tuning parameters:

  ncomp  RMSE  Rsquared  RMSE SD  Rsquared SD
  1      6.72  0.00903   0.169    0.00269    
  2      6.55  0.0622    0.197    0.0455     
  3      2.51  0.862     0.081    0.00958    
  4      2.4   0.873     0.0709   0.00834    
  5      2.15  0.899     0.0893   0.00764    
  6      2.1   0.903     0.0533   0.00667    
  7      1.81  0.929     0.0472   0.00407    
  8      1.72  0.935     0.0804   0.00589    
  9      1.66  0.94      0.0777   0.00523    

RMSE was used to select the optimal model using  the smallest value.
The final value used for the model was ncomp = 9. 


RUNNING pcr : ITERATION 3 
Loading required package: pROC
Principal Component Analysis 

1368 samples
  10 predictors

No pre-processing
Resampling: Bootstrapped (25 reps) 

Summary of sample sizes: 1368, 1368, 1368, 1368, 1368, 1368, ... 

Resampling results across tuning parameters:

  ncomp  RMSE  Rsquared  RMSE SD  Rsquared SD
  1      6.83  0.0136    0.182    0.00257    
  2      6.71  0.0499    0.175    0.0193     
  3      2.53  0.865     0.0945   0.00983    
  4      2.4   0.878     0.0713   0.00808    
  5      2.17  0.901     0.117    0.0115     
  6      2.1   0.906     0.056    0.00683    
  7      1.85  0.928     0.0554   0.00581    
  8      1.74  0.936     0.0676   0.00659    
  9      1.69  0.94      0.0635   0.00545    

RMSE was used to select the optimal model using  the smallest value.
The final value used for the model was ncomp = 9. 


RUNNING pcr : ITERATION 4 
Loading required package: pROC
Principal Component Analysis 

1368 samples
  10 predictors

No pre-processing
Resampling: Bootstrapped (25 reps) 

Summary of sample sizes: 1368, 1368, 1368, 1368, 1368, 1368, ... 

Resampling results across tuning parameters:

  ncomp  RMSE  Rsquared  RMSE SD  Rsquared SD
  1      6.63  0.00776   0.175    0.00304    
  2      6.32  0.102     0.22     0.0403     
  3      2.55  0.853     0.104    0.0132     
  4      2.46  0.864     0.0911   0.0109     
  5      2.16  0.894     0.0821   0.0101     
  6      2.14  0.897     0.0629   0.00731    
  7      1.85  0.923     0.0634   0.00473    
  8      1.77  0.93      0.0842   0.00674    
  9      1.68  0.936     0.0701   0.00563    

RMSE was used to select the optimal model using  the smallest value.
The final value used for the model was ncomp = 9. 


RUNNING pcr : ITERATION 5 
Loading required package: pROC
Principal Component Analysis 

1368 samples
  10 predictors

No pre-processing
Resampling: Bootstrapped (25 reps) 

Summary of sample sizes: 1368, 1368, 1368, 1368, 1368, 1368, ... 

Resampling results across tuning parameters:

  ncomp  RMSE  Rsquared  RMSE SD  Rsquared SD
  1      6.66  0.0122    0.178    0.00341    
  2      6.33  0.109     0.244    0.0386     
  3      2.57  0.852     0.0971   0.0122     
  4      2.45  0.866     0.071    0.00797    
  5      2.15  0.897     0.0817   0.00698    
  6      2.12  0.9       0.0506   0.00619    
  7      1.87  0.922     0.0674   0.0053     
  8      1.77  0.93      0.105    0.00787    
  9      1.68  0.937     0.0784   0.00515    

RMSE was used to select the optimal model using  the smallest value.
The final value used for the model was ncomp = 9. 


RUNNING pcr : ITERATION 6 
Loading required package: pROC
Principal Component Analysis 

1368 samples
  10 predictors

No pre-processing
Resampling: Bootstrapped (25 reps) 

Summary of sample sizes: 1368, 1368, 1368, 1368, 1368, 1368, ... 

Resampling results across tuning parameters:

  ncomp  RMSE  Rsquared  RMSE SD  Rsquared SD
  1      6.54  0.0123    0.158    0.00353    
  2      6.3   0.0833    0.226    0.0368     
  3      2.56  0.849     0.0581   0.0109     
  4      2.45  0.862     0.0536   0.00951    
  5      2.21  0.887     0.125    0.0136     
  6      2.12  0.896     0.0617   0.00783    
  7      1.83  0.923     0.0711   0.00592    
  8      1.74  0.93      0.112    0.00795    
  9      1.68  0.935     0.102    0.00738    

RMSE was used to select the optimal model using  the smallest value.
The final value used for the model was ncomp = 9. 


RUNNING pcr : ITERATION 7 
Loading required package: pROC
Principal Component Analysis 

1368 samples
  10 predictors

No pre-processing
Resampling: Bootstrapped (25 reps) 

Summary of sample sizes: 1368, 1368, 1368, 1368, 1368, 1368, ... 

Resampling results across tuning parameters:

  ncomp  RMSE  Rsquared  RMSE SD  Rsquared SD
  1      6.68  0.0116    0.196    0.00275    
  2      6.32  0.115     0.213    0.0335     
  3      2.57  0.853     0.0946   0.00768    
  4      2.47  0.865     0.0745   0.0073     
  5      2.17  0.896     0.0632   0.00779    
  6      2.14  0.898     0.0548   0.00643    
  7      1.82  0.927     0.0634   0.00622    
  8      1.76  0.931     0.0799   0.007      
  9      1.69  0.937     0.0764   0.00616    

RMSE was used to select the optimal model using  the smallest value.
The final value used for the model was ncomp = 9. 


RUNNING pcr : ITERATION 8 
Loading required package: pROC
Principal Component Analysis 

1368 samples
  10 predictors

No pre-processing
Resampling: Bootstrapped (25 reps) 

Summary of sample sizes: 1368, 1368, 1368, 1368, 1368, 1368, ... 

Resampling results across tuning parameters:

  ncomp  RMSE  Rsquared  RMSE SD  Rsquared SD
  1      6.67  0.00886   0.248    0.00308    
  2      6.48  0.0696    0.245    0.0386     
  3      2.62  0.846     0.0856   0.0105     
  4      2.49  0.862     0.0798   0.00927    
  5      2.25  0.887     0.172    0.0167     
  6      2.1   0.901     0.0615   0.00794    
  7      1.85  0.924     0.0476   0.00576    
  8      1.78  0.929     0.0862   0.00778    
  9      1.67  0.938     0.0696   0.00661    

RMSE was used to select the optimal model using  the smallest value.
The final value used for the model was ncomp = 9. 


RUNNING pcr : ITERATION 9 
Loading required package: pROC
Principal Component Analysis 

1368 samples
  10 predictors

No pre-processing
Resampling: Bootstrapped (25 reps) 

Summary of sample sizes: 1368, 1368, 1368, 1368, 1368, 1368, ... 

Resampling results across tuning parameters:

  ncomp  RMSE  Rsquared  RMSE SD  Rsquared SD
  1      6.52  0.0081    0.155    0.00194    
  2      6.14  0.123     0.181    0.0411     
  3      2.59  0.844     0.0878   0.0102     
  4      2.47  0.858     0.0754   0.0094     
  5      2.13  0.894     0.091    0.00771    
  6      2.1   0.898     0.0635   0.00705    
  7      1.8   0.924     0.0716   0.0069     
  8      1.69  0.933     0.076    0.00683    
  9      1.64  0.937     0.0843   0.00663    

RMSE was used to select the optimal model using  the smallest value.
The final value used for the model was ncomp = 9. 


RUNNING pcr : ITERATION 10 
Loading required package: pROC
Principal Component Analysis 

1368 samples
  10 predictors

No pre-processing
Resampling: Bootstrapped (25 reps) 

Summary of sample sizes: 1368, 1368, 1368, 1368, 1368, 1368, ... 

Resampling results across tuning parameters:

  ncomp  RMSE  Rsquared  RMSE SD  Rsquared SD
  1      6.57  0.00987   0.186    0.00272    
  2      6.44  0.0487    0.209    0.0285     
  3      2.6   0.845     0.0895   0.0102     
  4      2.43  0.864     0.0857   0.00827    
  5      2.1   0.899     0.074    0.00802    
  6      2.08  0.901     0.0633   0.00739    
  7      1.78  0.927     0.0674   0.00592    
  8      1.68  0.935     0.0813   0.00626    
  9      1.63  0.939     0.0877   0.00662    

RMSE was used to select the optimal model using  the smallest value.
The final value used for the model was ncomp = 9. 


RUNNING pcr : ITERATION 11 
Loading required package: pROC
Principal Component Analysis 

1368 samples
  10 predictors

No pre-processing
Resampling: Bootstrapped (25 reps) 

Summary of sample sizes: 1368, 1368, 1368, 1368, 1368, 1368, ... 

Resampling results across tuning parameters:

  ncomp  RMSE  Rsquared  RMSE SD  Rsquared SD
  1      6.79  0.0128    0.143    0.00497    
  2      6.62  0.0659    0.164    0.0244     
  3      2.59  0.856     0.0772   0.00885    
  4      2.48  0.868     0.0678   0.00691    
  5      2.25  0.891     0.143    0.0121     
  6      2.16  0.9       0.0606   0.00579    
  7      1.84  0.927     0.065    0.00502    
  8      1.79  0.931     0.072    0.00558    
  9      1.73  0.936     0.0682   0.00516    

RMSE was used to select the optimal model using  the smallest value.
The final value used for the model was ncomp = 9. 


RUNNING pcr : ITERATION 12 
Loading required package: pROC
Principal Component Analysis 

1368 samples
  10 predictors

No pre-processing
Resampling: Bootstrapped (25 reps) 

Summary of sample sizes: 1368, 1368, 1368, 1368, 1368, 1368, ... 

Resampling results across tuning parameters:

  ncomp  RMSE  Rsquared  RMSE SD  Rsquared SD
  1      6.71  0.0119    0.136    0.00356    
  2      6.54  0.0588    0.144    0.0367     
  3      2.66  0.845     0.0754   0.00881    
  4      2.53  0.859     0.0775   0.00858    
  5      2.17  0.897     0.0841   0.00853    
  6      2.16  0.898     0.0799   0.00781    
  7      1.82  0.927     0.0652   0.00509    
  8      1.74  0.934     0.092    0.00691    
  9      1.69  0.938     0.0836   0.00608    

RMSE was used to select the optimal model using  the smallest value.
The final value used for the model was ncomp = 9. 


RUNNING pcr : ITERATION 13 
Loading required package: pROC
Principal Component Analysis 

1368 samples
  10 predictors

No pre-processing
Resampling: Bootstrapped (25 reps) 

Summary of sample sizes: 1368, 1368, 1368, 1368, 1368, 1368, ... 

Resampling results across tuning parameters:

  ncomp  RMSE  Rsquared  RMSE SD  Rsquared SD
  1      6.69  0.00889   0.147    0.00316    
  2      6.22  0.145     0.243    0.0473     
  3      2.61  0.849     0.0611   0.00925    
  4      2.47  0.865     0.0777   0.01       
  5      2.21  0.892     0.16     0.0164     
  6      2.1   0.902     0.0689   0.00781    
  7      1.89  0.921     0.0721   0.00667    
  8      1.76  0.932     0.113    0.00823    
  9      1.69  0.937     0.0919   0.00705    

RMSE was used to select the optimal model using  the smallest value.
The final value used for the model was ncomp = 9. 


RUNNING pcr : ITERATION 14 
Loading required package: pROC
Principal Component Analysis 

1368 samples
  10 predictors

No pre-processing
Resampling: Bootstrapped (25 reps) 

Summary of sample sizes: 1368, 1368, 1368, 1368, 1368, 1368, ... 

Resampling results across tuning parameters:

  ncomp  RMSE  Rsquared  RMSE SD  Rsquared SD
  1      6.74  0.0113    0.165    0.00433    
  2      6.6   0.0522    0.176    0.0366     
  3      2.52  0.862     0.0979   0.0133     
  4      2.44  0.871     0.0891   0.0112     
  5      2.2   0.895     0.108    0.0131     
  6      2.14  0.901     0.0613   0.00824    
  7      1.83  0.928     0.0533   0.00594    
  8      1.71  0.936     0.103    0.00856    
  9      1.67  0.94      0.07     0.00616    

RMSE was used to select the optimal model using  the smallest value.
The final value used for the model was ncomp = 9. 


RUNNING pcr : ITERATION 15 
Loading required package: pROC
Principal Component Analysis 

1368 samples
  10 predictors

No pre-processing
Resampling: Bootstrapped (25 reps) 

Summary of sample sizes: 1368, 1368, 1368, 1368, 1368, 1368, ... 

Resampling results across tuning parameters:

  ncomp  RMSE  Rsquared  RMSE SD  Rsquared SD
  1      6.67  0.0113    0.146    0.00298    
  2      6.47  0.0729    0.173    0.0267     
  3      2.6   0.849     0.09     0.0108     
  4      2.47  0.864     0.0791   0.00848    
  5      2.12  0.9       0.0819   0.00816    
  6      2.11  0.901     0.0794   0.00791    
  7      1.82  0.927     0.0863   0.00759    
  8      1.71  0.935     0.12     0.00998    
  9      1.63  0.941     0.0928   0.00762    

RMSE was used to select the optimal model using  the smallest value.
The final value used for the model was ncomp = 9. 


RUNNING pcr : ITERATION 16 
Loading required package: pROC
Principal Component Analysis 

1368 samples
  10 predictors

No pre-processing
Resampling: Bootstrapped (25 reps) 

Summary of sample sizes: 1368, 1368, 1368, 1368, 1368, 1368, ... 

Resampling results across tuning parameters:

  ncomp  RMSE  Rsquared  RMSE SD  Rsquared SD
  1      6.82  0.0137    0.23     0.00338    
  2      6.59  0.077     0.207    0.039      
  3      2.57  0.86      0.0949   0.0084     
  4      2.45  0.872     0.079    0.00794    
  5      2.15  0.902     0.0915   0.00858    
  6      2.12  0.905     0.0645   0.0077     
  7      1.84  0.928     0.0543   0.0061     
  8      1.75  0.935     0.0952   0.0074     
  9      1.7   0.939     0.0912   0.00664    

RMSE was used to select the optimal model using  the smallest value.
The final value used for the model was ncomp = 9. 


RUNNING pcr : ITERATION 17 
Loading required package: pROC
Principal Component Analysis 

1368 samples
  10 predictors

No pre-processing
Resampling: Bootstrapped (25 reps) 

Summary of sample sizes: 1368, 1368, 1368, 1368, 1368, 1368, ... 

Resampling results across tuning parameters:

  ncomp  RMSE  Rsquared  RMSE SD  Rsquared SD
  1      6.64  0.0133    0.197    0.00405    
  2      6.45  0.0711    0.191    0.0167     
  3      2.61  0.847     0.0755   0.0119     
  4      2.49  0.861     0.0606   0.00933    
  5      2.13  0.898     0.109    0.0135     
  6      2.1   0.901     0.0626   0.00796    
  7      1.81  0.927     0.0559   0.00539    
  8      1.73  0.933     0.0722   0.00692    
  9      1.65  0.939     0.0812   0.00661    

RMSE was used to select the optimal model using  the smallest value.
The final value used for the model was ncomp = 9. 


RUNNING pcr : ITERATION 18 
Loading required package: pROC
Principal Component Analysis 

1368 samples
  10 predictors

No pre-processing
Resampling: Bootstrapped (25 reps) 

Summary of sample sizes: 1368, 1368, 1368, 1368, 1368, 1368, ... 

Resampling results across tuning parameters:

  ncomp  RMSE  Rsquared  RMSE SD  Rsquared SD
  1      6.62  0.0128    0.157    0.00249    
  2      6.52  0.0422    0.152    0.0279     
  3      2.57  0.851     0.0881   0.0113     
  4      2.45  0.865     0.0777   0.0102     
  5      2.15  0.896     0.0891   0.00873    
  6      2.12  0.899     0.0642   0.00748    
  7      1.84  0.924     0.064    0.00629    
  8      1.76  0.931     0.0989   0.00778    
  9      1.69  0.936     0.0888   0.00687    

RMSE was used to select the optimal model using  the smallest value.
The final value used for the model was ncomp = 9. 


RUNNING pcr : ITERATION 19 
Loading required package: pROC
Principal Component Analysis 

1368 samples
  10 predictors

No pre-processing
Resampling: Bootstrapped (25 reps) 

Summary of sample sizes: 1368, 1368, 1368, 1368, 1368, 1368, ... 

Resampling results across tuning parameters:

  ncomp  RMSE  Rsquared  RMSE SD  Rsquared SD
  1      6.5   0.0108    0.17     0.00363    
  2      6.34  0.0614    0.189    0.0322     
  3      2.51  0.853     0.0719   0.00793    
  4      2.43  0.862     0.0701   0.00806    
  5      2.15  0.892     0.107    0.0116     
  6      2.11  0.897     0.0692   0.00697    
  7      1.82  0.922     0.0829   0.008      
  8      1.7   0.932     0.106    0.00954    
  9      1.64  0.937     0.0929   0.00723    

RMSE was used to select the optimal model using  the smallest value.
The final value used for the model was ncomp = 9. 


RUNNING pcr : ITERATION 20 
Loading required package: pROC
Principal Component Analysis 

1368 samples
  10 predictors

No pre-processing
Resampling: Bootstrapped (25 reps) 

Summary of sample sizes: 1368, 1368, 1368, 1368, 1368, 1368, ... 

Resampling results across tuning parameters:

  ncomp  RMSE  Rsquared  RMSE SD  Rsquared SD
  1      6.73  0.0101    0.202    0.00299    
  2      6.55  0.0629    0.203    0.0264     
  3      2.55  0.858     0.0755   0.0102     
  4      2.44  0.87      0.0704   0.00982    
  5      2.16  0.898     0.136    0.0124     
  6      2.1   0.904     0.0609   0.00727    
  7      1.83  0.927     0.0546   0.00594    
  8      1.78  0.931     0.0675   0.00693    
  9      1.73  0.935     0.0617   0.00596    

RMSE was used to select the optimal model using  the smallest value.
The final value used for the model was ncomp = 9. 


RUNNING pcr : ITERATION 21 
Loading required package: pROC
Principal Component Analysis 

1368 samples
  10 predictors

No pre-processing
Resampling: Bootstrapped (25 reps) 

Summary of sample sizes: 1368, 1368, 1368, 1368, 1368, 1368, ... 

Resampling results across tuning parameters:

  ncomp  RMSE  Rsquared  RMSE SD  Rsquared SD
  1      6.71  0.00981   0.125    0.00309    
  2      6.43  0.0917    0.181    0.0417     
  3      2.57  0.855     0.0839   0.00896    
  4      2.49  0.864     0.0809   0.00776    
  5      2.2   0.894     0.0947   0.00892    
  6      2.17  0.897     0.067    0.00631    
  7      1.89  0.922     0.0808   0.00644    
  8      1.75  0.933     0.101    0.00818    
  9      1.7   0.937     0.0675   0.00498    

RMSE was used to select the optimal model using  the smallest value.
The final value used for the model was ncomp = 9. 


RUNNING pcr : ITERATION 22 
Loading required package: pROC
Principal Component Analysis 

1368 samples
  10 predictors

No pre-processing
Resampling: Bootstrapped (25 reps) 

Summary of sample sizes: 1368, 1368, 1368, 1368, 1368, 1368, ... 

Resampling results across tuning parameters:

  ncomp  RMSE  Rsquared  RMSE SD  Rsquared SD
  1      6.71  0.00855   0.223    0.00388    
  2      6.54  0.0583    0.229    0.0296     
  3      2.63  0.848     0.1      0.0105     
  4      2.51  0.861     0.0904   0.00825    
  5      2.2   0.893     0.143    0.0135     
  6      2.12  0.902     0.05     0.00697    
  7      1.82  0.927     0.0661   0.00654    
  8      1.75  0.933     0.0901   0.00677    
  9      1.7   0.937     0.0879   0.00622    

RMSE was used to select the optimal model using  the smallest value.
The final value used for the model was ncomp = 9. 


RUNNING pcr : ITERATION 23 
Loading required package: pROC
Principal Component Analysis 

1368 samples
  10 predictors

No pre-processing
Resampling: Bootstrapped (25 reps) 

Summary of sample sizes: 1368, 1368, 1368, 1368, 1368, 1368, ... 

Resampling results across tuning parameters:

  ncomp  RMSE  Rsquared  RMSE SD  Rsquared SD
  1      6.61  0.00889   0.174    0.00336    
  2      6.45  0.0554    0.164    0.0243     
  3      2.55  0.852     0.0717   0.0133     
  4      2.42  0.867     0.062    0.0105     
  5      2.2   0.89      0.108    0.0136     
  6      2.11  0.899     0.0652   0.0093     
  7      1.85  0.922     0.0607   0.00795    
  8      1.7   0.934     0.111    0.0114     
  9      1.66  0.938     0.0722   0.00749    

RMSE was used to select the optimal model using  the smallest value.
The final value used for the model was ncomp = 9. 


RUNNING pcr : ITERATION 24 
Loading required package: pROC
Principal Component Analysis 

1368 samples
  10 predictors

No pre-processing
Resampling: Bootstrapped (25 reps) 

Summary of sample sizes: 1368, 1368, 1368, 1368, 1368, 1368, ... 

Resampling results across tuning parameters:

  ncomp  RMSE  Rsquared  RMSE SD  Rsquared SD
  1      6.76  0.011     0.205    0.00285    
  2      6.63  0.05      0.208    0.0255     
  3      2.57  0.857     0.0808   0.0089     
  4      2.47  0.868     0.0735   0.00926    
  5      2.13  0.902     0.0702   0.0108     
  6      2.11  0.903     0.0489   0.00821    
  7      1.83  0.928     0.0601   0.00668    
  8      1.73  0.935     0.0967   0.00989    
  9      1.65  0.941     0.0846   0.00822    

RMSE was used to select the optimal model using  the smallest value.
The final value used for the model was ncomp = 9. 


RUNNING pcr : ITERATION 25 
Loading required package: pROC
Principal Component Analysis 

1368 samples
  10 predictors

No pre-processing
Resampling: Bootstrapped (25 reps) 

Summary of sample sizes: 1368, 1368, 1368, 1368, 1368, 1368, ... 

Resampling results across tuning parameters:

  ncomp  RMSE  Rsquared  RMSE SD  Rsquared SD
  1      6.75  0.0105    0.199    0.00351    
  2      6.54  0.0683    0.234    0.0358     
  3      2.54  0.859     0.0702   0.0109     
  4      2.44  0.87      0.0761   0.0108     
  5      2.13  0.902     0.0634   0.00683    
  6      2.11  0.903     0.0532   0.00738    
  7      1.83  0.927     0.0663   0.00645    
  8      1.75  0.933     0.08     0.00663    
  9      1.68  0.939     0.0508   0.00522    

RMSE was used to select the optimal model using  the smallest value.
The final value used for the model was ncomp = 9. 


RUNNING pcr : ITERATION 26 
Loading required package: pROC
Principal Component Analysis 

1368 samples
  10 predictors

No pre-processing
Resampling: Bootstrapped (25 reps) 

Summary of sample sizes: 1368, 1368, 1368, 1368, 1368, 1368, ... 

Resampling results across tuning parameters:

  ncomp  RMSE  Rsquared  RMSE SD  Rsquared SD
  1      6.75  0.0111    0.197    0.00343    
  2      6.38  0.117     0.253    0.0412     
  3      2.55  0.858     0.0628   0.0103     
  4      2.46  0.868     0.0705   0.0118     
  5      2.16  0.899     0.0526   0.00925    
  6      2.14  0.9       0.0362   0.00739    
  7      1.83  0.928     0.0398   0.00561    
  8      1.8   0.93      0.059    0.00659    
  9      1.75  0.934     0.0764   0.00696    

RMSE was used to select the optimal model using  the smallest value.
The final value used for the model was ncomp = 9. 


RUNNING pcr : ITERATION 27 
Loading required package: pROC
Principal Component Analysis 

1368 samples
  10 predictors

No pre-processing
Resampling: Bootstrapped (25 reps) 

Summary of sample sizes: 1368, 1368, 1368, 1368, 1368, 1368, ... 

Resampling results across tuning parameters:

  ncomp  RMSE  Rsquared  RMSE SD  Rsquared SD
  1      6.68  0.00682   0.154    0.00261    
  2      6.48  0.0649    0.195    0.0366     
  3      2.52  0.858     0.0862   0.0119     
  4      2.42  0.87      0.0569   0.00913    
  5      2.18  0.895     0.117    0.0131     
  6      2.12  0.901     0.0502   0.00685    
  7      1.86  0.924     0.0643   0.00671    
  8      1.8   0.928     0.0897   0.00728    
  9      1.71  0.935     0.0911   0.00673    

RMSE was used to select the optimal model using  the smallest value.
The final value used for the model was ncomp = 9. 


RUNNING pcr : ITERATION 28 
Loading required package: pROC
Principal Component Analysis 

1368 samples
  10 predictors

No pre-processing
Resampling: Bootstrapped (25 reps) 

Summary of sample sizes: 1368, 1368, 1368, 1368, 1368, 1368, ... 

Resampling results across tuning parameters:

  ncomp  RMSE  Rsquared  RMSE SD  Rsquared SD
  1      6.6   0.0139    0.2      0.00525    
  2      6.42  0.0698    0.246    0.0302     
  3      2.67  0.838     0.0905   0.0136     
  4      2.51  0.857     0.0951   0.0131     
  5      2.08  0.902     0.0745   0.00941    
  6      2.07  0.903     0.0693   0.00869    
  7      1.8   0.926     0.0703   0.00729    
  8      1.67  0.936     0.0784   0.00752    
  9      1.61  0.941     0.0605   0.00623    

RMSE was used to select the optimal model using  the smallest value.
The final value used for the model was ncomp = 9. 


RUNNING pcr : ITERATION 29 
Loading required package: pROC
Principal Component Analysis 

1368 samples
  10 predictors

No pre-processing
Resampling: Bootstrapped (25 reps) 

Summary of sample sizes: 1368, 1368, 1368, 1368, 1368, 1368, ... 

Resampling results across tuning parameters:

  ncomp  RMSE  Rsquared  RMSE SD  Rsquared SD
  1      6.7   0.0143    0.17     0.00372    
  2      6.46  0.0841    0.237    0.0324     
  3      2.59  0.853     0.0824   0.01       
  4      2.46  0.867     0.0705   0.0087     
  5      2.18  0.897     0.1      0.00789    
  6      2.14  0.9       0.054    0.00618    
  7      1.84  0.927     0.0605   0.00543    
  8      1.77  0.931     0.0694   0.00622    
  9      1.68  0.939     0.0706   0.00545    

RMSE was used to select the optimal model using  the smallest value.
The final value used for the model was ncomp = 9. 


RUNNING pcr : ITERATION 30 
Loading required package: pROC
Principal Component Analysis 

1368 samples
  10 predictors

No pre-processing
Resampling: Bootstrapped (25 reps) 

Summary of sample sizes: 1368, 1368, 1368, 1368, 1368, 1368, ... 

Resampling results across tuning parameters:

  ncomp  RMSE  Rsquared  RMSE SD  Rsquared SD
  1      6.73  0.00979   0.172    0.00302    
  2      6.49  0.0812    0.258    0.0498     
  3      2.52  0.861     0.0582   0.0088     
  4      2.43  0.87      0.0476   0.00857    
  5      2.19  0.895     0.0747   0.00904    
  6      2.16  0.898     0.0498   0.0077     
  7      1.84  0.926     0.0576   0.00568    
  8      1.77  0.932     0.102    0.00831    
  9      1.69  0.937     0.106    0.00922    

RMSE was used to select the optimal model using  the smallest value.
The final value used for the model was ncomp = 9. 


RUNNING pcr : ITERATION 31 
Loading required package: pROC
Principal Component Analysis 

1368 samples
  10 predictors

No pre-processing
Resampling: Bootstrapped (25 reps) 

Summary of sample sizes: 1368, 1368, 1368, 1368, 1368, 1368, ... 

Resampling results across tuning parameters:

  ncomp  RMSE  Rsquared  RMSE SD  Rsquared SD
  1      6.72  0.0118    0.128    0.00357    
  2      6.48  0.0818    0.152    0.0326     
  3      2.53  0.86      0.0969   0.0117     
  4      2.41  0.873     0.084    0.00976    
  5      2.12  0.902     0.0749   0.00737    
  6      2.1   0.904     0.0615   0.00643    
  7      1.82  0.928     0.0607   0.00545    
  8      1.75  0.933     0.0812   0.00669    
  9      1.69  0.937     0.0791   0.00618    

RMSE was used to select the optimal model using  the smallest value.
The final value used for the model was ncomp = 9. 


RUNNING pcr : ITERATION 32 
Loading required package: pROC
Principal Component Analysis 

1368 samples
  10 predictors

No pre-processing
Resampling: Bootstrapped (25 reps) 

Summary of sample sizes: 1368, 1368, 1368, 1368, 1368, 1368, ... 

Resampling results across tuning parameters:

  ncomp  RMSE  Rsquared  RMSE SD  Rsquared SD
  1      6.67  0.0122    0.177    0.00422    
  2      6.38  0.0959    0.238    0.0286     
  3      2.58  0.852     0.0873   0.0101     
  4      2.47  0.864     0.0715   0.00755    
  5      2.19  0.893     0.107    0.0106     
  6      2.12  0.9       0.0623   0.00607    
  7      1.88  0.922     0.0728   0.00608    
  8      1.67  0.938     0.0815   0.0068     
  9      1.64  0.94      0.0691   0.00539    

RMSE was used to select the optimal model using  the smallest value.
The final value used for the model was ncomp = 9. 


RUNNING pcr : ITERATION 33 
Loading required package: pROC
Principal Component Analysis 

1368 samples
  10 predictors

No pre-processing
Resampling: Bootstrapped (25 reps) 

Summary of sample sizes: 1368, 1368, 1368, 1368, 1368, 1368, ... 

Resampling results across tuning parameters:

  ncomp  RMSE  Rsquared  RMSE SD  Rsquared SD
  1      6.71  0.011     0.166    0.0034     
  2      6.6   0.0427    0.179    0.0318     
  3      2.52  0.861     0.0952   0.0113     
  4      2.43  0.871     0.0915   0.0108     
  5      2.19  0.894     0.15     0.0164     
  6      2.11  0.902     0.0632   0.00723    
  7      1.82  0.927     0.0605   0.00636    
  8      1.72  0.935     0.0792   0.00675    
  9      1.64  0.941     0.0746   0.00633    

RMSE was used to select the optimal model using  the smallest value.
The final value used for the model was ncomp = 9. 


RUNNING pcr : ITERATION 34 
Loading required package: pROC
Principal Component Analysis 

1368 samples
  10 predictors

No pre-processing
Resampling: Bootstrapped (25 reps) 

Summary of sample sizes: 1368, 1368, 1368, 1368, 1368, 1368, ... 

Resampling results across tuning parameters:

  ncomp  RMSE  Rsquared  RMSE SD  Rsquared SD
  1      6.75  0.00877   0.244    0.00322    
  2      6.64  0.0433    0.228    0.0248     
  3      2.6   0.853     0.115    0.015      
  4      2.48  0.866     0.104    0.0127     
  5      2.15  0.899     0.0699   0.00951    
  6      2.14  0.901     0.0597   0.00937    
  7      1.8   0.929     0.0637   0.00658    
  8      1.72  0.936     0.0905   0.009      
  9      1.68  0.938     0.085    0.00806    

RMSE was used to select the optimal model using  the smallest value.
The final value used for the model was ncomp = 9. 


RUNNING pcr : ITERATION 35 
Loading required package: pROC
Principal Component Analysis 

1368 samples
  10 predictors

No pre-processing
Resampling: Bootstrapped (25 reps) 

Summary of sample sizes: 1368, 1368, 1368, 1368, 1368, 1368, ... 

Resampling results across tuning parameters:

  ncomp  RMSE  Rsquared  RMSE SD  Rsquared SD
  1      6.81  0.0121    0.198    0.00442    
  2      6.64  0.0602    0.185    0.0388     
  3      2.49  0.868     0.0887   0.0108     
  4      2.38  0.879     0.0643   0.00981    
  5      2.17  0.9       0.0819   0.00919    
  6      2.13  0.903     0.067    0.00919    
  7      1.83  0.928     0.0656   0.00727    
  8      1.77  0.933     0.0806   0.00773    
  9      1.67  0.94      0.0909   0.00845    

RMSE was used to select the optimal model using  the smallest value.
The final value used for the model was ncomp = 9. 


RUNNING pcr : ITERATION 36 
Loading required package: pROC
Principal Component Analysis 

1368 samples
  10 predictors

No pre-processing
Resampling: Bootstrapped (25 reps) 

Summary of sample sizes: 1368, 1368, 1368, 1368, 1368, 1368, ... 

Resampling results across tuning parameters:

  ncomp  RMSE  Rsquared  RMSE SD  Rsquared SD
  1      6.7   0.0111    0.184    0.00341    
  2      6.61  0.0394    0.201    0.0186     
  3      2.49  0.864     0.0759   0.0106     
  4      2.41  0.872     0.0654   0.00861    
  5      2.24  0.89      0.134    0.0113     
  6      2.11  0.902     0.056    0.00678    
  7      1.84  0.926     0.0679   0.00657    
  8      1.68  0.937     0.0995   0.00791    
  9      1.63  0.942     0.0715   0.00588    

RMSE was used to select the optimal model using  the smallest value.
The final value used for the model was ncomp = 9. 


RUNNING pcr : ITERATION 37 
Loading required package: pROC
Principal Component Analysis 

1368 samples
  10 predictors

No pre-processing
Resampling: Bootstrapped (25 reps) 

Summary of sample sizes: 1368, 1368, 1368, 1368, 1368, 1368, ... 

Resampling results across tuning parameters:

  ncomp  RMSE  Rsquared  RMSE SD  Rsquared SD
  1      6.83  0.00858   0.24     0.0031     
  2      6.45  0.117     0.226    0.0389     
  3      2.48  0.869     0.0628   0.00922    
  4      2.41  0.876     0.059    0.00842    
  5      2.18  0.899     0.0802   0.0113     
  6      2.13  0.904     0.0711   0.00909    
  7      1.84  0.928     0.0639   0.00587    
  8      1.69  0.939     0.103    0.00823    
  9      1.64  0.943     0.0823   0.00577    

RMSE was used to select the optimal model using  the smallest value.
The final value used for the model was ncomp = 9. 


RUNNING pcr : ITERATION 38 
Loading required package: pROC
Principal Component Analysis 

1368 samples
  10 predictors

No pre-processing
Resampling: Bootstrapped (25 reps) 

Summary of sample sizes: 1368, 1368, 1368, 1368, 1368, 1368, ... 

Resampling results across tuning parameters:

  ncomp  RMSE  Rsquared  RMSE SD  Rsquared SD
  1      6.72  0.00862   0.199    0.00256    
  2      6.66  0.0319    0.201    0.0232     
  3      2.59  0.852     0.067    0.0125     
  4      2.43  0.87      0.0648   0.0107     
  5      2.16  0.898     0.0942   0.012      
  6      2.1   0.903     0.0635   0.00942    
  7      1.78  0.93      0.0592   0.00686    
  8      1.68  0.938     0.0818   0.00636    
  9      1.63  0.942     0.0749   0.00571    

RMSE was used to select the optimal model using  the smallest value.
The final value used for the model was ncomp = 9. 


RUNNING pcr : ITERATION 39 
Loading required package: pROC
Principal Component Analysis 

1368 samples
  10 predictors

No pre-processing
Resampling: Bootstrapped (25 reps) 

Summary of sample sizes: 1368, 1368, 1368, 1368, 1368, 1368, ... 

Resampling results across tuning parameters:

  ncomp  RMSE  Rsquared  RMSE SD  Rsquared SD
  1      6.69  0.00897   0.231    0.00309    
  2      6.42  0.0891    0.286    0.039      
  3      2.55  0.856     0.0907   0.0103     
  4      2.44  0.868     0.0789   0.00947    
  5      2.14  0.899     0.103    0.00989    
  6      2.11  0.902     0.072    0.00704    
  7      1.83  0.926     0.0779   0.00681    
  8      1.73  0.934     0.086    0.00722    
  9      1.69  0.937     0.0737   0.00599    

RMSE was used to select the optimal model using  the smallest value.
The final value used for the model was ncomp = 9. 


RUNNING pcr : ITERATION 40 
Loading required package: pROC
Principal Component Analysis 

1368 samples
  10 predictors

No pre-processing
Resampling: Bootstrapped (25 reps) 

Summary of sample sizes: 1368, 1368, 1368, 1368, 1368, 1368, ... 

Resampling results across tuning parameters:

  ncomp  RMSE  Rsquared  RMSE SD  Rsquared SD
  1      6.68  0.0101    0.162    0.00358    
  2      6.4   0.0915    0.189    0.0283     
  3      2.62  0.848     0.0869   0.0103     
  4      2.49  0.863     0.0736   0.00948    
  5      2.15  0.897     0.0682   0.00781    
  6      2.14  0.898     0.0586   0.00704    
  7      1.82  0.927     0.0585   0.00427    
  8      1.72  0.934     0.0924   0.00664    
  9      1.66  0.939     0.0787   0.00545    

RMSE was used to select the optimal model using  the smallest value.
The final value used for the model was ncomp = 9. 


RUNNING pcr : ITERATION 41 
Loading required package: pROC
Principal Component Analysis 

1368 samples
  10 predictors

No pre-processing
Resampling: Bootstrapped (25 reps) 

Summary of sample sizes: 1368, 1368, 1368, 1368, 1368, 1368, ... 

Resampling results across tuning parameters:

  ncomp  RMSE  Rsquared  RMSE SD  Rsquared SD
  1      6.62  0.00933   0.179    0.00308    
  2      6.51  0.0413    0.167    0.0242     
  3      2.6   0.847     0.0851   0.00931    
  4      2.48  0.861     0.0703   0.00905    
  5      2.17  0.893     0.119    0.0142     
  6      2.11  0.899     0.0603   0.00624    
  7      1.84  0.923     0.0739   0.00599    
  8      1.71  0.934     0.109    0.00909    
  9      1.66  0.937     0.0943   0.00797    

RMSE was used to select the optimal model using  the smallest value.
The final value used for the model was ncomp = 9. 


RUNNING pcr : ITERATION 42 
Loading required package: pROC
Principal Component Analysis 

1368 samples
  10 predictors

No pre-processing
Resampling: Bootstrapped (25 reps) 

Summary of sample sizes: 1368, 1368, 1368, 1368, 1368, 1368, ... 

Resampling results across tuning parameters:

  ncomp  RMSE  Rsquared  RMSE SD  Rsquared SD
  1      6.55  0.0149    0.156    0.00344    
  2      6.28  0.0926    0.162    0.0288     
  3      2.62  0.842     0.093    0.011      
  4      2.46  0.861     0.0675   0.00763    
  5      2.13  0.895     0.089    0.00973    
  6      2.1   0.899     0.0704   0.00701    
  7      1.77  0.928     0.0761   0.00713    
  8      1.69  0.934     0.0887   0.00756    
  9      1.62  0.939     0.0671   0.00536    

RMSE was used to select the optimal model using  the smallest value.
The final value used for the model was ncomp = 9. 


RUNNING pcr : ITERATION 43 
Loading required package: pROC
Principal Component Analysis 

1368 samples
  10 predictors

No pre-processing
Resampling: Bootstrapped (25 reps) 

Summary of sample sizes: 1368, 1368, 1368, 1368, 1368, 1368, ... 

Resampling results across tuning parameters:

  ncomp  RMSE  Rsquared  RMSE SD  Rsquared SD
  1      6.73  0.00942   0.269    0.00367    
  2      6.64  0.0359    0.261    0.0209     
  3      2.52  0.861     0.0996   0.0114     
  4      2.4   0.873     0.0841   0.0112     
  5      2.11  0.903     0.0878   0.0102     
  6      2.09  0.904     0.0712   0.00998    
  7      1.82  0.928     0.0656   0.00718    
  8      1.74  0.934     0.0901   0.00766    
  9      1.69  0.938     0.0849   0.00728    

RMSE was used to select the optimal model using  the smallest value.
The final value used for the model was ncomp = 9. 


RUNNING pcr : ITERATION 44 
Loading required package: pROC
Principal Component Analysis 

1368 samples
  10 predictors

No pre-processing
Resampling: Bootstrapped (25 reps) 

Summary of sample sizes: 1368, 1368, 1368, 1368, 1368, 1368, ... 

Resampling results across tuning parameters:

  ncomp  RMSE  Rsquared  RMSE SD  Rsquared SD
  1      6.63  0.0126    0.156    0.00269    
  2      6.29  0.11      0.177    0.0246     
  3      2.54  0.855     0.0863   0.0108     
  4      2.43  0.867     0.0737   0.00904    
  5      2.12  0.899     0.0655   0.00674    
  6      2.12  0.899     0.0661   0.00672    
  7      1.82  0.925     0.0692   0.00606    
  8      1.76  0.93      0.0876   0.00656    
  9      1.66  0.938     0.0761   0.00534    

RMSE was used to select the optimal model using  the smallest value.
The final value used for the model was ncomp = 9. 


RUNNING pcr : ITERATION 45 
Loading required package: pROC
Principal Component Analysis 

1368 samples
  10 predictors

No pre-processing
Resampling: Bootstrapped (25 reps) 

Summary of sample sizes: 1368, 1368, 1368, 1368, 1368, 1368, ... 

Resampling results across tuning parameters:

  ncomp  RMSE  Rsquared  RMSE SD  Rsquared SD
  1      6.63  0.00981   0.21     0.00227    
  2      6.54  0.0396    0.181    0.0312     
  3      2.58  0.849     0.0902   0.0106     
  4      2.49  0.859     0.0889   0.0101     
  5      2.15  0.895     0.0927   0.0107     
  6      2.12  0.898     0.0765   0.00919    
  7      1.83  0.924     0.0644   0.00605    
  8      1.8   0.927     0.0757   0.00738    
  9      1.74  0.932     0.0779   0.00715    

RMSE was used to select the optimal model using  the smallest value.
The final value used for the model was ncomp = 9. 


RUNNING pcr : ITERATION 46 
Loading required package: pROC
Principal Component Analysis 

1368 samples
  10 predictors

No pre-processing
Resampling: Bootstrapped (25 reps) 

Summary of sample sizes: 1368, 1368, 1368, 1368, 1368, 1368, ... 

Resampling results across tuning parameters:

  ncomp  RMSE  Rsquared  RMSE SD  Rsquared SD
  1      6.53  0.00985   0.181    0.00244    
  2      6.18  0.117     0.195    0.0301     
  3      2.58  0.845     0.0686   0.00908    
  4      2.49  0.856     0.0549   0.00831    
  5      2.16  0.892     0.0904   0.00982    
  6      2.12  0.895     0.0548   0.00588    
  7      1.85  0.921     0.0653   0.00498    
  8      1.72  0.931     0.0997   0.00752    
  9      1.67  0.935     0.0935   0.00773    

RMSE was used to select the optimal model using  the smallest value.
The final value used for the model was ncomp = 9. 


RUNNING pcr : ITERATION 47 
Loading required package: pROC
Principal Component Analysis 

1368 samples
  10 predictors

No pre-processing
Resampling: Bootstrapped (25 reps) 

Summary of sample sizes: 1368, 1368, 1368, 1368, 1368, 1368, ... 

Resampling results across tuning parameters:

  ncomp  RMSE  Rsquared  RMSE SD  Rsquared SD
  1      6.76  0.0119    0.183    0.00404    
  2      6.48  0.096     0.229    0.0392     
  3      2.57  0.858     0.0873   0.0107     
  4      2.45  0.87      0.08     0.00914    
  5      2.15  0.9       0.0661   0.00689    
  6      2.14  0.901     0.0624   0.00667    
  7      1.81  0.929     0.057    0.00457    
  8      1.7   0.938     0.0628   0.00421    
  9      1.67  0.94      0.0604   0.00445    

RMSE was used to select the optimal model using  the smallest value.
The final value used for the model was ncomp = 9. 


RUNNING pcr : ITERATION 48 
Loading required package: pROC
Principal Component Analysis 

1368 samples
  10 predictors

No pre-processing
Resampling: Bootstrapped (25 reps) 

Summary of sample sizes: 1368, 1368, 1368, 1368, 1368, 1368, ... 

Resampling results across tuning parameters:

  ncomp  RMSE  Rsquared  RMSE SD  Rsquared SD
  1      6.47  0.0136    0.178    0.00427    
  2      6.2   0.0984    0.197    0.0336     
  3      2.52  0.85      0.071    0.0109     
  4      2.39  0.866     0.0579   0.00985    
  5      2.15  0.891     0.0929   0.0112     
  6      2.1   0.896     0.0619   0.0084     
  7      1.79  0.924     0.0545   0.00597    
  8      1.62  0.938     0.107    0.00787    
  9      1.56  0.943     0.0809   0.00591    

RMSE was used to select the optimal model using  the smallest value.
The final value used for the model was ncomp = 9. 


RUNNING pcr : ITERATION 49 
Loading required package: pROC
Principal Component Analysis 

1368 samples
  10 predictors

No pre-processing
Resampling: Bootstrapped (25 reps) 

Summary of sample sizes: 1368, 1368, 1368, 1368, 1368, 1368, ... 

Resampling results across tuning parameters:

  ncomp  RMSE  Rsquared  RMSE SD  Rsquared SD
  1      6.69  0.0115    0.214    0.00332    
  2      6.58  0.0452    0.239    0.0293     
  3      2.6   0.85      0.106    0.0143     
  4      2.49  0.864     0.0903   0.0111     
  5      2.19  0.894     0.115    0.0125     
  6      2.1   0.903     0.0741   0.00885    
  7      1.86  0.924     0.0717   0.00709    
  8      1.72  0.935     0.0845   0.00777    
  9      1.65  0.94      0.0763   0.0065     

RMSE was used to select the optimal model using  the smallest value.
The final value used for the model was ncomp = 9. 


RUNNING pcr : ITERATION 50 
Loading required package: pROC
Principal Component Analysis 

1368 samples
  10 predictors

No pre-processing
Resampling: Bootstrapped (25 reps) 

Summary of sample sizes: 1368, 1368, 1368, 1368, 1368, 1368, ... 

Resampling results across tuning parameters:

  ncomp  RMSE  Rsquared  RMSE SD  Rsquared SD
  1      6.68  0.00976   0.213    0.00245    
  2      6.55  0.0489    0.19     0.0349     
  3      2.52  0.859     0.0546   0.011      
  4      2.43  0.868     0.0543   0.0114     
  5      2.12  0.899     0.114    0.0133     
  6      2.08  0.903     0.0683   0.0105     
  7      1.78  0.929     0.0648   0.00786    
  8      1.75  0.931     0.0823   0.00874    
  9      1.71  0.934     0.0804   0.00825    

RMSE was used to select the optimal model using  the smallest value.
The final value used for the model was ncomp = 9. 


RUNNING pcr : ITERATION 51 
Loading required package: pROC
Principal Component Analysis 

1368 samples
  10 predictors

No pre-processing
Resampling: Bootstrapped (25 reps) 

Summary of sample sizes: 1368, 1368, 1368, 1368, 1368, 1368, ... 

Resampling results across tuning parameters:

  ncomp  RMSE  Rsquared  RMSE SD  Rsquared SD
  1      6.75  0.0102    0.181    0.00333    
  2      6.49  0.0851    0.18     0.0411     
  3      2.58  0.855     0.0905   0.0132     
  4      2.46  0.868     0.0714   0.0105     
  5      2.14  0.9       0.0814   0.00821    
  6      2.12  0.902     0.0576   0.00746    
  7      1.81  0.929     0.0665   0.00626    
  8      1.75  0.933     0.0741   0.00671    
  9      1.68  0.939     0.0688   0.00558    

RMSE was used to select the optimal model using  the smallest value.
The final value used for the model was ncomp = 9. 


RUNNING pcr : ITERATION 52 
Loading required package: pROC
Principal Component Analysis 

1368 samples
  10 predictors

No pre-processing
Resampling: Bootstrapped (25 reps) 

Summary of sample sizes: 1368, 1368, 1368, 1368, 1368, 1368, ... 

Resampling results across tuning parameters:

  ncomp  RMSE  Rsquared  RMSE SD  Rsquared SD
  1      6.64  0.00873   0.23     0.00322    
  2      6.43  0.0705    0.251    0.0468     
  3      2.53  0.856     0.0939   0.0114     
  4      2.42  0.868     0.0751   0.00994    
  5      2.2   0.89      0.121    0.014      
  6      2.14  0.897     0.0622   0.00881    
  7      1.83  0.925     0.0607   0.0066     
  8      1.74  0.932     0.0816   0.00742    
  9      1.68  0.937     0.0827   0.00705    

RMSE was used to select the optimal model using  the smallest value.
The final value used for the model was ncomp = 9. 


RUNNING pcr : ITERATION 53 
Loading required package: pROC
Principal Component Analysis 

1368 samples
  10 predictors

No pre-processing
Resampling: Bootstrapped (25 reps) 

Summary of sample sizes: 1368, 1368, 1368, 1368, 1368, 1368, ... 

Resampling results across tuning parameters:

  ncomp  RMSE  Rsquared  RMSE SD  Rsquared SD
  1      6.63  0.0121    0.146    0.00424    
  2      6.47  0.0578    0.186    0.0315     
  3      2.74  0.831     0.0599   0.0108     
  4      2.57  0.851     0.0593   0.00826    
  5      2.17  0.894     0.0739   0.00712    
  6      2.14  0.897     0.0637   0.0064     
  7      1.85  0.923     0.0563   0.00571    
  8      1.79  0.928     0.0823   0.00743    
  9      1.7   0.935     0.0695   0.00588    

RMSE was used to select the optimal model using  the smallest value.
The final value used for the model was ncomp = 9. 


RUNNING pcr : ITERATION 54 
Loading required package: pROC
Principal Component Analysis 

1368 samples
  10 predictors

No pre-processing
Resampling: Bootstrapped (25 reps) 

Summary of sample sizes: 1368, 1368, 1368, 1368, 1368, 1368, ... 

Resampling results across tuning parameters:

  ncomp  RMSE  Rsquared  RMSE SD  Rsquared SD
  1      6.58  0.00991   0.16     0.00373    
  2      6.34  0.0825    0.162    0.027      
  3      2.62  0.843     0.0828   0.0113     
  4      2.53  0.854     0.0841   0.011      
  5      2.16  0.893     0.0699   0.00836    
  6      2.12  0.897     0.0737   0.00866    
  7      1.81  0.926     0.0826   0.00765    
  8      1.73  0.932     0.1      0.0081     
  9      1.66  0.937     0.091    0.00744    

RMSE was used to select the optimal model using  the smallest value.
The final value used for the model was ncomp = 9. 


RUNNING pcr : ITERATION 55 
Loading required package: pROC
Principal Component Analysis 

1368 samples
  10 predictors

No pre-processing
Resampling: Bootstrapped (25 reps) 

Summary of sample sizes: 1368, 1368, 1368, 1368, 1368, 1368, ... 

Resampling results across tuning parameters:

  ncomp  RMSE  Rsquared  RMSE SD  Rsquared SD
  1      6.56  0.0107    0.223    0.00387    
  2      6.19  0.119     0.24     0.0329     
  3      2.51  0.855     0.0777   0.0104     
  4      2.36  0.871     0.0766   0.00998    
  5      2.13  0.896     0.0828   0.00976    
  6      2.08  0.901     0.0471   0.00731    
  7      1.81  0.925     0.0646   0.00703    
  8      1.74  0.93      0.0957   0.00752    
  9      1.63  0.939     0.077    0.00594    

RMSE was used to select the optimal model using  the smallest value.
The final value used for the model was ncomp = 9. 


RUNNING pcr : ITERATION 56 
Loading required package: pROC
Principal Component Analysis 

1368 samples
  10 predictors

No pre-processing
Resampling: Bootstrapped (25 reps) 

Summary of sample sizes: 1368, 1368, 1368, 1368, 1368, 1368, ... 

Resampling results across tuning parameters:

  ncomp  RMSE  Rsquared  RMSE SD  Rsquared SD
  1      6.8   0.0096    0.156    0.00267    
  2      6.61  0.066     0.167    0.0302     
  3      2.57  0.858     0.0627   0.00789    
  4      2.44  0.872     0.0732   0.00799    
  5      2.22  0.894     0.115    0.0123     
  6      2.14  0.902     0.0565   0.00732    
  7      1.82  0.929     0.0619   0.00544    
  8      1.73  0.936     0.0908   0.00683    
  9      1.68  0.94      0.0795   0.00612    

RMSE was used to select the optimal model using  the smallest value.
The final value used for the model was ncomp = 9. 


RUNNING pcr : ITERATION 57 
Loading required package: pROC
Principal Component Analysis 

1368 samples
  10 predictors

No pre-processing
Resampling: Bootstrapped (25 reps) 

Summary of sample sizes: 1368, 1368, 1368, 1368, 1368, 1368, ... 

Resampling results across tuning parameters:

  ncomp  RMSE  Rsquared  RMSE SD  Rsquared SD
  1      6.76  0.0109    0.152    0.00302    
  2      6.64  0.0454    0.156    0.0268     
  3      2.47  0.868     0.0762   0.0101     
  4      2.38  0.877     0.0553   0.00752    
  5      2.22  0.893     0.0987   0.011      
  6      2.14  0.9       0.0556   0.00715    
  7      1.84  0.926     0.0514   0.0057     
  8      1.78  0.932     0.0815   0.00705    
  9      1.71  0.937     0.0752   0.00668    

RMSE was used to select the optimal model using  the smallest value.
The final value used for the model was ncomp = 9. 


RUNNING pcr : ITERATION 58 
Loading required package: pROC
Principal Component Analysis 

1368 samples
  10 predictors

No pre-processing
Resampling: Bootstrapped (25 reps) 

Summary of sample sizes: 1368, 1368, 1368, 1368, 1368, 1368, ... 

Resampling results across tuning parameters:

  ncomp  RMSE  Rsquared  RMSE SD  Rsquared SD
  1      6.81  0.0102    0.171    0.00354    
  2      6.49  0.101     0.22     0.0561     
  3      2.55  0.861     0.0929   0.0113     
  4      2.43  0.873     0.0869   0.0106     
  5      2.25  0.892     0.121    0.0125     
  6      2.17  0.899     0.055    0.00768    
  7      1.85  0.926     0.0655   0.00626    
  8      1.74  0.936     0.0858   0.00823    
  9      1.69  0.939     0.0919   0.00823    

RMSE was used to select the optimal model using  the smallest value.
The final value used for the model was ncomp = 9. 


RUNNING pcr : ITERATION 59 
Loading required package: pROC
Principal Component Analysis 

1368 samples
  10 predictors

No pre-processing
Resampling: Bootstrapped (25 reps) 

Summary of sample sizes: 1368, 1368, 1368, 1368, 1368, 1368, ... 

Resampling results across tuning parameters:

  ncomp  RMSE  Rsquared  RMSE SD  Rsquared SD
  1      6.69  0.0138    0.166    0.00338    
  2      6.47  0.079     0.199    0.0387     
  3      2.53  0.858     0.0819   0.00937    
  4      2.42  0.871     0.0585   0.00833    
  5      2.15  0.898     0.0744   0.00994    
  6      2.12  0.901     0.0443   0.00735    
  7      1.83  0.926     0.0472   0.00471    
  8      1.73  0.934     0.0821   0.00741    
  9      1.68  0.938     0.0709   0.00572    

RMSE was used to select the optimal model using  the smallest value.
The final value used for the model was ncomp = 9. 


RUNNING pcr : ITERATION 60 
Loading required package: pROC
Principal Component Analysis 

1368 samples
  10 predictors

No pre-processing
Resampling: Bootstrapped (25 reps) 

Summary of sample sizes: 1368, 1368, 1368, 1368, 1368, 1368, ... 

Resampling results across tuning parameters:

  ncomp  RMSE  Rsquared  RMSE SD  Rsquared SD
  1      6.71  0.0137    0.197    0.00348    
  2      6.52  0.0725    0.266    0.0346     
  3      2.61  0.851     0.0911   0.00997    
  4      2.48  0.865     0.0719   0.00871    
  5      2.2   0.894     0.116    0.0142     
  6      2.14  0.9       0.0611   0.00613    
  7      1.82  0.928     0.0713   0.00508    
  8      1.74  0.934     0.0993   0.00739    
  9      1.66  0.94      0.0847   0.00614    

RMSE was used to select the optimal model using  the smallest value.
The final value used for the model was ncomp = 9. 


RUNNING pcr : ITERATION 61 
Loading required package: pROC
Principal Component Analysis 

1368 samples
  10 predictors

No pre-processing
Resampling: Bootstrapped (25 reps) 

Summary of sample sizes: 1368, 1368, 1368, 1368, 1368, 1368, ... 

Resampling results across tuning parameters:

  ncomp  RMSE  Rsquared  RMSE SD  Rsquared SD
  1      6.77  0.0103    0.213    0.0041     
  2      6.57  0.0671    0.252    0.0404     
  3      2.58  0.856     0.0727   0.0111     
  4      2.45  0.87      0.0737   0.0108     
  5      2.15  0.9       0.0645   0.00819    
  6      2.14  0.902     0.0673   0.00945    
  7      1.85  0.926     0.0693   0.00675    
  8      1.79  0.931     0.0868   0.00789    
  9      1.69  0.939     0.0755   0.00599    

RMSE was used to select the optimal model using  the smallest value.
The final value used for the model was ncomp = 9. 


RUNNING pcr : ITERATION 62 
Loading required package: pROC
Principal Component Analysis 

1368 samples
  10 predictors

No pre-processing
Resampling: Bootstrapped (25 reps) 

Summary of sample sizes: 1368, 1368, 1368, 1368, 1368, 1368, ... 

Resampling results across tuning parameters:

  ncomp  RMSE  Rsquared  RMSE SD  Rsquared SD
  1      6.63  0.0134    0.188    0.00321    
  2      6.57  0.0338    0.199    0.0227     
  3      2.59  0.849     0.102    0.0145     
  4      2.47  0.863     0.0964   0.0127     
  5      2.13  0.899     0.0701   0.00876    
  6      2.12  0.9       0.0673   0.00832    
  7      1.81  0.926     0.0719   0.00709    
  8      1.74  0.932     0.106    0.00878    
  9      1.67  0.938     0.0918   0.0077     

RMSE was used to select the optimal model using  the smallest value.
The final value used for the model was ncomp = 9. 


RUNNING pcr : ITERATION 63 
Loading required package: pROC
Principal Component Analysis 

1368 samples
  10 predictors

No pre-processing
Resampling: Bootstrapped (25 reps) 

Summary of sample sizes: 1368, 1368, 1368, 1368, 1368, 1368, ... 

Resampling results across tuning parameters:

  ncomp  RMSE  Rsquared  RMSE SD  Rsquared SD
  1      6.69  0.0103    0.207    0.00341    
  2      6.45  0.079     0.194    0.0273     
  3      2.56  0.855     0.0705   0.00886    
  4      2.48  0.864     0.0654   0.00905    
  5      2.14  0.899     0.0589   0.00842    
  6      2.13  0.899     0.0577   0.00821    
  7      1.86  0.924     0.0586   0.00671    
  8      1.76  0.931     0.0895   0.00769    
  9      1.7   0.936     0.0988   0.00756    

RMSE was used to select the optimal model using  the smallest value.
The final value used for the model was ncomp = 9. 


RUNNING pcr : ITERATION 64 
Loading required package: pROC
Principal Component Analysis 

1368 samples
  10 predictors

No pre-processing
Resampling: Bootstrapped (25 reps) 

Summary of sample sizes: 1368, 1368, 1368, 1368, 1368, 1368, ... 

Resampling results across tuning parameters:

  ncomp  RMSE  Rsquared  RMSE SD  Rsquared SD
  1      6.64  0.00889   0.205    0.00237    
  2      6.46  0.0617    0.198    0.0387     
  3      2.58  0.851     0.0765   0.011      
  4      2.48  0.862     0.0603   0.00969    
  5      2.11  0.899     0.0756   0.00986    
  6      2.1   0.901     0.0636   0.00879    
  7      1.79  0.928     0.0736   0.00746    
  8      1.73  0.933     0.0803   0.00724    
  9      1.64  0.94      0.0773   0.00614    

RMSE was used to select the optimal model using  the smallest value.
The final value used for the model was ncomp = 9. 


RUNNING pcr : ITERATION 65 
Loading required package: pROC
Principal Component Analysis 

1368 samples
  10 predictors

No pre-processing
Resampling: Bootstrapped (25 reps) 

Summary of sample sizes: 1368, 1368, 1368, 1368, 1368, 1368, ... 

Resampling results across tuning parameters:

  ncomp  RMSE  Rsquared  RMSE SD  Rsquared SD
  1      6.73  0.0118    0.129    0.00315    
  2      6.52  0.0739    0.161    0.0447     
  3      2.56  0.857     0.0931   0.0114     
  4      2.47  0.867     0.0813   0.00985    
  5      2.18  0.897     0.082    0.00883    
  6      2.14  0.9       0.0716   0.00788    
  7      1.86  0.925     0.0744   0.00618    
  8      1.73  0.935     0.0715   0.00574    
  9      1.7   0.937     0.08     0.00638    

RMSE was used to select the optimal model using  the smallest value.
The final value used for the model was ncomp = 9. 


RUNNING pcr : ITERATION 66 
Loading required package: pROC
Principal Component Analysis 

1368 samples
  10 predictors

No pre-processing
Resampling: Bootstrapped (25 reps) 

Summary of sample sizes: 1368, 1368, 1368, 1368, 1368, 1368, ... 

Resampling results across tuning parameters:

  ncomp  RMSE  Rsquared  RMSE SD  Rsquared SD
  1      6.71  0.00984   0.159    0.00274    
  2      6.42  0.092     0.194    0.0346     
  3      2.55  0.856     0.11     0.0117     
  4      2.45  0.868     0.0917   0.00966    
  5      2.24  0.89      0.151    0.013      
  6      2.14  0.899     0.0746   0.00691    
  7      1.85  0.925     0.0703   0.00528    
  8      1.79  0.929     0.0788   0.00623    
  9      1.72  0.935     0.0752   0.00582    

RMSE was used to select the optimal model using  the smallest value.
The final value used for the model was ncomp = 9. 


RUNNING pcr : ITERATION 67 
Loading required package: pROC
Principal Component Analysis 

1368 samples
  10 predictors

No pre-processing
Resampling: Bootstrapped (25 reps) 

Summary of sample sizes: 1368, 1368, 1368, 1368, 1368, 1368, ... 

Resampling results across tuning parameters:

  ncomp  RMSE  Rsquared  RMSE SD  Rsquared SD
  1      6.69  0.0121    0.207    0.00389    
  2      6.61  0.0383    0.197    0.0333     
  3      2.49  0.864     0.095    0.00973    
  4      2.4   0.873     0.0886   0.009      
  5      2.17  0.896     0.132    0.0132     
  6      2.11  0.902     0.0631   0.00765    
  7      1.78  0.93      0.0633   0.00602    
  8      1.69  0.937     0.088    0.00782    
  9      1.63  0.941     0.0875   0.00773    

RMSE was used to select the optimal model using  the smallest value.
The final value used for the model was ncomp = 9. 


RUNNING pcr : ITERATION 68 
Loading required package: pROC
Principal Component Analysis 

1368 samples
  10 predictors

No pre-processing
Resampling: Bootstrapped (25 reps) 

Summary of sample sizes: 1368, 1368, 1368, 1368, 1368, 1368, ... 

Resampling results across tuning parameters:

  ncomp  RMSE  Rsquared  RMSE SD  Rsquared SD
  1      6.6   0.0114    0.151    0.00374    
  2      6.25  0.112     0.174    0.0382     
  3      2.6   0.846     0.0797   0.0112     
  4      2.48  0.86      0.067    0.00812    
  5      2.12  0.898     0.0573   0.00733    
  6      2.12  0.898     0.0582   0.00722    
  7      1.83  0.924     0.0683   0.00629    
  8      1.78  0.928     0.0825   0.00708    
  9      1.68  0.936     0.0889   0.00718    

RMSE was used to select the optimal model using  the smallest value.
The final value used for the model was ncomp = 9. 


RUNNING pcr : ITERATION 69 
Loading required package: pROC
Principal Component Analysis 

1368 samples
  10 predictors

No pre-processing
Resampling: Bootstrapped (25 reps) 

Summary of sample sizes: 1368, 1368, 1368, 1368, 1368, 1368, ... 

Resampling results across tuning parameters:

  ncomp  RMSE  Rsquared  RMSE SD  Rsquared SD
  1      6.63  0.013     0.2      0.00355    
  2      6.38  0.0858    0.209    0.0397     
  3      2.55  0.854     0.0961   0.0111     
  4      2.42  0.868     0.0913   0.00993    
  5      2.12  0.899     0.1      0.0102     
  6      2.07  0.904     0.0697   0.00665    
  7      1.81  0.927     0.0686   0.00537    
  8      1.74  0.933     0.0752   0.00593    
  9      1.67  0.938     0.072    0.0049     

RMSE was used to select the optimal model using  the smallest value.
The final value used for the model was ncomp = 9. 


RUNNING pcr : ITERATION 70 
Loading required package: pROC
Principal Component Analysis 

1368 samples
  10 predictors

No pre-processing
Resampling: Bootstrapped (25 reps) 

Summary of sample sizes: 1368, 1368, 1368, 1368, 1368, 1368, ... 

Resampling results across tuning parameters:

  ncomp  RMSE  Rsquared  RMSE SD  Rsquared SD
  1      6.67  0.0109    0.205    0.00333    
  2      6.46  0.073     0.219    0.0293     
  3      2.57  0.853     0.0618   0.0104     
  4      2.46  0.865     0.0664   0.0101     
  5      2.15  0.897     0.118    0.0142     
  6      2.12  0.9       0.0681   0.00907    
  7      1.84  0.925     0.0598   0.00559    
  8      1.74  0.933     0.106    0.00837    
  9      1.67  0.938     0.0819   0.00565    

RMSE was used to select the optimal model using  the smallest value.
The final value used for the model was ncomp = 9. 


RUNNING pcr : ITERATION 71 
Loading required package: pROC
Principal Component Analysis 

1368 samples
  10 predictors

No pre-processing
Resampling: Bootstrapped (25 reps) 

Summary of sample sizes: 1368, 1368, 1368, 1368, 1368, 1368, ... 

Resampling results across tuning parameters:

  ncomp  RMSE  Rsquared  RMSE SD  Rsquared SD
  1      6.71  0.0115    0.227    0.00389    
  2      6.44  0.0891    0.211    0.0357     
  3      2.61  0.85      0.0929   0.0102     
  4      2.48  0.864     0.0775   0.00973    
  5      2.18  0.896     0.0806   0.00984    
  6      2.16  0.898     0.0702   0.00948    
  7      1.87  0.923     0.0743   0.00737    
  8      1.73  0.934     0.0933   0.00878    
  9      1.67  0.939     0.086    0.00742    

RMSE was used to select the optimal model using  the smallest value.
The final value used for the model was ncomp = 9. 


RUNNING pcr : ITERATION 72 
Loading required package: pROC
Principal Component Analysis 

1368 samples
  10 predictors

No pre-processing
Resampling: Bootstrapped (25 reps) 

Summary of sample sizes: 1368, 1368, 1368, 1368, 1368, 1368, ... 

Resampling results across tuning parameters:

  ncomp  RMSE  Rsquared  RMSE SD  Rsquared SD
  1      6.67  0.0109    0.182    0.00298    
  2      6.4   0.0916    0.196    0.0457     
  3      2.56  0.855     0.0878   0.00931    
  4      2.4   0.872     0.0739   0.00807    
  5      2.15  0.898     0.105    0.0112     
  6      2.1   0.902     0.0675   0.00675    
  7      1.83  0.926     0.073    0.00558    
  8      1.68  0.938     0.109    0.00718    
  9      1.63  0.941     0.0774   0.00461    

RMSE was used to select the optimal model using  the smallest value.
The final value used for the model was ncomp = 9. 


RUNNING pcr : ITERATION 73 
Loading required package: pROC
Principal Component Analysis 

1368 samples
  10 predictors

No pre-processing
Resampling: Bootstrapped (25 reps) 

Summary of sample sizes: 1368, 1368, 1368, 1368, 1368, 1368, ... 

Resampling results across tuning parameters:

  ncomp  RMSE  Rsquared  RMSE SD  Rsquared SD
  1      6.54  0.0111    0.169    0.00331    
  2      6.27  0.0919    0.173    0.0242     
  3      2.68  0.834     0.097    0.0114     
  4      2.55  0.85      0.0828   0.00932    
  5      2.11  0.898     0.0759   0.00682    
  6      2.09  0.899     0.0635   0.00609    
  7      1.83  0.923     0.0755   0.0063     
  8      1.71  0.932     0.111    0.00905    
  9      1.65  0.937     0.0888   0.00707    

RMSE was used to select the optimal model using  the smallest value.
The final value used for the model was ncomp = 9. 


RUNNING pcr : ITERATION 74 
Loading required package: pROC
Principal Component Analysis 

1368 samples
  10 predictors

No pre-processing
Resampling: Bootstrapped (25 reps) 

Summary of sample sizes: 1368, 1368, 1368, 1368, 1368, 1368, ... 

Resampling results across tuning parameters:

  ncomp  RMSE  Rsquared  RMSE SD  Rsquared SD
  1      6.7   0.0118    0.2      0.00397    
  2      6.52  0.0657    0.172    0.0308     
  3      2.58  0.854     0.0911   0.0125     
  4      2.45  0.867     0.0866   0.0118     
  5      2.14  0.899     0.0859   0.0093     
  6      2.12  0.901     0.0619   0.00841    
  7      1.84  0.925     0.0761   0.00711    
  8      1.67  0.938     0.0868   0.00716    
  9      1.64  0.941     0.0738   0.00587    

RMSE was used to select the optimal model using  the smallest value.
The final value used for the model was ncomp = 9. 


RUNNING pcr : ITERATION 75 
Loading required package: pROC
Principal Component Analysis 

1368 samples
  10 predictors

No pre-processing
Resampling: Bootstrapped (25 reps) 

Summary of sample sizes: 1368, 1368, 1368, 1368, 1368, 1368, ... 

Resampling results across tuning parameters:

  ncomp  RMSE  Rsquared  RMSE SD  Rsquared SD
  1      6.86  0.00879   0.191    0.00334    
  2      6.44  0.127     0.256    0.0462     
  3      2.54  0.864     0.051    0.00981    
  4      2.43  0.876     0.0494   0.00881    
  5      2.18  0.9       0.0621   0.00831    
  6      2.15  0.903     0.0618   0.00874    
  7      1.83  0.929     0.0616   0.0066     
  8      1.73  0.937     0.0798   0.00779    
  9      1.69  0.94      0.0581   0.00618    

RMSE was used to select the optimal model using  the smallest value.
The final value used for the model was ncomp = 9. 


RUNNING pcr : ITERATION 76 
Loading required package: pROC
Principal Component Analysis 

1368 samples
  10 predictors

No pre-processing
Resampling: Bootstrapped (25 reps) 

Summary of sample sizes: 1368, 1368, 1368, 1368, 1368, 1368, ... 

Resampling results across tuning parameters:

  ncomp  RMSE  Rsquared  RMSE SD  Rsquared SD
  1      6.69  0.0104    0.194    0.00325    
  2      6.65  0.0275    0.182    0.02       
  3      2.54  0.857     0.0772   0.00937    
  4      2.46  0.867     0.0713   0.00939    
  5      2.21  0.892     0.12     0.0124     
  6      2.13  0.9       0.0566   0.00702    
  7      1.82  0.927     0.0621   0.00667    
  8      1.7   0.936     0.0951   0.00804    
  9      1.65  0.94      0.0805   0.00683    

RMSE was used to select the optimal model using  the smallest value.
The final value used for the model was ncomp = 9. 


RUNNING pcr : ITERATION 77 
Loading required package: pROC
Principal Component Analysis 

1368 samples
  10 predictors

No pre-processing
Resampling: Bootstrapped (25 reps) 

Summary of sample sizes: 1368, 1368, 1368, 1368, 1368, 1368, ... 

Resampling results across tuning parameters:

  ncomp  RMSE  Rsquared  RMSE SD  Rsquared SD
  1      6.57  0.0101    0.212    0.00409    
  2      6.38  0.0686    0.269    0.034      
  3      2.6   0.845     0.0812   0.0111     
  4      2.44  0.863     0.0651   0.00876    
  5      2.14  0.895     0.0696   0.00766    
  6      2.12  0.897     0.0597   0.00716    
  7      1.8   0.926     0.0697   0.00527    
  8      1.73  0.931     0.0906   0.00597    
  9      1.68  0.935     0.0781   0.00601    

RMSE was used to select the optimal model using  the smallest value.
The final value used for the model was ncomp = 9. 


RUNNING pcr : ITERATION 78 
Loading required package: pROC
Principal Component Analysis 

1368 samples
  10 predictors

No pre-processing
Resampling: Bootstrapped (25 reps) 

Summary of sample sizes: 1368, 1368, 1368, 1368, 1368, 1368, ... 

Resampling results across tuning parameters:

  ncomp  RMSE  Rsquared  RMSE SD  Rsquared SD
  1      6.46  0.0113    0.198    0.00281    
  2      6.08  0.124     0.209    0.0335     
  3      2.68  0.831     0.0817   0.0104     
  4      2.5   0.852     0.0786   0.0107     
  5      2.14  0.892     0.0665   0.00828    
  6      2.12  0.893     0.0649   0.00816    
  7      1.8   0.923     0.0523   0.00449    
  8      1.76  0.927     0.0763   0.00635    
  9      1.67  0.934     0.0826   0.00636    

RMSE was used to select the optimal model using  the smallest value.
The final value used for the model was ncomp = 9. 


RUNNING pcr : ITERATION 79 
Loading required package: pROC
Principal Component Analysis 

1368 samples
  10 predictors

No pre-processing
Resampling: Bootstrapped (25 reps) 

Summary of sample sizes: 1368, 1368, 1368, 1368, 1368, 1368, ... 

Resampling results across tuning parameters:

  ncomp  RMSE  Rsquared  RMSE SD  Rsquared SD
  1      6.62  0.0121    0.162    0.0039     
  2      6.41  0.0727    0.161    0.029      
  3      2.58  0.85      0.0687   0.00892    
  4      2.43  0.866     0.0691   0.00869    
  5      2.16  0.895     0.114    0.0121     
  6      2.11  0.9       0.0493   0.00671    
  7      1.77  0.93      0.0638   0.00562    
  8      1.64  0.94      0.089    0.00746    
  9      1.6   0.943     0.071    0.00568    

RMSE was used to select the optimal model using  the smallest value.
The final value used for the model was ncomp = 9. 


RUNNING pcr : ITERATION 80 
Loading required package: pROC
Principal Component Analysis 

1368 samples
  10 predictors

No pre-processing
Resampling: Bootstrapped (25 reps) 

Summary of sample sizes: 1368, 1368, 1368, 1368, 1368, 1368, ... 

Resampling results across tuning parameters:

  ncomp  RMSE  Rsquared  RMSE SD  Rsquared SD
  1      6.65  0.0102    0.205    0.00314    
  2      6.4   0.0842    0.249    0.0339     
  3      2.58  0.851     0.102    0.0117     
  4      2.46  0.865     0.0709   0.00811    
  5      2.16  0.896     0.102    0.00967    
  6      2.11  0.901     0.0512   0.00559    
  7      1.79  0.928     0.0636   0.00578    
  8      1.67  0.938     0.0864   0.00629    
  9      1.6   0.943     0.0774   0.00634    

RMSE was used to select the optimal model using  the smallest value.
The final value used for the model was ncomp = 9. 


RUNNING pcr : ITERATION 81 
Loading required package: pROC
Principal Component Analysis 

1368 samples
  10 predictors

No pre-processing
Resampling: Bootstrapped (25 reps) 

Summary of sample sizes: 1368, 1368, 1368, 1368, 1368, 1368, ... 

Resampling results across tuning parameters:

  ncomp  RMSE  Rsquared  RMSE SD  Rsquared SD
  1      6.59  0.0136    0.17     0.00439    
  2      6.3   0.0992    0.212    0.0355     
  3      2.61  0.846     0.0863   0.0107     
  4      2.48  0.861     0.0682   0.00914    
  5      2.22  0.888     0.0998   0.0102     
  6      2.18  0.892     0.0636   0.00683    
  7      1.86  0.922     0.0473   0.00546    
  8      1.79  0.927     0.0612   0.00653    
  9      1.72  0.933     0.0665   0.00595    

RMSE was used to select the optimal model using  the smallest value.
The final value used for the model was ncomp = 9. 


RUNNING pcr : ITERATION 82 
Loading required package: pROC
Principal Component Analysis 

1368 samples
  10 predictors

No pre-processing
Resampling: Bootstrapped (25 reps) 

Summary of sample sizes: 1368, 1368, 1368, 1368, 1368, 1368, ... 

Resampling results across tuning parameters:

  ncomp  RMSE  Rsquared  RMSE SD  Rsquared SD
  1      6.71  0.0115    0.201    0.00307    
  2      6.45  0.0872    0.214    0.0296     
  3      2.5   0.862     0.0747   0.00952    
  4      2.42  0.871     0.0612   0.00939    
  5      2.15  0.899     0.117    0.0113     
  6      2.1   0.903     0.0637   0.00769    
  7      1.81  0.928     0.0578   0.00576    
  8      1.67  0.939     0.0774   0.00686    
  9      1.63  0.942     0.0419   0.00424    

RMSE was used to select the optimal model using  the smallest value.
The final value used for the model was ncomp = 9. 


RUNNING pcr : ITERATION 83 
Loading required package: pROC
Principal Component Analysis 

1368 samples
  10 predictors

No pre-processing
Resampling: Bootstrapped (25 reps) 

Summary of sample sizes: 1368, 1368, 1368, 1368, 1368, 1368, ... 

Resampling results across tuning parameters:

  ncomp  RMSE  Rsquared  RMSE SD  Rsquared SD
  1      6.77  0.00987   0.186    0.00328    
  2      6.59  0.0607    0.207    0.0375     
  3      2.54  0.86      0.0795   0.0089     
  4      2.43  0.872     0.069    0.00881    
  5      2.18  0.897     0.0857   0.00929    
  6      2.13  0.901     0.0512   0.00698    
  7      1.83  0.928     0.0622   0.00589    
  8      1.76  0.933     0.0747   0.00652    
  9      1.71  0.937     0.0896   0.00694    

RMSE was used to select the optimal model using  the smallest value.
The final value used for the model was ncomp = 9. 


RUNNING pcr : ITERATION 84 
Loading required package: pROC
Principal Component Analysis 

1368 samples
  10 predictors

No pre-processing
Resampling: Bootstrapped (25 reps) 

Summary of sample sizes: 1368, 1368, 1368, 1368, 1368, 1368, ... 

Resampling results across tuning parameters:

  ncomp  RMSE  Rsquared  RMSE SD  Rsquared SD
  1      6.67  0.0116    0.162    0.00392    
  2      6.46  0.0722    0.202    0.0374     
  3      2.53  0.857     0.0829   0.0116     
  4      2.45  0.866     0.0712   0.00943    
  5      2.12  0.899     0.0907   0.00953    
  6      2.09  0.903     0.0565   0.00594    
  7      1.77  0.931     0.0684   0.00517    
  8      1.72  0.934     0.081    0.00652    
  9      1.66  0.939     0.0789   0.00597    

RMSE was used to select the optimal model using  the smallest value.
The final value used for the model was ncomp = 9. 


RUNNING pcr : ITERATION 85 
Loading required package: pROC
Principal Component Analysis 

1368 samples
  10 predictors

No pre-processing
Resampling: Bootstrapped (25 reps) 

Summary of sample sizes: 1368, 1368, 1368, 1368, 1368, 1368, ... 

Resampling results across tuning parameters:

  ncomp  RMSE  Rsquared  RMSE SD  Rsquared SD
  1      6.59  0.00955   0.166    0.0026     
  2      6.47  0.0447    0.165    0.0248     
  3      2.64  0.841     0.0805   0.012      
  4      2.53  0.853     0.0763   0.0115     
  5      2.15  0.894     0.0996   0.0112     
  6      2.11  0.899     0.0659   0.00814    
  7      1.79  0.927     0.058    0.00634    
  8      1.64  0.939     0.0709   0.006      
  9      1.59  0.942     0.0546   0.00491    

RMSE was used to select the optimal model using  the smallest value.
The final value used for the model was ncomp = 9. 


RUNNING pcr : ITERATION 86 
Loading required package: pROC
Principal Component Analysis 

1368 samples
  10 predictors

No pre-processing
Resampling: Bootstrapped (25 reps) 

Summary of sample sizes: 1368, 1368, 1368, 1368, 1368, 1368, ... 

Resampling results across tuning parameters:

  ncomp  RMSE  Rsquared  RMSE SD  Rsquared SD
  1      6.79  0.0119    0.155    0.00406    
  2      6.6   0.0648    0.153    0.0281     
  3      2.54  0.862     0.09     0.00903    
  4      2.42  0.875     0.0645   0.00773    
  5      2.18  0.898     0.109    0.00923    
  6      2.13  0.903     0.0589   0.00541    
  7      1.87  0.925     0.0654   0.00445    
  8      1.75  0.934     0.0972   0.00683    
  9      1.7   0.938     0.0619   0.00499    

RMSE was used to select the optimal model using  the smallest value.
The final value used for the model was ncomp = 9. 


RUNNING pcr : ITERATION 87 
Loading required package: pROC
Principal Component Analysis 

1368 samples
  10 predictors

No pre-processing
Resampling: Bootstrapped (25 reps) 

Summary of sample sizes: 1368, 1368, 1368, 1368, 1368, 1368, ... 

Resampling results across tuning parameters:

  ncomp  RMSE  Rsquared  RMSE SD  Rsquared SD
  1      6.7   0.0113    0.216    0.00285    
  2      6.62  0.036     0.199    0.0242     
  3      2.58  0.854     0.081    0.0104     
  4      2.47  0.865     0.0637   0.00897    
  5      2.15  0.898     0.134    0.0131     
  6      2.1   0.903     0.0596   0.00699    
  7      1.78  0.93      0.0417   0.00443    
  8      1.71  0.935     0.0695   0.00653    
  9      1.64  0.941     0.0659   0.00537    

RMSE was used to select the optimal model using  the smallest value.
The final value used for the model was ncomp = 9. 


RUNNING pcr : ITERATION 88 
Loading required package: pROC
Principal Component Analysis 

1368 samples
  10 predictors

No pre-processing
Resampling: Bootstrapped (25 reps) 

Summary of sample sizes: 1368, 1368, 1368, 1368, 1368, 1368, ... 

Resampling results across tuning parameters:

  ncomp  RMSE  Rsquared  RMSE SD  Rsquared SD
  1      6.6   0.0117    0.195    0.00408    
  2      6.41  0.0703    0.218    0.0386     
  3      2.53  0.855     0.0823   0.00904    
  4      2.46  0.863     0.0676   0.00823    
  5      2.18  0.892     0.0891   0.00926    
  6      2.14  0.896     0.0453   0.00688    
  7      1.83  0.924     0.0422   0.00552    
  8      1.71  0.934     0.0844   0.00682    
  9      1.67  0.937     0.0657   0.00599    

RMSE was used to select the optimal model using  the smallest value.
The final value used for the model was ncomp = 9. 


RUNNING pcr : ITERATION 89 
Loading required package: pROC
Principal Component Analysis 

1368 samples
  10 predictors

No pre-processing
Resampling: Bootstrapped (25 reps) 

Summary of sample sizes: 1368, 1368, 1368, 1368, 1368, 1368, ... 

Resampling results across tuning parameters:

  ncomp  RMSE  Rsquared  RMSE SD  Rsquared SD
  1      6.72  0.00917   0.195    0.00303    
  2      6.49  0.0746    0.234    0.0315     
  3      2.61  0.85      0.0924   0.00611    
  4      2.49  0.863     0.0801   0.00564    
  5      2.15  0.898     0.0847   0.00699    
  6      2.11  0.902     0.0707   0.00532    
  7      1.88  0.922     0.0813   0.00547    
  8      1.71  0.935     0.0968   0.00753    
  9      1.64  0.941     0.0657   0.0036     

RMSE was used to select the optimal model using  the smallest value.
The final value used for the model was ncomp = 9. 


RUNNING pcr : ITERATION 90 
Loading required package: pROC
Principal Component Analysis 

1368 samples
  10 predictors

No pre-processing
Resampling: Bootstrapped (25 reps) 

Summary of sample sizes: 1368, 1368, 1368, 1368, 1368, 1368, ... 

Resampling results across tuning parameters:

  ncomp  RMSE  Rsquared  RMSE SD  Rsquared SD
  1      6.73  0.0102    0.161    0.00331    
  2      6.55  0.0623    0.22     0.0499     
  3      2.57  0.856     0.0933   0.0108     
  4      2.44  0.87      0.0873   0.00995    
  5      2.12  0.902     0.0942   0.00891    
  6      2.1   0.903     0.0842   0.00821    
  7      1.87  0.924     0.0763   0.00638    
  8      1.78  0.93      0.0792   0.00637    
  9      1.72  0.935     0.0784   0.0064     

RMSE was used to select the optimal model using  the smallest value.
The final value used for the model was ncomp = 9. 


RUNNING pcr : ITERATION 91 
Loading required package: pROC
Principal Component Analysis 

1368 samples
  10 predictors

No pre-processing
Resampling: Bootstrapped (25 reps) 

Summary of sample sizes: 1368, 1368, 1368, 1368, 1368, 1368, ... 

Resampling results across tuning parameters:

  ncomp  RMSE  Rsquared  RMSE SD  Rsquared SD
  1      6.77  0.0107    0.168    0.00312    
  2      6.46  0.101     0.23     0.0387     
  3      2.63  0.851     0.0758   0.00902    
  4      2.51  0.864     0.0664   0.00816    
  5      2.25  0.89      0.139    0.0121     
  6      2.15  0.9       0.0481   0.00577    
  7      1.83  0.927     0.057    0.00492    
  8      1.69  0.938     0.0892   0.00749    
  9      1.64  0.942     0.078    0.0063     

RMSE was used to select the optimal model using  the smallest value.
The final value used for the model was ncomp = 9. 


RUNNING pcr : ITERATION 92 
Loading required package: pROC
Principal Component Analysis 

1368 samples
  10 predictors

No pre-processing
Resampling: Bootstrapped (25 reps) 

Summary of sample sizes: 1368, 1368, 1368, 1368, 1368, 1368, ... 

Resampling results across tuning parameters:

  ncomp  RMSE  Rsquared  RMSE SD  Rsquared SD
  1      6.63  0.00805   0.197    0.00359    
  2      6.52  0.0417    0.17     0.0318     
  3      2.51  0.858     0.0896   0.0137     
  4      2.41  0.869     0.0712   0.0104     
  5      2.23  0.887     0.136    0.014      
  6      2.14  0.897     0.0712   0.0092     
  7      1.81  0.926     0.0604   0.00714    
  8      1.68  0.936     0.0763   0.00747    
  9      1.63  0.94      0.059    0.00493    

RMSE was used to select the optimal model using  the smallest value.
The final value used for the model was ncomp = 9. 


RUNNING pcr : ITERATION 93 
Loading required package: pROC
Principal Component Analysis 

1368 samples
  10 predictors

No pre-processing
Resampling: Bootstrapped (25 reps) 

Summary of sample sizes: 1368, 1368, 1368, 1368, 1368, 1368, ... 

Resampling results across tuning parameters:

  ncomp  RMSE  Rsquared  RMSE SD  Rsquared SD
  1      6.77  0.0116    0.227    0.00277    
  2      6.44  0.105     0.248    0.0338     
  3      2.58  0.856     0.0959   0.00842    
  4      2.43  0.873     0.0695   0.00707    
  5      2.16  0.899     0.0985   0.00971    
  6      2.12  0.903     0.0626   0.00676    
  7      1.8   0.93      0.0708   0.00669    
  8      1.72  0.936     0.0799   0.00687    
  9      1.66  0.941     0.0807   0.0062     

RMSE was used to select the optimal model using  the smallest value.
The final value used for the model was ncomp = 9. 


RUNNING pcr : ITERATION 94 
Loading required package: pROC
Principal Component Analysis 

1368 samples
  10 predictors

No pre-processing
Resampling: Bootstrapped (25 reps) 

Summary of sample sizes: 1368, 1368, 1368, 1368, 1368, 1368, ... 

Resampling results across tuning parameters:

  ncomp  RMSE  Rsquared  RMSE SD  Rsquared SD
  1      6.77  0.013     0.203    0.00296    
  2      6.56  0.074     0.255    0.0304     
  3      2.52  0.862     0.067    0.0106     
  4      2.44  0.872     0.0652   0.00915    
  5      2.12  0.903     0.0596   0.00807    
  6      2.11  0.904     0.0547   0.00756    
  7      1.81  0.93      0.0522   0.00557    
  8      1.75  0.934     0.0864   0.00709    
  9      1.71  0.937     0.0844   0.00722    

RMSE was used to select the optimal model using  the smallest value.
The final value used for the model was ncomp = 9. 


RUNNING pcr : ITERATION 95 
Loading required package: pROC
Principal Component Analysis 

1368 samples
  10 predictors

No pre-processing
Resampling: Bootstrapped (25 reps) 

Summary of sample sizes: 1368, 1368, 1368, 1368, 1368, 1368, ... 

Resampling results across tuning parameters:

  ncomp  RMSE  Rsquared  RMSE SD  Rsquared SD
  1      6.7   0.0115    0.165    0.0025     
  2      6.54  0.0588    0.183    0.0351     
  3      2.56  0.856     0.0796   0.00844    
  4      2.43  0.87      0.074    0.0076     
  5      2.13  0.9       0.112    0.0101     
  6      2.1   0.903     0.0709   0.0074     
  7      1.82  0.928     0.0736   0.00584    
  8      1.73  0.934     0.104    0.00731    
  9      1.67  0.939     0.0839   0.00615    

RMSE was used to select the optimal model using  the smallest value.
The final value used for the model was ncomp = 9. 


RUNNING pcr : ITERATION 96 
Loading required package: pROC
Principal Component Analysis 

1368 samples
  10 predictors

No pre-processing
Resampling: Bootstrapped (25 reps) 

Summary of sample sizes: 1368, 1368, 1368, 1368, 1368, 1368, ... 

Resampling results across tuning parameters:

  ncomp  RMSE  Rsquared  RMSE SD  Rsquared SD
  1      6.71  0.0107    0.199    0.00413    
  2      6.46  0.08      0.23     0.0497     
  3      2.52  0.859     0.0857   0.0109     
  4      2.41  0.872     0.0628   0.00804    
  5      2.17  0.896     0.107    0.0108     
  6      2.11  0.902     0.0469   0.00693    
  7      1.81  0.928     0.0668   0.00572    
  8      1.71  0.935     0.0867   0.00678    
  9      1.66  0.939     0.0643   0.0057     

RMSE was used to select the optimal model using  the smallest value.
The final value used for the model was ncomp = 9. 


RUNNING pcr : ITERATION 97 
Loading required package: pROC
Principal Component Analysis 

1368 samples
  10 predictors

No pre-processing
Resampling: Bootstrapped (25 reps) 

Summary of sample sizes: 1368, 1368, 1368, 1368, 1368, 1368, ... 

Resampling results across tuning parameters:

  ncomp  RMSE  Rsquared  RMSE SD  Rsquared SD
  1      6.67  0.011     0.189    0.00352    
  2      6.54  0.0494    0.182    0.0278     
  3      2.61  0.848     0.117    0.0127     
  4      2.47  0.864     0.0955   0.0105     
  5      2.11  0.901     0.101    0.00883    
  6      2.08  0.903     0.0722   0.00743    
  7      1.77  0.931     0.0671   0.00485    
  8      1.65  0.94      0.0675   0.00527    
  9      1.61  0.943     0.0695   0.00473    

RMSE was used to select the optimal model using  the smallest value.
The final value used for the model was ncomp = 9. 


RUNNING pcr : ITERATION 98 
Loading required package: pROC
Principal Component Analysis 

1368 samples
  10 predictors

No pre-processing
Resampling: Bootstrapped (25 reps) 

Summary of sample sizes: 1368, 1368, 1368, 1368, 1368, 1368, ... 

Resampling results across tuning parameters:

  ncomp  RMSE  Rsquared  RMSE SD  Rsquared SD
  1      6.78  0.0129    0.164    0.00303    
  2      6.43  0.112     0.237    0.0373     
  3      2.56  0.859     0.0635   0.00937    
  4      2.48  0.868     0.0651   0.0091     
  5      2.17  0.899     0.0737   0.00835    
  6      2.14  0.902     0.0572   0.00685    
  7      1.85  0.926     0.0765   0.00646    
  8      1.71  0.937     0.0885   0.00756    
  9      1.68  0.939     0.0902   0.0075     

RMSE was used to select the optimal model using  the smallest value.
The final value used for the model was ncomp = 9. 


RUNNING pcr : ITERATION 99 
Loading required package: pROC
Principal Component Analysis 

1368 samples
  10 predictors

No pre-processing
Resampling: Bootstrapped (25 reps) 

Summary of sample sizes: 1368, 1368, 1368, 1368, 1368, 1368, ... 

Resampling results across tuning parameters:

  ncomp  RMSE  Rsquared  RMSE SD  Rsquared SD
  1      6.56  0.0127    0.185    0.00388    
  2      6.28  0.0956    0.216    0.0277     
  3      2.63  0.841     0.101    0.0108     
  4      2.52  0.855     0.0828   0.00948    
  5      2.16  0.893     0.0784   0.00855    
  6      2.13  0.896     0.06     0.00649    
  7      1.85  0.921     0.0703   0.00622    
  8      1.73  0.931     0.104    0.00778    
  9      1.68  0.936     0.0846   0.0067     

RMSE was used to select the optimal model using  the smallest value.
The final value used for the model was ncomp = 9. 


RUNNING pcr : ITERATION 100 
Loading required package: pROC
Principal Component Analysis 

1368 samples
  10 predictors

No pre-processing
Resampling: Bootstrapped (25 reps) 

Summary of sample sizes: 1368, 1368, 1368, 1368, 1368, 1368, ... 

Resampling results across tuning parameters:

  ncomp  RMSE  Rsquared  RMSE SD  Rsquared SD
  1      6.64  0.0101    0.221    0.00438    
  2      6.47  0.0609    0.243    0.0301     
  3      2.56  0.853     0.089    0.012      
  4      2.47  0.863     0.0743   0.00935    
  5      2.17  0.895     0.0884   0.00885    
  6      2.13  0.898     0.0627   0.00655    
  7      1.83  0.925     0.0597   0.00569    
  8      1.73  0.933     0.0672   0.00497    
  9      1.69  0.936     0.0681   0.00513    

RMSE was used to select the optimal model using  the smallest value.
The final value used for the model was ncomp = 9. 
