Loading required package: sp
Loading required package: lattice
Loading required package: ggplot2
rgdal: version: 0.8-16, (SVN revision 498)
Geospatial Data Abstraction Library extensions to R successfully loaded
Loaded GDAL runtime: GDAL 1.7.3, released 2010/11/10
Path to GDAL shared files: /usr/share/gdal/1.7
GDAL does not use iconv for recoding strings.
Loaded PROJ.4 runtime: Rel. 4.7.1, 23 September 2009, [PJ_VERSION: 470]
Path to PROJ.4 shared files: (autodetected)
OGR data source with driver: ESRI Shapefile 
Source: "plots_shp/PlotPoles_ARC1960_mod_20140807_final.shp", layer: "PlotPoles_ARC1960_mod_20140807_final"
with 1248 features and 7 fields
Feature type: wkbPoint with 2 dimensions
Warning message:
In ReplProj4string(obj, CRS(value)) :
  A new CRS was assigned to an object with an existing CRS:
+proj=utm +zone=37 +south +ellps=clrk80 +units=m +no_defs
without reprojecting.
For reprojection, use function spTransform in package rgdal


RUNNING ctree : ITERATION 1 
Loading required package: party
Loading required package: grid
Loading required package: zoo

Attaching package: ‘zoo’

The following objects are masked from ‘package:base’:

    as.Date, as.Date.numeric

Loading required package: sandwich
Loading required package: strucchange
Loading required package: modeltools
Loading required package: stats4
Loading required package: pROC
Conditional Inference Tree 

1368 samples
  10 predictors

No pre-processing
Resampling: Bootstrapped (25 reps) 

Summary of sample sizes: 1368, 1368, 1368, 1368, 1368, 1368, ... 

Resampling results across tuning parameters:

  mincriterion  RMSE   Rsquared  RMSE SD  Rsquared SD
  0.01          0.89   0.983     0.0346   0.00163    
  0.5           0.9    0.982     0.0375   0.0018     
  0.99          0.973  0.979     0.0337   0.00162    

RMSE was used to select the optimal model using  the smallest value.
The final value used for the model was mincriterion = 0.01. 


RUNNING ctree : ITERATION 2 
Loading required package: pROC
Conditional Inference Tree 

1368 samples
  10 predictors

No pre-processing
Resampling: Bootstrapped (25 reps) 

Summary of sample sizes: 1368, 1368, 1368, 1368, 1368, 1368, ... 

Resampling results across tuning parameters:

  mincriterion  RMSE   Rsquared  RMSE SD  Rsquared SD
  0.01          0.9    0.982     0.0545   0.00251    
  0.5           0.905  0.982     0.055    0.00255    
  0.99          0.973  0.979     0.0447   0.00239    

RMSE was used to select the optimal model using  the smallest value.
The final value used for the model was mincriterion = 0.01. 


RUNNING ctree : ITERATION 3 
Loading required package: pROC
Conditional Inference Tree 

1368 samples
  10 predictors

No pre-processing
Resampling: Bootstrapped (25 reps) 

Summary of sample sizes: 1368, 1368, 1368, 1368, 1368, 1368, ... 

Resampling results across tuning parameters:

  mincriterion  RMSE   Rsquared  RMSE SD  Rsquared SD
  0.01          0.9    0.983     0.0362   0.00169    
  0.5           0.907  0.983     0.0416   0.00192    
  0.99          0.981  0.98      0.0413   0.00208    

RMSE was used to select the optimal model using  the smallest value.
The final value used for the model was mincriterion = 0.01. 


RUNNING ctree : ITERATION 4 
Loading required package: pROC
Conditional Inference Tree 

1368 samples
  10 predictors

No pre-processing
Resampling: Bootstrapped (25 reps) 

Summary of sample sizes: 1368, 1368, 1368, 1368, 1368, 1368, ... 

Resampling results across tuning parameters:

  mincriterion  RMSE   Rsquared  RMSE SD  Rsquared SD
  0.01          0.911  0.981     0.0491   0.00204    
  0.5           0.916  0.981     0.049    0.00208    
  0.99          0.995  0.978     0.052    0.00236    

RMSE was used to select the optimal model using  the smallest value.
The final value used for the model was mincriterion = 0.01. 


RUNNING ctree : ITERATION 5 
Loading required package: pROC
Conditional Inference Tree 

1368 samples
  10 predictors

No pre-processing
Resampling: Bootstrapped (25 reps) 

Summary of sample sizes: 1368, 1368, 1368, 1368, 1368, 1368, ... 

Resampling results across tuning parameters:

  mincriterion  RMSE   Rsquared  RMSE SD  Rsquared SD
  0.01          0.912  0.981     0.0541   0.0024     
  0.5           0.923  0.981     0.053    0.00233    
  0.99          0.997  0.978     0.0463   0.00216    

RMSE was used to select the optimal model using  the smallest value.
The final value used for the model was mincriterion = 0.01. 


RUNNING ctree : ITERATION 6 
Loading required package: pROC
Conditional Inference Tree 

1368 samples
  10 predictors

No pre-processing
Resampling: Bootstrapped (25 reps) 

Summary of sample sizes: 1368, 1368, 1368, 1368, 1368, 1368, ... 

Resampling results across tuning parameters:

  mincriterion  RMSE   Rsquared  RMSE SD  Rsquared SD
  0.01          0.908  0.981     0.0632   0.00273    
  0.5           0.911  0.981     0.0629   0.00263    
  0.99          0.981  0.978     0.0567   0.00242    

RMSE was used to select the optimal model using  the smallest value.
The final value used for the model was mincriterion = 0.01. 


RUNNING ctree : ITERATION 7 
Loading required package: pROC
Conditional Inference Tree 

1368 samples
  10 predictors

No pre-processing
Resampling: Bootstrapped (25 reps) 

Summary of sample sizes: 1368, 1368, 1368, 1368, 1368, 1368, ... 

Resampling results across tuning parameters:

  mincriterion  RMSE   Rsquared  RMSE SD  Rsquared SD
  0.01          0.907  0.982     0.0438   0.00206    
  0.5           0.909  0.982     0.0441   0.00213    
  0.99          0.977  0.979     0.0452   0.00257    

RMSE was used to select the optimal model using  the smallest value.
The final value used for the model was mincriterion = 0.01. 


RUNNING ctree : ITERATION 8 
Loading required package: pROC
Conditional Inference Tree 

1368 samples
  10 predictors

No pre-processing
Resampling: Bootstrapped (25 reps) 

Summary of sample sizes: 1368, 1368, 1368, 1368, 1368, 1368, ... 

Resampling results across tuning parameters:

  mincriterion  RMSE   Rsquared  RMSE SD  Rsquared SD
  0.01          0.873  0.983     0.0494   0.00225    
  0.5           0.882  0.983     0.0513   0.0023     
  0.99          0.973  0.979     0.0466   0.00253    

RMSE was used to select the optimal model using  the smallest value.
The final value used for the model was mincriterion = 0.01. 


RUNNING ctree : ITERATION 9 
Loading required package: pROC
Conditional Inference Tree 

1368 samples
  10 predictors

No pre-processing
Resampling: Bootstrapped (25 reps) 

Summary of sample sizes: 1368, 1368, 1368, 1368, 1368, 1368, ... 

Resampling results across tuning parameters:

  mincriterion  RMSE   Rsquared  RMSE SD  Rsquared SD
  0.01          0.902  0.981     0.0512   0.00244    
  0.5           0.908  0.981     0.0506   0.00236    
  0.99          0.992  0.977     0.0552   0.00257    

RMSE was used to select the optimal model using  the smallest value.
The final value used for the model was mincriterion = 0.01. 


RUNNING ctree : ITERATION 10 
Loading required package: pROC
Conditional Inference Tree 

1368 samples
  10 predictors

No pre-processing
Resampling: Bootstrapped (25 reps) 

Summary of sample sizes: 1368, 1368, 1368, 1368, 1368, 1368, ... 

Resampling results across tuning parameters:

  mincriterion  RMSE   Rsquared  RMSE SD  Rsquared SD
  0.01          0.862  0.983     0.0553   0.00214    
  0.5           0.866  0.983     0.0523   0.00204    
  0.99          0.943  0.98      0.0571   0.00247    

RMSE was used to select the optimal model using  the smallest value.
The final value used for the model was mincriterion = 0.01. 


RUNNING ctree : ITERATION 11 
Loading required package: pROC
Conditional Inference Tree 

1368 samples
  10 predictors

No pre-processing
Resampling: Bootstrapped (25 reps) 

Summary of sample sizes: 1368, 1368, 1368, 1368, 1368, 1368, ... 

Resampling results across tuning parameters:

  mincriterion  RMSE   Rsquared  RMSE SD  Rsquared SD
  0.01          0.931  0.982     0.0429   0.00125    
  0.5           0.936  0.981     0.0385   0.00113    
  0.99          0.99   0.979     0.0337   0.0012     

RMSE was used to select the optimal model using  the smallest value.
The final value used for the model was mincriterion = 0.01. 


RUNNING ctree : ITERATION 12 
Loading required package: pROC
Conditional Inference Tree 

1368 samples
  10 predictors

No pre-processing
Resampling: Bootstrapped (25 reps) 

Summary of sample sizes: 1368, 1368, 1368, 1368, 1368, 1368, ... 

Resampling results across tuning parameters:

  mincriterion  RMSE   Rsquared  RMSE SD  Rsquared SD
  0.01          0.906  0.982     0.0726   0.00277    
  0.5           0.911  0.982     0.0682   0.00264    
  0.99          0.981  0.979     0.0581   0.00269    

RMSE was used to select the optimal model using  the smallest value.
The final value used for the model was mincriterion = 0.01. 


RUNNING ctree : ITERATION 13 
Loading required package: pROC
Conditional Inference Tree 

1368 samples
  10 predictors

No pre-processing
Resampling: Bootstrapped (25 reps) 

Summary of sample sizes: 1368, 1368, 1368, 1368, 1368, 1368, ... 

Resampling results across tuning parameters:

  mincriterion  RMSE   Rsquared  RMSE SD  Rsquared SD
  0.01          0.898  0.982     0.0588   0.00242    
  0.5           0.904  0.982     0.057    0.00237    
  0.99          0.968  0.979     0.0545   0.00265    

RMSE was used to select the optimal model using  the smallest value.
The final value used for the model was mincriterion = 0.01. 


RUNNING ctree : ITERATION 14 
Loading required package: pROC
Conditional Inference Tree 

1368 samples
  10 predictors

No pre-processing
Resampling: Bootstrapped (25 reps) 

Summary of sample sizes: 1368, 1368, 1368, 1368, 1368, 1368, ... 

Resampling results across tuning parameters:

  mincriterion  RMSE   Rsquared  RMSE SD  Rsquared SD
  0.01          0.919  0.982     0.049    0.00213    
  0.5           0.93   0.981     0.0519   0.00218    
  0.99          0.994  0.979     0.0448   0.00207    

RMSE was used to select the optimal model using  the smallest value.
The final value used for the model was mincriterion = 0.01. 


RUNNING ctree : ITERATION 15 
Loading required package: pROC
Conditional Inference Tree 

1368 samples
  10 predictors

No pre-processing
Resampling: Bootstrapped (25 reps) 

Summary of sample sizes: 1368, 1368, 1368, 1368, 1368, 1368, ... 

Resampling results across tuning parameters:

  mincriterion  RMSE   Rsquared  RMSE SD  Rsquared SD
  0.01          0.884  0.983     0.0489   0.00232    
  0.5           0.894  0.982     0.0483   0.0023     
  0.99          0.971  0.979     0.0504   0.00264    

RMSE was used to select the optimal model using  the smallest value.
The final value used for the model was mincriterion = 0.01. 


RUNNING ctree : ITERATION 16 
Loading required package: pROC
Conditional Inference Tree 

1368 samples
  10 predictors

No pre-processing
Resampling: Bootstrapped (25 reps) 

Summary of sample sizes: 1368, 1368, 1368, 1368, 1368, 1368, ... 

Resampling results across tuning parameters:

  mincriterion  RMSE   Rsquared  RMSE SD  Rsquared SD
  0.01          0.89   0.983     0.0454   0.00213    
  0.5           0.896  0.983     0.0421   0.00202    
  0.99          0.958  0.98      0.0362   0.00194    

RMSE was used to select the optimal model using  the smallest value.
The final value used for the model was mincriterion = 0.01. 


RUNNING ctree : ITERATION 17 
Loading required package: pROC
Conditional Inference Tree 

1368 samples
  10 predictors

No pre-processing
Resampling: Bootstrapped (25 reps) 

Summary of sample sizes: 1368, 1368, 1368, 1368, 1368, 1368, ... 

Resampling results across tuning parameters:

  mincriterion  RMSE   Rsquared  RMSE SD  Rsquared SD
  0.01          0.895  0.982     0.0383   0.00168    
  0.5           0.906  0.982     0.0332   0.00157    
  0.99          0.981  0.978     0.0404   0.002      

RMSE was used to select the optimal model using  the smallest value.
The final value used for the model was mincriterion = 0.01. 


RUNNING ctree : ITERATION 18 
Loading required package: pROC
Conditional Inference Tree 

1368 samples
  10 predictors

No pre-processing
Resampling: Bootstrapped (25 reps) 

Summary of sample sizes: 1368, 1368, 1368, 1368, 1368, 1368, ... 

Resampling results across tuning parameters:

  mincriterion  RMSE   Rsquared  RMSE SD  Rsquared SD
  0.01          0.888  0.982     0.0609   0.00247    
  0.5           0.896  0.982     0.0579   0.00231    
  0.99          0.969  0.979     0.0498   0.00213    

RMSE was used to select the optimal model using  the smallest value.
The final value used for the model was mincriterion = 0.01. 


RUNNING ctree : ITERATION 19 
Loading required package: pROC
Conditional Inference Tree 

1368 samples
  10 predictors

No pre-processing
Resampling: Bootstrapped (25 reps) 

Summary of sample sizes: 1368, 1368, 1368, 1368, 1368, 1368, ... 

Resampling results across tuning parameters:

  mincriterion  RMSE   Rsquared  RMSE SD  Rsquared SD
  0.01          0.871  0.982     0.051    0.00209    
  0.5           0.883  0.982     0.051    0.00213    
  0.99          0.943  0.979     0.0584   0.00251    

RMSE was used to select the optimal model using  the smallest value.
The final value used for the model was mincriterion = 0.01. 


RUNNING ctree : ITERATION 20 
Loading required package: pROC
Conditional Inference Tree 

1368 samples
  10 predictors

No pre-processing
Resampling: Bootstrapped (25 reps) 

Summary of sample sizes: 1368, 1368, 1368, 1368, 1368, 1368, ... 

Resampling results across tuning parameters:

  mincriterion  RMSE   Rsquared  RMSE SD  Rsquared SD
  0.01          0.899  0.982     0.0613   0.0027     
  0.5           0.905  0.982     0.0621   0.00267    
  0.99          0.967  0.979     0.057    0.00279    

RMSE was used to select the optimal model using  the smallest value.
The final value used for the model was mincriterion = 0.01. 


RUNNING ctree : ITERATION 21 
Loading required package: pROC
Conditional Inference Tree 

1368 samples
  10 predictors

No pre-processing
Resampling: Bootstrapped (25 reps) 

Summary of sample sizes: 1368, 1368, 1368, 1368, 1368, 1368, ... 

Resampling results across tuning parameters:

  mincriterion  RMSE   Rsquared  RMSE SD  Rsquared SD
  0.01          0.923  0.981     0.054    0.00211    
  0.5           0.928  0.981     0.055    0.00218    
  0.99          1      0.978     0.0558   0.00227    

RMSE was used to select the optimal model using  the smallest value.
The final value used for the model was mincriterion = 0.01. 


RUNNING ctree : ITERATION 22 
Loading required package: pROC
Conditional Inference Tree 

1368 samples
  10 predictors

No pre-processing
Resampling: Bootstrapped (25 reps) 

Summary of sample sizes: 1368, 1368, 1368, 1368, 1368, 1368, ... 

Resampling results across tuning parameters:

  mincriterion  RMSE   Rsquared  RMSE SD  Rsquared SD
  0.01          0.882  0.983     0.0359   0.00197    
  0.5           0.894  0.982     0.0359   0.00199    
  0.99          0.963  0.979     0.0367   0.00206    

RMSE was used to select the optimal model using  the smallest value.
The final value used for the model was mincriterion = 0.01. 


RUNNING ctree : ITERATION 23 
Loading required package: pROC
Conditional Inference Tree 

1368 samples
  10 predictors

No pre-processing
Resampling: Bootstrapped (25 reps) 

Summary of sample sizes: 1368, 1368, 1368, 1368, 1368, 1368, ... 

Resampling results across tuning parameters:

  mincriterion  RMSE   Rsquared  RMSE SD  Rsquared SD
  0.01          0.918  0.981     0.0447   0.00217    
  0.5           0.924  0.981     0.0455   0.0022     
  0.99          0.994  0.978     0.046    0.00246    

RMSE was used to select the optimal model using  the smallest value.
The final value used for the model was mincriterion = 0.01. 


RUNNING ctree : ITERATION 24 
Loading required package: pROC
Conditional Inference Tree 

1368 samples
  10 predictors

No pre-processing
Resampling: Bootstrapped (25 reps) 

Summary of sample sizes: 1368, 1368, 1368, 1368, 1368, 1368, ... 

Resampling results across tuning parameters:

  mincriterion  RMSE   Rsquared  RMSE SD  Rsquared SD
  0.01          0.898  0.982     0.06     0.00254    
  0.5           0.906  0.982     0.0626   0.00267    
  0.99          0.979  0.979     0.0577   0.00283    

RMSE was used to select the optimal model using  the smallest value.
The final value used for the model was mincriterion = 0.01. 


RUNNING ctree : ITERATION 25 
Loading required package: pROC
Conditional Inference Tree 

1368 samples
  10 predictors

No pre-processing
Resampling: Bootstrapped (25 reps) 

Summary of sample sizes: 1368, 1368, 1368, 1368, 1368, 1368, ... 

Resampling results across tuning parameters:

  mincriterion  RMSE   Rsquared  RMSE SD  Rsquared SD
  0.01          0.902  0.982     0.0549   0.00218    
  0.5           0.91   0.982     0.0589   0.00223    
  0.99          0.993  0.979     0.0495   0.00201    

RMSE was used to select the optimal model using  the smallest value.
The final value used for the model was mincriterion = 0.01. 


RUNNING ctree : ITERATION 26 
Loading required package: pROC
Conditional Inference Tree 

1368 samples
  10 predictors

No pre-processing
Resampling: Bootstrapped (25 reps) 

Summary of sample sizes: 1368, 1368, 1368, 1368, 1368, 1368, ... 

Resampling results across tuning parameters:

  mincriterion  RMSE   Rsquared  RMSE SD  Rsquared SD
  0.01          0.884  0.983     0.0498   0.00185    
  0.5           0.89   0.983     0.0503   0.00187    
  0.99          0.974  0.979     0.0413   0.00186    

RMSE was used to select the optimal model using  the smallest value.
The final value used for the model was mincriterion = 0.01. 


RUNNING ctree : ITERATION 27 
Loading required package: pROC
Conditional Inference Tree 

1368 samples
  10 predictors

No pre-processing
Resampling: Bootstrapped (25 reps) 

Summary of sample sizes: 1368, 1368, 1368, 1368, 1368, 1368, ... 

Resampling results across tuning parameters:

  mincriterion  RMSE   Rsquared  RMSE SD  Rsquared SD
  0.01          0.88   0.983     0.0504   0.0018     
  0.5           0.888  0.983     0.0532   0.0019     
  0.99          0.958  0.98      0.0519   0.00229    

RMSE was used to select the optimal model using  the smallest value.
The final value used for the model was mincriterion = 0.01. 


RUNNING ctree : ITERATION 28 
Loading required package: pROC
Conditional Inference Tree 

1368 samples
  10 predictors

No pre-processing
Resampling: Bootstrapped (25 reps) 

Summary of sample sizes: 1368, 1368, 1368, 1368, 1368, 1368, ... 

Resampling results across tuning parameters:

  mincriterion  RMSE   Rsquared  RMSE SD  Rsquared SD
  0.01          0.871  0.983     0.0423   0.00212    
  0.5           0.876  0.983     0.0396   0.00205    
  0.99          0.956  0.979     0.0479   0.00243    

RMSE was used to select the optimal model using  the smallest value.
The final value used for the model was mincriterion = 0.01. 


RUNNING ctree : ITERATION 29 
Loading required package: pROC
Conditional Inference Tree 

1368 samples
  10 predictors

No pre-processing
Resampling: Bootstrapped (25 reps) 

Summary of sample sizes: 1368, 1368, 1368, 1368, 1368, 1368, ... 

Resampling results across tuning parameters:

  mincriterion  RMSE   Rsquared  RMSE SD  Rsquared SD
  0.01          0.882  0.983     0.0515   0.00213    
  0.5           0.888  0.983     0.0527   0.0022     
  0.99          0.972  0.979     0.0558   0.00251    

RMSE was used to select the optimal model using  the smallest value.
The final value used for the model was mincriterion = 0.01. 


RUNNING ctree : ITERATION 30 
Loading required package: pROC
Conditional Inference Tree 

1368 samples
  10 predictors

No pre-processing
Resampling: Bootstrapped (25 reps) 

Summary of sample sizes: 1368, 1368, 1368, 1368, 1368, 1368, ... 

Resampling results across tuning parameters:

  mincriterion  RMSE   Rsquared  RMSE SD  Rsquared SD
  0.01          0.903  0.982     0.0401   0.00196    
  0.5           0.909  0.982     0.0416   0.00203    
  0.99          0.984  0.979     0.0387   0.00211    

RMSE was used to select the optimal model using  the smallest value.
The final value used for the model was mincriterion = 0.01. 


RUNNING ctree : ITERATION 31 
Loading required package: pROC
Conditional Inference Tree 

1368 samples
  10 predictors

No pre-processing
Resampling: Bootstrapped (25 reps) 

Summary of sample sizes: 1368, 1368, 1368, 1368, 1368, 1368, ... 

Resampling results across tuning parameters:

  mincriterion  RMSE   Rsquared  RMSE SD  Rsquared SD
  0.01          0.898  0.982     0.0663   0.00252    
  0.5           0.903  0.982     0.0646   0.00248    
  0.99          0.972  0.979     0.0656   0.00277    

RMSE was used to select the optimal model using  the smallest value.
The final value used for the model was mincriterion = 0.01. 


RUNNING ctree : ITERATION 32 
Loading required package: pROC
Conditional Inference Tree 

1368 samples
  10 predictors

No pre-processing
Resampling: Bootstrapped (25 reps) 

Summary of sample sizes: 1368, 1368, 1368, 1368, 1368, 1368, ... 

Resampling results across tuning parameters:

  mincriterion  RMSE   Rsquared  RMSE SD  Rsquared SD
  0.01          0.916  0.981     0.051    0.00244    
  0.5           0.919  0.981     0.0509   0.00241    
  0.99          0.983  0.978     0.0555   0.00273    

RMSE was used to select the optimal model using  the smallest value.
The final value used for the model was mincriterion = 0.01. 


RUNNING ctree : ITERATION 33 
Loading required package: pROC
Conditional Inference Tree 

1368 samples
  10 predictors

No pre-processing
Resampling: Bootstrapped (25 reps) 

Summary of sample sizes: 1368, 1368, 1368, 1368, 1368, 1368, ... 

Resampling results across tuning parameters:

  mincriterion  RMSE   Rsquared  RMSE SD  Rsquared SD
  0.01          0.904  0.982     0.0483   0.00227    
  0.5           0.914  0.982     0.0483   0.00234    
  0.99          0.982  0.979     0.0579   0.00269    

RMSE was used to select the optimal model using  the smallest value.
The final value used for the model was mincriterion = 0.01. 


RUNNING ctree : ITERATION 34 
Loading required package: pROC
Conditional Inference Tree 

1368 samples
  10 predictors

No pre-processing
Resampling: Bootstrapped (25 reps) 

Summary of sample sizes: 1368, 1368, 1368, 1368, 1368, 1368, ... 

Resampling results across tuning parameters:

  mincriterion  RMSE   Rsquared  RMSE SD  Rsquared SD
  0.01          0.863  0.984     0.0419   0.00151    
  0.5           0.87   0.984     0.0418   0.00152    
  0.99          0.939  0.981     0.0365   0.00137    

RMSE was used to select the optimal model using  the smallest value.
The final value used for the model was mincriterion = 0.01. 


RUNNING ctree : ITERATION 35 
Loading required package: pROC
Conditional Inference Tree 

1368 samples
  10 predictors

No pre-processing
Resampling: Bootstrapped (25 reps) 

Summary of sample sizes: 1368, 1368, 1368, 1368, 1368, 1368, ... 

Resampling results across tuning parameters:

  mincriterion  RMSE   Rsquared  RMSE SD  Rsquared SD
  0.01          0.889  0.983     0.0433   0.00224    
  0.5           0.897  0.983     0.0439   0.00229    
  0.99          0.981  0.979     0.0469   0.00221    

RMSE was used to select the optimal model using  the smallest value.
The final value used for the model was mincriterion = 0.01. 


RUNNING ctree : ITERATION 36 
Loading required package: pROC
Conditional Inference Tree 

1368 samples
  10 predictors

No pre-processing
Resampling: Bootstrapped (25 reps) 

Summary of sample sizes: 1368, 1368, 1368, 1368, 1368, 1368, ... 

Resampling results across tuning parameters:

  mincriterion  RMSE   Rsquared  RMSE SD  Rsquared SD
  0.01          0.879  0.983     0.0459   0.00161    
  0.5           0.881  0.983     0.0464   0.00162    
  0.99          0.949  0.98      0.0474   0.00183    

RMSE was used to select the optimal model using  the smallest value.
The final value used for the model was mincriterion = 0.01. 


RUNNING ctree : ITERATION 37 
Loading required package: pROC
Conditional Inference Tree 

1368 samples
  10 predictors

No pre-processing
Resampling: Bootstrapped (25 reps) 

Summary of sample sizes: 1368, 1368, 1368, 1368, 1368, 1368, ... 

Resampling results across tuning parameters:

  mincriterion  RMSE   Rsquared  RMSE SD  Rsquared SD
  0.01          0.906  0.982     0.0544   0.00225    
  0.5           0.914  0.982     0.0536   0.00224    
  0.99          0.996  0.979     0.0581   0.00286    

RMSE was used to select the optimal model using  the smallest value.
The final value used for the model was mincriterion = 0.01. 


RUNNING ctree : ITERATION 38 
Loading required package: pROC
Conditional Inference Tree 

1368 samples
  10 predictors

No pre-processing
Resampling: Bootstrapped (25 reps) 

Summary of sample sizes: 1368, 1368, 1368, 1368, 1368, 1368, ... 

Resampling results across tuning parameters:

  mincriterion  RMSE   Rsquared  RMSE SD  Rsquared SD
  0.01          0.895  0.982     0.0459   0.00223    
  0.5           0.901  0.982     0.0454   0.0022     
  0.99          0.983  0.979     0.0386   0.00204    

RMSE was used to select the optimal model using  the smallest value.
The final value used for the model was mincriterion = 0.01. 


RUNNING ctree : ITERATION 39 
Loading required package: pROC
Conditional Inference Tree 

1368 samples
  10 predictors

No pre-processing
Resampling: Bootstrapped (25 reps) 

Summary of sample sizes: 1368, 1368, 1368, 1368, 1368, 1368, ... 

Resampling results across tuning parameters:

  mincriterion  RMSE   Rsquared  RMSE SD  Rsquared SD
  0.01          0.908  0.982     0.0422   0.00181    
  0.5           0.914  0.981     0.0404   0.00183    
  0.99          0.981  0.979     0.047    0.00191    

RMSE was used to select the optimal model using  the smallest value.
The final value used for the model was mincriterion = 0.01. 


RUNNING ctree : ITERATION 40 
Loading required package: pROC
Conditional Inference Tree 

1368 samples
  10 predictors

No pre-processing
Resampling: Bootstrapped (25 reps) 

Summary of sample sizes: 1368, 1368, 1368, 1368, 1368, 1368, ... 

Resampling results across tuning parameters:

  mincriterion  RMSE   Rsquared  RMSE SD  Rsquared SD
  0.01          0.875  0.983     0.0401   0.00156    
  0.5           0.882  0.983     0.0411   0.00159    
  0.99          0.949  0.98      0.05     0.00202    

RMSE was used to select the optimal model using  the smallest value.
The final value used for the model was mincriterion = 0.01. 


RUNNING ctree : ITERATION 41 
Loading required package: pROC
Conditional Inference Tree 

1368 samples
  10 predictors

No pre-processing
Resampling: Bootstrapped (25 reps) 

Summary of sample sizes: 1368, 1368, 1368, 1368, 1368, 1368, ... 

Resampling results across tuning parameters:

  mincriterion  RMSE   Rsquared  RMSE SD  Rsquared SD
  0.01          0.911  0.981     0.0419   0.00183    
  0.5           0.92   0.981     0.0397   0.00179    
  0.99          0.986  0.978     0.039    0.0019     

RMSE was used to select the optimal model using  the smallest value.
The final value used for the model was mincriterion = 0.01. 


RUNNING ctree : ITERATION 42 
Loading required package: pROC
Conditional Inference Tree 

1368 samples
  10 predictors

No pre-processing
Resampling: Bootstrapped (25 reps) 

Summary of sample sizes: 1368, 1368, 1368, 1368, 1368, 1368, ... 

Resampling results across tuning parameters:

  mincriterion  RMSE   Rsquared  RMSE SD  Rsquared SD
  0.01          0.879  0.982     0.0543   0.00246    
  0.5           0.887  0.982     0.0526   0.00244    
  0.99          0.962  0.979     0.0498   0.00233    

RMSE was used to select the optimal model using  the smallest value.
The final value used for the model was mincriterion = 0.01. 


RUNNING ctree : ITERATION 43 
Loading required package: pROC
Conditional Inference Tree 

1368 samples
  10 predictors

No pre-processing
Resampling: Bootstrapped (25 reps) 

Summary of sample sizes: 1368, 1368, 1368, 1368, 1368, 1368, ... 

Resampling results across tuning parameters:

  mincriterion  RMSE   Rsquared  RMSE SD  Rsquared SD
  0.01          0.911  0.982     0.0581   0.0027     
  0.5           0.92   0.981     0.0583   0.00275    
  0.99          0.996  0.978     0.0393   0.00232    

RMSE was used to select the optimal model using  the smallest value.
The final value used for the model was mincriterion = 0.01. 


RUNNING ctree : ITERATION 44 
Loading required package: pROC
Conditional Inference Tree 

1368 samples
  10 predictors

No pre-processing
Resampling: Bootstrapped (25 reps) 

Summary of sample sizes: 1368, 1368, 1368, 1368, 1368, 1368, ... 

Resampling results across tuning parameters:

  mincriterion  RMSE   Rsquared  RMSE SD  Rsquared SD
  0.01          0.894  0.982     0.0513   0.00208    
  0.5           0.902  0.982     0.0476   0.00195    
  0.99          0.971  0.979     0.0569   0.00247    

RMSE was used to select the optimal model using  the smallest value.
The final value used for the model was mincriterion = 0.01. 


RUNNING ctree : ITERATION 45 
Loading required package: pROC
Conditional Inference Tree 

1368 samples
  10 predictors

No pre-processing
Resampling: Bootstrapped (25 reps) 

Summary of sample sizes: 1368, 1368, 1368, 1368, 1368, 1368, ... 

Resampling results across tuning parameters:

  mincriterion  RMSE   Rsquared  RMSE SD  Rsquared SD
  0.01          0.89   0.982     0.0478   0.00254    
  0.5           0.897  0.982     0.0479   0.00258    
  0.99          0.971  0.979     0.0554   0.00282    

RMSE was used to select the optimal model using  the smallest value.
The final value used for the model was mincriterion = 0.01. 


RUNNING ctree : ITERATION 46 
Loading required package: pROC
Conditional Inference Tree 

1368 samples
  10 predictors

No pre-processing
Resampling: Bootstrapped (25 reps) 

Summary of sample sizes: 1368, 1368, 1368, 1368, 1368, 1368, ... 

Resampling results across tuning parameters:

  mincriterion  RMSE   Rsquared  RMSE SD  Rsquared SD
  0.01          0.922  0.98      0.0655   0.0029     
  0.5           0.928  0.98      0.0635   0.00282    
  0.99          1      0.977     0.0472   0.00234    

RMSE was used to select the optimal model using  the smallest value.
The final value used for the model was mincriterion = 0.01. 


RUNNING ctree : ITERATION 47 
Loading required package: pROC
Conditional Inference Tree 

1368 samples
  10 predictors

No pre-processing
Resampling: Bootstrapped (25 reps) 

Summary of sample sizes: 1368, 1368, 1368, 1368, 1368, 1368, ... 

Resampling results across tuning parameters:

  mincriterion  RMSE   Rsquared  RMSE SD  Rsquared SD
  0.01          0.928  0.981     0.0497   0.00185    
  0.5           0.937  0.981     0.0496   0.0019     
  0.99          0.999  0.978     0.0525   0.00216    

RMSE was used to select the optimal model using  the smallest value.
The final value used for the model was mincriterion = 0.01. 


RUNNING ctree : ITERATION 48 
Loading required package: pROC
Conditional Inference Tree 

1368 samples
  10 predictors

No pre-processing
Resampling: Bootstrapped (25 reps) 

Summary of sample sizes: 1368, 1368, 1368, 1368, 1368, 1368, ... 

Resampling results across tuning parameters:

  mincriterion  RMSE   Rsquared  RMSE SD  Rsquared SD
  0.01          0.891  0.981     0.0517   0.00263    
  0.5           0.901  0.981     0.0481   0.00251    
  0.99          0.971  0.978     0.0413   0.00223    

RMSE was used to select the optimal model using  the smallest value.
The final value used for the model was mincriterion = 0.01. 


RUNNING ctree : ITERATION 49 
Loading required package: pROC
Conditional Inference Tree 

1368 samples
  10 predictors

No pre-processing
Resampling: Bootstrapped (25 reps) 

Summary of sample sizes: 1368, 1368, 1368, 1368, 1368, 1368, ... 

Resampling results across tuning parameters:

  mincriterion  RMSE   Rsquared  RMSE SD  Rsquared SD
  0.01          0.923  0.981     0.0537   0.0027     
  0.5           0.929  0.981     0.0535   0.00277    
  0.99          0.99   0.978     0.0515   0.00299    

RMSE was used to select the optimal model using  the smallest value.
The final value used for the model was mincriterion = 0.01. 


RUNNING ctree : ITERATION 50 
Loading required package: pROC
Conditional Inference Tree 

1368 samples
  10 predictors

No pre-processing
Resampling: Bootstrapped (25 reps) 

Summary of sample sizes: 1368, 1368, 1368, 1368, 1368, 1368, ... 

Resampling results across tuning parameters:

  mincriterion  RMSE   Rsquared  RMSE SD  Rsquared SD
  0.01          0.908  0.982     0.0318   0.00203    
  0.5           0.92   0.981     0.0332   0.00193    
  0.99          0.987  0.978     0.0373   0.00222    

RMSE was used to select the optimal model using  the smallest value.
The final value used for the model was mincriterion = 0.01. 


RUNNING ctree : ITERATION 51 
Loading required package: pROC
Conditional Inference Tree 

1368 samples
  10 predictors

No pre-processing
Resampling: Bootstrapped (25 reps) 

Summary of sample sizes: 1368, 1368, 1368, 1368, 1368, 1368, ... 

Resampling results across tuning parameters:

  mincriterion  RMSE   Rsquared  RMSE SD  Rsquared SD
  0.01          0.908  0.982     0.0636   0.00246    
  0.5           0.915  0.982     0.0623   0.00247    
  0.99          0.988  0.979     0.0544   0.00204    

RMSE was used to select the optimal model using  the smallest value.
The final value used for the model was mincriterion = 0.01. 


RUNNING ctree : ITERATION 52 
Loading required package: pROC
Conditional Inference Tree 

1368 samples
  10 predictors

No pre-processing
Resampling: Bootstrapped (25 reps) 

Summary of sample sizes: 1368, 1368, 1368, 1368, 1368, 1368, ... 

Resampling results across tuning parameters:

  mincriterion  RMSE   Rsquared  RMSE SD  Rsquared SD
  0.01          0.899  0.982     0.0386   0.00171    
  0.5           0.906  0.982     0.0429   0.00188    
  0.99          0.971  0.979     0.0524   0.00246    

RMSE was used to select the optimal model using  the smallest value.
The final value used for the model was mincriterion = 0.01. 


RUNNING ctree : ITERATION 53 
Loading required package: pROC
Conditional Inference Tree 

1368 samples
  10 predictors

No pre-processing
Resampling: Bootstrapped (25 reps) 

Summary of sample sizes: 1368, 1368, 1368, 1368, 1368, 1368, ... 

Resampling results across tuning parameters:

  mincriterion  RMSE   Rsquared  RMSE SD  Rsquared SD
  0.01          0.888  0.982     0.0573   0.0025     
  0.5           0.895  0.982     0.058    0.00256    
  0.99          0.973  0.979     0.0519   0.00249    

RMSE was used to select the optimal model using  the smallest value.
The final value used for the model was mincriterion = 0.01. 


RUNNING ctree : ITERATION 54 
Loading required package: pROC
Conditional Inference Tree 

1368 samples
  10 predictors

No pre-processing
Resampling: Bootstrapped (25 reps) 

Summary of sample sizes: 1368, 1368, 1368, 1368, 1368, 1368, ... 

Resampling results across tuning parameters:

  mincriterion  RMSE   Rsquared  RMSE SD  Rsquared SD
  0.01          0.894  0.982     0.0487   0.00196    
  0.5           0.899  0.982     0.047    0.00192    
  0.99          0.978  0.978     0.0507   0.00245    

RMSE was used to select the optimal model using  the smallest value.
The final value used for the model was mincriterion = 0.01. 


RUNNING ctree : ITERATION 55 
Loading required package: pROC
Conditional Inference Tree 

1368 samples
  10 predictors

No pre-processing
Resampling: Bootstrapped (25 reps) 

Summary of sample sizes: 1368, 1368, 1368, 1368, 1368, 1368, ... 

Resampling results across tuning parameters:

  mincriterion  RMSE   Rsquared  RMSE SD  Rsquared SD
  0.01          0.883  0.982     0.04     0.00133    
  0.5           0.895  0.982     0.0451   0.00162    
  0.99          0.964  0.979     0.0405   0.00148    

RMSE was used to select the optimal model using  the smallest value.
The final value used for the model was mincriterion = 0.01. 


RUNNING ctree : ITERATION 56 
Loading required package: pROC
Conditional Inference Tree 

1368 samples
  10 predictors

No pre-processing
Resampling: Bootstrapped (25 reps) 

Summary of sample sizes: 1368, 1368, 1368, 1368, 1368, 1368, ... 

Resampling results across tuning parameters:

  mincriterion  RMSE   Rsquared  RMSE SD  Rsquared SD
  0.01          0.894  0.983     0.0513   0.0019     
  0.5           0.9    0.983     0.0508   0.00194    
  0.99          0.961  0.98      0.055    0.00245    

RMSE was used to select the optimal model using  the smallest value.
The final value used for the model was mincriterion = 0.01. 


RUNNING ctree : ITERATION 57 
Loading required package: pROC
Conditional Inference Tree 

1368 samples
  10 predictors

No pre-processing
Resampling: Bootstrapped (25 reps) 

Summary of sample sizes: 1368, 1368, 1368, 1368, 1368, 1368, ... 

Resampling results across tuning parameters:

  mincriterion  RMSE   Rsquared  RMSE SD  Rsquared SD
  0.01          0.921  0.982     0.0351   0.00173    
  0.5           0.929  0.981     0.036    0.00176    
  0.99          1      0.978     0.0338   0.00191    

RMSE was used to select the optimal model using  the smallest value.
The final value used for the model was mincriterion = 0.01. 


RUNNING ctree : ITERATION 58 
Loading required package: pROC
Conditional Inference Tree 

1368 samples
  10 predictors

No pre-processing
Resampling: Bootstrapped (25 reps) 

Summary of sample sizes: 1368, 1368, 1368, 1368, 1368, 1368, ... 

Resampling results across tuning parameters:

  mincriterion  RMSE   Rsquared  RMSE SD  Rsquared SD
  0.01          0.905  0.983     0.0489   0.00199    
  0.5           0.913  0.982     0.0483   0.00202    
  0.99          0.981  0.979     0.0411   0.00209    

RMSE was used to select the optimal model using  the smallest value.
The final value used for the model was mincriterion = 0.01. 


RUNNING ctree : ITERATION 59 
Loading required package: pROC
Conditional Inference Tree 

1368 samples
  10 predictors

No pre-processing
Resampling: Bootstrapped (25 reps) 

Summary of sample sizes: 1368, 1368, 1368, 1368, 1368, 1368, ... 

Resampling results across tuning parameters:

  mincriterion  RMSE   Rsquared  RMSE SD  Rsquared SD
  0.01          0.925  0.981     0.049    0.00193    
  0.5           0.932  0.981     0.052    0.00204    
  0.99          1.01   0.978     0.0464   0.00209    

RMSE was used to select the optimal model using  the smallest value.
The final value used for the model was mincriterion = 0.01. 


RUNNING ctree : ITERATION 60 
Loading required package: pROC
Conditional Inference Tree 

1368 samples
  10 predictors

No pre-processing
Resampling: Bootstrapped (25 reps) 

Summary of sample sizes: 1368, 1368, 1368, 1368, 1368, 1368, ... 

Resampling results across tuning parameters:

  mincriterion  RMSE   Rsquared  RMSE SD  Rsquared SD
  0.01          0.86   0.984     0.0508   0.00192    
  0.5           0.863  0.984     0.0512   0.00192    
  0.99          0.939  0.981     0.044    0.00184    

RMSE was used to select the optimal model using  the smallest value.
The final value used for the model was mincriterion = 0.01. 


RUNNING ctree : ITERATION 61 
Loading required package: pROC
Conditional Inference Tree 

1368 samples
  10 predictors

No pre-processing
Resampling: Bootstrapped (25 reps) 

Summary of sample sizes: 1368, 1368, 1368, 1368, 1368, 1368, ... 

Resampling results across tuning parameters:

  mincriterion  RMSE   Rsquared  RMSE SD  Rsquared SD
  0.01          0.914  0.982     0.0576   0.00239    
  0.5           0.921  0.982     0.0548   0.00229    
  0.99          0.988  0.979     0.046    0.00213    

RMSE was used to select the optimal model using  the smallest value.
The final value used for the model was mincriterion = 0.01. 


RUNNING ctree : ITERATION 62 
Loading required package: pROC
Conditional Inference Tree 

1368 samples
  10 predictors

No pre-processing
Resampling: Bootstrapped (25 reps) 

Summary of sample sizes: 1368, 1368, 1368, 1368, 1368, 1368, ... 

Resampling results across tuning parameters:

  mincriterion  RMSE   Rsquared  RMSE SD  Rsquared SD
  0.01          0.893  0.982     0.0468   0.00199    
  0.5           0.901  0.982     0.0481   0.00202    
  0.99          0.97   0.979     0.047    0.0024     

RMSE was used to select the optimal model using  the smallest value.
The final value used for the model was mincriterion = 0.01. 


RUNNING ctree : ITERATION 63 
Loading required package: pROC
Conditional Inference Tree 

1368 samples
  10 predictors

No pre-processing
Resampling: Bootstrapped (25 reps) 

Summary of sample sizes: 1368, 1368, 1368, 1368, 1368, 1368, ... 

Resampling results across tuning parameters:

  mincriterion  RMSE   Rsquared  RMSE SD  Rsquared SD
  0.01          0.901  0.982     0.0402   0.00186    
  0.5           0.905  0.982     0.0399   0.00183    
  0.99          0.978  0.979     0.0382   0.00207    

RMSE was used to select the optimal model using  the smallest value.
The final value used for the model was mincriterion = 0.01. 


RUNNING ctree : ITERATION 64 
Loading required package: pROC
Conditional Inference Tree 

1368 samples
  10 predictors

No pre-processing
Resampling: Bootstrapped (25 reps) 

Summary of sample sizes: 1368, 1368, 1368, 1368, 1368, 1368, ... 

Resampling results across tuning parameters:

  mincriterion  RMSE   Rsquared  RMSE SD  Rsquared SD
  0.01          0.878  0.983     0.0548   0.00208    
  0.5           0.881  0.983     0.0536   0.00205    
  0.99          0.947  0.98      0.0569   0.00237    

RMSE was used to select the optimal model using  the smallest value.
The final value used for the model was mincriterion = 0.01. 


RUNNING ctree : ITERATION 65 
Loading required package: pROC
Conditional Inference Tree 

1368 samples
  10 predictors

No pre-processing
Resampling: Bootstrapped (25 reps) 

Summary of sample sizes: 1368, 1368, 1368, 1368, 1368, 1368, ... 

Resampling results across tuning parameters:

  mincriterion  RMSE   Rsquared  RMSE SD  Rsquared SD
  0.01          0.921  0.982     0.0439   0.0019     
  0.5           0.923  0.981     0.0441   0.00185    
  0.99          0.998  0.978     0.0425   0.0019     

RMSE was used to select the optimal model using  the smallest value.
The final value used for the model was mincriterion = 0.01. 


RUNNING ctree : ITERATION 66 
Loading required package: pROC
Conditional Inference Tree 

1368 samples
  10 predictors

No pre-processing
Resampling: Bootstrapped (25 reps) 

Summary of sample sizes: 1368, 1368, 1368, 1368, 1368, 1368, ... 

Resampling results across tuning parameters:

  mincriterion  RMSE   Rsquared  RMSE SD  Rsquared SD
  0.01          0.889  0.983     0.0519   0.00213    
  0.5           0.896  0.982     0.0504   0.00206    
  0.99          0.974  0.979     0.0419   0.00176    

RMSE was used to select the optimal model using  the smallest value.
The final value used for the model was mincriterion = 0.01. 


RUNNING ctree : ITERATION 67 
Loading required package: pROC
Conditional Inference Tree 

1368 samples
  10 predictors

No pre-processing
Resampling: Bootstrapped (25 reps) 

Summary of sample sizes: 1368, 1368, 1368, 1368, 1368, 1368, ... 

Resampling results across tuning parameters:

  mincriterion  RMSE   Rsquared  RMSE SD  Rsquared SD
  0.01          0.875  0.983     0.0507   0.00195    
  0.5           0.88   0.983     0.0505   0.00198    
  0.99          0.955  0.98      0.0577   0.00242    

RMSE was used to select the optimal model using  the smallest value.
The final value used for the model was mincriterion = 0.01. 


RUNNING ctree : ITERATION 68 
Loading required package: pROC
Conditional Inference Tree 

1368 samples
  10 predictors

No pre-processing
Resampling: Bootstrapped (25 reps) 

Summary of sample sizes: 1368, 1368, 1368, 1368, 1368, 1368, ... 

Resampling results across tuning parameters:

  mincriterion  RMSE   Rsquared  RMSE SD  Rsquared SD
  0.01          0.911  0.981     0.0543   0.00203    
  0.5           0.915  0.981     0.0545   0.00206    
  0.99          0.981  0.978     0.0553   0.00227    

RMSE was used to select the optimal model using  the smallest value.
The final value used for the model was mincriterion = 0.01. 


RUNNING ctree : ITERATION 69 
Loading required package: pROC
Conditional Inference Tree 

1368 samples
  10 predictors

No pre-processing
Resampling: Bootstrapped (25 reps) 

Summary of sample sizes: 1368, 1368, 1368, 1368, 1368, 1368, ... 

Resampling results across tuning parameters:

  mincriterion  RMSE   Rsquared  RMSE SD  Rsquared SD
  0.01          0.916  0.981     0.0572   0.00195    
  0.5           0.932  0.981     0.0582   0.00195    
  0.99          1      0.977     0.0533   0.00206    

RMSE was used to select the optimal model using  the smallest value.
The final value used for the model was mincriterion = 0.01. 


RUNNING ctree : ITERATION 70 
Loading required package: pROC
Conditional Inference Tree 

1368 samples
  10 predictors

No pre-processing
Resampling: Bootstrapped (25 reps) 

Summary of sample sizes: 1368, 1368, 1368, 1368, 1368, 1368, ... 

Resampling results across tuning parameters:

  mincriterion  RMSE   Rsquared  RMSE SD  Rsquared SD
  0.01          0.887  0.982     0.0504   0.00163    
  0.5           0.893  0.982     0.0493   0.00163    
  0.99          0.966  0.979     0.0473   0.00174    

RMSE was used to select the optimal model using  the smallest value.
The final value used for the model was mincriterion = 0.01. 


RUNNING ctree : ITERATION 71 
Loading required package: pROC
Conditional Inference Tree 

1368 samples
  10 predictors

No pre-processing
Resampling: Bootstrapped (25 reps) 

Summary of sample sizes: 1368, 1368, 1368, 1368, 1368, 1368, ... 

Resampling results across tuning parameters:

  mincriterion  RMSE   Rsquared  RMSE SD  Rsquared SD
  0.01          0.907  0.982     0.0509   0.0021     
  0.5           0.913  0.982     0.0489   0.00203    
  0.99          0.992  0.978     0.048    0.00258    

RMSE was used to select the optimal model using  the smallest value.
The final value used for the model was mincriterion = 0.01. 


RUNNING ctree : ITERATION 72 
Loading required package: pROC
Conditional Inference Tree 

1368 samples
  10 predictors

No pre-processing
Resampling: Bootstrapped (25 reps) 

Summary of sample sizes: 1368, 1368, 1368, 1368, 1368, 1368, ... 

Resampling results across tuning parameters:

  mincriterion  RMSE   Rsquared  RMSE SD  Rsquared SD
  0.01          0.903  0.982     0.066    0.00301    
  0.5           0.912  0.981     0.0653   0.003      
  0.99          0.983  0.979     0.0551   0.00278    

RMSE was used to select the optimal model using  the smallest value.
The final value used for the model was mincriterion = 0.01. 


RUNNING ctree : ITERATION 73 
Loading required package: pROC
Conditional Inference Tree 

1368 samples
  10 predictors

No pre-processing
Resampling: Bootstrapped (25 reps) 

Summary of sample sizes: 1368, 1368, 1368, 1368, 1368, 1368, ... 

Resampling results across tuning parameters:

  mincriterion  RMSE   Rsquared  RMSE SD  Rsquared SD
  0.01          0.913  0.981     0.0419   0.00183    
  0.5           0.919  0.981     0.0437   0.00187    
  0.99          0.991  0.977     0.0439   0.00229    

RMSE was used to select the optimal model using  the smallest value.
The final value used for the model was mincriterion = 0.01. 


RUNNING ctree : ITERATION 74 
Loading required package: pROC
Conditional Inference Tree 

1368 samples
  10 predictors

No pre-processing
Resampling: Bootstrapped (25 reps) 

Summary of sample sizes: 1368, 1368, 1368, 1368, 1368, 1368, ... 

Resampling results across tuning parameters:

  mincriterion  RMSE   Rsquared  RMSE SD  Rsquared SD
  0.01          0.888  0.983     0.0567   0.00236    
  0.5           0.896  0.982     0.0578   0.00251    
  0.99          0.968  0.979     0.0459   0.002      

RMSE was used to select the optimal model using  the smallest value.
The final value used for the model was mincriterion = 0.01. 


RUNNING ctree : ITERATION 75 
Loading required package: pROC
Conditional Inference Tree 

1368 samples
  10 predictors

No pre-processing
Resampling: Bootstrapped (25 reps) 

Summary of sample sizes: 1368, 1368, 1368, 1368, 1368, 1368, ... 

Resampling results across tuning parameters:

  mincriterion  RMSE   Rsquared  RMSE SD  Rsquared SD
  0.01          0.909  0.983     0.048    0.00232    
  0.5           0.916  0.982     0.0477   0.00237    
  0.99          0.998  0.979     0.0547   0.00269    

RMSE was used to select the optimal model using  the smallest value.
The final value used for the model was mincriterion = 0.01. 


RUNNING ctree : ITERATION 76 
Loading required package: pROC
Conditional Inference Tree 

1368 samples
  10 predictors

No pre-processing
Resampling: Bootstrapped (25 reps) 

Summary of sample sizes: 1368, 1368, 1368, 1368, 1368, 1368, ... 

Resampling results across tuning parameters:

  mincriterion  RMSE   Rsquared  RMSE SD  Rsquared SD
  0.01          0.895  0.982     0.0572   0.00246    
  0.5           0.902  0.982     0.0573   0.00243    
  0.99          0.969  0.979     0.0579   0.00276    

RMSE was used to select the optimal model using  the smallest value.
The final value used for the model was mincriterion = 0.01. 


RUNNING ctree : ITERATION 77 
Loading required package: pROC
Conditional Inference Tree 

1368 samples
  10 predictors

No pre-processing
Resampling: Bootstrapped (25 reps) 

Summary of sample sizes: 1368, 1368, 1368, 1368, 1368, 1368, ... 

Resampling results across tuning parameters:

  mincriterion  RMSE   Rsquared  RMSE SD  Rsquared SD
  0.01          0.89   0.982     0.0567   0.00234    
  0.5           0.894  0.982     0.0552   0.00231    
  0.99          0.967  0.978     0.0484   0.00253    

RMSE was used to select the optimal model using  the smallest value.
The final value used for the model was mincriterion = 0.01. 


RUNNING ctree : ITERATION 78 
Loading required package: pROC
Conditional Inference Tree 

1368 samples
  10 predictors

No pre-processing
Resampling: Bootstrapped (25 reps) 

Summary of sample sizes: 1368, 1368, 1368, 1368, 1368, 1368, ... 

Resampling results across tuning parameters:

  mincriterion  RMSE   Rsquared  RMSE SD  Rsquared SD
  0.01          0.903  0.981     0.0489   0.00198    
  0.5           0.906  0.981     0.0479   0.00187    
  0.99          0.984  0.977     0.0494   0.00225    

RMSE was used to select the optimal model using  the smallest value.
The final value used for the model was mincriterion = 0.01. 


RUNNING ctree : ITERATION 79 
Loading required package: pROC
Conditional Inference Tree 

1368 samples
  10 predictors

No pre-processing
Resampling: Bootstrapped (25 reps) 

Summary of sample sizes: 1368, 1368, 1368, 1368, 1368, 1368, ... 

Resampling results across tuning parameters:

  mincriterion  RMSE   Rsquared  RMSE SD  Rsquared SD
  0.01          0.91   0.981     0.0434   0.00195    
  0.5           0.916  0.981     0.0457   0.00205    
  0.99          0.985  0.978     0.0483   0.00238    

RMSE was used to select the optimal model using  the smallest value.
The final value used for the model was mincriterion = 0.01. 


RUNNING ctree : ITERATION 80 
Loading required package: pROC
Conditional Inference Tree 

1368 samples
  10 predictors

No pre-processing
Resampling: Bootstrapped (25 reps) 

Summary of sample sizes: 1368, 1368, 1368, 1368, 1368, 1368, ... 

Resampling results across tuning parameters:

  mincriterion  RMSE   Rsquared  RMSE SD  Rsquared SD
  0.01          0.9    0.982     0.0623   0.00241    
  0.5           0.905  0.982     0.0643   0.00243    
  0.99          0.98   0.978     0.0617   0.00276    

RMSE was used to select the optimal model using  the smallest value.
The final value used for the model was mincriterion = 0.01. 


RUNNING ctree : ITERATION 81 
Loading required package: pROC
Conditional Inference Tree 

1368 samples
  10 predictors

No pre-processing
Resampling: Bootstrapped (25 reps) 

Summary of sample sizes: 1368, 1368, 1368, 1368, 1368, 1368, ... 

Resampling results across tuning parameters:

  mincriterion  RMSE   Rsquared  RMSE SD  Rsquared SD
  0.01          0.9    0.982     0.0481   0.00228    
  0.5           0.903  0.981     0.0479   0.00233    
  0.99          0.982  0.978     0.0472   0.00239    

RMSE was used to select the optimal model using  the smallest value.
The final value used for the model was mincriterion = 0.01. 


RUNNING ctree : ITERATION 82 
Loading required package: pROC
Conditional Inference Tree 

1368 samples
  10 predictors

No pre-processing
Resampling: Bootstrapped (25 reps) 

Summary of sample sizes: 1368, 1368, 1368, 1368, 1368, 1368, ... 

Resampling results across tuning parameters:

  mincriterion  RMSE   Rsquared  RMSE SD  Rsquared SD
  0.01          0.916  0.982     0.0423   0.00194    
  0.5           0.92   0.981     0.0432   0.00196    
  0.99          0.994  0.978     0.0469   0.00226    

RMSE was used to select the optimal model using  the smallest value.
The final value used for the model was mincriterion = 0.01. 


RUNNING ctree : ITERATION 83 
Loading required package: pROC
Conditional Inference Tree 

1368 samples
  10 predictors

No pre-processing
Resampling: Bootstrapped (25 reps) 

Summary of sample sizes: 1368, 1368, 1368, 1368, 1368, 1368, ... 

Resampling results across tuning parameters:

  mincriterion  RMSE   Rsquared  RMSE SD  Rsquared SD
  0.01          0.905  0.982     0.0506   0.00197    
  0.5           0.91   0.982     0.0481   0.00186    
  0.99          0.97   0.98      0.0447   0.00169    

RMSE was used to select the optimal model using  the smallest value.
The final value used for the model was mincriterion = 0.01. 


RUNNING ctree : ITERATION 84 
Loading required package: pROC
Conditional Inference Tree 

1368 samples
  10 predictors

No pre-processing
Resampling: Bootstrapped (25 reps) 

Summary of sample sizes: 1368, 1368, 1368, 1368, 1368, 1368, ... 

Resampling results across tuning parameters:

  mincriterion  RMSE   Rsquared  RMSE SD  Rsquared SD
  0.01          0.897  0.982     0.0405   0.00172    
  0.5           0.905  0.982     0.0382   0.00165    
  0.99          0.967  0.979     0.0492   0.0023     

RMSE was used to select the optimal model using  the smallest value.
The final value used for the model was mincriterion = 0.01. 


RUNNING ctree : ITERATION 85 
Loading required package: pROC
Conditional Inference Tree 

1368 samples
  10 predictors

No pre-processing
Resampling: Bootstrapped (25 reps) 

Summary of sample sizes: 1368, 1368, 1368, 1368, 1368, 1368, ... 

Resampling results across tuning parameters:

  mincriterion  RMSE   Rsquared  RMSE SD  Rsquared SD
  0.01          0.878  0.982     0.0429   0.0018     
  0.5           0.886  0.982     0.0436   0.00182    
  0.99          0.959  0.979     0.054    0.00273    

RMSE was used to select the optimal model using  the smallest value.
The final value used for the model was mincriterion = 0.01. 


RUNNING ctree : ITERATION 86 
Loading required package: pROC
Conditional Inference Tree 

1368 samples
  10 predictors

No pre-processing
Resampling: Bootstrapped (25 reps) 

Summary of sample sizes: 1368, 1368, 1368, 1368, 1368, 1368, ... 

Resampling results across tuning parameters:

  mincriterion  RMSE   Rsquared  RMSE SD  Rsquared SD
  0.01          0.914  0.982     0.0363   0.00153    
  0.5           0.923  0.982     0.0402   0.00164    
  0.99          0.991  0.979     0.0485   0.00221    

RMSE was used to select the optimal model using  the smallest value.
The final value used for the model was mincriterion = 0.01. 


RUNNING ctree : ITERATION 87 
Loading required package: pROC
Conditional Inference Tree 

1368 samples
  10 predictors

No pre-processing
Resampling: Bootstrapped (25 reps) 

Summary of sample sizes: 1368, 1368, 1368, 1368, 1368, 1368, ... 

Resampling results across tuning parameters:

  mincriterion  RMSE   Rsquared  RMSE SD  Rsquared SD
  0.01          0.862  0.984     0.0341   0.0021     
  0.5           0.869  0.983     0.0299   0.00193    
  0.99          0.941  0.98      0.0308   0.00209    

RMSE was used to select the optimal model using  the smallest value.
The final value used for the model was mincriterion = 0.01. 


RUNNING ctree : ITERATION 88 
Loading required package: pROC
Conditional Inference Tree 

1368 samples
  10 predictors

No pre-processing
Resampling: Bootstrapped (25 reps) 

Summary of sample sizes: 1368, 1368, 1368, 1368, 1368, 1368, ... 

Resampling results across tuning parameters:

  mincriterion  RMSE   Rsquared  RMSE SD  Rsquared SD
  0.01          0.891  0.982     0.047    0.00196    
  0.5           0.897  0.982     0.0469   0.00196    
  0.99          0.968  0.979     0.0452   0.0022     

RMSE was used to select the optimal model using  the smallest value.
The final value used for the model was mincriterion = 0.01. 


RUNNING ctree : ITERATION 89 
Loading required package: pROC
Conditional Inference Tree 

1368 samples
  10 predictors

No pre-processing
Resampling: Bootstrapped (25 reps) 

Summary of sample sizes: 1368, 1368, 1368, 1368, 1368, 1368, ... 

Resampling results across tuning parameters:

  mincriterion  RMSE   Rsquared  RMSE SD  Rsquared SD
  0.01          0.914  0.982     0.0438   0.00197    
  0.5           0.92   0.981     0.0438   0.00193    
  0.99          0.992  0.978     0.0436   0.00186    

RMSE was used to select the optimal model using  the smallest value.
The final value used for the model was mincriterion = 0.01. 


RUNNING ctree : ITERATION 90 
Loading required package: pROC
Conditional Inference Tree 

1368 samples
  10 predictors

No pre-processing
Resampling: Bootstrapped (25 reps) 

Summary of sample sizes: 1368, 1368, 1368, 1368, 1368, 1368, ... 

Resampling results across tuning parameters:

  mincriterion  RMSE   Rsquared  RMSE SD  Rsquared SD
  0.01          0.912  0.982     0.0495   0.00229    
  0.5           0.921  0.981     0.0501   0.0024     
  0.99          0.981  0.979     0.043    0.00223    

RMSE was used to select the optimal model using  the smallest value.
The final value used for the model was mincriterion = 0.01. 


RUNNING ctree : ITERATION 91 
Loading required package: pROC
Conditional Inference Tree 

1368 samples
  10 predictors

No pre-processing
Resampling: Bootstrapped (25 reps) 

Summary of sample sizes: 1368, 1368, 1368, 1368, 1368, 1368, ... 

Resampling results across tuning parameters:

  mincriterion  RMSE   Rsquared  RMSE SD  Rsquared SD
  0.01          0.91   0.982     0.0537   0.00211    
  0.5           0.918  0.982     0.0546   0.0021     
  0.99          0.999  0.978     0.0489   0.00209    

RMSE was used to select the optimal model using  the smallest value.
The final value used for the model was mincriterion = 0.01. 


RUNNING ctree : ITERATION 92 
Loading required package: pROC
Conditional Inference Tree 

1368 samples
  10 predictors

No pre-processing
Resampling: Bootstrapped (25 reps) 

Summary of sample sizes: 1368, 1368, 1368, 1368, 1368, 1368, ... 

Resampling results across tuning parameters:

  mincriterion  RMSE   Rsquared  RMSE SD  Rsquared SD
  0.01          0.879  0.982     0.0489   0.00219    
  0.5           0.885  0.982     0.0486   0.00213    
  0.99          0.952  0.979     0.0521   0.0024     

RMSE was used to select the optimal model using  the smallest value.
The final value used for the model was mincriterion = 0.01. 


RUNNING ctree : ITERATION 93 
Loading required package: pROC
Conditional Inference Tree 

1368 samples
  10 predictors

No pre-processing
Resampling: Bootstrapped (25 reps) 

Summary of sample sizes: 1368, 1368, 1368, 1368, 1368, 1368, ... 

Resampling results across tuning parameters:

  mincriterion  RMSE   Rsquared  RMSE SD  Rsquared SD
  0.01          0.903  0.982     0.0529   0.00229    
  0.5           0.913  0.982     0.0506   0.00225    
  0.99          1      0.978     0.0575   0.00314    

RMSE was used to select the optimal model using  the smallest value.
The final value used for the model was mincriterion = 0.01. 


RUNNING ctree : ITERATION 94 
Loading required package: pROC
Conditional Inference Tree 

1368 samples
  10 predictors

No pre-processing
Resampling: Bootstrapped (25 reps) 

Summary of sample sizes: 1368, 1368, 1368, 1368, 1368, 1368, ... 

Resampling results across tuning parameters:

  mincriterion  RMSE   Rsquared  RMSE SD  Rsquared SD
  0.01          0.914  0.982     0.0554   0.00229    
  0.5           0.919  0.982     0.0553   0.00231    
  0.99          0.99   0.979     0.0439   0.00208    

RMSE was used to select the optimal model using  the smallest value.
The final value used for the model was mincriterion = 0.01. 


RUNNING ctree : ITERATION 95 
Loading required package: pROC
Conditional Inference Tree 

1368 samples
  10 predictors

No pre-processing
Resampling: Bootstrapped (25 reps) 

Summary of sample sizes: 1368, 1368, 1368, 1368, 1368, 1368, ... 

Resampling results across tuning parameters:

  mincriterion  RMSE   Rsquared  RMSE SD  Rsquared SD
  0.01          0.889  0.983     0.0402   0.00171    
  0.5           0.896  0.982     0.041    0.00177    
  0.99          0.973  0.979     0.0376   0.00143    

RMSE was used to select the optimal model using  the smallest value.
The final value used for the model was mincriterion = 0.01. 


RUNNING ctree : ITERATION 96 
Loading required package: pROC
Conditional Inference Tree 

1368 samples
  10 predictors

No pre-processing
Resampling: Bootstrapped (25 reps) 

Summary of sample sizes: 1368, 1368, 1368, 1368, 1368, 1368, ... 

Resampling results across tuning parameters:

  mincriterion  RMSE   Rsquared  RMSE SD  Rsquared SD
  0.01          0.902  0.982     0.0511   0.00201    
  0.5           0.911  0.982     0.0507   0.002      
  0.99          0.99   0.978     0.0524   0.00225    

RMSE was used to select the optimal model using  the smallest value.
The final value used for the model was mincriterion = 0.01. 


RUNNING ctree : ITERATION 97 
Loading required package: pROC
Conditional Inference Tree 

1368 samples
  10 predictors

No pre-processing
Resampling: Bootstrapped (25 reps) 

Summary of sample sizes: 1368, 1368, 1368, 1368, 1368, 1368, ... 

Resampling results across tuning parameters:

  mincriterion  RMSE   Rsquared  RMSE SD  Rsquared SD
  0.01          0.91   0.982     0.0458   0.00191    
  0.5           0.915  0.981     0.0449   0.00192    
  0.99          0.987  0.978     0.0467   0.0023     

RMSE was used to select the optimal model using  the smallest value.
The final value used for the model was mincriterion = 0.01. 


RUNNING ctree : ITERATION 98 
Loading required package: pROC
Conditional Inference Tree 

1368 samples
  10 predictors

No pre-processing
Resampling: Bootstrapped (25 reps) 

Summary of sample sizes: 1368, 1368, 1368, 1368, 1368, 1368, ... 

Resampling results across tuning parameters:

  mincriterion  RMSE   Rsquared  RMSE SD  Rsquared SD
  0.01          0.911  0.982     0.0419   0.002      
  0.5           0.921  0.982     0.0438   0.0021     
  0.99          0.99   0.979     0.0402   0.00226    

RMSE was used to select the optimal model using  the smallest value.
The final value used for the model was mincriterion = 0.01. 


RUNNING ctree : ITERATION 99 
Loading required package: pROC
Conditional Inference Tree 

1368 samples
  10 predictors

No pre-processing
Resampling: Bootstrapped (25 reps) 

Summary of sample sizes: 1368, 1368, 1368, 1368, 1368, 1368, ... 

Resampling results across tuning parameters:

  mincriterion  RMSE   Rsquared  RMSE SD  Rsquared SD
  0.01          0.884  0.982     0.0492   0.00173    
  0.5           0.896  0.982     0.0489   0.00178    
  0.99          0.976  0.978     0.0464   0.00199    

RMSE was used to select the optimal model using  the smallest value.
The final value used for the model was mincriterion = 0.01. 


RUNNING ctree : ITERATION 100 
Loading required package: pROC
Conditional Inference Tree 

1368 samples
  10 predictors

No pre-processing
Resampling: Bootstrapped (25 reps) 

Summary of sample sizes: 1368, 1368, 1368, 1368, 1368, 1368, ... 

Resampling results across tuning parameters:

  mincriterion  RMSE   Rsquared  RMSE SD  Rsquared SD
  0.01          0.895  0.982     0.055    0.00248    
  0.5           0.9    0.982     0.0562   0.00253    
  0.99          0.974  0.979     0.0516   0.00237    

RMSE was used to select the optimal model using  the smallest value.
The final value used for the model was mincriterion = 0.01. 
