Loading required package: sp
Loading required package: lattice
Loading required package: ggplot2
rgdal: version: 0.8-16, (SVN revision 498)
Geospatial Data Abstraction Library extensions to R successfully loaded
Loaded GDAL runtime: GDAL 1.7.3, released 2010/11/10
Path to GDAL shared files: /usr/share/gdal/1.7
GDAL does not use iconv for recoding strings.
Loaded PROJ.4 runtime: Rel. 4.7.1, 23 September 2009, [PJ_VERSION: 470]
Path to PROJ.4 shared files: (autodetected)
OGR data source with driver: ESRI Shapefile 
Source: "plots_shp/PlotPoles_ARC1960_mod_20140807_final.shp", layer: "PlotPoles_ARC1960_mod_20140807_final"
with 1248 features and 7 fields
Feature type: wkbPoint with 2 dimensions
Warning message:
In ReplProj4string(obj, CRS(value)) :
  A new CRS was assigned to an object with an existing CRS:
+proj=utm +zone=37 +south +ellps=clrk80 +units=m +no_defs
without reprojecting.
For reprojection, use function spTransform in package rgdal

 kriging year 2011 month 1 
  interpolating run 1[using universal kriging]
  interpolating run 2[using universal kriging]
  interpolating run 3[using universal kriging]
  interpolating run 4[using universal kriging]
  interpolating run 5[using universal kriging]
  interpolating run 6[using universal kriging]
  interpolating run 7[using universal kriging]
  interpolating run 8[using universal kriging]
  interpolating run 9[using universal kriging]
  interpolating run 10[using universal kriging]
  interpolating run 11[using universal kriging]
  interpolating run 12[using universal kriging]
  interpolating run 13[using universal kriging]
  interpolating run 14[using universal kriging]
  interpolating run 15[using universal kriging]

 kriging year 2011 month 2 
  interpolating run 1[using universal kriging]
  interpolating run 2[using universal kriging]
  interpolating run 3[using universal kriging]
  interpolating run 4[using universal kriging]
  interpolating run 5[using universal kriging]
  interpolating run 6[using universal kriging]
  interpolating run 7[using universal kriging]
  interpolating run 8[using universal kriging]
  interpolating run 9[using universal kriging]
  interpolating run 10[using universal kriging]
  interpolating run 11[using universal kriging]
  interpolating run 12[using universal kriging]
  interpolating run 13[using universal kriging]
  interpolating run 14[using universal kriging]
  interpolating run 15[using universal kriging]

 kriging year 2011 month 3 
  interpolating run 1[using universal kriging]
  interpolating run 2[using universal kriging]
  interpolating run 3[using universal kriging]
  interpolating run 4[using universal kriging]
  interpolating run 5[using universal kriging]
  interpolating run 6[using universal kriging]
  interpolating run 7[using universal kriging]
  interpolating run 8[using universal kriging]
  interpolating run 9[using universal kriging]
  interpolating run 10[using universal kriging]
  interpolating run 11[using universal kriging]
  interpolating run 12[using universal kriging]
  interpolating run 13[using universal kriging]
  interpolating run 14[using universal kriging]
  interpolating run 15[using universal kriging]

 kriging year 2011 month 4 
  interpolating run 1[using universal kriging]
  interpolating run 2[using universal kriging]
  interpolating run 3[using universal kriging]
  interpolating run 4[using universal kriging]
  interpolating run 5[using universal kriging]
  interpolating run 6[using universal kriging]
  interpolating run 7[using universal kriging]
  interpolating run 8[using universal kriging]
  interpolating run 9[using universal kriging]
  interpolating run 10[using universal kriging]
  interpolating run 11[using universal kriging]
  interpolating run 12[using universal kriging]
  interpolating run 13[using universal kriging]
  interpolating run 14[using universal kriging]
  interpolating run 15[using universal kriging]

 kriging year 2011 month 5 
  interpolating run 1[using universal kriging]
  interpolating run 2[using universal kriging]
  interpolating run 3[using universal kriging]
  interpolating run 4[using universal kriging]
  interpolating run 5[using universal kriging]
  interpolating run 6[using universal kriging]
  interpolating run 7[using universal kriging]
  interpolating run 8[using universal kriging]
  interpolating run 9[using universal kriging]
  interpolating run 10[using universal kriging]
  interpolating run 11[using universal kriging]
  interpolating run 12[using universal kriging]
  interpolating run 13[using universal kriging]
  interpolating run 14[using universal kriging]
  interpolating run 15[using universal kriging]

 kriging year 2011 month 6 
  interpolating run 1[using universal kriging]
  interpolating run 2[using universal kriging]
  interpolating run 3[using universal kriging]
  interpolating run 4[using universal kriging]
  interpolating run 5[using universal kriging]
  interpolating run 6[using universal kriging]
  interpolating run 7[using universal kriging]
  interpolating run 8[using universal kriging]
  interpolating run 9[using universal kriging]
  interpolating run 10[using universal kriging]
  interpolating run 11[using universal kriging]
  interpolating run 12[using universal kriging]
  interpolating run 13[using universal kriging]
  interpolating run 14[using universal kriging]
  interpolating run 15[using universal kriging]

 kriging year 2011 month 7 
  interpolating run 1[using universal kriging]
  interpolating run 2[using universal kriging]
  interpolating run 3[using universal kriging]
  interpolating run 4[using universal kriging]
  interpolating run 5[using universal kriging]
  interpolating run 6[using universal kriging]
  interpolating run 7[using universal kriging]
  interpolating run 8[using universal kriging]
  interpolating run 9[using universal kriging]
  interpolating run 10[using universal kriging]
  interpolating run 11[using universal kriging]
  interpolating run 12[using universal kriging]
  interpolating run 13[using universal kriging]
  interpolating run 14[using universal kriging]
  interpolating run 15[using universal kriging]

 kriging year 2011 month 8 
  interpolating run 1[using universal kriging]
  interpolating run 2[using universal kriging]
  interpolating run 3[using universal kriging]
  interpolating run 4[using universal kriging]
  interpolating run 5[using universal kriging]
  interpolating run 6[using universal kriging]
  interpolating run 7[using universal kriging]
  interpolating run 8[using universal kriging]
  interpolating run 9[using universal kriging]
  interpolating run 10[using universal kriging]
  interpolating run 11[using universal kriging]
  interpolating run 12[using universal kriging]
  interpolating run 13[using universal kriging]
  interpolating run 14[using universal kriging]
  interpolating run 15[using universal kriging]

 kriging year 2011 month 9 
  interpolating run 1[using universal kriging]
  interpolating run 2[using universal kriging]
  interpolating run 3[using universal kriging]
  interpolating run 4[using universal kriging]
  interpolating run 5[using universal kriging]
  interpolating run 6[using universal kriging]
  interpolating run 7[using universal kriging]
  interpolating run 8[using universal kriging]
  interpolating run 9[using universal kriging]
  interpolating run 10[using universal kriging]
  interpolating run 11[using universal kriging]
  interpolating run 12[using universal kriging]
  interpolating run 13[using universal kriging]
  interpolating run 14[using universal kriging]
  interpolating run 15[using universal kriging]

 kriging year 2011 month 10 
  interpolating run 1[using universal kriging]
  interpolating run 2[using universal kriging]
  interpolating run 3[using universal kriging]
  interpolating run 4[using universal kriging]
  interpolating run 5[using universal kriging]
  interpolating run 6[using universal kriging]
  interpolating run 7[using universal kriging]
  interpolating run 8[using universal kriging]
  interpolating run 9[using universal kriging]
  interpolating run 10[using universal kriging]
  interpolating run 11[using universal kriging]
  interpolating run 12[using universal kriging]
  interpolating run 13[using universal kriging]
  interpolating run 14[using universal kriging]
  interpolating run 15[using universal kriging]

 kriging year 2011 month 11 
  interpolating run 1[using universal kriging]
  interpolating run 2[using universal kriging]
  interpolating run 3[using universal kriging]
  interpolating run 4[using universal kriging]
  interpolating run 5[using universal kriging]
  interpolating run 6[using universal kriging]
  interpolating run 7[using universal kriging]
  interpolating run 8[using universal kriging]
  interpolating run 9[using universal kriging]
  interpolating run 10[using universal kriging]
  interpolating run 11[using universal kriging]
  interpolating run 12[using universal kriging]
  interpolating run 13[using universal kriging]
  interpolating run 14[using universal kriging]
  interpolating run 15[using universal kriging]

 kriging year 2011 month 12 
  interpolating run 1[using universal kriging]
  interpolating run 2[using universal kriging]
  interpolating run 3[using universal kriging]
  interpolating run 4[using universal kriging]
  interpolating run 5[using universal kriging]
  interpolating run 6[using universal kriging]
  interpolating run 7[using universal kriging]
  interpolating run 8[using universal kriging]
  interpolating run 9[using universal kriging]
  interpolating run 10[using universal kriging]
  interpolating run 11[using universal kriging]
  interpolating run 12[using universal kriging]
  interpolating run 13[using universal kriging]
  interpolating run 14[using universal kriging]
  interpolating run 15[using universal kriging]

 kriging year 2012 month 1 
  interpolating run 1[using universal kriging]
  interpolating run 2[using universal kriging]
  interpolating run 3[using universal kriging]
  interpolating run 4[using universal kriging]
  interpolating run 5[using universal kriging]
  interpolating run 6[using universal kriging]
  interpolating run 7[using universal kriging]
  interpolating run 8[using universal kriging]
  interpolating run 9[using universal kriging]
  interpolating run 10[using universal kriging]
  interpolating run 11[using universal kriging]
  interpolating run 12[using universal kriging]
  interpolating run 13[using universal kriging]
  interpolating run 14[using universal kriging]
  interpolating run 15[using universal kriging]

 kriging year 2012 month 2 
  interpolating run 1[using universal kriging]
  interpolating run 2[using universal kriging]
  interpolating run 3[using universal kriging]
  interpolating run 4[using universal kriging]
  interpolating run 5[using universal kriging]
  interpolating run 6[using universal kriging]
  interpolating run 7[using universal kriging]
  interpolating run 8[using universal kriging]
  interpolating run 9[using universal kriging]
  interpolating run 10[using universal kriging]
  interpolating run 11[using universal kriging]
  interpolating run 12[using universal kriging]
  interpolating run 13[using universal kriging]
  interpolating run 14[using universal kriging]
  interpolating run 15[using universal kriging]

 kriging year 2012 month 3 
  interpolating run 1[using universal kriging]
  interpolating run 2[using universal kriging]
  interpolating run 3[using universal kriging]
  interpolating run 4[using universal kriging]
  interpolating run 5[using universal kriging]
  interpolating run 6[using universal kriging]
  interpolating run 7[using universal kriging]
  interpolating run 8[using universal kriging]
  interpolating run 9[using universal kriging]
  interpolating run 10[using universal kriging]
  interpolating run 11[using universal kriging]
  interpolating run 12[using universal kriging]
  interpolating run 13[using universal kriging]
  interpolating run 14[using universal kriging]
  interpolating run 15[using universal kriging]

 kriging year 2012 month 4 
  interpolating run 1[using universal kriging]
  interpolating run 2[using universal kriging]
  interpolating run 3[using universal kriging]
  interpolating run 4[using universal kriging]
  interpolating run 5[using universal kriging]
  interpolating run 6[using universal kriging]
  interpolating run 7[using universal kriging]
  interpolating run 8[using universal kriging]
  interpolating run 9[using universal kriging]
  interpolating run 10[using universal kriging]
  interpolating run 11[using universal kriging]
  interpolating run 12[using universal kriging]
  interpolating run 13[using universal kriging]
  interpolating run 14[using universal kriging]
  interpolating run 15[using universal kriging]

 kriging year 2012 month 5 
  interpolating run 1[using universal kriging]
  interpolating run 2[using universal kriging]
  interpolating run 3[using universal kriging]
  interpolating run 4[using universal kriging]
  interpolating run 5[using universal kriging]
  interpolating run 6[using universal kriging]
  interpolating run 7[using universal kriging]
  interpolating run 8[using universal kriging]
  interpolating run 9[using universal kriging]
  interpolating run 10[using universal kriging]
  interpolating run 11[using universal kriging]
  interpolating run 12[using universal kriging]
  interpolating run 13[using universal kriging]
  interpolating run 14[using universal kriging]
  interpolating run 15[using universal kriging]

 kriging year 2012 month 6 
  interpolating run 1[using universal kriging]
  interpolating run 2[using universal kriging]
  interpolating run 3[using universal kriging]
  interpolating run 4[using universal kriging]
  interpolating run 5[using universal kriging]
  interpolating run 6[using universal kriging]
  interpolating run 7[using universal kriging]
  interpolating run 8[using universal kriging]
  interpolating run 9[using universal kriging]
  interpolating run 10[using universal kriging]
  interpolating run 11[using universal kriging]
  interpolating run 12[using universal kriging]
  interpolating run 13[using universal kriging]
  interpolating run 14[using universal kriging]
  interpolating run 15[using universal kriging]

 kriging year 2012 month 7 
  interpolating run 1[using universal kriging]
  interpolating run 2[using universal kriging]
  interpolating run 3[using universal kriging]
  interpolating run 4[using universal kriging]
  interpolating run 5[using universal kriging]
  interpolating run 6[using universal kriging]
  interpolating run 7[using universal kriging]
  interpolating run 8[using universal kriging]
  interpolating run 9[using universal kriging]
  interpolating run 10[using universal kriging]
  interpolating run 11[using universal kriging]
  interpolating run 12[using universal kriging]
  interpolating run 13[using universal kriging]
  interpolating run 14[using universal kriging]
  interpolating run 15[using universal kriging]

 kriging year 2012 month 8 
  interpolating run 1[using universal kriging]
  interpolating run 2[using universal kriging]
  interpolating run 3[using universal kriging]
  interpolating run 4[using universal kriging]
  interpolating run 5[using universal kriging]
  interpolating run 6[using universal kriging]
  interpolating run 7[using universal kriging]
  interpolating run 8[using universal kriging]
  interpolating run 9[using universal kriging]
  interpolating run 10[using universal kriging]
  interpolating run 11[using universal kriging]
  interpolating run 12[using universal kriging]
  interpolating run 13[using universal kriging]
  interpolating run 14[using universal kriging]
  interpolating run 15[using universal kriging]

 kriging year 2012 month 9 
  interpolating run 1[using universal kriging]
  interpolating run 2[using universal kriging]
  interpolating run 3[using universal kriging]
  interpolating run 4[using universal kriging]
  interpolating run 5[using universal kriging]
  interpolating run 6[using universal kriging]
  interpolating run 7[using universal kriging]
  interpolating run 8[using universal kriging]
  interpolating run 9[using universal kriging]
  interpolating run 10[using universal kriging]
  interpolating run 11[using universal kriging]
  interpolating run 12[using universal kriging]
  interpolating run 13[using universal kriging]
  interpolating run 14[using universal kriging]
  interpolating run 15[using universal kriging]

 kriging year 2012 month 10 
  interpolating run 1[using universal kriging]
  interpolating run 2[using universal kriging]
  interpolating run 3[using universal kriging]
  interpolating run 4[using universal kriging]
  interpolating run 5[using universal kriging]
  interpolating run 6[using universal kriging]
  interpolating run 7[using universal kriging]
  interpolating run 8[using universal kriging]
  interpolating run 9[using universal kriging]
  interpolating run 10[using universal kriging]
  interpolating run 11[using universal kriging]
  interpolating run 12[using universal kriging]
  interpolating run 13[using universal kriging]
  interpolating run 14[using universal kriging]
  interpolating run 15[using universal kriging]

 kriging year 2012 month 11 
  interpolating run 1[using universal kriging]
  interpolating run 2[using universal kriging]
  interpolating run 3[using universal kriging]
  interpolating run 4[using universal kriging]
  interpolating run 5[using universal kriging]
  interpolating run 6[using universal kriging]
  interpolating run 7[using universal kriging]
  interpolating run 8[using universal kriging]
  interpolating run 9[using universal kriging]
  interpolating run 10[using universal kriging]
  interpolating run 11[using universal kriging]
  interpolating run 12[using universal kriging]
  interpolating run 13[using universal kriging]
  interpolating run 14[using universal kriging]
  interpolating run 15[using universal kriging]

 kriging year 2012 month 12 
  interpolating run 1[using universal kriging]
  interpolating run 2[using universal kriging]
  interpolating run 3[using universal kriging]
  interpolating run 4[using universal kriging]
  interpolating run 5[using universal kriging]
  interpolating run 6[using universal kriging]
  interpolating run 7[using universal kriging]
  interpolating run 8[using universal kriging]
  interpolating run 9[using universal kriging]
  interpolating run 10[using universal kriging]
  interpolating run 11[using universal kriging]
  interpolating run 12[using universal kriging]
  interpolating run 13[using universal kriging]
  interpolating run 14[using universal kriging]
  interpolating run 15[using universal kriging]

 kriging year 2013 month 1 
  interpolating run 1[using universal kriging]
  interpolating run 2[using universal kriging]
  interpolating run 3[using universal kriging]
  interpolating run 4[using universal kriging]
  interpolating run 5[using universal kriging]
  interpolating run 6[using universal kriging]
  interpolating run 7[using universal kriging]
  interpolating run 8[using universal kriging]
  interpolating run 9[using universal kriging]
  interpolating run 10[using universal kriging]
  interpolating run 11[using universal kriging]
  interpolating run 12[using universal kriging]
  interpolating run 13[using universal kriging]
  interpolating run 14[using universal kriging]
  interpolating run 15[using universal kriging]

 kriging year 2013 month 2 
  interpolating run 1[using universal kriging]
  interpolating run 2[using universal kriging]
  interpolating run 3[using universal kriging]
  interpolating run 4[using universal kriging]
  interpolating run 5[using universal kriging]
  interpolating run 6[using universal kriging]
  interpolating run 7[using universal kriging]
  interpolating run 8[using universal kriging]
  interpolating run 9[using universal kriging]
  interpolating run 10[using universal kriging]
  interpolating run 11[using universal kriging]
  interpolating run 12[using universal kriging]
  interpolating run 13[using universal kriging]
  interpolating run 14[using universal kriging]
  interpolating run 15[using universal kriging]

 kriging year 2013 month 3 
  interpolating run 1[using universal kriging]
  interpolating run 2[using universal kriging]
  interpolating run 3[using universal kriging]
  interpolating run 4[using universal kriging]
  interpolating run 5[using universal kriging]
  interpolating run 6[using universal kriging]
  interpolating run 7[using universal kriging]
  interpolating run 8[using universal kriging]
  interpolating run 9[using universal kriging]
  interpolating run 10[using universal kriging]
  interpolating run 11[using universal kriging]
  interpolating run 12[using universal kriging]
  interpolating run 13[using universal kriging]
  interpolating run 14[using universal kriging]
  interpolating run 15[using universal kriging]

 kriging year 2013 month 4 
  interpolating run 1[using universal kriging]
  interpolating run 2[using universal kriging]
  interpolating run 3[using universal kriging]
  interpolating run 4[using universal kriging]
  interpolating run 5[using universal kriging]
  interpolating run 6[using universal kriging]
  interpolating run 7[using universal kriging]
  interpolating run 8[using universal kriging]
  interpolating run 9[using universal kriging]
  interpolating run 10[using universal kriging]
  interpolating run 11[using universal kriging]
  interpolating run 12[using universal kriging]
  interpolating run 13[using universal kriging]
  interpolating run 14[using universal kriging]
  interpolating run 15[using universal kriging]

 kriging year 2013 month 5 
  interpolating run 1[using universal kriging]
  interpolating run 2[using universal kriging]
  interpolating run 3[using universal kriging]
  interpolating run 4[using universal kriging]
  interpolating run 5[using universal kriging]
  interpolating run 6[using universal kriging]
  interpolating run 7[using universal kriging]
  interpolating run 8[using universal kriging]
  interpolating run 9[using universal kriging]
  interpolating run 10[using universal kriging]
  interpolating run 11[using universal kriging]
  interpolating run 12[using universal kriging]
  interpolating run 13[using universal kriging]
  interpolating run 14[using universal kriging]
  interpolating run 15[using universal kriging]

 kriging year 2013 month 6 
  interpolating run 1[using universal kriging]
  interpolating run 2[using universal kriging]
  interpolating run 3[using universal kriging]
  interpolating run 4[using universal kriging]
  interpolating run 5[using universal kriging]
  interpolating run 6[using universal kriging]
  interpolating run 7[using universal kriging]
  interpolating run 8[using universal kriging]
  interpolating run 9[using universal kriging]
  interpolating run 10[using universal kriging]
  interpolating run 11[using universal kriging]
  interpolating run 12[using universal kriging]
  interpolating run 13[using universal kriging]
  interpolating run 14[using universal kriging]
  interpolating run 15[using universal kriging]

 kriging year 2013 month 7 
  interpolating run 1[using universal kriging]
  interpolating run 2[using universal kriging]
  interpolating run 3[using universal kriging]
  interpolating run 4[using universal kriging]
  interpolating run 5[using universal kriging]
  interpolating run 6[using universal kriging]
  interpolating run 7[using universal kriging]
  interpolating run 8[using universal kriging]
  interpolating run 9[using universal kriging]
  interpolating run 10[using universal kriging]
  interpolating run 11[using universal kriging]
  interpolating run 12[using universal kriging]
  interpolating run 13[using universal kriging]
  interpolating run 14[using universal kriging]
  interpolating run 15[using universal kriging]

 kriging year 2013 month 8 
  interpolating run 1[using universal kriging]
  interpolating run 2[using universal kriging]
  interpolating run 3[using universal kriging]
  interpolating run 4[using universal kriging]
  interpolating run 5[using universal kriging]
  interpolating run 6[using universal kriging]
  interpolating run 7[using universal kriging]
  interpolating run 8[using universal kriging]
  interpolating run 9[using universal kriging]
  interpolating run 10[using universal kriging]
  interpolating run 11[using universal kriging]
  interpolating run 12[using universal kriging]
  interpolating run 13[using universal kriging]
  interpolating run 14[using universal kriging]
  interpolating run 15[using universal kriging]

 kriging year 2013 month 9 
  interpolating run 1[using universal kriging]
  interpolating run 2[using universal kriging]
  interpolating run 3[using universal kriging]
  interpolating run 4[using universal kriging]
  interpolating run 5[using universal kriging]
  interpolating run 6[using universal kriging]
  interpolating run 7[using universal kriging]
  interpolating run 8[using universal kriging]
  interpolating run 9[using universal kriging]
  interpolating run 10[using universal kriging]
  interpolating run 11[using universal kriging]
  interpolating run 12[using universal kriging]
  interpolating run 13[using universal kriging]
  interpolating run 14[using universal kriging]
  interpolating run 15[using universal kriging]

 kriging year 2013 month 10 
  interpolating run 1[using universal kriging]
  interpolating run 2[using universal kriging]
  interpolating run 3[using universal kriging]
  interpolating run 4[using universal kriging]
  interpolating run 5[using universal kriging]
  interpolating run 6[using universal kriging]
  interpolating run 7[using universal kriging]
  interpolating run 8[using universal kriging]
  interpolating run 9[using universal kriging]
  interpolating run 10[using universal kriging]
  interpolating run 11[using universal kriging]
  interpolating run 12[using universal kriging]
  interpolating run 13[using universal kriging]
  interpolating run 14[using universal kriging]
  interpolating run 15[using universal kriging]

 kriging year 2013 month 11 
  interpolating run 1[using universal kriging]
  interpolating run 2[using universal kriging]
  interpolating run 3[using universal kriging]
  interpolating run 4[using universal kriging]
  interpolating run 5[using universal kriging]
  interpolating run 6[using universal kriging]
  interpolating run 7[using universal kriging]
  interpolating run 8[using universal kriging]
  interpolating run 9[using universal kriging]
  interpolating run 10[using universal kriging]
  interpolating run 11[using universal kriging]
  interpolating run 12[using universal kriging]
  interpolating run 13[using universal kriging]
  interpolating run 14[using universal kriging]
  interpolating run 15[using universal kriging]

 kriging year 2013 month 12 
  interpolating run 1[using universal kriging]
  interpolating run 2[using universal kriging]
  interpolating run 3[using universal kriging]
  interpolating run 4[using universal kriging]
  interpolating run 5[using universal kriging]
  interpolating run 6[using universal kriging]
  interpolating run 7[using universal kriging]
  interpolating run 8[using universal kriging]
  interpolating run 9[using universal kriging]
  interpolating run 10[using universal kriging]
  interpolating run 11[using universal kriging]
  interpolating run 12[using universal kriging]
  interpolating run 13[using universal kriging]
  interpolating run 14[using universal kriging]
  interpolating run 15[using universal kriging]

 kriging year 2014 month 1 
  interpolating run 1[using universal kriging]
  interpolating run 2[using universal kriging]
  interpolating run 3[using universal kriging]
  interpolating run 4[using universal kriging]
  interpolating run 5[using universal kriging]
  interpolating run 6[using universal kriging]
  interpolating run 7[using universal kriging]
  interpolating run 8[using universal kriging]
  interpolating run 9[using universal kriging]
  interpolating run 10[using universal kriging]
  interpolating run 11[using universal kriging]
  interpolating run 12[using universal kriging]
  interpolating run 13[using universal kriging]
  interpolating run 14[using universal kriging]
  interpolating run 15[using universal kriging]

 kriging year 2014 month 2 
  interpolating run 1[using universal kriging]
  interpolating run 2[using universal kriging]
  interpolating run 3[using universal kriging]
  interpolating run 4[using universal kriging]
  interpolating run 5[using universal kriging]
  interpolating run 6[using universal kriging]
  interpolating run 7[using universal kriging]
  interpolating run 8[using universal kriging]
  interpolating run 9[using universal kriging]
  interpolating run 10[using universal kriging]
  interpolating run 11[using universal kriging]
  interpolating run 12[using universal kriging]
  interpolating run 13[using universal kriging]
  interpolating run 14[using universal kriging]
  interpolating run 15[using universal kriging]

 kriging year 2014 month 3 
  interpolating run 1[using universal kriging]
  interpolating run 2[using universal kriging]
  interpolating run 3[using universal kriging]
  interpolating run 4[using universal kriging]
  interpolating run 5[using universal kriging]
  interpolating run 6[using universal kriging]
  interpolating run 7[using universal kriging]
  interpolating run 8[using universal kriging]
  interpolating run 9[using universal kriging]
  interpolating run 10[using universal kriging]
  interpolating run 11[using universal kriging]
  interpolating run 12[using universal kriging]
  interpolating run 13[using universal kriging]
  interpolating run 14[using universal kriging]
  interpolating run 15[using universal kriging]

 kriging year 2014 month 4 
  interpolating run 1[using universal kriging]
  interpolating run 2[using universal kriging]
  interpolating run 3[using universal kriging]
  interpolating run 4[using universal kriging]
  interpolating run 5[using universal kriging]
  interpolating run 6[using universal kriging]
  interpolating run 7[using universal kriging]
  interpolating run 8[using universal kriging]
  interpolating run 9[using universal kriging]
  interpolating run 10[using universal kriging]
  interpolating run 11[using universal kriging]
  interpolating run 12[using universal kriging]
  interpolating run 13[using universal kriging]
  interpolating run 14[using universal kriging]
  interpolating run 15[using universal kriging]
Error in unique(plots.ta.monthly.rug.yss.mss[[m]]@data$Month) : 
  error in evaluating the argument 'x' in selecting a method for function 'unique': Error in plots.ta.monthly.rug.yss.mss[[m]] : subscript out of bounds
Calls: cat -> unique
Execution halted
